ARM GAS  /tmp/ccSAa8aF.s 			page 1


   1              		.cpu cortex-m4
   2              		.eabi_attribute 27, 1
   3              		.eabi_attribute 28, 1
   4              		.eabi_attribute 20, 1
   5              		.eabi_attribute 21, 1
   6              		.eabi_attribute 23, 3
   7              		.eabi_attribute 24, 1
   8              		.eabi_attribute 25, 1
   9              		.eabi_attribute 26, 1
  10              		.eabi_attribute 30, 2
  11              		.eabi_attribute 34, 1
  12              		.eabi_attribute 18, 4
  13              		.file	"board.c"
  14              		.text
  15              	.Ltext0:
  16              		.cfi_sections	.debug_frame
  17              		.section	.text.__early_init,"ax",%progbits
  18              		.align	1
  19              		.p2align 4,,15
  20              		.global	__early_init
  21              		.syntax unified
  22              		.thumb
  23              		.thumb_func
  24              		.fpu fpv4-sp-d16
  25              		.type	__early_init, %function
  26              	__early_init:
  27              	.LFB118:
  28              		.file 1 "ChibiOS_2.6.6/boards/ST_STM32F4_DISCOVERY/board.c"
  29              		.loc 1 54 0
  30              		.cfi_startproc
  31              		@ args = 0, pretend = 0, frame = 0
  32              		@ frame_needed = 0, uses_anonymous_args = 0
  33              		@ link register save eliminated.
  34              		.loc 1 56 0
  35 0000 FFF7FEBF 		b	stm32_clock_init
  36              	.LVL0:
  37              		.cfi_endproc
  38              	.LFE118:
  39              		.size	__early_init, .-__early_init
  40              		.section	.text.boardInit,"ax",%progbits
  41              		.align	1
  42              		.p2align 4,,15
  43              		.global	boardInit
  44              		.syntax unified
  45              		.thumb
  46              		.thumb_func
  47              		.fpu fpv4-sp-d16
  48              		.type	boardInit, %function
  49              	boardInit:
  50              	.LFB119:
  51              		.loc 1 107 0
  52              		.cfi_startproc
  53              		@ args = 0, pretend = 0, frame = 0
  54              		@ frame_needed = 0, uses_anonymous_args = 0
  55              		@ link register save eliminated.
  56              		.loc 1 108 0
  57 0000 7047     		bx	lr
ARM GAS  /tmp/ccSAa8aF.s 			page 2


  58              		.cfi_endproc
  59              	.LFE119:
  60              		.size	boardInit, .-boardInit
  61              		.global	pal_default_config
  62 0002 00BF     		.section	.rodata.pal_default_config,"a",%progbits
  63              		.align	2
  64              		.type	pal_default_config, %object
  65              		.size	pal_default_config, 252
  66              	pal_default_config:
  67 0000 00AAA02A 		.word	715172352
  68 0004 00000000 		.word	0
  69 0008 FFABFFFF 		.word	-21505
  70 000c 54000140 		.word	1073807444
  71 0010 FFFF0000 		.word	65535
  72 0014 00005655 		.word	1431699456
  73 0018 00AA0A00 		.word	698880
  74 001c 80200800 		.word	532608
  75 0020 40020000 		.word	576
  76 0024 FFFFFFFF 		.word	-1
  77 0028 15455155 		.word	1431389461
  78 002c FFFF0000 		.word	65535
  79 0030 00000004 		.word	67108864
  80 0034 40000000 		.word	64
  81 0038 01802002 		.word	35684353
  82 003c 00000000 		.word	0
  83 0040 FFFFFFFF 		.word	-1
  84 0044 54154554 		.word	1413813588
  85 0048 FFFF0000 		.word	65535
  86 004c 00000060 		.word	1610612736
  87 0050 00060600 		.word	394752
  88 0054 00010055 		.word	1426063616
  89 0058 00000000 		.word	0
  90 005c FFFFFFFF 		.word	-1
  91 0060 55505500 		.word	5591125
  92 0064 FF0F0000 		.word	4095
  93 0068 00000000 		.word	0
  94 006c 00000000 		.word	0
  95 0070 40000000 		.word	64
  96 0074 00000000 		.word	0
  97 0078 FFFFFFFF 		.word	-1
  98 007c 00000000 		.word	0
  99 0080 FFFF0000 		.word	65535
 100 0084 00000000 		.word	0
 101 0088 00000000 		.word	0
 102 008c 00000000 		.word	0
 103 0090 00000000 		.word	0
 104 0094 FFFFFFFF 		.word	-1
 105 0098 00000000 		.word	0
 106 009c FFFF0000 		.word	65535
 107 00a0 00000000 		.word	0
 108 00a4 00000000 		.word	0
 109 00a8 00000000 		.word	0
 110 00ac 00000000 		.word	0
 111 00b0 FFFFFFFF 		.word	-1
 112 00b4 00000000 		.word	0
 113 00b8 FFFF0000 		.word	65535
 114 00bc 00000000 		.word	0
ARM GAS  /tmp/ccSAa8aF.s 			page 3


 115 00c0 00000000 		.word	0
 116 00c4 00000000 		.word	0
 117 00c8 00000000 		.word	0
 118 00cc FFFFFFFF 		.word	-1
 119 00d0 00000000 		.word	0
 120 00d4 FFFF0000 		.word	65535
 121 00d8 00000000 		.word	0
 122 00dc 00000000 		.word	0
 123 00e0 00000000 		.word	0
 124 00e4 00000000 		.word	0
 125 00e8 FFFFFFFF 		.word	-1
 126 00ec 00000000 		.word	0
 127 00f0 FFFF0000 		.word	65535
 128 00f4 00000000 		.word	0
 129 00f8 00000000 		.word	0
 130              		.text
 131              	.Letext0:
 132              		.file 2 "/usr/arm-none-eabi/include/machine/_default_types.h"
 133              		.file 3 "/usr/arm-none-eabi/include/sys/_stdint.h"
 134              		.file 4 "ChibiOS_2.6.6/os/ports/GCC/ARMCMx/chtypes.h"
 135              		.file 5 "ChibiOS_2.6.6/os/kernel/include/chlists.h"
 136              		.file 6 "ChibiOS_2.6.6/os/kernel/include/chthreads.h"
 137              		.file 7 "ChibiOS_2.6.6/os/ports/GCC/ARMCMx/chcore_v7m.h"
 138              		.file 8 "ChibiOS_2.6.6/os/kernel/include/chvt.h"
 139              		.file 9 "ChibiOS_2.6.6/os/kernel/include/chschd.h"
 140              		.file 10 "ChibiOS_2.6.6/os/kernel/include/chmtx.h"
 141              		.file 11 "ChibiOS_2.6.6/os/kernel/include/chregistry.h"
 142              		.file 12 "ChibiOS_2.6.6/os/kernel/include/chdebug.h"
 143              		.file 13 "ChibiOS_2.6.6/os/kernel/include/ch.h"
 144              		.file 14 "ChibiOS_2.6.6/os/ports/common/ARMCMx/CMSIS/include/core_cm4.h"
 145              		.file 15 "ChibiOS_2.6.6/os/hal/platforms/STM32F4xx/stm32f4xx.h"
 146              		.file 16 "ChibiOS_2.6.6/os/hal/platforms/STM32F4xx/stm32_dma.h"
 147              		.file 17 "ChibiOS_2.6.6/os/hal/platforms/STM32/GPIOv2/pal_lld.h"
 148              		.file 18 "ChibiOS_2.6.6/os/hal/platforms/STM32F4xx/hal_lld.h"
 149              		.section	.debug_info,"",%progbits
 150              	.Ldebug_info0:
 151 0000 160A0000 		.4byte	0xa16
 152 0004 0400     		.2byte	0x4
 153 0006 00000000 		.4byte	.Ldebug_abbrev0
 154 000a 04       		.byte	0x4
 155 000b 01       		.uleb128 0x1
 156 000c 61000000 		.4byte	.LASF146
 157 0010 0C       		.byte	0xc
 158 0011 8B020000 		.4byte	.LASF147
 159 0015 95030000 		.4byte	.LASF148
 160 0019 00000000 		.4byte	.Ldebug_ranges0+0
 161 001d 00000000 		.4byte	0
 162 0021 00000000 		.4byte	.Ldebug_line0
 163 0025 02       		.uleb128 0x2
 164 0026 04       		.byte	0x4
 165 0027 05       		.byte	0x5
 166 0028 696E7400 		.ascii	"int\000"
 167 002c 03       		.uleb128 0x3
 168 002d 04       		.byte	0x4
 169 002e 07       		.byte	0x7
 170 002f 1D030000 		.4byte	.LASF0
 171 0033 03       		.uleb128 0x3
ARM GAS  /tmp/ccSAa8aF.s 			page 4


 172 0034 01       		.byte	0x1
 173 0035 06       		.byte	0x6
 174 0036 1B020000 		.4byte	.LASF1
 175 003a 04       		.uleb128 0x4
 176 003b 50000000 		.4byte	.LASF4
 177 003f 02       		.byte	0x2
 178 0040 2B       		.byte	0x2b
 179 0041 45000000 		.4byte	0x45
 180 0045 03       		.uleb128 0x3
 181 0046 01       		.byte	0x1
 182 0047 08       		.byte	0x8
 183 0048 0C050000 		.4byte	.LASF2
 184 004c 03       		.uleb128 0x3
 185 004d 02       		.byte	0x2
 186 004e 05       		.byte	0x5
 187 004f 37050000 		.4byte	.LASF3
 188 0053 04       		.uleb128 0x4
 189 0054 E6050000 		.4byte	.LASF5
 190 0058 02       		.byte	0x2
 191 0059 39       		.byte	0x39
 192 005a 5E000000 		.4byte	0x5e
 193 005e 03       		.uleb128 0x3
 194 005f 02       		.byte	0x2
 195 0060 07       		.byte	0x7
 196 0061 75030000 		.4byte	.LASF6
 197 0065 04       		.uleb128 0x4
 198 0066 E6030000 		.4byte	.LASF7
 199 006a 02       		.byte	0x2
 200 006b 4D       		.byte	0x4d
 201 006c 70000000 		.4byte	0x70
 202 0070 03       		.uleb128 0x3
 203 0071 04       		.byte	0x4
 204 0072 05       		.byte	0x5
 205 0073 64020000 		.4byte	.LASF8
 206 0077 04       		.uleb128 0x4
 207 0078 16060000 		.4byte	.LASF9
 208 007c 02       		.byte	0x2
 209 007d 4F       		.byte	0x4f
 210 007e 82000000 		.4byte	0x82
 211 0082 03       		.uleb128 0x3
 212 0083 04       		.byte	0x4
 213 0084 07       		.byte	0x7
 214 0085 CF050000 		.4byte	.LASF10
 215 0089 03       		.uleb128 0x3
 216 008a 08       		.byte	0x8
 217 008b 05       		.byte	0x5
 218 008c 0D020000 		.4byte	.LASF11
 219 0090 04       		.uleb128 0x4
 220 0091 A3040000 		.4byte	.LASF12
 221 0095 02       		.byte	0x2
 222 0096 69       		.byte	0x69
 223 0097 9B000000 		.4byte	0x9b
 224 009b 03       		.uleb128 0x3
 225 009c 08       		.byte	0x8
 226 009d 07       		.byte	0x7
 227 009e 93010000 		.4byte	.LASF13
 228 00a2 04       		.uleb128 0x4
ARM GAS  /tmp/ccSAa8aF.s 			page 5


 229 00a3 A6060000 		.4byte	.LASF14
 230 00a7 03       		.byte	0x3
 231 00a8 18       		.byte	0x18
 232 00a9 3A000000 		.4byte	0x3a
 233 00ad 04       		.uleb128 0x4
 234 00ae 32030000 		.4byte	.LASF15
 235 00b2 03       		.byte	0x3
 236 00b3 24       		.byte	0x24
 237 00b4 53000000 		.4byte	0x53
 238 00b8 04       		.uleb128 0x4
 239 00b9 04050000 		.4byte	.LASF16
 240 00bd 03       		.byte	0x3
 241 00be 2C       		.byte	0x2c
 242 00bf 65000000 		.4byte	0x65
 243 00c3 05       		.uleb128 0x5
 244 00c4 B8000000 		.4byte	0xb8
 245 00c8 04       		.uleb128 0x4
 246 00c9 B2050000 		.4byte	.LASF17
 247 00cd 03       		.byte	0x3
 248 00ce 30       		.byte	0x30
 249 00cf 77000000 		.4byte	0x77
 250 00d3 05       		.uleb128 0x5
 251 00d4 C8000000 		.4byte	0xc8
 252 00d8 04       		.uleb128 0x4
 253 00d9 40000000 		.4byte	.LASF18
 254 00dd 03       		.byte	0x3
 255 00de 3C       		.byte	0x3c
 256 00df 90000000 		.4byte	0x90
 257 00e3 03       		.uleb128 0x3
 258 00e4 01       		.byte	0x1
 259 00e5 02       		.byte	0x2
 260 00e6 FE040000 		.4byte	.LASF19
 261 00ea 04       		.uleb128 0x4
 262 00eb 6F050000 		.4byte	.LASF20
 263 00ef 04       		.byte	0x4
 264 00f0 2C       		.byte	0x2c
 265 00f1 A2000000 		.4byte	0xa2
 266 00f5 04       		.uleb128 0x4
 267 00f6 74020000 		.4byte	.LASF21
 268 00fa 04       		.byte	0x4
 269 00fb 2D       		.byte	0x2d
 270 00fc A2000000 		.4byte	0xa2
 271 0100 04       		.uleb128 0x4
 272 0101 BF040000 		.4byte	.LASF22
 273 0105 04       		.byte	0x4
 274 0106 2E       		.byte	0x2e
 275 0107 A2000000 		.4byte	0xa2
 276 010b 04       		.uleb128 0x4
 277 010c 5A020000 		.4byte	.LASF23
 278 0110 04       		.byte	0x4
 279 0111 2F       		.byte	0x2f
 280 0112 A2000000 		.4byte	0xa2
 281 0116 04       		.uleb128 0x4
 282 0117 F6040000 		.4byte	.LASF24
 283 011b 04       		.byte	0x4
 284 011c 30       		.byte	0x30
 285 011d C8000000 		.4byte	0xc8
ARM GAS  /tmp/ccSAa8aF.s 			page 6


 286 0121 04       		.uleb128 0x4
 287 0122 8F030000 		.4byte	.LASF25
 288 0126 04       		.byte	0x4
 289 0127 31       		.byte	0x31
 290 0128 B8000000 		.4byte	0xb8
 291 012c 04       		.uleb128 0x4
 292 012d DA030000 		.4byte	.LASF26
 293 0131 04       		.byte	0x4
 294 0132 33       		.byte	0x33
 295 0133 C8000000 		.4byte	0xc8
 296 0137 04       		.uleb128 0x4
 297 0138 F8050000 		.4byte	.LASF27
 298 013c 04       		.byte	0x4
 299 013d 35       		.byte	0x35
 300 013e C8000000 		.4byte	0xc8
 301 0142 05       		.uleb128 0x5
 302 0143 37010000 		.4byte	0x137
 303 0147 04       		.uleb128 0x4
 304 0148 0C030000 		.4byte	.LASF28
 305 014c 04       		.byte	0x4
 306 014d 36       		.byte	0x36
 307 014e B8000000 		.4byte	0xb8
 308 0152 04       		.uleb128 0x4
 309 0153 E5020000 		.4byte	.LASF29
 310 0157 05       		.byte	0x5
 311 0158 2A       		.byte	0x2a
 312 0159 5D010000 		.4byte	0x15d
 313 015d 06       		.uleb128 0x6
 314 015e E5020000 		.4byte	.LASF29
 315 0162 4C       		.byte	0x4c
 316 0163 06       		.byte	0x6
 317 0164 5E       		.byte	0x5e
 318 0165 66020000 		.4byte	0x266
 319 0169 07       		.uleb128 0x7
 320 016a 68050000 		.4byte	.LASF30
 321 016e 06       		.byte	0x6
 322 016f 5F       		.byte	0x5f
 323 0170 87020000 		.4byte	0x287
 324 0174 00       		.byte	0
 325 0175 07       		.uleb128 0x7
 326 0176 DC040000 		.4byte	.LASF31
 327 017a 06       		.byte	0x6
 328 017b 61       		.byte	0x61
 329 017c 87020000 		.4byte	0x287
 330 0180 04       		.byte	0x4
 331 0181 07       		.uleb128 0x7
 332 0182 F9010000 		.4byte	.LASF32
 333 0186 06       		.byte	0x6
 334 0187 63       		.byte	0x63
 335 0188 16010000 		.4byte	0x116
 336 018c 08       		.byte	0x8
 337 018d 07       		.uleb128 0x7
 338 018e 77040000 		.4byte	.LASF33
 339 0192 06       		.byte	0x6
 340 0193 64       		.byte	0x64
 341 0194 1D040000 		.4byte	0x41d
 342 0198 0C       		.byte	0xc
ARM GAS  /tmp/ccSAa8aF.s 			page 7


 343 0199 07       		.uleb128 0x7
 344 019a 83020000 		.4byte	.LASF34
 345 019e 06       		.byte	0x6
 346 019f 66       		.byte	0x66
 347 01a0 87020000 		.4byte	0x287
 348 01a4 10       		.byte	0x10
 349 01a5 07       		.uleb128 0x7
 350 01a6 5C040000 		.4byte	.LASF35
 351 01aa 06       		.byte	0x6
 352 01ab 67       		.byte	0x67
 353 01ac 87020000 		.4byte	0x287
 354 01b0 14       		.byte	0x14
 355 01b1 07       		.uleb128 0x7
 356 01b2 B5060000 		.4byte	.LASF36
 357 01b6 06       		.byte	0x6
 358 01b7 6E       		.byte	0x6e
 359 01b8 E1050000 		.4byte	0x5e1
 360 01bc 18       		.byte	0x18
 361 01bd 07       		.uleb128 0x7
 362 01be 12030000 		.4byte	.LASF37
 363 01c2 06       		.byte	0x6
 364 01c3 74       		.byte	0x74
 365 01c4 F3050000 		.4byte	0x5f3
 366 01c8 1C       		.byte	0x1c
 367 01c9 07       		.uleb128 0x7
 368 01ca 41050000 		.4byte	.LASF38
 369 01ce 06       		.byte	0x6
 370 01cf 79       		.byte	0x79
 371 01d0 F5000000 		.4byte	0xf5
 372 01d4 20       		.byte	0x20
 373 01d5 07       		.uleb128 0x7
 374 01d6 86050000 		.4byte	.LASF39
 375 01da 06       		.byte	0x6
 376 01db 7D       		.byte	0x7d
 377 01dc EA000000 		.4byte	0xea
 378 01e0 21       		.byte	0x21
 379 01e1 07       		.uleb128 0x7
 380 01e2 7C060000 		.4byte	.LASF40
 381 01e6 06       		.byte	0x6
 382 01e7 82       		.byte	0x82
 383 01e8 00010000 		.4byte	0x100
 384 01ec 22       		.byte	0x22
 385 01ed 07       		.uleb128 0x7
 386 01ee 49050000 		.4byte	.LASF41
 387 01f2 06       		.byte	0x6
 388 01f3 88       		.byte	0x88
 389 01f4 0B010000 		.4byte	0x10b
 390 01f8 23       		.byte	0x23
 391 01f9 07       		.uleb128 0x7
 392 01fa 32000000 		.4byte	.LASF42
 393 01fe 06       		.byte	0x6
 394 01ff 8F       		.byte	0x8f
 395 0200 42010000 		.4byte	0x142
 396 0204 24       		.byte	0x24
 397 0205 08       		.uleb128 0x8
 398 0206 705F7500 		.ascii	"p_u\000"
 399 020a 06       		.byte	0x6
ARM GAS  /tmp/ccSAa8aF.s 			page 8


 400 020b B4       		.byte	0xb4
 401 020c AC050000 		.4byte	0x5ac
 402 0210 28       		.byte	0x28
 403 0211 07       		.uleb128 0x7
 404 0212 1E040000 		.4byte	.LASF43
 405 0216 06       		.byte	0x6
 406 0217 B9       		.byte	0xb9
 407 0218 AD020000 		.4byte	0x2ad
 408 021c 2C       		.byte	0x2c
 409 021d 07       		.uleb128 0x7
 410 021e 3B030000 		.4byte	.LASF44
 411 0222 06       		.byte	0x6
 412 0223 BF       		.byte	0xbf
 413 0224 8D020000 		.4byte	0x28d
 414 0228 30       		.byte	0x30
 415 0229 07       		.uleb128 0x7
 416 022a 4E060000 		.4byte	.LASF45
 417 022e 06       		.byte	0x6
 418 022f C3       		.byte	0xc3
 419 0230 21010000 		.4byte	0x121
 420 0234 38       		.byte	0x38
 421 0235 07       		.uleb128 0x7
 422 0236 A2050000 		.4byte	.LASF46
 423 023a 06       		.byte	0x6
 424 023b C9       		.byte	0xc9
 425 023c 2C010000 		.4byte	0x12c
 426 0240 3C       		.byte	0x3c
 427 0241 07       		.uleb128 0x7
 428 0242 2D050000 		.4byte	.LASF47
 429 0246 06       		.byte	0x6
 430 0247 D0       		.byte	0xd0
 431 0248 F9050000 		.4byte	0x5f9
 432 024c 40       		.byte	0x40
 433 024d 07       		.uleb128 0x7
 434 024e 02060000 		.4byte	.LASF48
 435 0252 06       		.byte	0x6
 436 0253 D4       		.byte	0xd4
 437 0254 16010000 		.4byte	0x116
 438 0258 44       		.byte	0x44
 439 0259 07       		.uleb128 0x7
 440 025a 44020000 		.4byte	.LASF49
 441 025e 06       		.byte	0x6
 442 025f DA       		.byte	0xda
 443 0260 C3020000 		.4byte	0x2c3
 444 0264 48       		.byte	0x48
 445 0265 00       		.byte	0
 446 0266 09       		.uleb128 0x9
 447 0267 08       		.byte	0x8
 448 0268 05       		.byte	0x5
 449 0269 61       		.byte	0x61
 450 026a 87020000 		.4byte	0x287
 451 026e 07       		.uleb128 0x7
 452 026f 68050000 		.4byte	.LASF30
 453 0273 05       		.byte	0x5
 454 0274 62       		.byte	0x62
 455 0275 87020000 		.4byte	0x287
 456 0279 00       		.byte	0
ARM GAS  /tmp/ccSAa8aF.s 			page 9


 457 027a 07       		.uleb128 0x7
 458 027b DC040000 		.4byte	.LASF31
 459 027f 05       		.byte	0x5
 460 0280 64       		.byte	0x64
 461 0281 87020000 		.4byte	0x287
 462 0285 04       		.byte	0x4
 463 0286 00       		.byte	0
 464 0287 0A       		.uleb128 0xa
 465 0288 04       		.byte	0x4
 466 0289 52010000 		.4byte	0x152
 467 028d 04       		.uleb128 0x4
 468 028e 6A040000 		.4byte	.LASF50
 469 0292 05       		.byte	0x5
 470 0293 66       		.byte	0x66
 471 0294 66020000 		.4byte	0x266
 472 0298 09       		.uleb128 0x9
 473 0299 04       		.byte	0x4
 474 029a 05       		.byte	0x5
 475 029b 6B       		.byte	0x6b
 476 029c AD020000 		.4byte	0x2ad
 477 02a0 07       		.uleb128 0x7
 478 02a1 68050000 		.4byte	.LASF30
 479 02a5 05       		.byte	0x5
 480 02a6 6D       		.byte	0x6d
 481 02a7 87020000 		.4byte	0x287
 482 02ab 00       		.byte	0
 483 02ac 00       		.byte	0
 484 02ad 04       		.uleb128 0x4
 485 02ae CE030000 		.4byte	.LASF51
 486 02b2 05       		.byte	0x5
 487 02b3 70       		.byte	0x70
 488 02b4 98020000 		.4byte	0x298
 489 02b8 04       		.uleb128 0x4
 490 02b9 CD020000 		.4byte	.LASF52
 491 02bd 07       		.byte	0x7
 492 02be E5       		.byte	0xe5
 493 02bf C3020000 		.4byte	0x2c3
 494 02c3 0B       		.uleb128 0xb
 495 02c4 04       		.byte	0x4
 496 02c5 0C       		.uleb128 0xc
 497 02c6 F7030000 		.4byte	.LASF149
 498 02ca 07       		.byte	0x7
 499 02cb EB       		.byte	0xeb
 500 02cc D8000000 		.4byte	0xd8
 501 02d0 08       		.byte	0x8
 502 02d1 0D       		.uleb128 0xd
 503 02d2 54060000 		.4byte	.LASF53
 504 02d6 64       		.byte	0x64
 505 02d7 07       		.byte	0x7
 506 02d8 0C01     		.2byte	0x10c
 507 02da 1D040000 		.4byte	0x41d
 508 02de 0E       		.uleb128 0xe
 509 02df 73313600 		.ascii	"s16\000"
 510 02e3 07       		.byte	0x7
 511 02e4 0E01     		.2byte	0x10e
 512 02e6 B8020000 		.4byte	0x2b8
 513 02ea 00       		.byte	0
ARM GAS  /tmp/ccSAa8aF.s 			page 10


 514 02eb 0E       		.uleb128 0xe
 515 02ec 73313700 		.ascii	"s17\000"
 516 02f0 07       		.byte	0x7
 517 02f1 0F01     		.2byte	0x10f
 518 02f3 B8020000 		.4byte	0x2b8
 519 02f7 04       		.byte	0x4
 520 02f8 0E       		.uleb128 0xe
 521 02f9 73313800 		.ascii	"s18\000"
 522 02fd 07       		.byte	0x7
 523 02fe 1001     		.2byte	0x110
 524 0300 B8020000 		.4byte	0x2b8
 525 0304 08       		.byte	0x8
 526 0305 0E       		.uleb128 0xe
 527 0306 73313900 		.ascii	"s19\000"
 528 030a 07       		.byte	0x7
 529 030b 1101     		.2byte	0x111
 530 030d B8020000 		.4byte	0x2b8
 531 0311 0C       		.byte	0xc
 532 0312 0E       		.uleb128 0xe
 533 0313 73323000 		.ascii	"s20\000"
 534 0317 07       		.byte	0x7
 535 0318 1201     		.2byte	0x112
 536 031a B8020000 		.4byte	0x2b8
 537 031e 10       		.byte	0x10
 538 031f 0E       		.uleb128 0xe
 539 0320 73323100 		.ascii	"s21\000"
 540 0324 07       		.byte	0x7
 541 0325 1301     		.2byte	0x113
 542 0327 B8020000 		.4byte	0x2b8
 543 032b 14       		.byte	0x14
 544 032c 0E       		.uleb128 0xe
 545 032d 73323200 		.ascii	"s22\000"
 546 0331 07       		.byte	0x7
 547 0332 1401     		.2byte	0x114
 548 0334 B8020000 		.4byte	0x2b8
 549 0338 18       		.byte	0x18
 550 0339 0E       		.uleb128 0xe
 551 033a 73323300 		.ascii	"s23\000"
 552 033e 07       		.byte	0x7
 553 033f 1501     		.2byte	0x115
 554 0341 B8020000 		.4byte	0x2b8
 555 0345 1C       		.byte	0x1c
 556 0346 0E       		.uleb128 0xe
 557 0347 73323400 		.ascii	"s24\000"
 558 034b 07       		.byte	0x7
 559 034c 1601     		.2byte	0x116
 560 034e B8020000 		.4byte	0x2b8
 561 0352 20       		.byte	0x20
 562 0353 0E       		.uleb128 0xe
 563 0354 73323500 		.ascii	"s25\000"
 564 0358 07       		.byte	0x7
 565 0359 1701     		.2byte	0x117
 566 035b B8020000 		.4byte	0x2b8
 567 035f 24       		.byte	0x24
 568 0360 0E       		.uleb128 0xe
 569 0361 73323600 		.ascii	"s26\000"
 570 0365 07       		.byte	0x7
ARM GAS  /tmp/ccSAa8aF.s 			page 11


 571 0366 1801     		.2byte	0x118
 572 0368 B8020000 		.4byte	0x2b8
 573 036c 28       		.byte	0x28
 574 036d 0E       		.uleb128 0xe
 575 036e 73323700 		.ascii	"s27\000"
 576 0372 07       		.byte	0x7
 577 0373 1901     		.2byte	0x119
 578 0375 B8020000 		.4byte	0x2b8
 579 0379 2C       		.byte	0x2c
 580 037a 0E       		.uleb128 0xe
 581 037b 73323800 		.ascii	"s28\000"
 582 037f 07       		.byte	0x7
 583 0380 1A01     		.2byte	0x11a
 584 0382 B8020000 		.4byte	0x2b8
 585 0386 30       		.byte	0x30
 586 0387 0E       		.uleb128 0xe
 587 0388 73323900 		.ascii	"s29\000"
 588 038c 07       		.byte	0x7
 589 038d 1B01     		.2byte	0x11b
 590 038f B8020000 		.4byte	0x2b8
 591 0393 34       		.byte	0x34
 592 0394 0E       		.uleb128 0xe
 593 0395 73333000 		.ascii	"s30\000"
 594 0399 07       		.byte	0x7
 595 039a 1C01     		.2byte	0x11c
 596 039c B8020000 		.4byte	0x2b8
 597 03a0 38       		.byte	0x38
 598 03a1 0E       		.uleb128 0xe
 599 03a2 73333100 		.ascii	"s31\000"
 600 03a6 07       		.byte	0x7
 601 03a7 1D01     		.2byte	0x11d
 602 03a9 B8020000 		.4byte	0x2b8
 603 03ad 3C       		.byte	0x3c
 604 03ae 0E       		.uleb128 0xe
 605 03af 723400   		.ascii	"r4\000"
 606 03b2 07       		.byte	0x7
 607 03b3 1F01     		.2byte	0x11f
 608 03b5 B8020000 		.4byte	0x2b8
 609 03b9 40       		.byte	0x40
 610 03ba 0E       		.uleb128 0xe
 611 03bb 723500   		.ascii	"r5\000"
 612 03be 07       		.byte	0x7
 613 03bf 2001     		.2byte	0x120
 614 03c1 B8020000 		.4byte	0x2b8
 615 03c5 44       		.byte	0x44
 616 03c6 0E       		.uleb128 0xe
 617 03c7 723600   		.ascii	"r6\000"
 618 03ca 07       		.byte	0x7
 619 03cb 2101     		.2byte	0x121
 620 03cd B8020000 		.4byte	0x2b8
 621 03d1 48       		.byte	0x48
 622 03d2 0E       		.uleb128 0xe
 623 03d3 723700   		.ascii	"r7\000"
 624 03d6 07       		.byte	0x7
 625 03d7 2201     		.2byte	0x122
 626 03d9 B8020000 		.4byte	0x2b8
 627 03dd 4C       		.byte	0x4c
ARM GAS  /tmp/ccSAa8aF.s 			page 12


 628 03de 0E       		.uleb128 0xe
 629 03df 723800   		.ascii	"r8\000"
 630 03e2 07       		.byte	0x7
 631 03e3 2301     		.2byte	0x123
 632 03e5 B8020000 		.4byte	0x2b8
 633 03e9 50       		.byte	0x50
 634 03ea 0E       		.uleb128 0xe
 635 03eb 723900   		.ascii	"r9\000"
 636 03ee 07       		.byte	0x7
 637 03ef 2401     		.2byte	0x124
 638 03f1 B8020000 		.4byte	0x2b8
 639 03f5 54       		.byte	0x54
 640 03f6 0E       		.uleb128 0xe
 641 03f7 72313000 		.ascii	"r10\000"
 642 03fb 07       		.byte	0x7
 643 03fc 2501     		.2byte	0x125
 644 03fe B8020000 		.4byte	0x2b8
 645 0402 58       		.byte	0x58
 646 0403 0E       		.uleb128 0xe
 647 0404 72313100 		.ascii	"r11\000"
 648 0408 07       		.byte	0x7
 649 0409 2601     		.2byte	0x126
 650 040b B8020000 		.4byte	0x2b8
 651 040f 5C       		.byte	0x5c
 652 0410 0E       		.uleb128 0xe
 653 0411 6C7200   		.ascii	"lr\000"
 654 0414 07       		.byte	0x7
 655 0415 2701     		.2byte	0x127
 656 0417 B8020000 		.4byte	0x2b8
 657 041b 60       		.byte	0x60
 658 041c 00       		.byte	0
 659 041d 0D       		.uleb128 0xd
 660 041e 46060000 		.4byte	.LASF54
 661 0422 04       		.byte	0x4
 662 0423 07       		.byte	0x7
 663 0424 3101     		.2byte	0x131
 664 0426 38040000 		.4byte	0x438
 665 042a 0E       		.uleb128 0xe
 666 042b 72313300 		.ascii	"r13\000"
 667 042f 07       		.byte	0x7
 668 0430 3201     		.2byte	0x132
 669 0432 38040000 		.4byte	0x438
 670 0436 00       		.byte	0
 671 0437 00       		.byte	0
 672 0438 0A       		.uleb128 0xa
 673 0439 04       		.byte	0x4
 674 043a D1020000 		.4byte	0x2d1
 675 043e 04       		.uleb128 0x4
 676 043f 0D060000 		.4byte	.LASF55
 677 0443 08       		.byte	0x8
 678 0444 58       		.byte	0x58
 679 0445 49040000 		.4byte	0x449
 680 0449 0A       		.uleb128 0xa
 681 044a 04       		.byte	0x4
 682 044b 4F040000 		.4byte	0x44f
 683 044f 0F       		.uleb128 0xf
 684 0450 5A040000 		.4byte	0x45a
ARM GAS  /tmp/ccSAa8aF.s 			page 13


 685 0454 10       		.uleb128 0x10
 686 0455 C3020000 		.4byte	0x2c3
 687 0459 00       		.byte	0
 688 045a 04       		.uleb128 0x4
 689 045b 20000000 		.4byte	.LASF56
 690 045f 08       		.byte	0x8
 691 0460 5D       		.byte	0x5d
 692 0461 65040000 		.4byte	0x465
 693 0465 06       		.uleb128 0x6
 694 0466 20000000 		.4byte	.LASF56
 695 046a 14       		.byte	0x14
 696 046b 08       		.byte	0x8
 697 046c 64       		.byte	0x64
 698 046d AE040000 		.4byte	0x4ae
 699 0471 07       		.uleb128 0x7
 700 0472 2A030000 		.4byte	.LASF57
 701 0476 08       		.byte	0x8
 702 0477 65       		.byte	0x65
 703 0478 AE040000 		.4byte	0x4ae
 704 047c 00       		.byte	0
 705 047d 07       		.uleb128 0x7
 706 047e D6020000 		.4byte	.LASF58
 707 0482 08       		.byte	0x8
 708 0483 67       		.byte	0x67
 709 0484 AE040000 		.4byte	0x4ae
 710 0488 04       		.byte	0x4
 711 0489 07       		.uleb128 0x7
 712 048a 16040000 		.4byte	.LASF59
 713 048e 08       		.byte	0x8
 714 048f 69       		.byte	0x69
 715 0490 37010000 		.4byte	0x137
 716 0494 08       		.byte	0x8
 717 0495 07       		.uleb128 0x7
 718 0496 2D070000 		.4byte	.LASF60
 719 049a 08       		.byte	0x8
 720 049b 6A       		.byte	0x6a
 721 049c 3E040000 		.4byte	0x43e
 722 04a0 0C       		.byte	0xc
 723 04a1 07       		.uleb128 0x7
 724 04a2 6A060000 		.4byte	.LASF61
 725 04a6 08       		.byte	0x8
 726 04a7 6C       		.byte	0x6c
 727 04a8 C3020000 		.4byte	0x2c3
 728 04ac 10       		.byte	0x10
 729 04ad 00       		.byte	0
 730 04ae 0A       		.uleb128 0xa
 731 04af 04       		.byte	0x4
 732 04b0 5A040000 		.4byte	0x45a
 733 04b4 09       		.uleb128 0x9
 734 04b5 10       		.byte	0x10
 735 04b6 08       		.byte	0x8
 736 04b7 76       		.byte	0x76
 737 04b8 ED040000 		.4byte	0x4ed
 738 04bc 07       		.uleb128 0x7
 739 04bd 2A030000 		.4byte	.LASF57
 740 04c1 08       		.byte	0x8
 741 04c2 77       		.byte	0x77
ARM GAS  /tmp/ccSAa8aF.s 			page 14


 742 04c3 AE040000 		.4byte	0x4ae
 743 04c7 00       		.byte	0
 744 04c8 07       		.uleb128 0x7
 745 04c9 D6020000 		.4byte	.LASF58
 746 04cd 08       		.byte	0x8
 747 04ce 79       		.byte	0x79
 748 04cf AE040000 		.4byte	0x4ae
 749 04d3 04       		.byte	0x4
 750 04d4 07       		.uleb128 0x7
 751 04d5 16040000 		.4byte	.LASF59
 752 04d9 08       		.byte	0x8
 753 04da 7B       		.byte	0x7b
 754 04db 37010000 		.4byte	0x137
 755 04df 08       		.byte	0x8
 756 04e0 07       		.uleb128 0x7
 757 04e1 C3060000 		.4byte	.LASF62
 758 04e5 08       		.byte	0x8
 759 04e6 7C       		.byte	0x7c
 760 04e7 42010000 		.4byte	0x142
 761 04eb 0C       		.byte	0xc
 762 04ec 00       		.byte	0
 763 04ed 04       		.uleb128 0x4
 764 04ee D9060000 		.4byte	.LASF63
 765 04f2 08       		.byte	0x8
 766 04f3 7D       		.byte	0x7d
 767 04f4 B4040000 		.4byte	0x4b4
 768 04f8 11       		.uleb128 0x11
 769 04f9 DE020000 		.4byte	.LASF71
 770 04fd 08       		.byte	0x8
 771 04fe F5       		.byte	0xf5
 772 04ff ED040000 		.4byte	0x4ed
 773 0503 09       		.uleb128 0x9
 774 0504 1C       		.byte	0x1c
 775 0505 09       		.byte	0x9
 776 0506 5E       		.byte	0x5e
 777 0507 54050000 		.4byte	0x554
 778 050b 07       		.uleb128 0x7
 779 050c C7050000 		.4byte	.LASF64
 780 0510 09       		.byte	0x9
 781 0511 5F       		.byte	0x5f
 782 0512 8D020000 		.4byte	0x28d
 783 0516 00       		.byte	0
 784 0517 07       		.uleb128 0x7
 785 0518 53050000 		.4byte	.LASF65
 786 051c 09       		.byte	0x9
 787 051d 60       		.byte	0x60
 788 051e 16010000 		.4byte	0x116
 789 0522 08       		.byte	0x8
 790 0523 07       		.uleb128 0x7
 791 0524 64040000 		.4byte	.LASF66
 792 0528 09       		.byte	0x9
 793 0529 62       		.byte	0x62
 794 052a 1D040000 		.4byte	0x41d
 795 052e 0C       		.byte	0xc
 796 052f 07       		.uleb128 0x7
 797 0530 C5020000 		.4byte	.LASF67
 798 0534 09       		.byte	0x9
ARM GAS  /tmp/ccSAa8aF.s 			page 15


 799 0535 65       		.byte	0x65
 800 0536 87020000 		.4byte	0x287
 801 053a 10       		.byte	0x10
 802 053b 07       		.uleb128 0x7
 803 053c 9B040000 		.4byte	.LASF68
 804 0540 09       		.byte	0x9
 805 0541 66       		.byte	0x66
 806 0542 87020000 		.4byte	0x287
 807 0546 14       		.byte	0x14
 808 0547 07       		.uleb128 0x7
 809 0548 91040000 		.4byte	.LASF69
 810 054c 09       		.byte	0x9
 811 054d 69       		.byte	0x69
 812 054e 87020000 		.4byte	0x287
 813 0552 18       		.byte	0x18
 814 0553 00       		.byte	0
 815 0554 04       		.uleb128 0x4
 816 0555 83060000 		.4byte	.LASF70
 817 0559 09       		.byte	0x9
 818 055a 6B       		.byte	0x6b
 819 055b 03050000 		.4byte	0x503
 820 055f 11       		.uleb128 0x11
 821 0560 A0060000 		.4byte	.LASF72
 822 0564 09       		.byte	0x9
 823 0565 6F       		.byte	0x6f
 824 0566 54050000 		.4byte	0x554
 825 056a 06       		.uleb128 0x6
 826 056b 28040000 		.4byte	.LASF73
 827 056f 10       		.byte	0x10
 828 0570 0A       		.byte	0xa
 829 0571 2C       		.byte	0x2c
 830 0572 9B050000 		.4byte	0x59b
 831 0576 07       		.uleb128 0x7
 832 0577 4C020000 		.4byte	.LASF74
 833 057b 0A       		.byte	0xa
 834 057c 2D       		.byte	0x2d
 835 057d 8D020000 		.4byte	0x28d
 836 0581 00       		.byte	0
 837 0582 07       		.uleb128 0x7
 838 0583 FA060000 		.4byte	.LASF75
 839 0587 0A       		.byte	0xa
 840 0588 2F       		.byte	0x2f
 841 0589 87020000 		.4byte	0x287
 842 058d 08       		.byte	0x8
 843 058e 07       		.uleb128 0x7
 844 058f F1050000 		.4byte	.LASF76
 845 0593 0A       		.byte	0xa
 846 0594 31       		.byte	0x31
 847 0595 9B050000 		.4byte	0x59b
 848 0599 0C       		.byte	0xc
 849 059a 00       		.byte	0
 850 059b 0A       		.uleb128 0xa
 851 059c 04       		.byte	0x4
 852 059d 6A050000 		.4byte	0x56a
 853 05a1 04       		.uleb128 0x4
 854 05a2 28040000 		.4byte	.LASF73
 855 05a6 0A       		.byte	0xa
ARM GAS  /tmp/ccSAa8aF.s 			page 16


 856 05a7 33       		.byte	0x33
 857 05a8 6A050000 		.4byte	0x56a
 858 05ac 12       		.uleb128 0x12
 859 05ad 04       		.byte	0x4
 860 05ae 06       		.byte	0x6
 861 05af 96       		.byte	0x96
 862 05b0 E1050000 		.4byte	0x5e1
 863 05b4 13       		.uleb128 0x13
 864 05b5 39000000 		.4byte	.LASF77
 865 05b9 06       		.byte	0x6
 866 05ba 9D       		.byte	0x9d
 867 05bb 21010000 		.4byte	0x121
 868 05bf 13       		.uleb128 0x13
 869 05c0 D0010000 		.4byte	.LASF78
 870 05c4 06       		.byte	0x6
 871 05c5 A4       		.byte	0xa4
 872 05c6 21010000 		.4byte	0x121
 873 05ca 13       		.uleb128 0x13
 874 05cb AE060000 		.4byte	.LASF79
 875 05cf 06       		.byte	0x6
 876 05d0 AB       		.byte	0xab
 877 05d1 C3020000 		.4byte	0x2c3
 878 05d5 13       		.uleb128 0x13
 879 05d6 61050000 		.4byte	.LASF80
 880 05da 06       		.byte	0x6
 881 05db B2       		.byte	0xb2
 882 05dc 2C010000 		.4byte	0x12c
 883 05e0 00       		.byte	0
 884 05e1 0A       		.uleb128 0xa
 885 05e2 04       		.byte	0x4
 886 05e3 EE050000 		.4byte	0x5ee
 887 05e7 03       		.uleb128 0x3
 888 05e8 01       		.byte	0x1
 889 05e9 08       		.byte	0x8
 890 05ea E1050000 		.4byte	.LASF81
 891 05ee 14       		.uleb128 0x14
 892 05ef E7050000 		.4byte	0x5e7
 893 05f3 0A       		.uleb128 0xa
 894 05f4 04       		.byte	0x4
 895 05f5 C5020000 		.4byte	0x2c5
 896 05f9 0A       		.uleb128 0xa
 897 05fa 04       		.byte	0x4
 898 05fb A1050000 		.4byte	0x5a1
 899 05ff 09       		.uleb128 0x9
 900 0600 16       		.byte	0x16
 901 0601 0B       		.byte	0xb
 902 0602 2C       		.byte	0x2c
 903 0603 E0060000 		.4byte	0x6e0
 904 0607 07       		.uleb128 0x7
 905 0608 1F070000 		.4byte	.LASF82
 906 060c 0B       		.byte	0xb
 907 060d 2D       		.byte	0x2d
 908 060e E0060000 		.4byte	0x6e0
 909 0612 00       		.byte	0
 910 0613 07       		.uleb128 0x7
 911 0614 02040000 		.4byte	.LASF83
 912 0618 0B       		.byte	0xb
ARM GAS  /tmp/ccSAa8aF.s 			page 17


 913 0619 2E       		.byte	0x2e
 914 061a A2000000 		.4byte	0xa2
 915 061e 04       		.byte	0x4
 916 061f 07       		.uleb128 0x7
 917 0620 7D040000 		.4byte	.LASF84
 918 0624 0B       		.byte	0xb
 919 0625 2F       		.byte	0x2f
 920 0626 A2000000 		.4byte	0xa2
 921 062a 05       		.byte	0x5
 922 062b 07       		.uleb128 0x7
 923 062c CE060000 		.4byte	.LASF85
 924 0630 0B       		.byte	0xb
 925 0631 30       		.byte	0x30
 926 0632 AD000000 		.4byte	0xad
 927 0636 06       		.byte	0x6
 928 0637 07       		.uleb128 0x7
 929 0638 D1040000 		.4byte	.LASF86
 930 063c 0B       		.byte	0xb
 931 063d 31       		.byte	0x31
 932 063e A2000000 		.4byte	0xa2
 933 0642 08       		.byte	0x8
 934 0643 07       		.uleb128 0x7
 935 0644 2E040000 		.4byte	.LASF87
 936 0648 0B       		.byte	0xb
 937 0649 32       		.byte	0x32
 938 064a A2000000 		.4byte	0xa2
 939 064e 09       		.byte	0x9
 940 064f 07       		.uleb128 0x7
 941 0650 BC010000 		.4byte	.LASF88
 942 0654 0B       		.byte	0xb
 943 0655 33       		.byte	0x33
 944 0656 A2000000 		.4byte	0xa2
 945 065a 0A       		.byte	0xa
 946 065b 07       		.uleb128 0x7
 947 065c BB050000 		.4byte	.LASF89
 948 0660 0B       		.byte	0xb
 949 0661 34       		.byte	0x34
 950 0662 A2000000 		.4byte	0xa2
 951 0666 0B       		.byte	0xb
 952 0667 07       		.uleb128 0x7
 953 0668 71060000 		.4byte	.LASF90
 954 066c 0B       		.byte	0xb
 955 066d 35       		.byte	0x35
 956 066e A2000000 		.4byte	0xa2
 957 0672 0C       		.byte	0xc
 958 0673 07       		.uleb128 0x7
 959 0674 95050000 		.4byte	.LASF91
 960 0678 0B       		.byte	0xb
 961 0679 36       		.byte	0x36
 962 067a A2000000 		.4byte	0xa2
 963 067e 0D       		.byte	0xd
 964 067f 07       		.uleb128 0x7
 965 0680 13000000 		.4byte	.LASF92
 966 0684 0B       		.byte	0xb
 967 0685 37       		.byte	0x37
 968 0686 A2000000 		.4byte	0xa2
 969 068a 0E       		.byte	0xe
ARM GAS  /tmp/ccSAa8aF.s 			page 18


 970 068b 07       		.uleb128 0x7
 971 068c 50040000 		.4byte	.LASF93
 972 0690 0B       		.byte	0xb
 973 0691 38       		.byte	0x38
 974 0692 A2000000 		.4byte	0xa2
 975 0696 0F       		.byte	0xf
 976 0697 07       		.uleb128 0x7
 977 0698 27020000 		.4byte	.LASF94
 978 069c 0B       		.byte	0xb
 979 069d 39       		.byte	0x39
 980 069e A2000000 		.4byte	0xa2
 981 06a2 10       		.byte	0x10
 982 06a3 07       		.uleb128 0x7
 983 06a4 00020000 		.4byte	.LASF95
 984 06a8 0B       		.byte	0xb
 985 06a9 3B       		.byte	0x3b
 986 06aa A2000000 		.4byte	0xa2
 987 06ae 11       		.byte	0x11
 988 06af 07       		.uleb128 0x7
 989 06b0 37020000 		.4byte	.LASF96
 990 06b4 0B       		.byte	0xb
 991 06b5 3C       		.byte	0x3c
 992 06b6 A2000000 		.4byte	0xa2
 993 06ba 12       		.byte	0x12
 994 06bb 07       		.uleb128 0x7
 995 06bc 0A040000 		.4byte	.LASF97
 996 06c0 0B       		.byte	0xb
 997 06c1 3D       		.byte	0x3d
 998 06c2 A2000000 		.4byte	0xa2
 999 06c6 13       		.byte	0x13
 1000 06c7 07       		.uleb128 0x7
 1001 06c8 77050000 		.4byte	.LASF98
 1002 06cc 0B       		.byte	0xb
 1003 06cd 3E       		.byte	0x3e
 1004 06ce A2000000 		.4byte	0xa2
 1005 06d2 14       		.byte	0x14
 1006 06d3 07       		.uleb128 0x7
 1007 06d4 B6030000 		.4byte	.LASF99
 1008 06d8 0B       		.byte	0xb
 1009 06d9 40       		.byte	0x40
 1010 06da A2000000 		.4byte	0xa2
 1011 06de 15       		.byte	0x15
 1012 06df 00       		.byte	0
 1013 06e0 15       		.uleb128 0x15
 1014 06e1 E7050000 		.4byte	0x5e7
 1015 06e5 F0060000 		.4byte	0x6f0
 1016 06e9 16       		.uleb128 0x16
 1017 06ea 2C000000 		.4byte	0x2c
 1018 06ee 03       		.byte	0x3
 1019 06ef 00       		.byte	0
 1020 06f0 04       		.uleb128 0x4
 1021 06f1 02070000 		.4byte	.LASF100
 1022 06f5 0B       		.byte	0xb
 1023 06f6 41       		.byte	0x41
 1024 06f7 FF050000 		.4byte	0x5ff
 1025 06fb 14       		.uleb128 0x14
 1026 06fc F0060000 		.4byte	0x6f0
ARM GAS  /tmp/ccSAa8aF.s 			page 19


 1027 0700 11       		.uleb128 0x11
 1028 0701 46030000 		.4byte	.LASF101
 1029 0705 0B       		.byte	0xb
 1030 0706 7E       		.byte	0x7e
 1031 0707 FB060000 		.4byte	0x6fb
 1032 070b 09       		.uleb128 0x9
 1033 070c 10       		.byte	0x10
 1034 070d 0C       		.byte	0xc
 1035 070e 71       		.byte	0x71
 1036 070f 44070000 		.4byte	0x744
 1037 0713 07       		.uleb128 0x7
 1038 0714 04030000 		.4byte	.LASF102
 1039 0718 0C       		.byte	0xc
 1040 0719 72       		.byte	0x72
 1041 071a 37010000 		.4byte	0x137
 1042 071e 00       		.byte	0
 1043 071f 07       		.uleb128 0x7
 1044 0720 7D020000 		.4byte	.LASF103
 1045 0724 0C       		.byte	0xc
 1046 0725 73       		.byte	0x73
 1047 0726 87020000 		.4byte	0x287
 1048 072a 04       		.byte	0x4
 1049 072b 07       		.uleb128 0x7
 1050 072c 5E030000 		.4byte	.LASF104
 1051 0730 0C       		.byte	0xc
 1052 0731 74       		.byte	0x74
 1053 0732 C3020000 		.4byte	0x2c3
 1054 0736 08       		.byte	0x8
 1055 0737 07       		.uleb128 0x7
 1056 0738 8D060000 		.4byte	.LASF105
 1057 073c 0C       		.byte	0xc
 1058 073d 75       		.byte	0x75
 1059 073e A2000000 		.4byte	0xa2
 1060 0742 0C       		.byte	0xc
 1061 0743 00       		.byte	0
 1062 0744 04       		.uleb128 0x4
 1063 0745 41040000 		.4byte	.LASF106
 1064 0749 0C       		.byte	0xc
 1065 074a 76       		.byte	0x76
 1066 074b 0B070000 		.4byte	0x70b
 1067 074f 17       		.uleb128 0x17
 1068 0750 0804     		.2byte	0x408
 1069 0752 0C       		.byte	0xc
 1070 0753 7B       		.byte	0x7b
 1071 0754 7D070000 		.4byte	0x77d
 1072 0758 07       		.uleb128 0x7
 1073 0759 BD020000 		.4byte	.LASF107
 1074 075d 0C       		.byte	0xc
 1075 075e 7C       		.byte	0x7c
 1076 075f 2C000000 		.4byte	0x2c
 1077 0763 00       		.byte	0
 1078 0764 07       		.uleb128 0x7
 1079 0765 3A040000 		.4byte	.LASF108
 1080 0769 0C       		.byte	0xc
 1081 076a 7D       		.byte	0x7d
 1082 076b 7D070000 		.4byte	0x77d
 1083 076f 04       		.byte	0x4
ARM GAS  /tmp/ccSAa8aF.s 			page 20


 1084 0770 07       		.uleb128 0x7
 1085 0771 C7040000 		.4byte	.LASF109
 1086 0775 0C       		.byte	0xc
 1087 0776 7F       		.byte	0x7f
 1088 0777 83070000 		.4byte	0x783
 1089 077b 08       		.byte	0x8
 1090 077c 00       		.byte	0
 1091 077d 0A       		.uleb128 0xa
 1092 077e 04       		.byte	0x4
 1093 077f 44070000 		.4byte	0x744
 1094 0783 15       		.uleb128 0x15
 1095 0784 44070000 		.4byte	0x744
 1096 0788 93070000 		.4byte	0x793
 1097 078c 16       		.uleb128 0x16
 1098 078d 2C000000 		.4byte	0x2c
 1099 0791 3F       		.byte	0x3f
 1100 0792 00       		.byte	0
 1101 0793 04       		.uleb128 0x4
 1102 0794 AA010000 		.4byte	.LASF110
 1103 0798 0C       		.byte	0xc
 1104 0799 80       		.byte	0x80
 1105 079a 4F070000 		.4byte	0x74f
 1106 079e 11       		.uleb128 0x11
 1107 079f AE040000 		.4byte	.LASF111
 1108 07a3 0C       		.byte	0xc
 1109 07a4 83       		.byte	0x83
 1110 07a5 93070000 		.4byte	0x793
 1111 07a9 11       		.uleb128 0x11
 1112 07aa C2030000 		.4byte	.LASF112
 1113 07ae 0C       		.byte	0xc
 1114 07af E2       		.byte	0xe2
 1115 07b0 47010000 		.4byte	0x147
 1116 07b4 11       		.uleb128 0x11
 1117 07b5 26060000 		.4byte	.LASF113
 1118 07b9 0C       		.byte	0xc
 1119 07ba E3       		.byte	0xe3
 1120 07bb 47010000 		.4byte	0x147
 1121 07bf 11       		.uleb128 0x11
 1122 07c0 1A050000 		.4byte	.LASF114
 1123 07c4 0C       		.byte	0xc
 1124 07c5 F5       		.byte	0xf5
 1125 07c6 E1050000 		.4byte	0x5e1
 1126 07ca 18       		.uleb128 0x18
 1127 07cb C5020000 		.4byte	0x2c5
 1128 07cf 08       		.byte	0x8
 1129 07d0 DB070000 		.4byte	0x7db
 1130 07d4 16       		.uleb128 0x16
 1131 07d5 2C000000 		.4byte	0x2c
 1132 07d9 3A       		.byte	0x3a
 1133 07da 00       		.byte	0
 1134 07db 11       		.uleb128 0x11
 1135 07dc E0060000 		.4byte	.LASF115
 1136 07e0 0D       		.byte	0xd
 1137 07e1 89       		.byte	0x89
 1138 07e2 CA070000 		.4byte	0x7ca
 1139 07e6 19       		.uleb128 0x19
 1140 07e7 EC010000 		.4byte	.LASF116
ARM GAS  /tmp/ccSAa8aF.s 			page 21


 1141 07eb 0E       		.byte	0xe
 1142 07ec 9806     		.2byte	0x698
 1143 07ee C3000000 		.4byte	0xc3
 1144 07f2 1A       		.uleb128 0x1a
 1145 07f3 18       		.byte	0x18
 1146 07f4 0F       		.byte	0xf
 1147 07f5 B102     		.2byte	0x2b1
 1148 07f7 49080000 		.4byte	0x849
 1149 07fb 0E       		.uleb128 0xe
 1150 07fc 435200   		.ascii	"CR\000"
 1151 07ff 0F       		.byte	0xf
 1152 0800 B302     		.2byte	0x2b3
 1153 0802 D3000000 		.4byte	0xd3
 1154 0806 00       		.byte	0
 1155 0807 1B       		.uleb128 0x1b
 1156 0808 21060000 		.4byte	.LASF117
 1157 080c 0F       		.byte	0xf
 1158 080d B402     		.2byte	0x2b4
 1159 080f D3000000 		.4byte	0xd3
 1160 0813 04       		.byte	0x4
 1161 0814 0E       		.uleb128 0xe
 1162 0815 50415200 		.ascii	"PAR\000"
 1163 0819 0F       		.byte	0xf
 1164 081a B502     		.2byte	0x2b5
 1165 081c D3000000 		.4byte	0xd3
 1166 0820 08       		.byte	0x8
 1167 0821 1B       		.uleb128 0x1b
 1168 0822 2D000000 		.4byte	.LASF118
 1169 0826 0F       		.byte	0xf
 1170 0827 B602     		.2byte	0x2b6
 1171 0829 D3000000 		.4byte	0xd3
 1172 082d 0C       		.byte	0xc
 1173 082e 1B       		.uleb128 0x1b
 1174 082f 5B060000 		.4byte	.LASF119
 1175 0833 0F       		.byte	0xf
 1176 0834 B702     		.2byte	0x2b7
 1177 0836 D3000000 		.4byte	0xd3
 1178 083a 10       		.byte	0x10
 1179 083b 0E       		.uleb128 0xe
 1180 083c 46435200 		.ascii	"FCR\000"
 1181 0840 0F       		.byte	0xf
 1182 0841 B802     		.2byte	0x2b8
 1183 0843 D3000000 		.4byte	0xd3
 1184 0847 14       		.byte	0x14
 1185 0848 00       		.byte	0
 1186 0849 1C       		.uleb128 0x1c
 1187 084a 33060000 		.4byte	.LASF120
 1188 084e 0F       		.byte	0xf
 1189 084f B902     		.2byte	0x2b9
 1190 0851 F2070000 		.4byte	0x7f2
 1191 0855 09       		.uleb128 0x9
 1192 0856 0C       		.byte	0xc
 1193 0857 10       		.byte	0x10
 1194 0858 DA       		.byte	0xda
 1195 0859 9A080000 		.4byte	0x89a
 1196 085d 07       		.uleb128 0x7
 1197 085e 85010000 		.4byte	.LASF121
ARM GAS  /tmp/ccSAa8aF.s 			page 22


 1198 0862 10       		.byte	0x10
 1199 0863 DB       		.byte	0xdb
 1200 0864 9A080000 		.4byte	0x89a
 1201 0868 00       		.byte	0
 1202 0869 07       		.uleb128 0x7
 1203 086a AD050000 		.4byte	.LASF122
 1204 086e 10       		.byte	0x10
 1205 086f DC       		.byte	0xdc
 1206 0870 A0080000 		.4byte	0x8a0
 1207 0874 04       		.byte	0x4
 1208 0875 07       		.uleb128 0x7
 1209 0876 57030000 		.4byte	.LASF123
 1210 087a 10       		.byte	0x10
 1211 087b DD       		.byte	0xdd
 1212 087c A2000000 		.4byte	0xa2
 1213 0880 08       		.byte	0x8
 1214 0881 07       		.uleb128 0x7
 1215 0882 60060000 		.4byte	.LASF124
 1216 0886 10       		.byte	0x10
 1217 0887 DF       		.byte	0xdf
 1218 0888 A2000000 		.4byte	0xa2
 1219 088c 09       		.byte	0x9
 1220 088d 07       		.uleb128 0x7
 1221 088e 49000000 		.4byte	.LASF125
 1222 0892 10       		.byte	0x10
 1223 0893 E0       		.byte	0xe0
 1224 0894 A2000000 		.4byte	0xa2
 1225 0898 0A       		.byte	0xa
 1226 0899 00       		.byte	0
 1227 089a 0A       		.uleb128 0xa
 1228 089b 04       		.byte	0x4
 1229 089c 49080000 		.4byte	0x849
 1230 08a0 0A       		.uleb128 0xa
 1231 08a1 04       		.byte	0x4
 1232 08a2 D3000000 		.4byte	0xd3
 1233 08a6 04       		.uleb128 0x4
 1234 08a7 E3040000 		.4byte	.LASF126
 1235 08ab 10       		.byte	0x10
 1236 08ac E1       		.byte	0xe1
 1237 08ad 55080000 		.4byte	0x855
 1238 08b1 14       		.uleb128 0x14
 1239 08b2 A6080000 		.4byte	0x8a6
 1240 08b6 15       		.uleb128 0x15
 1241 08b7 B1080000 		.4byte	0x8b1
 1242 08bb C6080000 		.4byte	0x8c6
 1243 08bf 16       		.uleb128 0x16
 1244 08c0 2C000000 		.4byte	0x2c
 1245 08c4 0F       		.byte	0xf
 1246 08c5 00       		.byte	0
 1247 08c6 14       		.uleb128 0x14
 1248 08c7 B6080000 		.4byte	0x8b6
 1249 08cb 19       		.uleb128 0x19
 1250 08cc D9010000 		.4byte	.LASF127
 1251 08d0 10       		.byte	0x10
 1252 08d1 BB01     		.2byte	0x1bb
 1253 08d3 C6080000 		.4byte	0x8c6
 1254 08d7 09       		.uleb128 0x9
ARM GAS  /tmp/ccSAa8aF.s 			page 23


 1255 08d8 1C       		.byte	0x1c
 1256 08d9 11       		.byte	0x11
 1257 08da A3       		.byte	0xa3
 1258 08db 34090000 		.4byte	0x934
 1259 08df 07       		.uleb128 0x7
 1260 08e0 54020000 		.4byte	.LASF128
 1261 08e4 11       		.byte	0x11
 1262 08e5 A5       		.byte	0xa5
 1263 08e6 C8000000 		.4byte	0xc8
 1264 08ea 00       		.byte	0
 1265 08eb 07       		.uleb128 0x7
 1266 08ec 5A000000 		.4byte	.LASF129
 1267 08f0 11       		.byte	0x11
 1268 08f1 A7       		.byte	0xa7
 1269 08f2 C8000000 		.4byte	0xc8
 1270 08f6 04       		.byte	0x4
 1271 08f7 07       		.uleb128 0x7
 1272 08f8 4F030000 		.4byte	.LASF130
 1273 08fc 11       		.byte	0x11
 1274 08fd A9       		.byte	0xa9
 1275 08fe C8000000 		.4byte	0xc8
 1276 0902 08       		.byte	0x8
 1277 0903 07       		.uleb128 0x7
 1278 0904 CA010000 		.4byte	.LASF131
 1279 0908 11       		.byte	0x11
 1280 0909 AB       		.byte	0xab
 1281 090a C8000000 		.4byte	0xc8
 1282 090e 0C       		.byte	0xc
 1283 090f 08       		.uleb128 0x8
 1284 0910 6F647200 		.ascii	"odr\000"
 1285 0914 11       		.byte	0x11
 1286 0915 AD       		.byte	0xad
 1287 0916 C8000000 		.4byte	0xc8
 1288 091a 10       		.byte	0x10
 1289 091b 07       		.uleb128 0x7
 1290 091c 28050000 		.4byte	.LASF132
 1291 0920 11       		.byte	0x11
 1292 0921 AF       		.byte	0xaf
 1293 0922 C8000000 		.4byte	0xc8
 1294 0926 14       		.byte	0x14
 1295 0927 07       		.uleb128 0x7
 1296 0928 85040000 		.4byte	.LASF133
 1297 092c 11       		.byte	0x11
 1298 092d B1       		.byte	0xb1
 1299 092e C8000000 		.4byte	0xc8
 1300 0932 18       		.byte	0x18
 1301 0933 00       		.byte	0
 1302 0934 04       		.uleb128 0x4
 1303 0935 00000000 		.4byte	.LASF134
 1304 0939 11       		.byte	0x11
 1305 093a B2       		.byte	0xb2
 1306 093b D7080000 		.4byte	0x8d7
 1307 093f 09       		.uleb128 0x9
 1308 0940 FC       		.byte	0xfc
 1309 0941 11       		.byte	0x11
 1310 0942 BB       		.byte	0xbb
 1311 0943 B4090000 		.4byte	0x9b4
ARM GAS  /tmp/ccSAa8aF.s 			page 24


 1312 0947 07       		.uleb128 0x7
 1313 0948 5A050000 		.4byte	.LASF135
 1314 094c 11       		.byte	0x11
 1315 094d BE       		.byte	0xbe
 1316 094e 34090000 		.4byte	0x934
 1317 0952 00       		.byte	0
 1318 0953 07       		.uleb128 0x7
 1319 0954 FD020000 		.4byte	.LASF136
 1320 0958 11       		.byte	0x11
 1321 0959 C2       		.byte	0xc2
 1322 095a 34090000 		.4byte	0x934
 1323 095e 1C       		.byte	0x1c
 1324 095f 07       		.uleb128 0x7
 1325 0960 BC060000 		.4byte	.LASF137
 1326 0964 11       		.byte	0x11
 1327 0965 C6       		.byte	0xc6
 1328 0966 34090000 		.4byte	0x934
 1329 096a 38       		.byte	0x38
 1330 096b 07       		.uleb128 0x7
 1331 096c 8A040000 		.4byte	.LASF138
 1332 0970 11       		.byte	0x11
 1333 0971 CA       		.byte	0xca
 1334 0972 34090000 		.4byte	0x934
 1335 0976 54       		.byte	0x54
 1336 0977 07       		.uleb128 0x7
 1337 0978 6D020000 		.4byte	.LASF139
 1338 097c 11       		.byte	0x11
 1339 097d CE       		.byte	0xce
 1340 097e 34090000 		.4byte	0x934
 1341 0982 70       		.byte	0x70
 1342 0983 07       		.uleb128 0x7
 1343 0984 88030000 		.4byte	.LASF140
 1344 0988 11       		.byte	0x11
 1345 0989 D2       		.byte	0xd2
 1346 098a 34090000 		.4byte	0x934
 1347 098e 8C       		.byte	0x8c
 1348 098f 07       		.uleb128 0x7
 1349 0990 F0030000 		.4byte	.LASF141
 1350 0994 11       		.byte	0x11
 1351 0995 D6       		.byte	0xd6
 1352 0996 34090000 		.4byte	0x934
 1353 099a A8       		.byte	0xa8
 1354 099b 07       		.uleb128 0x7
 1355 099c 8C010000 		.4byte	.LASF142
 1356 09a0 11       		.byte	0x11
 1357 09a1 DA       		.byte	0xda
 1358 09a2 34090000 		.4byte	0x934
 1359 09a6 C4       		.byte	0xc4
 1360 09a7 07       		.uleb128 0x7
 1361 09a8 8E050000 		.4byte	.LASF143
 1362 09ac 11       		.byte	0x11
 1363 09ad DE       		.byte	0xde
 1364 09ae 34090000 		.4byte	0x934
 1365 09b2 E0       		.byte	0xe0
 1366 09b3 00       		.byte	0
 1367 09b4 04       		.uleb128 0x4
 1368 09b5 F0060000 		.4byte	.LASF144
ARM GAS  /tmp/ccSAa8aF.s 			page 25


 1369 09b9 11       		.byte	0x11
 1370 09ba E0       		.byte	0xe0
 1371 09bb 3F090000 		.4byte	0x93f
 1372 09bf 14       		.uleb128 0x14
 1373 09c0 B4090000 		.4byte	0x9b4
 1374 09c4 19       		.uleb128 0x19
 1375 09c5 0C070000 		.4byte	.LASF145
 1376 09c9 11       		.byte	0x11
 1377 09ca BC01     		.2byte	0x1bc
 1378 09cc BF090000 		.4byte	0x9bf
 1379 09d0 1D       		.uleb128 0x1d
 1380 09d1 C4090000 		.4byte	0x9c4
 1381 09d5 01       		.byte	0x1
 1382 09d6 1A       		.byte	0x1a
 1383 09d7 05       		.uleb128 0x5
 1384 09d8 03       		.byte	0x3
 1385 09d9 00000000 		.4byte	pal_default_config
 1386 09dd 1E       		.uleb128 0x1e
 1387 09de 96060000 		.4byte	.LASF150
 1388 09e2 01       		.byte	0x1
 1389 09e3 6B       		.byte	0x6b
 1390 09e4 00000000 		.4byte	.LFB119
 1391 09e8 02000000 		.4byte	.LFE119-.LFB119
 1392 09ec 01       		.uleb128 0x1
 1393 09ed 9C       		.byte	0x9c
 1394 09ee 1F       		.uleb128 0x1f
 1395 09ef 68030000 		.4byte	.LASF151
 1396 09f3 01       		.byte	0x1
 1397 09f4 36       		.byte	0x36
 1398 09f5 00000000 		.4byte	.LFB118
 1399 09f9 04000000 		.4byte	.LFE118-.LFB118
 1400 09fd 01       		.uleb128 0x1
 1401 09fe 9C       		.byte	0x9c
 1402 09ff 0D0A0000 		.4byte	0xa0d
 1403 0a03 20       		.uleb128 0x20
 1404 0a04 04000000 		.4byte	.LVL0
 1405 0a08 0D0A0000 		.4byte	0xa0d
 1406 0a0c 00       		.byte	0
 1407 0a0d 21       		.uleb128 0x21
 1408 0a0e EC020000 		.4byte	.LASF152
 1409 0a12 EC020000 		.4byte	.LASF152
 1410 0a16 12       		.byte	0x12
 1411 0a17 EA06     		.2byte	0x6ea
 1412 0a19 00       		.byte	0
 1413              		.section	.debug_abbrev,"",%progbits
 1414              	.Ldebug_abbrev0:
 1415 0000 01       		.uleb128 0x1
 1416 0001 11       		.uleb128 0x11
 1417 0002 01       		.byte	0x1
 1418 0003 25       		.uleb128 0x25
 1419 0004 0E       		.uleb128 0xe
 1420 0005 13       		.uleb128 0x13
 1421 0006 0B       		.uleb128 0xb
 1422 0007 03       		.uleb128 0x3
 1423 0008 0E       		.uleb128 0xe
 1424 0009 1B       		.uleb128 0x1b
 1425 000a 0E       		.uleb128 0xe
ARM GAS  /tmp/ccSAa8aF.s 			page 26


 1426 000b 55       		.uleb128 0x55
 1427 000c 17       		.uleb128 0x17
 1428 000d 11       		.uleb128 0x11
 1429 000e 01       		.uleb128 0x1
 1430 000f 10       		.uleb128 0x10
 1431 0010 17       		.uleb128 0x17
 1432 0011 00       		.byte	0
 1433 0012 00       		.byte	0
 1434 0013 02       		.uleb128 0x2
 1435 0014 24       		.uleb128 0x24
 1436 0015 00       		.byte	0
 1437 0016 0B       		.uleb128 0xb
 1438 0017 0B       		.uleb128 0xb
 1439 0018 3E       		.uleb128 0x3e
 1440 0019 0B       		.uleb128 0xb
 1441 001a 03       		.uleb128 0x3
 1442 001b 08       		.uleb128 0x8
 1443 001c 00       		.byte	0
 1444 001d 00       		.byte	0
 1445 001e 03       		.uleb128 0x3
 1446 001f 24       		.uleb128 0x24
 1447 0020 00       		.byte	0
 1448 0021 0B       		.uleb128 0xb
 1449 0022 0B       		.uleb128 0xb
 1450 0023 3E       		.uleb128 0x3e
 1451 0024 0B       		.uleb128 0xb
 1452 0025 03       		.uleb128 0x3
 1453 0026 0E       		.uleb128 0xe
 1454 0027 00       		.byte	0
 1455 0028 00       		.byte	0
 1456 0029 04       		.uleb128 0x4
 1457 002a 16       		.uleb128 0x16
 1458 002b 00       		.byte	0
 1459 002c 03       		.uleb128 0x3
 1460 002d 0E       		.uleb128 0xe
 1461 002e 3A       		.uleb128 0x3a
 1462 002f 0B       		.uleb128 0xb
 1463 0030 3B       		.uleb128 0x3b
 1464 0031 0B       		.uleb128 0xb
 1465 0032 49       		.uleb128 0x49
 1466 0033 13       		.uleb128 0x13
 1467 0034 00       		.byte	0
 1468 0035 00       		.byte	0
 1469 0036 05       		.uleb128 0x5
 1470 0037 35       		.uleb128 0x35
 1471 0038 00       		.byte	0
 1472 0039 49       		.uleb128 0x49
 1473 003a 13       		.uleb128 0x13
 1474 003b 00       		.byte	0
 1475 003c 00       		.byte	0
 1476 003d 06       		.uleb128 0x6
 1477 003e 13       		.uleb128 0x13
 1478 003f 01       		.byte	0x1
 1479 0040 03       		.uleb128 0x3
 1480 0041 0E       		.uleb128 0xe
 1481 0042 0B       		.uleb128 0xb
 1482 0043 0B       		.uleb128 0xb
ARM GAS  /tmp/ccSAa8aF.s 			page 27


 1483 0044 3A       		.uleb128 0x3a
 1484 0045 0B       		.uleb128 0xb
 1485 0046 3B       		.uleb128 0x3b
 1486 0047 0B       		.uleb128 0xb
 1487 0048 01       		.uleb128 0x1
 1488 0049 13       		.uleb128 0x13
 1489 004a 00       		.byte	0
 1490 004b 00       		.byte	0
 1491 004c 07       		.uleb128 0x7
 1492 004d 0D       		.uleb128 0xd
 1493 004e 00       		.byte	0
 1494 004f 03       		.uleb128 0x3
 1495 0050 0E       		.uleb128 0xe
 1496 0051 3A       		.uleb128 0x3a
 1497 0052 0B       		.uleb128 0xb
 1498 0053 3B       		.uleb128 0x3b
 1499 0054 0B       		.uleb128 0xb
 1500 0055 49       		.uleb128 0x49
 1501 0056 13       		.uleb128 0x13
 1502 0057 38       		.uleb128 0x38
 1503 0058 0B       		.uleb128 0xb
 1504 0059 00       		.byte	0
 1505 005a 00       		.byte	0
 1506 005b 08       		.uleb128 0x8
 1507 005c 0D       		.uleb128 0xd
 1508 005d 00       		.byte	0
 1509 005e 03       		.uleb128 0x3
 1510 005f 08       		.uleb128 0x8
 1511 0060 3A       		.uleb128 0x3a
 1512 0061 0B       		.uleb128 0xb
 1513 0062 3B       		.uleb128 0x3b
 1514 0063 0B       		.uleb128 0xb
 1515 0064 49       		.uleb128 0x49
 1516 0065 13       		.uleb128 0x13
 1517 0066 38       		.uleb128 0x38
 1518 0067 0B       		.uleb128 0xb
 1519 0068 00       		.byte	0
 1520 0069 00       		.byte	0
 1521 006a 09       		.uleb128 0x9
 1522 006b 13       		.uleb128 0x13
 1523 006c 01       		.byte	0x1
 1524 006d 0B       		.uleb128 0xb
 1525 006e 0B       		.uleb128 0xb
 1526 006f 3A       		.uleb128 0x3a
 1527 0070 0B       		.uleb128 0xb
 1528 0071 3B       		.uleb128 0x3b
 1529 0072 0B       		.uleb128 0xb
 1530 0073 01       		.uleb128 0x1
 1531 0074 13       		.uleb128 0x13
 1532 0075 00       		.byte	0
 1533 0076 00       		.byte	0
 1534 0077 0A       		.uleb128 0xa
 1535 0078 0F       		.uleb128 0xf
 1536 0079 00       		.byte	0
 1537 007a 0B       		.uleb128 0xb
 1538 007b 0B       		.uleb128 0xb
 1539 007c 49       		.uleb128 0x49
ARM GAS  /tmp/ccSAa8aF.s 			page 28


 1540 007d 13       		.uleb128 0x13
 1541 007e 00       		.byte	0
 1542 007f 00       		.byte	0
 1543 0080 0B       		.uleb128 0xb
 1544 0081 0F       		.uleb128 0xf
 1545 0082 00       		.byte	0
 1546 0083 0B       		.uleb128 0xb
 1547 0084 0B       		.uleb128 0xb
 1548 0085 00       		.byte	0
 1549 0086 00       		.byte	0
 1550 0087 0C       		.uleb128 0xc
 1551 0088 16       		.uleb128 0x16
 1552 0089 00       		.byte	0
 1553 008a 03       		.uleb128 0x3
 1554 008b 0E       		.uleb128 0xe
 1555 008c 3A       		.uleb128 0x3a
 1556 008d 0B       		.uleb128 0xb
 1557 008e 3B       		.uleb128 0x3b
 1558 008f 0B       		.uleb128 0xb
 1559 0090 49       		.uleb128 0x49
 1560 0091 13       		.uleb128 0x13
 1561 0092 8801     		.uleb128 0x88
 1562 0094 0B       		.uleb128 0xb
 1563 0095 00       		.byte	0
 1564 0096 00       		.byte	0
 1565 0097 0D       		.uleb128 0xd
 1566 0098 13       		.uleb128 0x13
 1567 0099 01       		.byte	0x1
 1568 009a 03       		.uleb128 0x3
 1569 009b 0E       		.uleb128 0xe
 1570 009c 0B       		.uleb128 0xb
 1571 009d 0B       		.uleb128 0xb
 1572 009e 3A       		.uleb128 0x3a
 1573 009f 0B       		.uleb128 0xb
 1574 00a0 3B       		.uleb128 0x3b
 1575 00a1 05       		.uleb128 0x5
 1576 00a2 01       		.uleb128 0x1
 1577 00a3 13       		.uleb128 0x13
 1578 00a4 00       		.byte	0
 1579 00a5 00       		.byte	0
 1580 00a6 0E       		.uleb128 0xe
 1581 00a7 0D       		.uleb128 0xd
 1582 00a8 00       		.byte	0
 1583 00a9 03       		.uleb128 0x3
 1584 00aa 08       		.uleb128 0x8
 1585 00ab 3A       		.uleb128 0x3a
 1586 00ac 0B       		.uleb128 0xb
 1587 00ad 3B       		.uleb128 0x3b
 1588 00ae 05       		.uleb128 0x5
 1589 00af 49       		.uleb128 0x49
 1590 00b0 13       		.uleb128 0x13
 1591 00b1 38       		.uleb128 0x38
 1592 00b2 0B       		.uleb128 0xb
 1593 00b3 00       		.byte	0
 1594 00b4 00       		.byte	0
 1595 00b5 0F       		.uleb128 0xf
 1596 00b6 15       		.uleb128 0x15
ARM GAS  /tmp/ccSAa8aF.s 			page 29


 1597 00b7 01       		.byte	0x1
 1598 00b8 27       		.uleb128 0x27
 1599 00b9 19       		.uleb128 0x19
 1600 00ba 01       		.uleb128 0x1
 1601 00bb 13       		.uleb128 0x13
 1602 00bc 00       		.byte	0
 1603 00bd 00       		.byte	0
 1604 00be 10       		.uleb128 0x10
 1605 00bf 05       		.uleb128 0x5
 1606 00c0 00       		.byte	0
 1607 00c1 49       		.uleb128 0x49
 1608 00c2 13       		.uleb128 0x13
 1609 00c3 00       		.byte	0
 1610 00c4 00       		.byte	0
 1611 00c5 11       		.uleb128 0x11
 1612 00c6 34       		.uleb128 0x34
 1613 00c7 00       		.byte	0
 1614 00c8 03       		.uleb128 0x3
 1615 00c9 0E       		.uleb128 0xe
 1616 00ca 3A       		.uleb128 0x3a
 1617 00cb 0B       		.uleb128 0xb
 1618 00cc 3B       		.uleb128 0x3b
 1619 00cd 0B       		.uleb128 0xb
 1620 00ce 49       		.uleb128 0x49
 1621 00cf 13       		.uleb128 0x13
 1622 00d0 3F       		.uleb128 0x3f
 1623 00d1 19       		.uleb128 0x19
 1624 00d2 3C       		.uleb128 0x3c
 1625 00d3 19       		.uleb128 0x19
 1626 00d4 00       		.byte	0
 1627 00d5 00       		.byte	0
 1628 00d6 12       		.uleb128 0x12
 1629 00d7 17       		.uleb128 0x17
 1630 00d8 01       		.byte	0x1
 1631 00d9 0B       		.uleb128 0xb
 1632 00da 0B       		.uleb128 0xb
 1633 00db 3A       		.uleb128 0x3a
 1634 00dc 0B       		.uleb128 0xb
 1635 00dd 3B       		.uleb128 0x3b
 1636 00de 0B       		.uleb128 0xb
 1637 00df 01       		.uleb128 0x1
 1638 00e0 13       		.uleb128 0x13
 1639 00e1 00       		.byte	0
 1640 00e2 00       		.byte	0
 1641 00e3 13       		.uleb128 0x13
 1642 00e4 0D       		.uleb128 0xd
 1643 00e5 00       		.byte	0
 1644 00e6 03       		.uleb128 0x3
 1645 00e7 0E       		.uleb128 0xe
 1646 00e8 3A       		.uleb128 0x3a
 1647 00e9 0B       		.uleb128 0xb
 1648 00ea 3B       		.uleb128 0x3b
 1649 00eb 0B       		.uleb128 0xb
 1650 00ec 49       		.uleb128 0x49
 1651 00ed 13       		.uleb128 0x13
 1652 00ee 00       		.byte	0
 1653 00ef 00       		.byte	0
ARM GAS  /tmp/ccSAa8aF.s 			page 30


 1654 00f0 14       		.uleb128 0x14
 1655 00f1 26       		.uleb128 0x26
 1656 00f2 00       		.byte	0
 1657 00f3 49       		.uleb128 0x49
 1658 00f4 13       		.uleb128 0x13
 1659 00f5 00       		.byte	0
 1660 00f6 00       		.byte	0
 1661 00f7 15       		.uleb128 0x15
 1662 00f8 01       		.uleb128 0x1
 1663 00f9 01       		.byte	0x1
 1664 00fa 49       		.uleb128 0x49
 1665 00fb 13       		.uleb128 0x13
 1666 00fc 01       		.uleb128 0x1
 1667 00fd 13       		.uleb128 0x13
 1668 00fe 00       		.byte	0
 1669 00ff 00       		.byte	0
 1670 0100 16       		.uleb128 0x16
 1671 0101 21       		.uleb128 0x21
 1672 0102 00       		.byte	0
 1673 0103 49       		.uleb128 0x49
 1674 0104 13       		.uleb128 0x13
 1675 0105 2F       		.uleb128 0x2f
 1676 0106 0B       		.uleb128 0xb
 1677 0107 00       		.byte	0
 1678 0108 00       		.byte	0
 1679 0109 17       		.uleb128 0x17
 1680 010a 13       		.uleb128 0x13
 1681 010b 01       		.byte	0x1
 1682 010c 0B       		.uleb128 0xb
 1683 010d 05       		.uleb128 0x5
 1684 010e 3A       		.uleb128 0x3a
 1685 010f 0B       		.uleb128 0xb
 1686 0110 3B       		.uleb128 0x3b
 1687 0111 0B       		.uleb128 0xb
 1688 0112 01       		.uleb128 0x1
 1689 0113 13       		.uleb128 0x13
 1690 0114 00       		.byte	0
 1691 0115 00       		.byte	0
 1692 0116 18       		.uleb128 0x18
 1693 0117 01       		.uleb128 0x1
 1694 0118 01       		.byte	0x1
 1695 0119 49       		.uleb128 0x49
 1696 011a 13       		.uleb128 0x13
 1697 011b 8801     		.uleb128 0x88
 1698 011d 0B       		.uleb128 0xb
 1699 011e 01       		.uleb128 0x1
 1700 011f 13       		.uleb128 0x13
 1701 0120 00       		.byte	0
 1702 0121 00       		.byte	0
 1703 0122 19       		.uleb128 0x19
 1704 0123 34       		.uleb128 0x34
 1705 0124 00       		.byte	0
 1706 0125 03       		.uleb128 0x3
 1707 0126 0E       		.uleb128 0xe
 1708 0127 3A       		.uleb128 0x3a
 1709 0128 0B       		.uleb128 0xb
 1710 0129 3B       		.uleb128 0x3b
ARM GAS  /tmp/ccSAa8aF.s 			page 31


 1711 012a 05       		.uleb128 0x5
 1712 012b 49       		.uleb128 0x49
 1713 012c 13       		.uleb128 0x13
 1714 012d 3F       		.uleb128 0x3f
 1715 012e 19       		.uleb128 0x19
 1716 012f 3C       		.uleb128 0x3c
 1717 0130 19       		.uleb128 0x19
 1718 0131 00       		.byte	0
 1719 0132 00       		.byte	0
 1720 0133 1A       		.uleb128 0x1a
 1721 0134 13       		.uleb128 0x13
 1722 0135 01       		.byte	0x1
 1723 0136 0B       		.uleb128 0xb
 1724 0137 0B       		.uleb128 0xb
 1725 0138 3A       		.uleb128 0x3a
 1726 0139 0B       		.uleb128 0xb
 1727 013a 3B       		.uleb128 0x3b
 1728 013b 05       		.uleb128 0x5
 1729 013c 01       		.uleb128 0x1
 1730 013d 13       		.uleb128 0x13
 1731 013e 00       		.byte	0
 1732 013f 00       		.byte	0
 1733 0140 1B       		.uleb128 0x1b
 1734 0141 0D       		.uleb128 0xd
 1735 0142 00       		.byte	0
 1736 0143 03       		.uleb128 0x3
 1737 0144 0E       		.uleb128 0xe
 1738 0145 3A       		.uleb128 0x3a
 1739 0146 0B       		.uleb128 0xb
 1740 0147 3B       		.uleb128 0x3b
 1741 0148 05       		.uleb128 0x5
 1742 0149 49       		.uleb128 0x49
 1743 014a 13       		.uleb128 0x13
 1744 014b 38       		.uleb128 0x38
 1745 014c 0B       		.uleb128 0xb
 1746 014d 00       		.byte	0
 1747 014e 00       		.byte	0
 1748 014f 1C       		.uleb128 0x1c
 1749 0150 16       		.uleb128 0x16
 1750 0151 00       		.byte	0
 1751 0152 03       		.uleb128 0x3
 1752 0153 0E       		.uleb128 0xe
 1753 0154 3A       		.uleb128 0x3a
 1754 0155 0B       		.uleb128 0xb
 1755 0156 3B       		.uleb128 0x3b
 1756 0157 05       		.uleb128 0x5
 1757 0158 49       		.uleb128 0x49
 1758 0159 13       		.uleb128 0x13
 1759 015a 00       		.byte	0
 1760 015b 00       		.byte	0
 1761 015c 1D       		.uleb128 0x1d
 1762 015d 34       		.uleb128 0x34
 1763 015e 00       		.byte	0
 1764 015f 47       		.uleb128 0x47
 1765 0160 13       		.uleb128 0x13
 1766 0161 3A       		.uleb128 0x3a
 1767 0162 0B       		.uleb128 0xb
ARM GAS  /tmp/ccSAa8aF.s 			page 32


 1768 0163 3B       		.uleb128 0x3b
 1769 0164 0B       		.uleb128 0xb
 1770 0165 02       		.uleb128 0x2
 1771 0166 18       		.uleb128 0x18
 1772 0167 00       		.byte	0
 1773 0168 00       		.byte	0
 1774 0169 1E       		.uleb128 0x1e
 1775 016a 2E       		.uleb128 0x2e
 1776 016b 00       		.byte	0
 1777 016c 3F       		.uleb128 0x3f
 1778 016d 19       		.uleb128 0x19
 1779 016e 03       		.uleb128 0x3
 1780 016f 0E       		.uleb128 0xe
 1781 0170 3A       		.uleb128 0x3a
 1782 0171 0B       		.uleb128 0xb
 1783 0172 3B       		.uleb128 0x3b
 1784 0173 0B       		.uleb128 0xb
 1785 0174 27       		.uleb128 0x27
 1786 0175 19       		.uleb128 0x19
 1787 0176 11       		.uleb128 0x11
 1788 0177 01       		.uleb128 0x1
 1789 0178 12       		.uleb128 0x12
 1790 0179 06       		.uleb128 0x6
 1791 017a 40       		.uleb128 0x40
 1792 017b 18       		.uleb128 0x18
 1793 017c 9742     		.uleb128 0x2117
 1794 017e 19       		.uleb128 0x19
 1795 017f 00       		.byte	0
 1796 0180 00       		.byte	0
 1797 0181 1F       		.uleb128 0x1f
 1798 0182 2E       		.uleb128 0x2e
 1799 0183 01       		.byte	0x1
 1800 0184 3F       		.uleb128 0x3f
 1801 0185 19       		.uleb128 0x19
 1802 0186 03       		.uleb128 0x3
 1803 0187 0E       		.uleb128 0xe
 1804 0188 3A       		.uleb128 0x3a
 1805 0189 0B       		.uleb128 0xb
 1806 018a 3B       		.uleb128 0x3b
 1807 018b 0B       		.uleb128 0xb
 1808 018c 27       		.uleb128 0x27
 1809 018d 19       		.uleb128 0x19
 1810 018e 11       		.uleb128 0x11
 1811 018f 01       		.uleb128 0x1
 1812 0190 12       		.uleb128 0x12
 1813 0191 06       		.uleb128 0x6
 1814 0192 40       		.uleb128 0x40
 1815 0193 18       		.uleb128 0x18
 1816 0194 9742     		.uleb128 0x2117
 1817 0196 19       		.uleb128 0x19
 1818 0197 01       		.uleb128 0x1
 1819 0198 13       		.uleb128 0x13
 1820 0199 00       		.byte	0
 1821 019a 00       		.byte	0
 1822 019b 20       		.uleb128 0x20
 1823 019c 898201   		.uleb128 0x4109
 1824 019f 00       		.byte	0
ARM GAS  /tmp/ccSAa8aF.s 			page 33


 1825 01a0 11       		.uleb128 0x11
 1826 01a1 01       		.uleb128 0x1
 1827 01a2 9542     		.uleb128 0x2115
 1828 01a4 19       		.uleb128 0x19
 1829 01a5 31       		.uleb128 0x31
 1830 01a6 13       		.uleb128 0x13
 1831 01a7 00       		.byte	0
 1832 01a8 00       		.byte	0
 1833 01a9 21       		.uleb128 0x21
 1834 01aa 2E       		.uleb128 0x2e
 1835 01ab 00       		.byte	0
 1836 01ac 3F       		.uleb128 0x3f
 1837 01ad 19       		.uleb128 0x19
 1838 01ae 3C       		.uleb128 0x3c
 1839 01af 19       		.uleb128 0x19
 1840 01b0 6E       		.uleb128 0x6e
 1841 01b1 0E       		.uleb128 0xe
 1842 01b2 03       		.uleb128 0x3
 1843 01b3 0E       		.uleb128 0xe
 1844 01b4 3A       		.uleb128 0x3a
 1845 01b5 0B       		.uleb128 0xb
 1846 01b6 3B       		.uleb128 0x3b
 1847 01b7 05       		.uleb128 0x5
 1848 01b8 00       		.byte	0
 1849 01b9 00       		.byte	0
 1850 01ba 00       		.byte	0
 1851              		.section	.debug_aranges,"",%progbits
 1852 0000 24000000 		.4byte	0x24
 1853 0004 0200     		.2byte	0x2
 1854 0006 00000000 		.4byte	.Ldebug_info0
 1855 000a 04       		.byte	0x4
 1856 000b 00       		.byte	0
 1857 000c 0000     		.2byte	0
 1858 000e 0000     		.2byte	0
 1859 0010 00000000 		.4byte	.LFB118
 1860 0014 04000000 		.4byte	.LFE118-.LFB118
 1861 0018 00000000 		.4byte	.LFB119
 1862 001c 02000000 		.4byte	.LFE119-.LFB119
 1863 0020 00000000 		.4byte	0
 1864 0024 00000000 		.4byte	0
 1865              		.section	.debug_ranges,"",%progbits
 1866              	.Ldebug_ranges0:
 1867 0000 00000000 		.4byte	.LFB118
 1868 0004 04000000 		.4byte	.LFE118
 1869 0008 00000000 		.4byte	.LFB119
 1870 000c 02000000 		.4byte	.LFE119
 1871 0010 00000000 		.4byte	0
 1872 0014 00000000 		.4byte	0
 1873              		.section	.debug_line,"",%progbits
 1874              	.Ldebug_line0:
 1875 0000 61020000 		.section	.debug_str,"MS",%progbits,1
 1875      02003A02 
 1875      00000201 
 1875      FB0E0D00 
 1875      01010101 
 1876              	.LASF134:
 1877 0000 73746D33 		.ascii	"stm32_gpio_setup_t\000"
ARM GAS  /tmp/ccSAa8aF.s 			page 34


 1877      325F6770 
 1877      696F5F73 
 1877      65747570 
 1877      5F7400
 1878              	.LASF92:
 1879 0013 63665F6F 		.ascii	"cf_off_older\000"
 1879      66665F6F 
 1879      6C646572 
 1879      00
 1880              	.LASF56:
 1881 0020 56697274 		.ascii	"VirtualTimer\000"
 1881      75616C54 
 1881      696D6572 
 1881      00
 1882              	.LASF118:
 1883 002d 4D304152 		.ascii	"M0AR\000"
 1883      00
 1884              	.LASF42:
 1885 0032 705F7469 		.ascii	"p_time\000"
 1885      6D6500
 1886              	.LASF77:
 1887 0039 7264796D 		.ascii	"rdymsg\000"
 1887      736700
 1888              	.LASF18:
 1889 0040 75696E74 		.ascii	"uint64_t\000"
 1889      36345F74 
 1889      00
 1890              	.LASF125:
 1891 0049 76656374 		.ascii	"vector\000"
 1891      6F7200
 1892              	.LASF4:
 1893 0050 5F5F7569 		.ascii	"__uint8_t\000"
 1893      6E74385F 
 1893      7400
 1894              	.LASF129:
 1895 005a 6F747970 		.ascii	"otyper\000"
 1895      657200
 1896              	.LASF146:
 1897 0061 474E5520 		.ascii	"GNU C99 7.3.1 20180622 (release) [ARM/embedded-7-br"
 1897      43393920 
 1897      372E332E 
 1897      31203230 
 1897      31383036 
 1898 0094 616E6368 		.ascii	"anch revision 261907] -mcpu=cortex-m4 -mfloat-abi=h"
 1898      20726576 
 1898      6973696F 
 1898      6E203236 
 1898      31393037 
 1899 00c7 61726420 		.ascii	"ard -mfpu=fpv4-sp-d16 -mno-thumb-interwork -mthumb "
 1899      2D6D6670 
 1899      753D6670 
 1899      76342D73 
 1899      702D6431 
 1900 00fa 2D676764 		.ascii	"-ggdb -O2 -std=gnu99 -fomit-frame-pointer -falign-f"
 1900      62202D4F 
 1900      32202D73 
 1900      74643D67 
ARM GAS  /tmp/ccSAa8aF.s 			page 35


 1900      6E753939 
 1901 012d 756E6374 		.ascii	"unctions=16 -ffunction-sections -fdata-sections -fn"
 1901      696F6E73 
 1901      3D313620 
 1901      2D666675 
 1901      6E637469 
 1902 0160 6F2D636F 		.ascii	"o-common -fsingle-precision-constant\000"
 1902      6D6D6F6E 
 1902      202D6673 
 1902      696E676C 
 1902      652D7072 
 1903              	.LASF121:
 1904 0185 73747265 		.ascii	"stream\000"
 1904      616D00
 1905              	.LASF142:
 1906 018c 50484461 		.ascii	"PHData\000"
 1906      746100
 1907              	.LASF13:
 1908 0193 6C6F6E67 		.ascii	"long long unsigned int\000"
 1908      206C6F6E 
 1908      6720756E 
 1908      7369676E 
 1908      65642069 
 1909              	.LASF110:
 1910 01aa 63685F74 		.ascii	"ch_trace_buffer_t\000"
 1910      72616365 
 1910      5F627566 
 1910      6665725F 
 1910      7400
 1911              	.LASF88:
 1912 01bc 63685F74 		.ascii	"ch_threadsize\000"
 1912      68726561 
 1912      6473697A 
 1912      6500
 1913              	.LASF131:
 1914 01ca 70757064 		.ascii	"pupdr\000"
 1914      7200
 1915              	.LASF78:
 1916 01d0 65786974 		.ascii	"exitcode\000"
 1916      636F6465 
 1916      00
 1917              	.LASF127:
 1918 01d9 5F73746D 		.ascii	"_stm32_dma_streams\000"
 1918      33325F64 
 1918      6D615F73 
 1918      74726561 
 1918      6D7300
 1919              	.LASF116:
 1920 01ec 49544D5F 		.ascii	"ITM_RxBuffer\000"
 1920      52784275 
 1920      66666572 
 1920      00
 1921              	.LASF32:
 1922 01f9 705F7072 		.ascii	"p_prio\000"
 1922      696F00
 1923              	.LASF95:
 1924 0200 63665F6F 		.ascii	"cf_off_state\000"
ARM GAS  /tmp/ccSAa8aF.s 			page 36


 1924      66665F73 
 1924      74617465 
 1924      00
 1925              	.LASF11:
 1926 020d 6C6F6E67 		.ascii	"long long int\000"
 1926      206C6F6E 
 1926      6720696E 
 1926      7400
 1927              	.LASF1:
 1928 021b 7369676E 		.ascii	"signed char\000"
 1928      65642063 
 1928      68617200 
 1929              	.LASF94:
 1930 0227 63665F6F 		.ascii	"cf_off_stklimit\000"
 1930      66665F73 
 1930      746B6C69 
 1930      6D697400 
 1931              	.LASF96:
 1932 0237 63665F6F 		.ascii	"cf_off_flags\000"
 1932      66665F66 
 1932      6C616773 
 1932      00
 1933              	.LASF49:
 1934 0244 705F6D70 		.ascii	"p_mpool\000"
 1934      6F6F6C00 
 1935              	.LASF74:
 1936 024c 6D5F7175 		.ascii	"m_queue\000"
 1936      65756500 
 1937              	.LASF128:
 1938 0254 6D6F6465 		.ascii	"moder\000"
 1938      7200
 1939              	.LASF23:
 1940 025a 74736C69 		.ascii	"tslices_t\000"
 1940      6365735F 
 1940      7400
 1941              	.LASF8:
 1942 0264 6C6F6E67 		.ascii	"long int\000"
 1942      20696E74 
 1942      00
 1943              	.LASF139:
 1944 026d 50454461 		.ascii	"PEData\000"
 1944      746100
 1945              	.LASF21:
 1946 0274 74737461 		.ascii	"tstate_t\000"
 1946      74655F74 
 1946      00
 1947              	.LASF103:
 1948 027d 73655F74 		.ascii	"se_tp\000"
 1948      7000
 1949              	.LASF34:
 1950 0283 705F6E65 		.ascii	"p_newer\000"
 1950      77657200 
 1951              	.LASF147:
 1952 028b 43686962 		.ascii	"ChibiOS_2.6.6/boards/ST_STM32F4_DISCOVERY/board.c\000"
 1952      694F535F 
 1952      322E362E 
 1952      362F626F 
ARM GAS  /tmp/ccSAa8aF.s 			page 37


 1952      61726473 
 1953              	.LASF107:
 1954 02bd 74625F73 		.ascii	"tb_size\000"
 1954      697A6500 
 1955              	.LASF67:
 1956 02c5 725F6E65 		.ascii	"r_newer\000"
 1956      77657200 
 1957              	.LASF52:
 1958 02cd 72656761 		.ascii	"regarm_t\000"
 1958      726D5F74 
 1958      00
 1959              	.LASF58:
 1960 02d6 76745F70 		.ascii	"vt_prev\000"
 1960      72657600 
 1961              	.LASF71:
 1962 02de 76746C69 		.ascii	"vtlist\000"
 1962      737400
 1963              	.LASF29:
 1964 02e5 54687265 		.ascii	"Thread\000"
 1964      616400
 1965              	.LASF152:
 1966 02ec 73746D33 		.ascii	"stm32_clock_init\000"
 1966      325F636C 
 1966      6F636B5F 
 1966      696E6974 
 1966      00
 1967              	.LASF136:
 1968 02fd 50424461 		.ascii	"PBData\000"
 1968      746100
 1969              	.LASF102:
 1970 0304 73655F74 		.ascii	"se_time\000"
 1970      696D6500 
 1971              	.LASF28:
 1972 030c 636E745F 		.ascii	"cnt_t\000"
 1972      7400
 1973              	.LASF37:
 1974 0312 705F7374 		.ascii	"p_stklimit\000"
 1974      6B6C696D 
 1974      697400
 1975              	.LASF0:
 1976 031d 756E7369 		.ascii	"unsigned int\000"
 1976      676E6564 
 1976      20696E74 
 1976      00
 1977              	.LASF57:
 1978 032a 76745F6E 		.ascii	"vt_next\000"
 1978      65787400 
 1979              	.LASF15:
 1980 0332 75696E74 		.ascii	"uint16_t\000"
 1980      31365F74 
 1980      00
 1981              	.LASF44:
 1982 033b 705F6D73 		.ascii	"p_msgqueue\000"
 1982      67717565 
 1982      756500
 1983              	.LASF101:
 1984 0346 63685F64 		.ascii	"ch_debug\000"
ARM GAS  /tmp/ccSAa8aF.s 			page 38


 1984      65627567 
 1984      00
 1985              	.LASF130:
 1986 034f 6F737065 		.ascii	"ospeedr\000"
 1986      65647200 
 1987              	.LASF123:
 1988 0357 69736869 		.ascii	"ishift\000"
 1988      667400
 1989              	.LASF104:
 1990 035e 73655F77 		.ascii	"se_wtobjp\000"
 1990      746F626A 
 1990      7000
 1991              	.LASF151:
 1992 0368 5F5F6561 		.ascii	"__early_init\000"
 1992      726C795F 
 1992      696E6974 
 1992      00
 1993              	.LASF6:
 1994 0375 73686F72 		.ascii	"short unsigned int\000"
 1994      7420756E 
 1994      7369676E 
 1994      65642069 
 1994      6E7400
 1995              	.LASF140:
 1996 0388 50464461 		.ascii	"PFData\000"
 1996      746100
 1997              	.LASF25:
 1998 038f 6D73675F 		.ascii	"msg_t\000"
 1998      7400
 1999              	.LASF148:
 2000 0395 2F686F6D 		.ascii	"/home/renan/BLDC/bldc-bootloader\000"
 2000      652F7265 
 2000      6E616E2F 
 2000      424C4443 
 2000      2F626C64 
 2001              	.LASF99:
 2002 03b6 63665F6F 		.ascii	"cf_off_time\000"
 2002      66665F74 
 2002      696D6500 
 2003              	.LASF112:
 2004 03c2 6462675F 		.ascii	"dbg_isr_cnt\000"
 2004      6973725F 
 2004      636E7400 
 2005              	.LASF51:
 2006 03ce 54687265 		.ascii	"ThreadsList\000"
 2006      6164734C 
 2006      69737400 
 2007              	.LASF26:
 2008 03da 6576656E 		.ascii	"eventmask_t\000"
 2008      746D6173 
 2008      6B5F7400 
 2009              	.LASF7:
 2010 03e6 5F5F696E 		.ascii	"__int32_t\000"
 2010      7433325F 
 2010      7400
 2011              	.LASF141:
 2012 03f0 50474461 		.ascii	"PGData\000"
ARM GAS  /tmp/ccSAa8aF.s 			page 39


 2012      746100
 2013              	.LASF149:
 2014 03f7 73746B61 		.ascii	"stkalign_t\000"
 2014      6C69676E 
 2014      5F7400
 2015              	.LASF83:
 2016 0402 63685F7A 		.ascii	"ch_zero\000"
 2016      65726F00 
 2017              	.LASF97:
 2018 040a 63665F6F 		.ascii	"cf_off_refs\000"
 2018      66665F72 
 2018      65667300 
 2019              	.LASF59:
 2020 0416 76745F74 		.ascii	"vt_time\000"
 2020      696D6500 
 2021              	.LASF43:
 2022 041e 705F7761 		.ascii	"p_waiting\000"
 2022      6974696E 
 2022      6700
 2023              	.LASF73:
 2024 0428 4D757465 		.ascii	"Mutex\000"
 2024      7800
 2025              	.LASF87:
 2026 042e 63685F74 		.ascii	"ch_timesize\000"
 2026      696D6573 
 2026      697A6500 
 2027              	.LASF108:
 2028 043a 74625F70 		.ascii	"tb_ptr\000"
 2028      747200
 2029              	.LASF106:
 2030 0441 63685F73 		.ascii	"ch_swc_event_t\000"
 2030      77635F65 
 2030      76656E74 
 2030      5F7400
 2031              	.LASF93:
 2032 0450 63665F6F 		.ascii	"cf_off_name\000"
 2032      66665F6E 
 2032      616D6500 
 2033              	.LASF35:
 2034 045c 705F6F6C 		.ascii	"p_older\000"
 2034      64657200 
 2035              	.LASF66:
 2036 0464 725F6374 		.ascii	"r_ctx\000"
 2036      7800
 2037              	.LASF50:
 2038 046a 54687265 		.ascii	"ThreadsQueue\000"
 2038      61647351 
 2038      75657565 
 2038      00
 2039              	.LASF33:
 2040 0477 705F6374 		.ascii	"p_ctx\000"
 2040      7800
 2041              	.LASF84:
 2042 047d 63685F73 		.ascii	"ch_size\000"
 2042      697A6500 
 2043              	.LASF133:
 2044 0485 61667268 		.ascii	"afrh\000"
ARM GAS  /tmp/ccSAa8aF.s 			page 40


 2044      00
 2045              	.LASF138:
 2046 048a 50444461 		.ascii	"PDData\000"
 2046      746100
 2047              	.LASF69:
 2048 0491 725F6375 		.ascii	"r_current\000"
 2048      7272656E 
 2048      7400
 2049              	.LASF68:
 2050 049b 725F6F6C 		.ascii	"r_older\000"
 2050      64657200 
 2051              	.LASF12:
 2052 04a3 5F5F7569 		.ascii	"__uint64_t\000"
 2052      6E743634 
 2052      5F7400
 2053              	.LASF111:
 2054 04ae 6462675F 		.ascii	"dbg_trace_buffer\000"
 2054      74726163 
 2054      655F6275 
 2054      66666572 
 2054      00
 2055              	.LASF22:
 2056 04bf 74726566 		.ascii	"trefs_t\000"
 2056      735F7400 
 2057              	.LASF109:
 2058 04c7 74625F62 		.ascii	"tb_buffer\000"
 2058      75666665 
 2058      7200
 2059              	.LASF86:
 2060 04d1 63685F70 		.ascii	"ch_ptrsize\000"
 2060      74727369 
 2060      7A6500
 2061              	.LASF31:
 2062 04dc 705F7072 		.ascii	"p_prev\000"
 2062      657600
 2063              	.LASF126:
 2064 04e3 73746D33 		.ascii	"stm32_dma_stream_t\000"
 2064      325F646D 
 2064      615F7374 
 2064      7265616D 
 2064      5F7400
 2065              	.LASF24:
 2066 04f6 74707269 		.ascii	"tprio_t\000"
 2066      6F5F7400 
 2067              	.LASF19:
 2068 04fe 5F426F6F 		.ascii	"_Bool\000"
 2068      6C00
 2069              	.LASF16:
 2070 0504 696E7433 		.ascii	"int32_t\000"
 2070      325F7400 
 2071              	.LASF2:
 2072 050c 756E7369 		.ascii	"unsigned char\000"
 2072      676E6564 
 2072      20636861 
 2072      7200
 2073              	.LASF114:
 2074 051a 6462675F 		.ascii	"dbg_panic_msg\000"
ARM GAS  /tmp/ccSAa8aF.s 			page 41


 2074      70616E69 
 2074      635F6D73 
 2074      6700
 2075              	.LASF132:
 2076 0528 6166726C 		.ascii	"afrl\000"
 2076      00
 2077              	.LASF47:
 2078 052d 705F6D74 		.ascii	"p_mtxlist\000"
 2078      786C6973 
 2078      7400
 2079              	.LASF3:
 2080 0537 73686F72 		.ascii	"short int\000"
 2080      7420696E 
 2080      7400
 2081              	.LASF38:
 2082 0541 705F7374 		.ascii	"p_state\000"
 2082      61746500 
 2083              	.LASF41:
 2084 0549 705F7072 		.ascii	"p_preempt\000"
 2084      65656D70 
 2084      7400
 2085              	.LASF65:
 2086 0553 725F7072 		.ascii	"r_prio\000"
 2086      696F00
 2087              	.LASF135:
 2088 055a 50414461 		.ascii	"PAData\000"
 2088      746100
 2089              	.LASF80:
 2090 0561 65776D61 		.ascii	"ewmask\000"
 2090      736B00
 2091              	.LASF30:
 2092 0568 705F6E65 		.ascii	"p_next\000"
 2092      787400
 2093              	.LASF20:
 2094 056f 746D6F64 		.ascii	"tmode_t\000"
 2094      655F7400 
 2095              	.LASF98:
 2096 0577 63665F6F 		.ascii	"cf_off_preempt\000"
 2096      66665F70 
 2096      7265656D 
 2096      707400
 2097              	.LASF39:
 2098 0586 705F666C 		.ascii	"p_flags\000"
 2098      61677300 
 2099              	.LASF143:
 2100 058e 50494461 		.ascii	"PIData\000"
 2100      746100
 2101              	.LASF91:
 2102 0595 63665F6F 		.ascii	"cf_off_newer\000"
 2102      66665F6E 
 2102      65776572 
 2102      00
 2103              	.LASF46:
 2104 05a2 705F6570 		.ascii	"p_epending\000"
 2104      656E6469 
 2104      6E6700
 2105              	.LASF122:
ARM GAS  /tmp/ccSAa8aF.s 			page 42


 2106 05ad 69666372 		.ascii	"ifcr\000"
 2106      00
 2107              	.LASF17:
 2108 05b2 75696E74 		.ascii	"uint32_t\000"
 2108      33325F74 
 2108      00
 2109              	.LASF89:
 2110 05bb 63665F6F 		.ascii	"cf_off_prio\000"
 2110      66665F70 
 2110      72696F00 
 2111              	.LASF64:
 2112 05c7 725F7175 		.ascii	"r_queue\000"
 2112      65756500 
 2113              	.LASF10:
 2114 05cf 6C6F6E67 		.ascii	"long unsigned int\000"
 2114      20756E73 
 2114      69676E65 
 2114      6420696E 
 2114      7400
 2115              	.LASF81:
 2116 05e1 63686172 		.ascii	"char\000"
 2116      00
 2117              	.LASF5:
 2118 05e6 5F5F7569 		.ascii	"__uint16_t\000"
 2118      6E743136 
 2118      5F7400
 2119              	.LASF76:
 2120 05f1 6D5F6E65 		.ascii	"m_next\000"
 2120      787400
 2121              	.LASF27:
 2122 05f8 73797374 		.ascii	"systime_t\000"
 2122      696D655F 
 2122      7400
 2123              	.LASF48:
 2124 0602 705F7265 		.ascii	"p_realprio\000"
 2124      616C7072 
 2124      696F00
 2125              	.LASF55:
 2126 060d 76746675 		.ascii	"vtfunc_t\000"
 2126      6E635F74 
 2126      00
 2127              	.LASF9:
 2128 0616 5F5F7569 		.ascii	"__uint32_t\000"
 2128      6E743332 
 2128      5F7400
 2129              	.LASF117:
 2130 0621 4E445452 		.ascii	"NDTR\000"
 2130      00
 2131              	.LASF113:
 2132 0626 6462675F 		.ascii	"dbg_lock_cnt\000"
 2132      6C6F636B 
 2132      5F636E74 
 2132      00
 2133              	.LASF120:
 2134 0633 444D415F 		.ascii	"DMA_Stream_TypeDef\000"
 2134      53747265 
 2134      616D5F54 
ARM GAS  /tmp/ccSAa8aF.s 			page 43


 2134      79706544 
 2134      656600
 2135              	.LASF54:
 2136 0646 636F6E74 		.ascii	"context\000"
 2136      65787400 
 2137              	.LASF45:
 2138 064e 705F6D73 		.ascii	"p_msg\000"
 2138      6700
 2139              	.LASF53:
 2140 0654 696E7463 		.ascii	"intctx\000"
 2140      747800
 2141              	.LASF119:
 2142 065b 4D314152 		.ascii	"M1AR\000"
 2142      00
 2143              	.LASF124:
 2144 0660 73656C66 		.ascii	"selfindex\000"
 2144      696E6465 
 2144      7800
 2145              	.LASF61:
 2146 066a 76745F70 		.ascii	"vt_par\000"
 2146      617200
 2147              	.LASF90:
 2148 0671 63665F6F 		.ascii	"cf_off_ctx\000"
 2148      66665F63 
 2148      747800
 2149              	.LASF40:
 2150 067c 705F7265 		.ascii	"p_refs\000"
 2150      667300
 2151              	.LASF70:
 2152 0683 52656164 		.ascii	"ReadyList\000"
 2152      794C6973 
 2152      7400
 2153              	.LASF105:
 2154 068d 73655F73 		.ascii	"se_state\000"
 2154      74617465 
 2154      00
 2155              	.LASF150:
 2156 0696 626F6172 		.ascii	"boardInit\000"
 2156      64496E69 
 2156      7400
 2157              	.LASF72:
 2158 06a0 726C6973 		.ascii	"rlist\000"
 2158      7400
 2159              	.LASF14:
 2160 06a6 75696E74 		.ascii	"uint8_t\000"
 2160      385F7400 
 2161              	.LASF79:
 2162 06ae 77746F62 		.ascii	"wtobjp\000"
 2162      6A7000
 2163              	.LASF36:
 2164 06b5 705F6E61 		.ascii	"p_name\000"
 2164      6D6500
 2165              	.LASF137:
 2166 06bc 50434461 		.ascii	"PCData\000"
 2166      746100
 2167              	.LASF62:
 2168 06c3 76745F73 		.ascii	"vt_systime\000"
ARM GAS  /tmp/ccSAa8aF.s 			page 44


 2168      79737469 
 2168      6D6500
 2169              	.LASF85:
 2170 06ce 63685F76 		.ascii	"ch_version\000"
 2170      65727369 
 2170      6F6E00
 2171              	.LASF63:
 2172 06d9 56544C69 		.ascii	"VTList\000"
 2172      737400
 2173              	.LASF115:
 2174 06e0 5F69646C 		.ascii	"_idle_thread_wa\000"
 2174      655F7468 
 2174      72656164 
 2174      5F776100 
 2175              	.LASF144:
 2176 06f0 50414C43 		.ascii	"PALConfig\000"
 2176      6F6E6669 
 2176      6700
 2177              	.LASF75:
 2178 06fa 6D5F6F77 		.ascii	"m_owner\000"
 2178      6E657200 
 2179              	.LASF100:
 2180 0702 63686465 		.ascii	"chdebug_t\000"
 2180      6275675F 
 2180      7400
 2181              	.LASF145:
 2182 070c 70616C5F 		.ascii	"pal_default_config\000"
 2182      64656661 
 2182      756C745F 
 2182      636F6E66 
 2182      696700
 2183              	.LASF82:
 2184 071f 63685F69 		.ascii	"ch_identifier\000"
 2184      64656E74 
 2184      69666965 
 2184      7200
 2185              	.LASF60:
 2186 072d 76745F66 		.ascii	"vt_func\000"
 2186      756E6300 
 2187              		.ident	"GCC: (GNU Tools for Arm Embedded Processors 7-2018-q3-update) 7.3.1 20180622 (release) [AR
ARM GAS  /tmp/ccSAa8aF.s 			page 45


DEFINED SYMBOLS
                            *ABS*:0000000000000000 board.c
     /tmp/ccSAa8aF.s:18     .text.__early_init:0000000000000000 $t
     /tmp/ccSAa8aF.s:26     .text.__early_init:0000000000000000 __early_init
     /tmp/ccSAa8aF.s:41     .text.boardInit:0000000000000000 $t
     /tmp/ccSAa8aF.s:49     .text.boardInit:0000000000000000 boardInit
     /tmp/ccSAa8aF.s:66     .rodata.pal_default_config:0000000000000000 pal_default_config
     /tmp/ccSAa8aF.s:63     .rodata.pal_default_config:0000000000000000 $d

UNDEFINED SYMBOLS
stm32_clock_init
