ARM GAS  /tmp/ccBAKi81.s 			page 1


   1              		.cpu cortex-m4
   2              		.eabi_attribute 27, 1
   3              		.eabi_attribute 28, 1
   4              		.eabi_attribute 20, 1
   5              		.eabi_attribute 21, 1
   6              		.eabi_attribute 23, 3
   7              		.eabi_attribute 24, 1
   8              		.eabi_attribute 25, 1
   9              		.eabi_attribute 26, 1
  10              		.eabi_attribute 30, 2
  11              		.eabi_attribute 34, 1
  12              		.eabi_attribute 18, 4
  13              		.file	"chlists.c"
  14              		.text
  15              	.Ltext0:
  16              		.cfi_sections	.debug_frame
  17              	.Letext0:
  18              		.file 1 "/usr/arm-none-eabi/include/machine/_default_types.h"
  19              		.file 2 "/usr/arm-none-eabi/include/sys/_stdint.h"
  20              		.file 3 "ChibiOS_2.6.6/os/ports/GCC/ARMCMx/chtypes.h"
  21              		.file 4 "ChibiOS_2.6.6/os/kernel/include/chlists.h"
  22              		.file 5 "ChibiOS_2.6.6/os/kernel/include/chthreads.h"
  23              		.file 6 "ChibiOS_2.6.6/os/ports/GCC/ARMCMx/chcore_v7m.h"
  24              		.file 7 "ChibiOS_2.6.6/os/kernel/include/chvt.h"
  25              		.file 8 "ChibiOS_2.6.6/os/kernel/include/chschd.h"
  26              		.file 9 "ChibiOS_2.6.6/os/kernel/include/chmtx.h"
  27              		.file 10 "ChibiOS_2.6.6/os/kernel/include/chregistry.h"
  28              		.file 11 "ChibiOS_2.6.6/os/kernel/include/chdebug.h"
  29              		.file 12 "ChibiOS_2.6.6/os/kernel/include/ch.h"
  30              		.section	.debug_info,"",%progbits
  31              	.Ldebug_info0:
  32 0000 D1070000 		.4byte	0x7d1
  33 0004 0400     		.2byte	0x4
  34 0006 00000000 		.4byte	.Ldebug_abbrev0
  35 000a 04       		.byte	0x4
  36 000b 01       		.uleb128 0x1
  37 000c 42000000 		.4byte	.LASF116
  38 0010 0C       		.byte	0xc
  39 0011 3B030000 		.4byte	.LASF117
  40 0015 FA020000 		.4byte	.LASF118
  41 0019 00000000 		.4byte	.Ldebug_line0
  42 001d 02       		.uleb128 0x2
  43 001e 04       		.byte	0x4
  44 001f 05       		.byte	0x5
  45 0020 696E7400 		.ascii	"int\000"
  46 0024 03       		.uleb128 0x3
  47 0025 04       		.byte	0x4
  48 0026 07       		.byte	0x7
  49 0027 7D020000 		.4byte	.LASF0
  50 002b 03       		.uleb128 0x3
  51 002c 01       		.byte	0x1
  52 002d 06       		.byte	0x6
  53 002e B7010000 		.4byte	.LASF1
  54 0032 04       		.uleb128 0x4
  55 0033 23000000 		.4byte	.LASF4
  56 0037 01       		.byte	0x1
  57 0038 2B       		.byte	0x2b
ARM GAS  /tmp/ccBAKi81.s 			page 2


  58 0039 3D000000 		.4byte	0x3d
  59 003d 03       		.uleb128 0x3
  60 003e 01       		.byte	0x1
  61 003f 08       		.byte	0x8
  62 0040 5B040000 		.4byte	.LASF2
  63 0044 03       		.uleb128 0x3
  64 0045 02       		.byte	0x2
  65 0046 05       		.byte	0x5
  66 0047 81040000 		.4byte	.LASF3
  67 004b 04       		.uleb128 0x4
  68 004c 16050000 		.4byte	.LASF5
  69 0050 01       		.byte	0x1
  70 0051 39       		.byte	0x39
  71 0052 56000000 		.4byte	0x56
  72 0056 03       		.uleb128 0x3
  73 0057 02       		.byte	0x2
  74 0058 07       		.byte	0x7
  75 0059 D9020000 		.4byte	.LASF6
  76 005d 04       		.uleb128 0x4
  77 005e 3D050000 		.4byte	.LASF7
  78 0062 01       		.byte	0x1
  79 0063 4D       		.byte	0x4d
  80 0064 68000000 		.4byte	0x68
  81 0068 03       		.uleb128 0x3
  82 0069 04       		.byte	0x4
  83 006a 05       		.byte	0x5
  84 006b FA010000 		.4byte	.LASF8
  85 006f 04       		.uleb128 0x4
  86 0070 48020000 		.4byte	.LASF9
  87 0074 01       		.byte	0x1
  88 0075 4F       		.byte	0x4f
  89 0076 7A000000 		.4byte	0x7a
  90 007a 03       		.uleb128 0x3
  91 007b 04       		.byte	0x4
  92 007c 07       		.byte	0x7
  93 007d 92020000 		.4byte	.LASF10
  94 0081 03       		.uleb128 0x3
  95 0082 08       		.byte	0x8
  96 0083 05       		.byte	0x5
  97 0084 A9010000 		.4byte	.LASF11
  98 0088 04       		.uleb128 0x4
  99 0089 05040000 		.4byte	.LASF12
 100 008d 01       		.byte	0x1
 101 008e 69       		.byte	0x69
 102 008f 93000000 		.4byte	0x93
 103 0093 03       		.uleb128 0x3
 104 0094 08       		.byte	0x8
 105 0095 07       		.byte	0x7
 106 0096 66010000 		.4byte	.LASF13
 107 009a 04       		.uleb128 0x4
 108 009b 9F050000 		.4byte	.LASF14
 109 009f 02       		.byte	0x2
 110 00a0 18       		.byte	0x18
 111 00a1 32000000 		.4byte	0x32
 112 00a5 04       		.uleb128 0x4
 113 00a6 0C020000 		.4byte	.LASF15
 114 00aa 02       		.byte	0x2
ARM GAS  /tmp/ccBAKi81.s 			page 3


 115 00ab 24       		.byte	0x24
 116 00ac 4B000000 		.4byte	0x4b
 117 00b0 04       		.uleb128 0x4
 118 00b1 53040000 		.4byte	.LASF16
 119 00b5 02       		.byte	0x2
 120 00b6 2C       		.byte	0x2c
 121 00b7 5D000000 		.4byte	0x5d
 122 00bb 04       		.uleb128 0x4
 123 00bc F4040000 		.4byte	.LASF17
 124 00c0 02       		.byte	0x2
 125 00c1 30       		.byte	0x30
 126 00c2 6F000000 		.4byte	0x6f
 127 00c6 04       		.uleb128 0x4
 128 00c7 1A000000 		.4byte	.LASF18
 129 00cb 02       		.byte	0x2
 130 00cc 3C       		.byte	0x3c
 131 00cd 88000000 		.4byte	0x88
 132 00d1 03       		.uleb128 0x3
 133 00d2 01       		.byte	0x1
 134 00d3 02       		.byte	0x2
 135 00d4 4D040000 		.4byte	.LASF19
 136 00d8 04       		.uleb128 0x4
 137 00d9 1B030000 		.4byte	.LASF20
 138 00dd 03       		.byte	0x3
 139 00de 2C       		.byte	0x2c
 140 00df 9A000000 		.4byte	0x9a
 141 00e3 04       		.uleb128 0x4
 142 00e4 03020000 		.4byte	.LASF21
 143 00e8 03       		.byte	0x3
 144 00e9 2D       		.byte	0x2d
 145 00ea 9A000000 		.4byte	0x9a
 146 00ee 04       		.uleb128 0x4
 147 00ef 21040000 		.4byte	.LASF22
 148 00f3 03       		.byte	0x3
 149 00f4 2E       		.byte	0x2e
 150 00f5 9A000000 		.4byte	0x9a
 151 00f9 04       		.uleb128 0x4
 152 00fa F0010000 		.4byte	.LASF23
 153 00fe 03       		.byte	0x3
 154 00ff 2F       		.byte	0x2f
 155 0100 9A000000 		.4byte	0x9a
 156 0104 04       		.uleb128 0x4
 157 0105 45040000 		.4byte	.LASF24
 158 0109 03       		.byte	0x3
 159 010a 30       		.byte	0x30
 160 010b BB000000 		.4byte	0xbb
 161 010f 04       		.uleb128 0x4
 162 0110 EC020000 		.4byte	.LASF25
 163 0114 03       		.byte	0x3
 164 0115 31       		.byte	0x31
 165 0116 B0000000 		.4byte	0xb0
 166 011a 04       		.uleb128 0x4
 167 011b 61030000 		.4byte	.LASF26
 168 011f 03       		.byte	0x3
 169 0120 33       		.byte	0x33
 170 0121 BB000000 		.4byte	0xbb
 171 0125 04       		.uleb128 0x4
ARM GAS  /tmp/ccBAKi81.s 			page 4


 172 0126 28050000 		.4byte	.LASF27
 173 012a 03       		.byte	0x3
 174 012b 35       		.byte	0x35
 175 012c BB000000 		.4byte	0xbb
 176 0130 05       		.uleb128 0x5
 177 0131 25010000 		.4byte	0x125
 178 0135 04       		.uleb128 0x4
 179 0136 6C020000 		.4byte	.LASF28
 180 013a 03       		.byte	0x3
 181 013b 36       		.byte	0x36
 182 013c B0000000 		.4byte	0xb0
 183 0140 04       		.uleb128 0x4
 184 0141 D5040000 		.4byte	.LASF29
 185 0145 04       		.byte	0x4
 186 0146 2A       		.byte	0x2a
 187 0147 4B010000 		.4byte	0x14b
 188 014b 06       		.uleb128 0x6
 189 014c D5040000 		.4byte	.LASF29
 190 0150 4C       		.byte	0x4c
 191 0151 05       		.byte	0x5
 192 0152 5E       		.byte	0x5e
 193 0153 54020000 		.4byte	0x254
 194 0157 07       		.uleb128 0x7
 195 0158 B7040000 		.4byte	.LASF30
 196 015c 05       		.byte	0x5
 197 015d 5F       		.byte	0x5f
 198 015e 75020000 		.4byte	0x275
 199 0162 00       		.byte	0
 200 0163 07       		.uleb128 0x7
 201 0164 3E040000 		.4byte	.LASF31
 202 0168 05       		.byte	0x5
 203 0169 61       		.byte	0x61
 204 016a 75020000 		.4byte	0x275
 205 016e 04       		.byte	0x4
 206 016f 07       		.uleb128 0x7
 207 0170 8F010000 		.4byte	.LASF32
 208 0174 05       		.byte	0x5
 209 0175 63       		.byte	0x63
 210 0176 04010000 		.4byte	0x104
 211 017a 08       		.byte	0x8
 212 017b 07       		.uleb128 0x7
 213 017c E4050000 		.4byte	.LASF33
 214 0180 05       		.byte	0x5
 215 0181 64       		.byte	0x64
 216 0182 0B040000 		.4byte	0x40b
 217 0186 0C       		.byte	0xc
 218 0187 07       		.uleb128 0x7
 219 0188 1F020000 		.4byte	.LASF34
 220 018c 05       		.byte	0x5
 221 018d 66       		.byte	0x66
 222 018e 75020000 		.4byte	0x275
 223 0192 10       		.byte	0x10
 224 0193 07       		.uleb128 0x7
 225 0194 D0030000 		.4byte	.LASF35
 226 0198 05       		.byte	0x5
 227 0199 67       		.byte	0x67
 228 019a 75020000 		.4byte	0x275
ARM GAS  /tmp/ccBAKi81.s 			page 5


 229 019e 14       		.byte	0x14
 230 019f 07       		.uleb128 0x7
 231 01a0 AE050000 		.4byte	.LASF36
 232 01a4 05       		.byte	0x5
 233 01a5 6E       		.byte	0x6e
 234 01a6 CF050000 		.4byte	0x5cf
 235 01aa 18       		.byte	0x18
 236 01ab 07       		.uleb128 0x7
 237 01ac 72020000 		.4byte	.LASF37
 238 01b0 05       		.byte	0x5
 239 01b1 74       		.byte	0x74
 240 01b2 E1050000 		.4byte	0x5e1
 241 01b6 1C       		.byte	0x1c
 242 01b7 07       		.uleb128 0x7
 243 01b8 8B040000 		.4byte	.LASF38
 244 01bc 05       		.byte	0x5
 245 01bd 79       		.byte	0x79
 246 01be E3000000 		.4byte	0xe3
 247 01c2 20       		.byte	0x20
 248 01c3 07       		.uleb128 0x7
 249 01c4 CD040000 		.4byte	.LASF39
 250 01c8 05       		.byte	0x5
 251 01c9 7D       		.byte	0x7d
 252 01ca D8000000 		.4byte	0xd8
 253 01ce 21       		.byte	0x21
 254 01cf 07       		.uleb128 0x7
 255 01d0 7F050000 		.4byte	.LASF40
 256 01d4 05       		.byte	0x5
 257 01d5 82       		.byte	0x82
 258 01d6 EE000000 		.4byte	0xee
 259 01da 22       		.byte	0x22
 260 01db 07       		.uleb128 0x7
 261 01dc 93040000 		.4byte	.LASF41
 262 01e0 05       		.byte	0x5
 263 01e1 88       		.byte	0x88
 264 01e2 F9000000 		.4byte	0xf9
 265 01e6 23       		.byte	0x23
 266 01e7 07       		.uleb128 0x7
 267 01e8 54050000 		.4byte	.LASF42
 268 01ec 05       		.byte	0x5
 269 01ed 8F       		.byte	0x8f
 270 01ee 30010000 		.4byte	0x130
 271 01f2 24       		.byte	0x24
 272 01f3 08       		.uleb128 0x8
 273 01f4 705F7500 		.ascii	"p_u\000"
 274 01f8 05       		.byte	0x5
 275 01f9 B4       		.byte	0xb4
 276 01fa 9A050000 		.4byte	0x59a
 277 01fe 28       		.byte	0x28
 278 01ff 07       		.uleb128 0x7
 279 0200 EA050000 		.4byte	.LASF43
 280 0204 05       		.byte	0x5
 281 0205 B9       		.byte	0xb9
 282 0206 9B020000 		.4byte	0x29b
 283 020a 2C       		.byte	0x2c
 284 020b 07       		.uleb128 0x7
 285 020c 62050000 		.4byte	.LASF44
ARM GAS  /tmp/ccBAKi81.s 			page 6


 286 0210 05       		.byte	0x5
 287 0211 BF       		.byte	0xbf
 288 0212 7B020000 		.4byte	0x27b
 289 0216 30       		.byte	0x30
 290 0217 07       		.uleb128 0x7
 291 0218 0D000000 		.4byte	.LASF45
 292 021c 05       		.byte	0x5
 293 021d C3       		.byte	0xc3
 294 021e 0F010000 		.4byte	0x10f
 295 0222 38       		.byte	0x38
 296 0223 07       		.uleb128 0x7
 297 0224 E9040000 		.4byte	.LASF46
 298 0228 05       		.byte	0x5
 299 0229 C9       		.byte	0xc9
 300 022a 1A010000 		.4byte	0x11a
 301 022e 3C       		.byte	0x3c
 302 022f 07       		.uleb128 0x7
 303 0230 77040000 		.4byte	.LASF47
 304 0234 05       		.byte	0x5
 305 0235 D0       		.byte	0xd0
 306 0236 E7050000 		.4byte	0x5e7
 307 023a 40       		.byte	0x40
 308 023b 07       		.uleb128 0x7
 309 023c 32050000 		.4byte	.LASF48
 310 0240 05       		.byte	0x5
 311 0241 D4       		.byte	0xd4
 312 0242 04010000 		.4byte	0x104
 313 0246 44       		.byte	0x44
 314 0247 07       		.uleb128 0x7
 315 0248 E0010000 		.4byte	.LASF49
 316 024c 05       		.byte	0x5
 317 024d DA       		.byte	0xda
 318 024e B1020000 		.4byte	0x2b1
 319 0252 48       		.byte	0x48
 320 0253 00       		.byte	0
 321 0254 09       		.uleb128 0x9
 322 0255 08       		.byte	0x8
 323 0256 04       		.byte	0x4
 324 0257 61       		.byte	0x61
 325 0258 75020000 		.4byte	0x275
 326 025c 07       		.uleb128 0x7
 327 025d B7040000 		.4byte	.LASF30
 328 0261 04       		.byte	0x4
 329 0262 62       		.byte	0x62
 330 0263 75020000 		.4byte	0x275
 331 0267 00       		.byte	0
 332 0268 07       		.uleb128 0x7
 333 0269 3E040000 		.4byte	.LASF31
 334 026d 04       		.byte	0x4
 335 026e 64       		.byte	0x64
 336 026f 75020000 		.4byte	0x275
 337 0273 04       		.byte	0x4
 338 0274 00       		.byte	0
 339 0275 0A       		.uleb128 0xa
 340 0276 04       		.byte	0x4
 341 0277 40010000 		.4byte	0x140
 342 027b 04       		.uleb128 0x4
ARM GAS  /tmp/ccBAKi81.s 			page 7


 343 027c DE030000 		.4byte	.LASF50
 344 0280 04       		.byte	0x4
 345 0281 66       		.byte	0x66
 346 0282 54020000 		.4byte	0x254
 347 0286 09       		.uleb128 0x9
 348 0287 04       		.byte	0x4
 349 0288 04       		.byte	0x4
 350 0289 6B       		.byte	0x6b
 351 028a 9B020000 		.4byte	0x29b
 352 028e 07       		.uleb128 0x7
 353 028f B7040000 		.4byte	.LASF30
 354 0293 04       		.byte	0x4
 355 0294 6D       		.byte	0x6d
 356 0295 75020000 		.4byte	0x275
 357 0299 00       		.byte	0
 358 029a 00       		.byte	0
 359 029b 04       		.uleb128 0x4
 360 029c 2F030000 		.4byte	.LASF51
 361 02a0 04       		.byte	0x4
 362 02a1 70       		.byte	0x70
 363 02a2 86020000 		.4byte	0x286
 364 02a6 04       		.uleb128 0x4
 365 02a7 53020000 		.4byte	.LASF52
 366 02ab 06       		.byte	0x6
 367 02ac E5       		.byte	0xe5
 368 02ad B1020000 		.4byte	0x2b1
 369 02b1 0B       		.uleb128 0xb
 370 02b2 04       		.byte	0x4
 371 02b3 0C       		.uleb128 0xc
 372 02b4 73030000 		.4byte	.LASF119
 373 02b8 06       		.byte	0x6
 374 02b9 EB       		.byte	0xeb
 375 02ba C6000000 		.4byte	0xc6
 376 02be 08       		.byte	0x8
 377 02bf 0D       		.uleb128 0xd
 378 02c0 5B050000 		.4byte	.LASF53
 379 02c4 64       		.byte	0x64
 380 02c5 06       		.byte	0x6
 381 02c6 0C01     		.2byte	0x10c
 382 02c8 0B040000 		.4byte	0x40b
 383 02cc 0E       		.uleb128 0xe
 384 02cd 73313600 		.ascii	"s16\000"
 385 02d1 06       		.byte	0x6
 386 02d2 0E01     		.2byte	0x10e
 387 02d4 A6020000 		.4byte	0x2a6
 388 02d8 00       		.byte	0
 389 02d9 0E       		.uleb128 0xe
 390 02da 73313700 		.ascii	"s17\000"
 391 02de 06       		.byte	0x6
 392 02df 0F01     		.2byte	0x10f
 393 02e1 A6020000 		.4byte	0x2a6
 394 02e5 04       		.byte	0x4
 395 02e6 0E       		.uleb128 0xe
 396 02e7 73313800 		.ascii	"s18\000"
 397 02eb 06       		.byte	0x6
 398 02ec 1001     		.2byte	0x110
 399 02ee A6020000 		.4byte	0x2a6
ARM GAS  /tmp/ccBAKi81.s 			page 8


 400 02f2 08       		.byte	0x8
 401 02f3 0E       		.uleb128 0xe
 402 02f4 73313900 		.ascii	"s19\000"
 403 02f8 06       		.byte	0x6
 404 02f9 1101     		.2byte	0x111
 405 02fb A6020000 		.4byte	0x2a6
 406 02ff 0C       		.byte	0xc
 407 0300 0E       		.uleb128 0xe
 408 0301 73323000 		.ascii	"s20\000"
 409 0305 06       		.byte	0x6
 410 0306 1201     		.2byte	0x112
 411 0308 A6020000 		.4byte	0x2a6
 412 030c 10       		.byte	0x10
 413 030d 0E       		.uleb128 0xe
 414 030e 73323100 		.ascii	"s21\000"
 415 0312 06       		.byte	0x6
 416 0313 1301     		.2byte	0x113
 417 0315 A6020000 		.4byte	0x2a6
 418 0319 14       		.byte	0x14
 419 031a 0E       		.uleb128 0xe
 420 031b 73323200 		.ascii	"s22\000"
 421 031f 06       		.byte	0x6
 422 0320 1401     		.2byte	0x114
 423 0322 A6020000 		.4byte	0x2a6
 424 0326 18       		.byte	0x18
 425 0327 0E       		.uleb128 0xe
 426 0328 73323300 		.ascii	"s23\000"
 427 032c 06       		.byte	0x6
 428 032d 1501     		.2byte	0x115
 429 032f A6020000 		.4byte	0x2a6
 430 0333 1C       		.byte	0x1c
 431 0334 0E       		.uleb128 0xe
 432 0335 73323400 		.ascii	"s24\000"
 433 0339 06       		.byte	0x6
 434 033a 1601     		.2byte	0x116
 435 033c A6020000 		.4byte	0x2a6
 436 0340 20       		.byte	0x20
 437 0341 0E       		.uleb128 0xe
 438 0342 73323500 		.ascii	"s25\000"
 439 0346 06       		.byte	0x6
 440 0347 1701     		.2byte	0x117
 441 0349 A6020000 		.4byte	0x2a6
 442 034d 24       		.byte	0x24
 443 034e 0E       		.uleb128 0xe
 444 034f 73323600 		.ascii	"s26\000"
 445 0353 06       		.byte	0x6
 446 0354 1801     		.2byte	0x118
 447 0356 A6020000 		.4byte	0x2a6
 448 035a 28       		.byte	0x28
 449 035b 0E       		.uleb128 0xe
 450 035c 73323700 		.ascii	"s27\000"
 451 0360 06       		.byte	0x6
 452 0361 1901     		.2byte	0x119
 453 0363 A6020000 		.4byte	0x2a6
 454 0367 2C       		.byte	0x2c
 455 0368 0E       		.uleb128 0xe
 456 0369 73323800 		.ascii	"s28\000"
ARM GAS  /tmp/ccBAKi81.s 			page 9


 457 036d 06       		.byte	0x6
 458 036e 1A01     		.2byte	0x11a
 459 0370 A6020000 		.4byte	0x2a6
 460 0374 30       		.byte	0x30
 461 0375 0E       		.uleb128 0xe
 462 0376 73323900 		.ascii	"s29\000"
 463 037a 06       		.byte	0x6
 464 037b 1B01     		.2byte	0x11b
 465 037d A6020000 		.4byte	0x2a6
 466 0381 34       		.byte	0x34
 467 0382 0E       		.uleb128 0xe
 468 0383 73333000 		.ascii	"s30\000"
 469 0387 06       		.byte	0x6
 470 0388 1C01     		.2byte	0x11c
 471 038a A6020000 		.4byte	0x2a6
 472 038e 38       		.byte	0x38
 473 038f 0E       		.uleb128 0xe
 474 0390 73333100 		.ascii	"s31\000"
 475 0394 06       		.byte	0x6
 476 0395 1D01     		.2byte	0x11d
 477 0397 A6020000 		.4byte	0x2a6
 478 039b 3C       		.byte	0x3c
 479 039c 0E       		.uleb128 0xe
 480 039d 723400   		.ascii	"r4\000"
 481 03a0 06       		.byte	0x6
 482 03a1 1F01     		.2byte	0x11f
 483 03a3 A6020000 		.4byte	0x2a6
 484 03a7 40       		.byte	0x40
 485 03a8 0E       		.uleb128 0xe
 486 03a9 723500   		.ascii	"r5\000"
 487 03ac 06       		.byte	0x6
 488 03ad 2001     		.2byte	0x120
 489 03af A6020000 		.4byte	0x2a6
 490 03b3 44       		.byte	0x44
 491 03b4 0E       		.uleb128 0xe
 492 03b5 723600   		.ascii	"r6\000"
 493 03b8 06       		.byte	0x6
 494 03b9 2101     		.2byte	0x121
 495 03bb A6020000 		.4byte	0x2a6
 496 03bf 48       		.byte	0x48
 497 03c0 0E       		.uleb128 0xe
 498 03c1 723700   		.ascii	"r7\000"
 499 03c4 06       		.byte	0x6
 500 03c5 2201     		.2byte	0x122
 501 03c7 A6020000 		.4byte	0x2a6
 502 03cb 4C       		.byte	0x4c
 503 03cc 0E       		.uleb128 0xe
 504 03cd 723800   		.ascii	"r8\000"
 505 03d0 06       		.byte	0x6
 506 03d1 2301     		.2byte	0x123
 507 03d3 A6020000 		.4byte	0x2a6
 508 03d7 50       		.byte	0x50
 509 03d8 0E       		.uleb128 0xe
 510 03d9 723900   		.ascii	"r9\000"
 511 03dc 06       		.byte	0x6
 512 03dd 2401     		.2byte	0x124
 513 03df A6020000 		.4byte	0x2a6
ARM GAS  /tmp/ccBAKi81.s 			page 10


 514 03e3 54       		.byte	0x54
 515 03e4 0E       		.uleb128 0xe
 516 03e5 72313000 		.ascii	"r10\000"
 517 03e9 06       		.byte	0x6
 518 03ea 2501     		.2byte	0x125
 519 03ec A6020000 		.4byte	0x2a6
 520 03f0 58       		.byte	0x58
 521 03f1 0E       		.uleb128 0xe
 522 03f2 72313100 		.ascii	"r11\000"
 523 03f6 06       		.byte	0x6
 524 03f7 2601     		.2byte	0x126
 525 03f9 A6020000 		.4byte	0x2a6
 526 03fd 5C       		.byte	0x5c
 527 03fe 0E       		.uleb128 0xe
 528 03ff 6C7200   		.ascii	"lr\000"
 529 0402 06       		.byte	0x6
 530 0403 2701     		.2byte	0x127
 531 0405 A6020000 		.4byte	0x2a6
 532 0409 60       		.byte	0x60
 533 040a 00       		.byte	0
 534 040b 0D       		.uleb128 0xd
 535 040c D1020000 		.4byte	.LASF54
 536 0410 04       		.byte	0x4
 537 0411 06       		.byte	0x6
 538 0412 3101     		.2byte	0x131
 539 0414 26040000 		.4byte	0x426
 540 0418 0E       		.uleb128 0xe
 541 0419 72313300 		.ascii	"r13\000"
 542 041d 06       		.byte	0x6
 543 041e 3201     		.2byte	0x132
 544 0420 26040000 		.4byte	0x426
 545 0424 00       		.byte	0
 546 0425 00       		.byte	0
 547 0426 0A       		.uleb128 0xa
 548 0427 04       		.byte	0x4
 549 0428 BF020000 		.4byte	0x2bf
 550 042c 04       		.uleb128 0x4
 551 042d AD020000 		.4byte	.LASF55
 552 0431 07       		.byte	0x7
 553 0432 58       		.byte	0x58
 554 0433 37040000 		.4byte	0x437
 555 0437 0A       		.uleb128 0xa
 556 0438 04       		.byte	0x4
 557 0439 3D040000 		.4byte	0x43d
 558 043d 0F       		.uleb128 0xf
 559 043e 48040000 		.4byte	0x448
 560 0442 10       		.uleb128 0x10
 561 0443 B1020000 		.4byte	0x2b1
 562 0447 00       		.byte	0
 563 0448 04       		.uleb128 0x4
 564 0449 C4020000 		.4byte	.LASF56
 565 044d 07       		.byte	0x7
 566 044e 5D       		.byte	0x5d
 567 044f 53040000 		.4byte	0x453
 568 0453 06       		.uleb128 0x6
 569 0454 C4020000 		.4byte	.LASF56
 570 0458 14       		.byte	0x14
ARM GAS  /tmp/ccBAKi81.s 			page 11


 571 0459 07       		.byte	0x7
 572 045a 64       		.byte	0x64
 573 045b 9C040000 		.4byte	0x49c
 574 045f 07       		.uleb128 0x7
 575 0460 8A020000 		.4byte	.LASF57
 576 0464 07       		.byte	0x7
 577 0465 65       		.byte	0x65
 578 0466 9C040000 		.4byte	0x49c
 579 046a 00       		.byte	0
 580 046b 07       		.uleb128 0x7
 581 046c 5C020000 		.4byte	.LASF58
 582 0470 07       		.byte	0x7
 583 0471 67       		.byte	0x67
 584 0472 9C040000 		.4byte	0x49c
 585 0476 04       		.byte	0x4
 586 0477 07       		.uleb128 0x7
 587 0478 92030000 		.4byte	.LASF59
 588 047c 07       		.byte	0x7
 589 047d 69       		.byte	0x69
 590 047e 25010000 		.4byte	0x125
 591 0482 08       		.byte	0x8
 592 0483 07       		.uleb128 0x7
 593 0484 A1030000 		.4byte	.LASF60
 594 0488 07       		.byte	0x7
 595 0489 6A       		.byte	0x6a
 596 048a 2C040000 		.4byte	0x42c
 597 048e 0C       		.byte	0xc
 598 048f 07       		.uleb128 0x7
 599 0490 6D050000 		.4byte	.LASF61
 600 0494 07       		.byte	0x7
 601 0495 6C       		.byte	0x6c
 602 0496 B1020000 		.4byte	0x2b1
 603 049a 10       		.byte	0x10
 604 049b 00       		.byte	0
 605 049c 0A       		.uleb128 0xa
 606 049d 04       		.byte	0x4
 607 049e 48040000 		.4byte	0x448
 608 04a2 09       		.uleb128 0x9
 609 04a3 10       		.byte	0x10
 610 04a4 07       		.byte	0x7
 611 04a5 76       		.byte	0x76
 612 04a6 DB040000 		.4byte	0x4db
 613 04aa 07       		.uleb128 0x7
 614 04ab 8A020000 		.4byte	.LASF57
 615 04af 07       		.byte	0x7
 616 04b0 77       		.byte	0x77
 617 04b1 9C040000 		.4byte	0x49c
 618 04b5 00       		.byte	0
 619 04b6 07       		.uleb128 0x7
 620 04b7 5C020000 		.4byte	.LASF58
 621 04bb 07       		.byte	0x7
 622 04bc 79       		.byte	0x79
 623 04bd 9C040000 		.4byte	0x49c
 624 04c1 04       		.byte	0x4
 625 04c2 07       		.uleb128 0x7
 626 04c3 92030000 		.4byte	.LASF59
 627 04c7 07       		.byte	0x7
ARM GAS  /tmp/ccBAKi81.s 			page 12


 628 04c8 7B       		.byte	0x7b
 629 04c9 25010000 		.4byte	0x125
 630 04cd 08       		.byte	0x8
 631 04ce 07       		.uleb128 0x7
 632 04cf B5050000 		.4byte	.LASF62
 633 04d3 07       		.byte	0x7
 634 04d4 7C       		.byte	0x7c
 635 04d5 30010000 		.4byte	0x130
 636 04d9 0C       		.byte	0xc
 637 04da 00       		.byte	0
 638 04db 04       		.uleb128 0x4
 639 04dc CB050000 		.4byte	.LASF63
 640 04e0 07       		.byte	0x7
 641 04e1 7D       		.byte	0x7d
 642 04e2 A2040000 		.4byte	0x4a2
 643 04e6 11       		.uleb128 0x11
 644 04e7 3B000000 		.4byte	.LASF71
 645 04eb 07       		.byte	0x7
 646 04ec F5       		.byte	0xf5
 647 04ed DB040000 		.4byte	0x4db
 648 04f1 09       		.uleb128 0x9
 649 04f2 1C       		.byte	0x1c
 650 04f3 08       		.byte	0x8
 651 04f4 5E       		.byte	0x5e
 652 04f5 42050000 		.4byte	0x542
 653 04f9 07       		.uleb128 0x7
 654 04fa 09050000 		.4byte	.LASF64
 655 04fe 08       		.byte	0x8
 656 04ff 5F       		.byte	0x5f
 657 0500 7B020000 		.4byte	0x27b
 658 0504 00       		.byte	0
 659 0505 07       		.uleb128 0x7
 660 0506 A9040000 		.4byte	.LASF65
 661 050a 08       		.byte	0x8
 662 050b 60       		.byte	0x60
 663 050c 04010000 		.4byte	0x104
 664 0510 08       		.byte	0x8
 665 0511 07       		.uleb128 0x7
 666 0512 D8030000 		.4byte	.LASF66
 667 0516 08       		.byte	0x8
 668 0517 62       		.byte	0x62
 669 0518 0B040000 		.4byte	0x40b
 670 051c 0C       		.byte	0xc
 671 051d 07       		.uleb128 0x7
 672 051e F2020000 		.4byte	.LASF67
 673 0522 08       		.byte	0x8
 674 0523 65       		.byte	0x65
 675 0524 75020000 		.4byte	0x275
 676 0528 10       		.byte	0x10
 677 0529 07       		.uleb128 0x7
 678 052a FD030000 		.4byte	.LASF68
 679 052e 08       		.byte	0x8
 680 052f 66       		.byte	0x66
 681 0530 75020000 		.4byte	0x275
 682 0534 14       		.byte	0x14
 683 0535 07       		.uleb128 0x7
 684 0536 F3030000 		.4byte	.LASF69
ARM GAS  /tmp/ccBAKi81.s 			page 13


 685 053a 08       		.byte	0x8
 686 053b 69       		.byte	0x69
 687 053c 75020000 		.4byte	0x275
 688 0540 18       		.byte	0x18
 689 0541 00       		.byte	0
 690 0542 04       		.uleb128 0x4
 691 0543 86050000 		.4byte	.LASF70
 692 0547 08       		.byte	0x8
 693 0548 6B       		.byte	0x6b
 694 0549 F1040000 		.4byte	0x4f1
 695 054d 11       		.uleb128 0x11
 696 054e 99050000 		.4byte	.LASF72
 697 0552 08       		.byte	0x8
 698 0553 6F       		.byte	0x6f
 699 0554 42050000 		.4byte	0x542
 700 0558 06       		.uleb128 0x6
 701 0559 6D030000 		.4byte	.LASF73
 702 055d 10       		.byte	0x10
 703 055e 09       		.byte	0x9
 704 055f 2C       		.byte	0x2c
 705 0560 89050000 		.4byte	0x589
 706 0564 07       		.uleb128 0x7
 707 0565 E8010000 		.4byte	.LASF74
 708 0569 09       		.byte	0x9
 709 056a 2D       		.byte	0x2d
 710 056b 7B020000 		.4byte	0x27b
 711 056f 00       		.byte	0
 712 0570 07       		.uleb128 0x7
 713 0571 D2050000 		.4byte	.LASF75
 714 0575 09       		.byte	0x9
 715 0576 2F       		.byte	0x2f
 716 0577 75020000 		.4byte	0x275
 717 057b 08       		.byte	0x8
 718 057c 07       		.uleb128 0x7
 719 057d 21050000 		.4byte	.LASF76
 720 0581 09       		.byte	0x9
 721 0582 31       		.byte	0x31
 722 0583 89050000 		.4byte	0x589
 723 0587 0C       		.byte	0xc
 724 0588 00       		.byte	0
 725 0589 0A       		.uleb128 0xa
 726 058a 04       		.byte	0x4
 727 058b 58050000 		.4byte	0x558
 728 058f 04       		.uleb128 0x4
 729 0590 6D030000 		.4byte	.LASF73
 730 0594 09       		.byte	0x9
 731 0595 33       		.byte	0x33
 732 0596 58050000 		.4byte	0x558
 733 059a 12       		.uleb128 0x12
 734 059b 04       		.byte	0x4
 735 059c 05       		.byte	0x5
 736 059d 96       		.byte	0x96
 737 059e CF050000 		.4byte	0x5cf
 738 05a2 13       		.uleb128 0x13
 739 05a3 13000000 		.4byte	.LASF77
 740 05a7 05       		.byte	0x5
 741 05a8 9D       		.byte	0x9d
ARM GAS  /tmp/ccBAKi81.s 			page 14


 742 05a9 0F010000 		.4byte	0x10f
 743 05ad 13       		.uleb128 0x13
 744 05ae 37020000 		.4byte	.LASF78
 745 05b2 05       		.byte	0x5
 746 05b3 A4       		.byte	0xa4
 747 05b4 0F010000 		.4byte	0x10f
 748 05b8 13       		.uleb128 0x13
 749 05b9 A7050000 		.4byte	.LASF79
 750 05bd 05       		.byte	0x5
 751 05be AB       		.byte	0xab
 752 05bf B1020000 		.4byte	0x2b1
 753 05c3 13       		.uleb128 0x13
 754 05c4 B0040000 		.4byte	.LASF80
 755 05c8 05       		.byte	0x5
 756 05c9 B2       		.byte	0xb2
 757 05ca 1A010000 		.4byte	0x11a
 758 05ce 00       		.byte	0
 759 05cf 0A       		.uleb128 0xa
 760 05d0 04       		.byte	0x4
 761 05d1 DC050000 		.4byte	0x5dc
 762 05d5 03       		.uleb128 0x3
 763 05d6 01       		.byte	0x1
 764 05d7 08       		.byte	0x8
 765 05d8 11050000 		.4byte	.LASF81
 766 05dc 14       		.uleb128 0x14
 767 05dd D5050000 		.4byte	0x5d5
 768 05e1 0A       		.uleb128 0xa
 769 05e2 04       		.byte	0x4
 770 05e3 B3020000 		.4byte	0x2b3
 771 05e7 0A       		.uleb128 0xa
 772 05e8 04       		.byte	0x4
 773 05e9 8F050000 		.4byte	0x58f
 774 05ed 09       		.uleb128 0x9
 775 05ee 16       		.byte	0x16
 776 05ef 0A       		.byte	0xa
 777 05f0 2C       		.byte	0x2c
 778 05f1 CE060000 		.4byte	0x6ce
 779 05f5 07       		.uleb128 0x7
 780 05f6 B6020000 		.4byte	.LASF82
 781 05fa 0A       		.byte	0xa
 782 05fb 2D       		.byte	0x2d
 783 05fc CE060000 		.4byte	0x6ce
 784 0600 00       		.byte	0
 785 0601 07       		.uleb128 0x7
 786 0602 7E030000 		.4byte	.LASF83
 787 0606 0A       		.byte	0xa
 788 0607 2E       		.byte	0x2e
 789 0608 9A000000 		.4byte	0x9a
 790 060c 04       		.byte	0x4
 791 060d 07       		.uleb128 0x7
 792 060e EB030000 		.4byte	.LASF84
 793 0612 0A       		.byte	0xa
 794 0613 2F       		.byte	0x2f
 795 0614 9A000000 		.4byte	0x9a
 796 0618 05       		.byte	0x5
 797 0619 07       		.uleb128 0x7
 798 061a C0050000 		.4byte	.LASF85
ARM GAS  /tmp/ccBAKi81.s 			page 15


 799 061e 0A       		.byte	0xa
 800 061f 30       		.byte	0x30
 801 0620 A5000000 		.4byte	0xa5
 802 0624 06       		.byte	0x6
 803 0625 07       		.uleb128 0x7
 804 0626 33040000 		.4byte	.LASF86
 805 062a 0A       		.byte	0xa
 806 062b 31       		.byte	0x31
 807 062c 9A000000 		.4byte	0x9a
 808 0630 08       		.byte	0x8
 809 0631 07       		.uleb128 0x7
 810 0632 A9030000 		.4byte	.LASF87
 811 0636 0A       		.byte	0xa
 812 0637 32       		.byte	0x32
 813 0638 9A000000 		.4byte	0x9a
 814 063c 09       		.byte	0x9
 815 063d 07       		.uleb128 0x7
 816 063e 2D000000 		.4byte	.LASF88
 817 0642 0A       		.byte	0xa
 818 0643 33       		.byte	0x33
 819 0644 9A000000 		.4byte	0x9a
 820 0648 0A       		.byte	0xa
 821 0649 07       		.uleb128 0x7
 822 064a FD040000 		.4byte	.LASF89
 823 064e 0A       		.byte	0xa
 824 064f 34       		.byte	0x34
 825 0650 9A000000 		.4byte	0x9a
 826 0654 0B       		.byte	0xb
 827 0655 07       		.uleb128 0x7
 828 0656 74050000 		.4byte	.LASF90
 829 065a 0A       		.byte	0xa
 830 065b 35       		.byte	0x35
 831 065c 9A000000 		.4byte	0x9a
 832 0660 0C       		.byte	0xc
 833 0661 07       		.uleb128 0x7
 834 0662 DC040000 		.4byte	.LASF91
 835 0666 0A       		.byte	0xa
 836 0667 36       		.byte	0x36
 837 0668 9A000000 		.4byte	0x9a
 838 066c 0D       		.byte	0xd
 839 066d 07       		.uleb128 0x7
 840 066e 00000000 		.4byte	.LASF92
 841 0672 0A       		.byte	0xa
 842 0673 37       		.byte	0x37
 843 0674 9A000000 		.4byte	0x9a
 844 0678 0E       		.byte	0xe
 845 0679 07       		.uleb128 0x7
 846 067a C4030000 		.4byte	.LASF93
 847 067e 0A       		.byte	0xa
 848 067f 38       		.byte	0x38
 849 0680 9A000000 		.4byte	0x9a
 850 0684 0F       		.byte	0xf
 851 0685 07       		.uleb128 0x7
 852 0686 C3010000 		.4byte	.LASF94
 853 068a 0A       		.byte	0xa
 854 068b 39       		.byte	0x39
 855 068c 9A000000 		.4byte	0x9a
ARM GAS  /tmp/ccBAKi81.s 			page 16


 856 0690 10       		.byte	0x10
 857 0691 07       		.uleb128 0x7
 858 0692 96010000 		.4byte	.LASF95
 859 0696 0A       		.byte	0xa
 860 0697 3B       		.byte	0x3b
 861 0698 9A000000 		.4byte	0x9a
 862 069c 11       		.byte	0x11
 863 069d 07       		.uleb128 0x7
 864 069e D3010000 		.4byte	.LASF96
 865 06a2 0A       		.byte	0xa
 866 06a3 3C       		.byte	0x3c
 867 06a4 9A000000 		.4byte	0x9a
 868 06a8 12       		.byte	0x12
 869 06a9 07       		.uleb128 0x7
 870 06aa 86030000 		.4byte	.LASF97
 871 06ae 0A       		.byte	0xa
 872 06af 3D       		.byte	0x3d
 873 06b0 9A000000 		.4byte	0x9a
 874 06b4 13       		.byte	0x13
 875 06b5 07       		.uleb128 0x7
 876 06b6 BE040000 		.4byte	.LASF98
 877 06ba 0A       		.byte	0xa
 878 06bb 3E       		.byte	0x3e
 879 06bc 9A000000 		.4byte	0x9a
 880 06c0 14       		.byte	0x14
 881 06c1 07       		.uleb128 0x7
 882 06c2 9D040000 		.4byte	.LASF99
 883 06c6 0A       		.byte	0xa
 884 06c7 40       		.byte	0x40
 885 06c8 9A000000 		.4byte	0x9a
 886 06cc 15       		.byte	0x15
 887 06cd 00       		.byte	0
 888 06ce 15       		.uleb128 0x15
 889 06cf D5050000 		.4byte	0x5d5
 890 06d3 DE060000 		.4byte	0x6de
 891 06d7 16       		.uleb128 0x16
 892 06d8 24000000 		.4byte	0x24
 893 06dc 03       		.byte	0x3
 894 06dd 00       		.byte	0
 895 06de 04       		.uleb128 0x4
 896 06df 15020000 		.4byte	.LASF100
 897 06e3 0A       		.byte	0xa
 898 06e4 41       		.byte	0x41
 899 06e5 ED050000 		.4byte	0x5ed
 900 06e9 14       		.uleb128 0x14
 901 06ea DE060000 		.4byte	0x6de
 902 06ee 11       		.uleb128 0x11
 903 06ef A4020000 		.4byte	.LASF101
 904 06f3 0A       		.byte	0xa
 905 06f4 7E       		.byte	0x7e
 906 06f5 E9060000 		.4byte	0x6e9
 907 06f9 09       		.uleb128 0x9
 908 06fa 10       		.byte	0x10
 909 06fb 0B       		.byte	0xb
 910 06fc 71       		.byte	0x71
 911 06fd 32070000 		.4byte	0x732
 912 0701 07       		.uleb128 0x7
ARM GAS  /tmp/ccBAKi81.s 			page 17


 913 0702 64020000 		.4byte	.LASF102
 914 0706 0B       		.byte	0xb
 915 0707 72       		.byte	0x72
 916 0708 25010000 		.4byte	0x125
 917 070c 00       		.byte	0
 918 070d 07       		.uleb128 0x7
 919 070e A3010000 		.4byte	.LASF103
 920 0712 0B       		.byte	0xb
 921 0713 73       		.byte	0x73
 922 0714 75020000 		.4byte	0x275
 923 0718 04       		.byte	0x4
 924 0719 07       		.uleb128 0x7
 925 071a DA050000 		.4byte	.LASF104
 926 071e 0B       		.byte	0xb
 927 071f 74       		.byte	0x74
 928 0720 B1020000 		.4byte	0x2b1
 929 0724 08       		.byte	0x8
 930 0725 07       		.uleb128 0x7
 931 0726 90050000 		.4byte	.LASF105
 932 072a 0B       		.byte	0xb
 933 072b 75       		.byte	0x75
 934 072c 9A000000 		.4byte	0x9a
 935 0730 0C       		.byte	0xc
 936 0731 00       		.byte	0
 937 0732 04       		.uleb128 0x4
 938 0733 B5030000 		.4byte	.LASF106
 939 0737 0B       		.byte	0xb
 940 0738 76       		.byte	0x76
 941 0739 F9060000 		.4byte	0x6f9
 942 073d 17       		.uleb128 0x17
 943 073e 0804     		.2byte	0x408
 944 0740 0B       		.byte	0xb
 945 0741 7B       		.byte	0x7b
 946 0742 6B070000 		.4byte	0x76b
 947 0746 07       		.uleb128 0x7
 948 0747 40020000 		.4byte	.LASF107
 949 074b 0B       		.byte	0xb
 950 074c 7C       		.byte	0x7c
 951 074d 24000000 		.4byte	0x24
 952 0751 00       		.byte	0
 953 0752 07       		.uleb128 0x7
 954 0753 9A030000 		.4byte	.LASF108
 955 0757 0B       		.byte	0xb
 956 0758 7D       		.byte	0x7d
 957 0759 6B070000 		.4byte	0x76b
 958 075d 04       		.byte	0x4
 959 075e 07       		.uleb128 0x7
 960 075f 29040000 		.4byte	.LASF109
 961 0763 0B       		.byte	0xb
 962 0764 7F       		.byte	0x7f
 963 0765 71070000 		.4byte	0x771
 964 0769 08       		.byte	0x8
 965 076a 00       		.byte	0
 966 076b 0A       		.uleb128 0xa
 967 076c 04       		.byte	0x4
 968 076d 32070000 		.4byte	0x732
 969 0771 15       		.uleb128 0x15
ARM GAS  /tmp/ccBAKi81.s 			page 18


 970 0772 32070000 		.4byte	0x732
 971 0776 81070000 		.4byte	0x781
 972 077a 16       		.uleb128 0x16
 973 077b 24000000 		.4byte	0x24
 974 077f 3F       		.byte	0x3f
 975 0780 00       		.byte	0
 976 0781 04       		.uleb128 0x4
 977 0782 7D010000 		.4byte	.LASF110
 978 0786 0B       		.byte	0xb
 979 0787 80       		.byte	0x80
 980 0788 3D070000 		.4byte	0x73d
 981 078c 11       		.uleb128 0x11
 982 078d 10040000 		.4byte	.LASF111
 983 0791 0B       		.byte	0xb
 984 0792 83       		.byte	0x83
 985 0793 81070000 		.4byte	0x781
 986 0797 11       		.uleb128 0x11
 987 0798 23030000 		.4byte	.LASF112
 988 079c 0B       		.byte	0xb
 989 079d E2       		.byte	0xe2
 990 079e 35010000 		.4byte	0x135
 991 07a2 11       		.uleb128 0x11
 992 07a3 47050000 		.4byte	.LASF113
 993 07a7 0B       		.byte	0xb
 994 07a8 E3       		.byte	0xe3
 995 07a9 35010000 		.4byte	0x135
 996 07ad 11       		.uleb128 0x11
 997 07ae 69040000 		.4byte	.LASF114
 998 07b2 0B       		.byte	0xb
 999 07b3 F5       		.byte	0xf5
 1000 07b4 CF050000 		.4byte	0x5cf
 1001 07b8 18       		.uleb128 0x18
 1002 07b9 B3020000 		.4byte	0x2b3
 1003 07bd 08       		.byte	0x8
 1004 07be C9070000 		.4byte	0x7c9
 1005 07c2 16       		.uleb128 0x16
 1006 07c3 24000000 		.4byte	0x24
 1007 07c7 3A       		.byte	0x3a
 1008 07c8 00       		.byte	0
 1009 07c9 11       		.uleb128 0x11
 1010 07ca 27020000 		.4byte	.LASF115
 1011 07ce 0C       		.byte	0xc
 1012 07cf 89       		.byte	0x89
 1013 07d0 B8070000 		.4byte	0x7b8
 1014 07d4 00       		.byte	0
 1015              		.section	.debug_abbrev,"",%progbits
 1016              	.Ldebug_abbrev0:
 1017 0000 01       		.uleb128 0x1
 1018 0001 11       		.uleb128 0x11
 1019 0002 01       		.byte	0x1
 1020 0003 25       		.uleb128 0x25
 1021 0004 0E       		.uleb128 0xe
 1022 0005 13       		.uleb128 0x13
 1023 0006 0B       		.uleb128 0xb
 1024 0007 03       		.uleb128 0x3
 1025 0008 0E       		.uleb128 0xe
 1026 0009 1B       		.uleb128 0x1b
ARM GAS  /tmp/ccBAKi81.s 			page 19


 1027 000a 0E       		.uleb128 0xe
 1028 000b 10       		.uleb128 0x10
 1029 000c 17       		.uleb128 0x17
 1030 000d 00       		.byte	0
 1031 000e 00       		.byte	0
 1032 000f 02       		.uleb128 0x2
 1033 0010 24       		.uleb128 0x24
 1034 0011 00       		.byte	0
 1035 0012 0B       		.uleb128 0xb
 1036 0013 0B       		.uleb128 0xb
 1037 0014 3E       		.uleb128 0x3e
 1038 0015 0B       		.uleb128 0xb
 1039 0016 03       		.uleb128 0x3
 1040 0017 08       		.uleb128 0x8
 1041 0018 00       		.byte	0
 1042 0019 00       		.byte	0
 1043 001a 03       		.uleb128 0x3
 1044 001b 24       		.uleb128 0x24
 1045 001c 00       		.byte	0
 1046 001d 0B       		.uleb128 0xb
 1047 001e 0B       		.uleb128 0xb
 1048 001f 3E       		.uleb128 0x3e
 1049 0020 0B       		.uleb128 0xb
 1050 0021 03       		.uleb128 0x3
 1051 0022 0E       		.uleb128 0xe
 1052 0023 00       		.byte	0
 1053 0024 00       		.byte	0
 1054 0025 04       		.uleb128 0x4
 1055 0026 16       		.uleb128 0x16
 1056 0027 00       		.byte	0
 1057 0028 03       		.uleb128 0x3
 1058 0029 0E       		.uleb128 0xe
 1059 002a 3A       		.uleb128 0x3a
 1060 002b 0B       		.uleb128 0xb
 1061 002c 3B       		.uleb128 0x3b
 1062 002d 0B       		.uleb128 0xb
 1063 002e 49       		.uleb128 0x49
 1064 002f 13       		.uleb128 0x13
 1065 0030 00       		.byte	0
 1066 0031 00       		.byte	0
 1067 0032 05       		.uleb128 0x5
 1068 0033 35       		.uleb128 0x35
 1069 0034 00       		.byte	0
 1070 0035 49       		.uleb128 0x49
 1071 0036 13       		.uleb128 0x13
 1072 0037 00       		.byte	0
 1073 0038 00       		.byte	0
 1074 0039 06       		.uleb128 0x6
 1075 003a 13       		.uleb128 0x13
 1076 003b 01       		.byte	0x1
 1077 003c 03       		.uleb128 0x3
 1078 003d 0E       		.uleb128 0xe
 1079 003e 0B       		.uleb128 0xb
 1080 003f 0B       		.uleb128 0xb
 1081 0040 3A       		.uleb128 0x3a
 1082 0041 0B       		.uleb128 0xb
 1083 0042 3B       		.uleb128 0x3b
ARM GAS  /tmp/ccBAKi81.s 			page 20


 1084 0043 0B       		.uleb128 0xb
 1085 0044 01       		.uleb128 0x1
 1086 0045 13       		.uleb128 0x13
 1087 0046 00       		.byte	0
 1088 0047 00       		.byte	0
 1089 0048 07       		.uleb128 0x7
 1090 0049 0D       		.uleb128 0xd
 1091 004a 00       		.byte	0
 1092 004b 03       		.uleb128 0x3
 1093 004c 0E       		.uleb128 0xe
 1094 004d 3A       		.uleb128 0x3a
 1095 004e 0B       		.uleb128 0xb
 1096 004f 3B       		.uleb128 0x3b
 1097 0050 0B       		.uleb128 0xb
 1098 0051 49       		.uleb128 0x49
 1099 0052 13       		.uleb128 0x13
 1100 0053 38       		.uleb128 0x38
 1101 0054 0B       		.uleb128 0xb
 1102 0055 00       		.byte	0
 1103 0056 00       		.byte	0
 1104 0057 08       		.uleb128 0x8
 1105 0058 0D       		.uleb128 0xd
 1106 0059 00       		.byte	0
 1107 005a 03       		.uleb128 0x3
 1108 005b 08       		.uleb128 0x8
 1109 005c 3A       		.uleb128 0x3a
 1110 005d 0B       		.uleb128 0xb
 1111 005e 3B       		.uleb128 0x3b
 1112 005f 0B       		.uleb128 0xb
 1113 0060 49       		.uleb128 0x49
 1114 0061 13       		.uleb128 0x13
 1115 0062 38       		.uleb128 0x38
 1116 0063 0B       		.uleb128 0xb
 1117 0064 00       		.byte	0
 1118 0065 00       		.byte	0
 1119 0066 09       		.uleb128 0x9
 1120 0067 13       		.uleb128 0x13
 1121 0068 01       		.byte	0x1
 1122 0069 0B       		.uleb128 0xb
 1123 006a 0B       		.uleb128 0xb
 1124 006b 3A       		.uleb128 0x3a
 1125 006c 0B       		.uleb128 0xb
 1126 006d 3B       		.uleb128 0x3b
 1127 006e 0B       		.uleb128 0xb
 1128 006f 01       		.uleb128 0x1
 1129 0070 13       		.uleb128 0x13
 1130 0071 00       		.byte	0
 1131 0072 00       		.byte	0
 1132 0073 0A       		.uleb128 0xa
 1133 0074 0F       		.uleb128 0xf
 1134 0075 00       		.byte	0
 1135 0076 0B       		.uleb128 0xb
 1136 0077 0B       		.uleb128 0xb
 1137 0078 49       		.uleb128 0x49
 1138 0079 13       		.uleb128 0x13
 1139 007a 00       		.byte	0
 1140 007b 00       		.byte	0
ARM GAS  /tmp/ccBAKi81.s 			page 21


 1141 007c 0B       		.uleb128 0xb
 1142 007d 0F       		.uleb128 0xf
 1143 007e 00       		.byte	0
 1144 007f 0B       		.uleb128 0xb
 1145 0080 0B       		.uleb128 0xb
 1146 0081 00       		.byte	0
 1147 0082 00       		.byte	0
 1148 0083 0C       		.uleb128 0xc
 1149 0084 16       		.uleb128 0x16
 1150 0085 00       		.byte	0
 1151 0086 03       		.uleb128 0x3
 1152 0087 0E       		.uleb128 0xe
 1153 0088 3A       		.uleb128 0x3a
 1154 0089 0B       		.uleb128 0xb
 1155 008a 3B       		.uleb128 0x3b
 1156 008b 0B       		.uleb128 0xb
 1157 008c 49       		.uleb128 0x49
 1158 008d 13       		.uleb128 0x13
 1159 008e 8801     		.uleb128 0x88
 1160 0090 0B       		.uleb128 0xb
 1161 0091 00       		.byte	0
 1162 0092 00       		.byte	0
 1163 0093 0D       		.uleb128 0xd
 1164 0094 13       		.uleb128 0x13
 1165 0095 01       		.byte	0x1
 1166 0096 03       		.uleb128 0x3
 1167 0097 0E       		.uleb128 0xe
 1168 0098 0B       		.uleb128 0xb
 1169 0099 0B       		.uleb128 0xb
 1170 009a 3A       		.uleb128 0x3a
 1171 009b 0B       		.uleb128 0xb
 1172 009c 3B       		.uleb128 0x3b
 1173 009d 05       		.uleb128 0x5
 1174 009e 01       		.uleb128 0x1
 1175 009f 13       		.uleb128 0x13
 1176 00a0 00       		.byte	0
 1177 00a1 00       		.byte	0
 1178 00a2 0E       		.uleb128 0xe
 1179 00a3 0D       		.uleb128 0xd
 1180 00a4 00       		.byte	0
 1181 00a5 03       		.uleb128 0x3
 1182 00a6 08       		.uleb128 0x8
 1183 00a7 3A       		.uleb128 0x3a
 1184 00a8 0B       		.uleb128 0xb
 1185 00a9 3B       		.uleb128 0x3b
 1186 00aa 05       		.uleb128 0x5
 1187 00ab 49       		.uleb128 0x49
 1188 00ac 13       		.uleb128 0x13
 1189 00ad 38       		.uleb128 0x38
 1190 00ae 0B       		.uleb128 0xb
 1191 00af 00       		.byte	0
 1192 00b0 00       		.byte	0
 1193 00b1 0F       		.uleb128 0xf
 1194 00b2 15       		.uleb128 0x15
 1195 00b3 01       		.byte	0x1
 1196 00b4 27       		.uleb128 0x27
 1197 00b5 19       		.uleb128 0x19
ARM GAS  /tmp/ccBAKi81.s 			page 22


 1198 00b6 01       		.uleb128 0x1
 1199 00b7 13       		.uleb128 0x13
 1200 00b8 00       		.byte	0
 1201 00b9 00       		.byte	0
 1202 00ba 10       		.uleb128 0x10
 1203 00bb 05       		.uleb128 0x5
 1204 00bc 00       		.byte	0
 1205 00bd 49       		.uleb128 0x49
 1206 00be 13       		.uleb128 0x13
 1207 00bf 00       		.byte	0
 1208 00c0 00       		.byte	0
 1209 00c1 11       		.uleb128 0x11
 1210 00c2 34       		.uleb128 0x34
 1211 00c3 00       		.byte	0
 1212 00c4 03       		.uleb128 0x3
 1213 00c5 0E       		.uleb128 0xe
 1214 00c6 3A       		.uleb128 0x3a
 1215 00c7 0B       		.uleb128 0xb
 1216 00c8 3B       		.uleb128 0x3b
 1217 00c9 0B       		.uleb128 0xb
 1218 00ca 49       		.uleb128 0x49
 1219 00cb 13       		.uleb128 0x13
 1220 00cc 3F       		.uleb128 0x3f
 1221 00cd 19       		.uleb128 0x19
 1222 00ce 3C       		.uleb128 0x3c
 1223 00cf 19       		.uleb128 0x19
 1224 00d0 00       		.byte	0
 1225 00d1 00       		.byte	0
 1226 00d2 12       		.uleb128 0x12
 1227 00d3 17       		.uleb128 0x17
 1228 00d4 01       		.byte	0x1
 1229 00d5 0B       		.uleb128 0xb
 1230 00d6 0B       		.uleb128 0xb
 1231 00d7 3A       		.uleb128 0x3a
 1232 00d8 0B       		.uleb128 0xb
 1233 00d9 3B       		.uleb128 0x3b
 1234 00da 0B       		.uleb128 0xb
 1235 00db 01       		.uleb128 0x1
 1236 00dc 13       		.uleb128 0x13
 1237 00dd 00       		.byte	0
 1238 00de 00       		.byte	0
 1239 00df 13       		.uleb128 0x13
 1240 00e0 0D       		.uleb128 0xd
 1241 00e1 00       		.byte	0
 1242 00e2 03       		.uleb128 0x3
 1243 00e3 0E       		.uleb128 0xe
 1244 00e4 3A       		.uleb128 0x3a
 1245 00e5 0B       		.uleb128 0xb
 1246 00e6 3B       		.uleb128 0x3b
 1247 00e7 0B       		.uleb128 0xb
 1248 00e8 49       		.uleb128 0x49
 1249 00e9 13       		.uleb128 0x13
 1250 00ea 00       		.byte	0
 1251 00eb 00       		.byte	0
 1252 00ec 14       		.uleb128 0x14
 1253 00ed 26       		.uleb128 0x26
 1254 00ee 00       		.byte	0
ARM GAS  /tmp/ccBAKi81.s 			page 23


 1255 00ef 49       		.uleb128 0x49
 1256 00f0 13       		.uleb128 0x13
 1257 00f1 00       		.byte	0
 1258 00f2 00       		.byte	0
 1259 00f3 15       		.uleb128 0x15
 1260 00f4 01       		.uleb128 0x1
 1261 00f5 01       		.byte	0x1
 1262 00f6 49       		.uleb128 0x49
 1263 00f7 13       		.uleb128 0x13
 1264 00f8 01       		.uleb128 0x1
 1265 00f9 13       		.uleb128 0x13
 1266 00fa 00       		.byte	0
 1267 00fb 00       		.byte	0
 1268 00fc 16       		.uleb128 0x16
 1269 00fd 21       		.uleb128 0x21
 1270 00fe 00       		.byte	0
 1271 00ff 49       		.uleb128 0x49
 1272 0100 13       		.uleb128 0x13
 1273 0101 2F       		.uleb128 0x2f
 1274 0102 0B       		.uleb128 0xb
 1275 0103 00       		.byte	0
 1276 0104 00       		.byte	0
 1277 0105 17       		.uleb128 0x17
 1278 0106 13       		.uleb128 0x13
 1279 0107 01       		.byte	0x1
 1280 0108 0B       		.uleb128 0xb
 1281 0109 05       		.uleb128 0x5
 1282 010a 3A       		.uleb128 0x3a
 1283 010b 0B       		.uleb128 0xb
 1284 010c 3B       		.uleb128 0x3b
 1285 010d 0B       		.uleb128 0xb
 1286 010e 01       		.uleb128 0x1
 1287 010f 13       		.uleb128 0x13
 1288 0110 00       		.byte	0
 1289 0111 00       		.byte	0
 1290 0112 18       		.uleb128 0x18
 1291 0113 01       		.uleb128 0x1
 1292 0114 01       		.byte	0x1
 1293 0115 49       		.uleb128 0x49
 1294 0116 13       		.uleb128 0x13
 1295 0117 8801     		.uleb128 0x88
 1296 0119 0B       		.uleb128 0xb
 1297 011a 01       		.uleb128 0x1
 1298 011b 13       		.uleb128 0x13
 1299 011c 00       		.byte	0
 1300 011d 00       		.byte	0
 1301 011e 00       		.byte	0
 1302              		.section	.debug_aranges,"",%progbits
 1303 0000 14000000 		.4byte	0x14
 1304 0004 0200     		.2byte	0x2
 1305 0006 00000000 		.4byte	.Ldebug_info0
 1306 000a 04       		.byte	0x4
 1307 000b 00       		.byte	0
 1308 000c 0000     		.2byte	0
 1309 000e 0000     		.2byte	0
 1310 0010 00000000 		.4byte	0
 1311 0014 00000000 		.4byte	0
ARM GAS  /tmp/ccBAKi81.s 			page 24


 1312              		.section	.debug_line,"",%progbits
 1313              	.Ldebug_line0:
 1314 0000 3D010000 		.section	.debug_str,"MS",%progbits,1
 1314      02003701 
 1314      00000201 
 1314      FB0E0D00 
 1314      01010101 
 1315              	.LASF92:
 1316 0000 63665F6F 		.ascii	"cf_off_older\000"
 1316      66665F6F 
 1316      6C646572 
 1316      00
 1317              	.LASF45:
 1318 000d 705F6D73 		.ascii	"p_msg\000"
 1318      6700
 1319              	.LASF77:
 1320 0013 7264796D 		.ascii	"rdymsg\000"
 1320      736700
 1321              	.LASF18:
 1322 001a 75696E74 		.ascii	"uint64_t\000"
 1322      36345F74 
 1322      00
 1323              	.LASF4:
 1324 0023 5F5F7569 		.ascii	"__uint8_t\000"
 1324      6E74385F 
 1324      7400
 1325              	.LASF88:
 1326 002d 63685F74 		.ascii	"ch_threadsize\000"
 1326      68726561 
 1326      6473697A 
 1326      6500
 1327              	.LASF71:
 1328 003b 76746C69 		.ascii	"vtlist\000"
 1328      737400
 1329              	.LASF116:
 1330 0042 474E5520 		.ascii	"GNU C99 7.3.1 20180622 (release) [ARM/embedded-7-br"
 1330      43393920 
 1330      372E332E 
 1330      31203230 
 1330      31383036 
 1331 0075 616E6368 		.ascii	"anch revision 261907] -mcpu=cortex-m4 -mfloat-abi=h"
 1331      20726576 
 1331      6973696F 
 1331      6E203236 
 1331      31393037 
 1332 00a8 61726420 		.ascii	"ard -mfpu=fpv4-sp-d16 -mno-thumb-interwork -mthumb "
 1332      2D6D6670 
 1332      753D6670 
 1332      76342D73 
 1332      702D6431 
 1333 00db 2D676764 		.ascii	"-ggdb -O2 -std=gnu99 -fomit-frame-pointer -falign-f"
 1333      62202D4F 
 1333      32202D73 
 1333      74643D67 
 1333      6E753939 
 1334 010e 756E6374 		.ascii	"unctions=16 -ffunction-sections -fdata-sections -fn"
 1334      696F6E73 
ARM GAS  /tmp/ccBAKi81.s 			page 25


 1334      3D313620 
 1334      2D666675 
 1334      6E637469 
 1335 0141 6F2D636F 		.ascii	"o-common -fsingle-precision-constant\000"
 1335      6D6D6F6E 
 1335      202D6673 
 1335      696E676C 
 1335      652D7072 
 1336              	.LASF13:
 1337 0166 6C6F6E67 		.ascii	"long long unsigned int\000"
 1337      206C6F6E 
 1337      6720756E 
 1337      7369676E 
 1337      65642069 
 1338              	.LASF110:
 1339 017d 63685F74 		.ascii	"ch_trace_buffer_t\000"
 1339      72616365 
 1339      5F627566 
 1339      6665725F 
 1339      7400
 1340              	.LASF32:
 1341 018f 705F7072 		.ascii	"p_prio\000"
 1341      696F00
 1342              	.LASF95:
 1343 0196 63665F6F 		.ascii	"cf_off_state\000"
 1343      66665F73 
 1343      74617465 
 1343      00
 1344              	.LASF103:
 1345 01a3 73655F74 		.ascii	"se_tp\000"
 1345      7000
 1346              	.LASF11:
 1347 01a9 6C6F6E67 		.ascii	"long long int\000"
 1347      206C6F6E 
 1347      6720696E 
 1347      7400
 1348              	.LASF1:
 1349 01b7 7369676E 		.ascii	"signed char\000"
 1349      65642063 
 1349      68617200 
 1350              	.LASF94:
 1351 01c3 63665F6F 		.ascii	"cf_off_stklimit\000"
 1351      66665F73 
 1351      746B6C69 
 1351      6D697400 
 1352              	.LASF96:
 1353 01d3 63665F6F 		.ascii	"cf_off_flags\000"
 1353      66665F66 
 1353      6C616773 
 1353      00
 1354              	.LASF49:
 1355 01e0 705F6D70 		.ascii	"p_mpool\000"
 1355      6F6F6C00 
 1356              	.LASF74:
 1357 01e8 6D5F7175 		.ascii	"m_queue\000"
 1357      65756500 
 1358              	.LASF23:
ARM GAS  /tmp/ccBAKi81.s 			page 26


 1359 01f0 74736C69 		.ascii	"tslices_t\000"
 1359      6365735F 
 1359      7400
 1360              	.LASF8:
 1361 01fa 6C6F6E67 		.ascii	"long int\000"
 1361      20696E74 
 1361      00
 1362              	.LASF21:
 1363 0203 74737461 		.ascii	"tstate_t\000"
 1363      74655F74 
 1363      00
 1364              	.LASF15:
 1365 020c 75696E74 		.ascii	"uint16_t\000"
 1365      31365F74 
 1365      00
 1366              	.LASF100:
 1367 0215 63686465 		.ascii	"chdebug_t\000"
 1367      6275675F 
 1367      7400
 1368              	.LASF34:
 1369 021f 705F6E65 		.ascii	"p_newer\000"
 1369      77657200 
 1370              	.LASF115:
 1371 0227 5F69646C 		.ascii	"_idle_thread_wa\000"
 1371      655F7468 
 1371      72656164 
 1371      5F776100 
 1372              	.LASF78:
 1373 0237 65786974 		.ascii	"exitcode\000"
 1373      636F6465 
 1373      00
 1374              	.LASF107:
 1375 0240 74625F73 		.ascii	"tb_size\000"
 1375      697A6500 
 1376              	.LASF9:
 1377 0248 5F5F7569 		.ascii	"__uint32_t\000"
 1377      6E743332 
 1377      5F7400
 1378              	.LASF52:
 1379 0253 72656761 		.ascii	"regarm_t\000"
 1379      726D5F74 
 1379      00
 1380              	.LASF58:
 1381 025c 76745F70 		.ascii	"vt_prev\000"
 1381      72657600 
 1382              	.LASF102:
 1383 0264 73655F74 		.ascii	"se_time\000"
 1383      696D6500 
 1384              	.LASF28:
 1385 026c 636E745F 		.ascii	"cnt_t\000"
 1385      7400
 1386              	.LASF37:
 1387 0272 705F7374 		.ascii	"p_stklimit\000"
 1387      6B6C696D 
 1387      697400
 1388              	.LASF0:
 1389 027d 756E7369 		.ascii	"unsigned int\000"
ARM GAS  /tmp/ccBAKi81.s 			page 27


 1389      676E6564 
 1389      20696E74 
 1389      00
 1390              	.LASF57:
 1391 028a 76745F6E 		.ascii	"vt_next\000"
 1391      65787400 
 1392              	.LASF10:
 1393 0292 6C6F6E67 		.ascii	"long unsigned int\000"
 1393      20756E73 
 1393      69676E65 
 1393      6420696E 
 1393      7400
 1394              	.LASF101:
 1395 02a4 63685F64 		.ascii	"ch_debug\000"
 1395      65627567 
 1395      00
 1396              	.LASF55:
 1397 02ad 76746675 		.ascii	"vtfunc_t\000"
 1397      6E635F74 
 1397      00
 1398              	.LASF82:
 1399 02b6 63685F69 		.ascii	"ch_identifier\000"
 1399      64656E74 
 1399      69666965 
 1399      7200
 1400              	.LASF56:
 1401 02c4 56697274 		.ascii	"VirtualTimer\000"
 1401      75616C54 
 1401      696D6572 
 1401      00
 1402              	.LASF54:
 1403 02d1 636F6E74 		.ascii	"context\000"
 1403      65787400 
 1404              	.LASF6:
 1405 02d9 73686F72 		.ascii	"short unsigned int\000"
 1405      7420756E 
 1405      7369676E 
 1405      65642069 
 1405      6E7400
 1406              	.LASF25:
 1407 02ec 6D73675F 		.ascii	"msg_t\000"
 1407      7400
 1408              	.LASF67:
 1409 02f2 725F6E65 		.ascii	"r_newer\000"
 1409      77657200 
 1410              	.LASF118:
 1411 02fa 2F686F6D 		.ascii	"/home/renan/BLDC/bldc-bootloader\000"
 1411      652F7265 
 1411      6E616E2F 
 1411      424C4443 
 1411      2F626C64 
 1412              	.LASF20:
 1413 031b 746D6F64 		.ascii	"tmode_t\000"
 1413      655F7400 
 1414              	.LASF112:
 1415 0323 6462675F 		.ascii	"dbg_isr_cnt\000"
 1415      6973725F 
ARM GAS  /tmp/ccBAKi81.s 			page 28


 1415      636E7400 
 1416              	.LASF51:
 1417 032f 54687265 		.ascii	"ThreadsList\000"
 1417      6164734C 
 1417      69737400 
 1418              	.LASF117:
 1419 033b 43686962 		.ascii	"ChibiOS_2.6.6/os/kernel/src/chlists.c\000"
 1419      694F535F 
 1419      322E362E 
 1419      362F6F73 
 1419      2F6B6572 
 1420              	.LASF26:
 1421 0361 6576656E 		.ascii	"eventmask_t\000"
 1421      746D6173 
 1421      6B5F7400 
 1422              	.LASF73:
 1423 036d 4D757465 		.ascii	"Mutex\000"
 1423      7800
 1424              	.LASF119:
 1425 0373 73746B61 		.ascii	"stkalign_t\000"
 1425      6C69676E 
 1425      5F7400
 1426              	.LASF83:
 1427 037e 63685F7A 		.ascii	"ch_zero\000"
 1427      65726F00 
 1428              	.LASF97:
 1429 0386 63665F6F 		.ascii	"cf_off_refs\000"
 1429      66665F72 
 1429      65667300 
 1430              	.LASF59:
 1431 0392 76745F74 		.ascii	"vt_time\000"
 1431      696D6500 
 1432              	.LASF108:
 1433 039a 74625F70 		.ascii	"tb_ptr\000"
 1433      747200
 1434              	.LASF60:
 1435 03a1 76745F66 		.ascii	"vt_func\000"
 1435      756E6300 
 1436              	.LASF87:
 1437 03a9 63685F74 		.ascii	"ch_timesize\000"
 1437      696D6573 
 1437      697A6500 
 1438              	.LASF106:
 1439 03b5 63685F73 		.ascii	"ch_swc_event_t\000"
 1439      77635F65 
 1439      76656E74 
 1439      5F7400
 1440              	.LASF93:
 1441 03c4 63665F6F 		.ascii	"cf_off_name\000"
 1441      66665F6E 
 1441      616D6500 
 1442              	.LASF35:
 1443 03d0 705F6F6C 		.ascii	"p_older\000"
 1443      64657200 
 1444              	.LASF66:
 1445 03d8 725F6374 		.ascii	"r_ctx\000"
 1445      7800
ARM GAS  /tmp/ccBAKi81.s 			page 29


 1446              	.LASF50:
 1447 03de 54687265 		.ascii	"ThreadsQueue\000"
 1447      61647351 
 1447      75657565 
 1447      00
 1448              	.LASF84:
 1449 03eb 63685F73 		.ascii	"ch_size\000"
 1449      697A6500 
 1450              	.LASF69:
 1451 03f3 725F6375 		.ascii	"r_current\000"
 1451      7272656E 
 1451      7400
 1452              	.LASF68:
 1453 03fd 725F6F6C 		.ascii	"r_older\000"
 1453      64657200 
 1454              	.LASF12:
 1455 0405 5F5F7569 		.ascii	"__uint64_t\000"
 1455      6E743634 
 1455      5F7400
 1456              	.LASF111:
 1457 0410 6462675F 		.ascii	"dbg_trace_buffer\000"
 1457      74726163 
 1457      655F6275 
 1457      66666572 
 1457      00
 1458              	.LASF22:
 1459 0421 74726566 		.ascii	"trefs_t\000"
 1459      735F7400 
 1460              	.LASF109:
 1461 0429 74625F62 		.ascii	"tb_buffer\000"
 1461      75666665 
 1461      7200
 1462              	.LASF86:
 1463 0433 63685F70 		.ascii	"ch_ptrsize\000"
 1463      74727369 
 1463      7A6500
 1464              	.LASF31:
 1465 043e 705F7072 		.ascii	"p_prev\000"
 1465      657600
 1466              	.LASF24:
 1467 0445 74707269 		.ascii	"tprio_t\000"
 1467      6F5F7400 
 1468              	.LASF19:
 1469 044d 5F426F6F 		.ascii	"_Bool\000"
 1469      6C00
 1470              	.LASF16:
 1471 0453 696E7433 		.ascii	"int32_t\000"
 1471      325F7400 
 1472              	.LASF2:
 1473 045b 756E7369 		.ascii	"unsigned char\000"
 1473      676E6564 
 1473      20636861 
 1473      7200
 1474              	.LASF114:
 1475 0469 6462675F 		.ascii	"dbg_panic_msg\000"
 1475      70616E69 
 1475      635F6D73 
ARM GAS  /tmp/ccBAKi81.s 			page 30


 1475      6700
 1476              	.LASF47:
 1477 0477 705F6D74 		.ascii	"p_mtxlist\000"
 1477      786C6973 
 1477      7400
 1478              	.LASF3:
 1479 0481 73686F72 		.ascii	"short int\000"
 1479      7420696E 
 1479      7400
 1480              	.LASF38:
 1481 048b 705F7374 		.ascii	"p_state\000"
 1481      61746500 
 1482              	.LASF41:
 1483 0493 705F7072 		.ascii	"p_preempt\000"
 1483      65656D70 
 1483      7400
 1484              	.LASF99:
 1485 049d 63665F6F 		.ascii	"cf_off_time\000"
 1485      66665F74 
 1485      696D6500 
 1486              	.LASF65:
 1487 04a9 725F7072 		.ascii	"r_prio\000"
 1487      696F00
 1488              	.LASF80:
 1489 04b0 65776D61 		.ascii	"ewmask\000"
 1489      736B00
 1490              	.LASF30:
 1491 04b7 705F6E65 		.ascii	"p_next\000"
 1491      787400
 1492              	.LASF98:
 1493 04be 63665F6F 		.ascii	"cf_off_preempt\000"
 1493      66665F70 
 1493      7265656D 
 1493      707400
 1494              	.LASF39:
 1495 04cd 705F666C 		.ascii	"p_flags\000"
 1495      61677300 
 1496              	.LASF29:
 1497 04d5 54687265 		.ascii	"Thread\000"
 1497      616400
 1498              	.LASF91:
 1499 04dc 63665F6F 		.ascii	"cf_off_newer\000"
 1499      66665F6E 
 1499      65776572 
 1499      00
 1500              	.LASF46:
 1501 04e9 705F6570 		.ascii	"p_epending\000"
 1501      656E6469 
 1501      6E6700
 1502              	.LASF17:
 1503 04f4 75696E74 		.ascii	"uint32_t\000"
 1503      33325F74 
 1503      00
 1504              	.LASF89:
 1505 04fd 63665F6F 		.ascii	"cf_off_prio\000"
 1505      66665F70 
 1505      72696F00 
ARM GAS  /tmp/ccBAKi81.s 			page 31


 1506              	.LASF64:
 1507 0509 725F7175 		.ascii	"r_queue\000"
 1507      65756500 
 1508              	.LASF81:
 1509 0511 63686172 		.ascii	"char\000"
 1509      00
 1510              	.LASF5:
 1511 0516 5F5F7569 		.ascii	"__uint16_t\000"
 1511      6E743136 
 1511      5F7400
 1512              	.LASF76:
 1513 0521 6D5F6E65 		.ascii	"m_next\000"
 1513      787400
 1514              	.LASF27:
 1515 0528 73797374 		.ascii	"systime_t\000"
 1515      696D655F 
 1515      7400
 1516              	.LASF48:
 1517 0532 705F7265 		.ascii	"p_realprio\000"
 1517      616C7072 
 1517      696F00
 1518              	.LASF7:
 1519 053d 5F5F696E 		.ascii	"__int32_t\000"
 1519      7433325F 
 1519      7400
 1520              	.LASF113:
 1521 0547 6462675F 		.ascii	"dbg_lock_cnt\000"
 1521      6C6F636B 
 1521      5F636E74 
 1521      00
 1522              	.LASF42:
 1523 0554 705F7469 		.ascii	"p_time\000"
 1523      6D6500
 1524              	.LASF53:
 1525 055b 696E7463 		.ascii	"intctx\000"
 1525      747800
 1526              	.LASF44:
 1527 0562 705F6D73 		.ascii	"p_msgqueue\000"
 1527      67717565 
 1527      756500
 1528              	.LASF61:
 1529 056d 76745F70 		.ascii	"vt_par\000"
 1529      617200
 1530              	.LASF90:
 1531 0574 63665F6F 		.ascii	"cf_off_ctx\000"
 1531      66665F63 
 1531      747800
 1532              	.LASF40:
 1533 057f 705F7265 		.ascii	"p_refs\000"
 1533      667300
 1534              	.LASF70:
 1535 0586 52656164 		.ascii	"ReadyList\000"
 1535      794C6973 
 1535      7400
 1536              	.LASF105:
 1537 0590 73655F73 		.ascii	"se_state\000"
 1537      74617465 
ARM GAS  /tmp/ccBAKi81.s 			page 32


 1537      00
 1538              	.LASF72:
 1539 0599 726C6973 		.ascii	"rlist\000"
 1539      7400
 1540              	.LASF14:
 1541 059f 75696E74 		.ascii	"uint8_t\000"
 1541      385F7400 
 1542              	.LASF79:
 1543 05a7 77746F62 		.ascii	"wtobjp\000"
 1543      6A7000
 1544              	.LASF36:
 1545 05ae 705F6E61 		.ascii	"p_name\000"
 1545      6D6500
 1546              	.LASF62:
 1547 05b5 76745F73 		.ascii	"vt_systime\000"
 1547      79737469 
 1547      6D6500
 1548              	.LASF85:
 1549 05c0 63685F76 		.ascii	"ch_version\000"
 1549      65727369 
 1549      6F6E00
 1550              	.LASF63:
 1551 05cb 56544C69 		.ascii	"VTList\000"
 1551      737400
 1552              	.LASF75:
 1553 05d2 6D5F6F77 		.ascii	"m_owner\000"
 1553      6E657200 
 1554              	.LASF104:
 1555 05da 73655F77 		.ascii	"se_wtobjp\000"
 1555      746F626A 
 1555      7000
 1556              	.LASF33:
 1557 05e4 705F6374 		.ascii	"p_ctx\000"
 1557      7800
 1558              	.LASF43:
 1559 05ea 705F7761 		.ascii	"p_waiting\000"
 1559      6974696E 
 1559      6700
 1560              		.ident	"GCC: (GNU Tools for Arm Embedded Processors 7-2018-q3-update) 7.3.1 20180622 (release) [AR
ARM GAS  /tmp/ccBAKi81.s 			page 33


DEFINED SYMBOLS
                            *ABS*:0000000000000000 chlists.c

NO UNDEFINED SYMBOLS
