ARM GAS  /tmp/ccswvibH.s 			page 1


   1              		.cpu cortex-m4
   2              		.eabi_attribute 27, 1
   3              		.eabi_attribute 28, 1
   4              		.eabi_attribute 20, 1
   5              		.eabi_attribute 21, 1
   6              		.eabi_attribute 23, 3
   7              		.eabi_attribute 24, 1
   8              		.eabi_attribute 25, 1
   9              		.eabi_attribute 26, 1
  10              		.eabi_attribute 30, 2
  11              		.eabi_attribute 34, 1
  12              		.eabi_attribute 18, 4
  13              		.file	"misc.c"
  14              		.text
  15              	.Ltext0:
  16              		.cfi_sections	.debug_frame
  17              		.section	.text.NVIC_PriorityGroupConfig,"ax",%progbits
  18              		.align	1
  19              		.p2align 4,,15
  20              		.global	NVIC_PriorityGroupConfig
  21              		.syntax unified
  22              		.thumb
  23              		.thumb_func
  24              		.fpu fpv4-sp-d16
  25              		.type	NVIC_PriorityGroupConfig, %function
  26              	NVIC_PriorityGroupConfig:
  27              	.LFB111:
  28              		.file 1 "ChibiOS_2.6.6/ext/stdperiph_stm32f4/src/misc.c"
  29              		.loc 1 119 0
  30              		.cfi_startproc
  31              		@ args = 0, pretend = 0, frame = 0
  32              		@ frame_needed = 0, uses_anonymous_args = 0
  33              		@ link register save eliminated.
  34              	.LVL0:
  35              		.loc 1 124 0
  36 0000 40F0BF60 		orr	r0, r0, #100139008
  37              	.LVL1:
  38 0004 024B     		ldr	r3, .L3
  39 0006 40F40030 		orr	r0, r0, #131072
  40 000a D860     		str	r0, [r3, #12]
  41              		.loc 1 125 0
  42 000c 7047     		bx	lr
  43              	.L4:
  44 000e 00BF     		.align	2
  45              	.L3:
  46 0010 00ED00E0 		.word	-536810240
  47              		.cfi_endproc
  48              	.LFE111:
  49              		.size	NVIC_PriorityGroupConfig, .-NVIC_PriorityGroupConfig
  50              		.section	.text.NVIC_Init,"ax",%progbits
  51              		.align	1
  52              		.p2align 4,,15
  53              		.global	NVIC_Init
  54              		.syntax unified
  55              		.thumb
  56              		.thumb_func
  57              		.fpu fpv4-sp-d16
ARM GAS  /tmp/ccswvibH.s 			page 2


  58              		.type	NVIC_Init, %function
  59              	NVIC_Init:
  60              	.LFB112:
  61              		.loc 1 137 0
  62              		.cfi_startproc
  63              		@ args = 0, pretend = 0, frame = 0
  64              		@ frame_needed = 0, uses_anonymous_args = 0
  65              		@ link register save eliminated.
  66              	.LVL2:
  67 0000 F0B4     		push	{r4, r5, r6, r7}
  68              		.cfi_def_cfa_offset 16
  69              		.cfi_offset 4, -16
  70              		.cfi_offset 5, -12
  71              		.cfi_offset 6, -8
  72              		.cfi_offset 7, -4
  73 0002 0178     		ldrb	r1, [r0]	@ zero_extendqisi2
  74              		.loc 1 145 0
  75 0004 C378     		ldrb	r3, [r0, #3]	@ zero_extendqisi2
  76 0006 0124     		movs	r4, #1
  77 0008 01F01F02 		and	r2, r1, #31
  78 000c 9440     		lsls	r4, r4, r2
  79 000e 4D09     		lsrs	r5, r1, #5
  80 0010 2BB9     		cbnz	r3, .L9
  81              		.loc 1 166 0
  82 0012 2035     		adds	r5, r5, #32
  83 0014 0F4B     		ldr	r3, .L10
  84 0016 43F82540 		str	r4, [r3, r5, lsl #2]
  85              		.loc 1 169 0
  86 001a F0BC     		pop	{r4, r5, r6, r7}
  87              		.cfi_remember_state
  88              		.cfi_restore 7
  89              		.cfi_restore 6
  90              		.cfi_restore 5
  91              		.cfi_restore 4
  92              		.cfi_def_cfa_offset 0
  93 001c 7047     		bx	lr
  94              	.L9:
  95              		.cfi_restore_state
  96              		.loc 1 148 0
  97 001e 0E4B     		ldr	r3, .L10+4
  98              		.loc 1 152 0
  99 0020 4678     		ldrb	r6, [r0, #1]	@ zero_extendqisi2
 100              		.loc 1 148 0
 101 0022 DB68     		ldr	r3, [r3, #12]
 102              		.loc 1 153 0
 103 0024 8278     		ldrb	r2, [r0, #2]	@ zero_extendqisi2
 104              		.loc 1 157 0
 105 0026 0B4F     		ldr	r7, .L10
 106              		.loc 1 148 0
 107 0028 D843     		mvns	r0, r3
 108              	.LVL3:
 109 002a C0F30220 		ubfx	r0, r0, #8, #3
 110              	.LVL4:
 111              		.loc 1 149 0
 112 002e C0F10403 		rsb	r3, r0, #4
 113              		.loc 1 152 0
 114 0032 DBB2     		uxtb	r3, r3
ARM GAS  /tmp/ccswvibH.s 			page 3


 115 0034 9E40     		lsls	r6, r6, r3
 116              		.loc 1 150 0
 117 0036 0F23     		movs	r3, #15
 118 0038 0341     		asrs	r3, r3, r0
 119              		.loc 1 152 0
 120 003a F6B2     		uxtb	r6, r6
 121              	.LVL5:
 122              		.loc 1 153 0
 123 003c 1340     		ands	r3, r3, r2
 124 003e 3343     		orrs	r3, r3, r6
 125              	.LVL6:
 126              		.loc 1 157 0
 127 0040 3944     		add	r1, r1, r7
 128              		.loc 1 155 0
 129 0042 1B01     		lsls	r3, r3, #4
 130              	.LVL7:
 131 0044 DBB2     		uxtb	r3, r3
 132              	.LVL8:
 133              		.loc 1 157 0
 134 0046 81F80033 		strb	r3, [r1, #768]
 135              		.loc 1 160 0
 136 004a 47F82540 		str	r4, [r7, r5, lsl #2]
 137              		.loc 1 169 0
 138 004e F0BC     		pop	{r4, r5, r6, r7}
 139              		.cfi_restore 7
 140              		.cfi_restore 6
 141              		.cfi_restore 5
 142              		.cfi_restore 4
 143              		.cfi_def_cfa_offset 0
 144 0050 7047     		bx	lr
 145              	.L11:
 146 0052 00BF     		.align	2
 147              	.L10:
 148 0054 00E100E0 		.word	-536813312
 149 0058 00ED00E0 		.word	-536810240
 150              		.cfi_endproc
 151              	.LFE112:
 152              		.size	NVIC_Init, .-NVIC_Init
 153              		.section	.text.NVIC_SetVectorTable,"ax",%progbits
 154              		.align	1
 155              		.p2align 4,,15
 156              		.global	NVIC_SetVectorTable
 157              		.syntax unified
 158              		.thumb
 159              		.thumb_func
 160              		.fpu fpv4-sp-d16
 161              		.type	NVIC_SetVectorTable, %function
 162              	NVIC_SetVectorTable:
 163              	.LFB113:
 164              		.loc 1 181 0
 165              		.cfi_startproc
 166              		@ args = 0, pretend = 0, frame = 0
 167              		@ frame_needed = 0, uses_anonymous_args = 0
 168              		@ link register save eliminated.
 169              	.LVL9:
 170              		.loc 1 186 0
 171 0000 21F06041 		bic	r1, r1, #-536870912
ARM GAS  /tmp/ccswvibH.s 			page 4


 172              	.LVL10:
 173 0004 21F07F01 		bic	r1, r1, #127
 174 0008 014B     		ldr	r3, .L13
 175 000a 0143     		orrs	r1, r1, r0
 176 000c 9960     		str	r1, [r3, #8]
 177              		.loc 1 187 0
 178 000e 7047     		bx	lr
 179              	.L14:
 180              		.align	2
 181              	.L13:
 182 0010 00ED00E0 		.word	-536810240
 183              		.cfi_endproc
 184              	.LFE113:
 185              		.size	NVIC_SetVectorTable, .-NVIC_SetVectorTable
 186              		.section	.text.NVIC_SystemLPConfig,"ax",%progbits
 187              		.align	1
 188              		.p2align 4,,15
 189              		.global	NVIC_SystemLPConfig
 190              		.syntax unified
 191              		.thumb
 192              		.thumb_func
 193              		.fpu fpv4-sp-d16
 194              		.type	NVIC_SystemLPConfig, %function
 195              	NVIC_SystemLPConfig:
 196              	.LFB114:
 197              		.loc 1 200 0
 198              		.cfi_startproc
 199              		@ args = 0, pretend = 0, frame = 0
 200              		@ frame_needed = 0, uses_anonymous_args = 0
 201              		@ link register save eliminated.
 202              	.LVL11:
 203              		.loc 1 207 0
 204 0000 044A     		ldr	r2, .L19
 205 0002 1369     		ldr	r3, [r2, #16]
 206              		.loc 1 205 0
 207 0004 19B9     		cbnz	r1, .L18
 208              		.loc 1 211 0
 209 0006 23EA0000 		bic	r0, r3, r0
 210              	.LVL12:
 211 000a 1061     		str	r0, [r2, #16]
 212              		.loc 1 213 0
 213 000c 7047     		bx	lr
 214              	.LVL13:
 215              	.L18:
 216              		.loc 1 207 0
 217 000e 1843     		orrs	r0, r0, r3
 218              	.LVL14:
 219 0010 1061     		str	r0, [r2, #16]
 220 0012 7047     		bx	lr
 221              	.L20:
 222              		.align	2
 223              	.L19:
 224 0014 00ED00E0 		.word	-536810240
 225              		.cfi_endproc
 226              	.LFE114:
 227              		.size	NVIC_SystemLPConfig, .-NVIC_SystemLPConfig
 228              		.section	.text.SysTick_CLKSourceConfig,"ax",%progbits
ARM GAS  /tmp/ccswvibH.s 			page 5


 229              		.align	1
 230              		.p2align 4,,15
 231              		.global	SysTick_CLKSourceConfig
 232              		.syntax unified
 233              		.thumb
 234              		.thumb_func
 235              		.fpu fpv4-sp-d16
 236              		.type	SysTick_CLKSourceConfig, %function
 237              	SysTick_CLKSourceConfig:
 238              	.LFB115:
 239              		.loc 1 224 0
 240              		.cfi_startproc
 241              		@ args = 0, pretend = 0, frame = 0
 242              		@ frame_needed = 0, uses_anonymous_args = 0
 243              		@ link register save eliminated.
 244              	.LVL15:
 245              		.loc 1 229 0
 246 0000 044A     		ldr	r2, .L24
 247 0002 1368     		ldr	r3, [r2]
 248              		.loc 1 227 0
 249 0004 0428     		cmp	r0, #4
 250              		.loc 1 229 0
 251 0006 0CBF     		ite	eq
 252 0008 43F00403 		orreq	r3, r3, #4
 253              		.loc 1 233 0
 254 000c 23F00403 		bicne	r3, r3, #4
 255 0010 1360     		str	r3, [r2]
 256              		.loc 1 235 0
 257 0012 7047     		bx	lr
 258              	.L25:
 259              		.align	2
 260              	.L24:
 261 0014 10E000E0 		.word	-536813552
 262              		.cfi_endproc
 263              	.LFE115:
 264              		.size	SysTick_CLKSourceConfig, .-SysTick_CLKSourceConfig
 265              		.text
 266              	.Letext0:
 267              		.file 2 "/usr/arm-none-eabi/include/machine/_default_types.h"
 268              		.file 3 "/usr/arm-none-eabi/include/sys/_stdint.h"
 269              		.file 4 "ChibiOS_2.6.6/os/ports/common/ARMCMx/CMSIS/include/core_cm4.h"
 270              		.file 5 "ChibiOS_2.6.6/os/hal/platforms/STM32F4xx/stm32f4xx.h"
 271              		.file 6 "ChibiOS_2.6.6/ext/stdperiph_stm32f4/inc/misc.h"
 272              		.section	.debug_info,"",%progbits
 273              	.Ldebug_info0:
 274 0000 3C050000 		.4byte	0x53c
 275 0004 0400     		.2byte	0x4
 276 0006 00000000 		.4byte	.Ldebug_abbrev0
 277 000a 04       		.byte	0x4
 278 000b 01       		.uleb128 0x1
 279 000c 40030000 		.4byte	.LASF69
 280 0010 0C       		.byte	0xc
 281 0011 94010000 		.4byte	.LASF70
 282 0015 AF000000 		.4byte	.LASF71
 283 0019 00000000 		.4byte	.Ldebug_ranges0+0
 284 001d 00000000 		.4byte	0
 285 0021 00000000 		.4byte	.Ldebug_line0
ARM GAS  /tmp/ccswvibH.s 			page 6


 286 0025 02       		.uleb128 0x2
 287 0026 01       		.byte	0x1
 288 0027 06       		.byte	0x6
 289 0028 58010000 		.4byte	.LASF0
 290 002c 03       		.uleb128 0x3
 291 002d 17010000 		.4byte	.LASF4
 292 0031 02       		.byte	0x2
 293 0032 2B       		.byte	0x2b
 294 0033 37000000 		.4byte	0x37
 295 0037 02       		.uleb128 0x2
 296 0038 01       		.byte	0x1
 297 0039 08       		.byte	0x8
 298 003a 2C010000 		.4byte	.LASF1
 299 003e 02       		.uleb128 0x2
 300 003f 02       		.byte	0x2
 301 0040 05       		.byte	0x5
 302 0041 6D000000 		.4byte	.LASF2
 303 0045 02       		.uleb128 0x2
 304 0046 02       		.byte	0x2
 305 0047 07       		.byte	0x7
 306 0048 08020000 		.4byte	.LASF3
 307 004c 03       		.uleb128 0x3
 308 004d F8020000 		.4byte	.LASF5
 309 0051 02       		.byte	0x2
 310 0052 4D       		.byte	0x4d
 311 0053 57000000 		.4byte	0x57
 312 0057 02       		.uleb128 0x2
 313 0058 04       		.byte	0x4
 314 0059 05       		.byte	0x5
 315 005a 0E010000 		.4byte	.LASF6
 316 005e 03       		.uleb128 0x3
 317 005f 88000000 		.4byte	.LASF7
 318 0063 02       		.byte	0x2
 319 0064 4F       		.byte	0x4f
 320 0065 69000000 		.4byte	0x69
 321 0069 02       		.uleb128 0x2
 322 006a 04       		.byte	0x4
 323 006b 07       		.byte	0x7
 324 006c AA020000 		.4byte	.LASF8
 325 0070 02       		.uleb128 0x2
 326 0071 08       		.byte	0x8
 327 0072 05       		.byte	0x5
 328 0073 F4000000 		.4byte	.LASF9
 329 0077 02       		.uleb128 0x2
 330 0078 08       		.byte	0x8
 331 0079 07       		.byte	0x7
 332 007a 64010000 		.4byte	.LASF10
 333 007e 04       		.uleb128 0x4
 334 007f 04       		.byte	0x4
 335 0080 05       		.byte	0x5
 336 0081 696E7400 		.ascii	"int\000"
 337 0085 02       		.uleb128 0x2
 338 0086 04       		.byte	0x4
 339 0087 07       		.byte	0x7
 340 0088 87010000 		.4byte	.LASF11
 341 008c 03       		.uleb128 0x3
 342 008d 9E000000 		.4byte	.LASF12
ARM GAS  /tmp/ccswvibH.s 			page 7


 343 0091 03       		.byte	0x3
 344 0092 18       		.byte	0x18
 345 0093 2C000000 		.4byte	0x2c
 346 0097 05       		.uleb128 0x5
 347 0098 8C000000 		.4byte	0x8c
 348 009c 03       		.uleb128 0x3
 349 009d 2C020000 		.4byte	.LASF13
 350 00a1 03       		.byte	0x3
 351 00a2 2C       		.byte	0x2c
 352 00a3 4C000000 		.4byte	0x4c
 353 00a7 05       		.uleb128 0x5
 354 00a8 9C000000 		.4byte	0x9c
 355 00ac 03       		.uleb128 0x3
 356 00ad 00000000 		.4byte	.LASF14
 357 00b1 03       		.byte	0x3
 358 00b2 30       		.byte	0x30
 359 00b3 5E000000 		.4byte	0x5e
 360 00b7 05       		.uleb128 0x5
 361 00b8 AC000000 		.4byte	0xac
 362 00bc 06       		.uleb128 0x6
 363 00bd B7000000 		.4byte	0xb7
 364 00c1 07       		.uleb128 0x7
 365 00c2 040E     		.2byte	0xe04
 366 00c4 04       		.byte	0x4
 367 00c5 4101     		.2byte	0x141
 368 00c7 7D010000 		.4byte	0x17d
 369 00cb 08       		.uleb128 0x8
 370 00cc 99000000 		.4byte	.LASF15
 371 00d0 04       		.byte	0x4
 372 00d1 4301     		.2byte	0x143
 373 00d3 8D010000 		.4byte	0x18d
 374 00d7 00       		.byte	0
 375 00d8 08       		.uleb128 0x8
 376 00d9 78020000 		.4byte	.LASF16
 377 00dd 04       		.byte	0x4
 378 00de 4401     		.2byte	0x144
 379 00e0 92010000 		.4byte	0x192
 380 00e4 20       		.byte	0x20
 381 00e5 08       		.uleb128 0x8
 382 00e6 C3010000 		.4byte	.LASF17
 383 00ea 04       		.byte	0x4
 384 00eb 4501     		.2byte	0x145
 385 00ed 8D010000 		.4byte	0x18d
 386 00f1 80       		.byte	0x80
 387 00f2 08       		.uleb128 0x8
 388 00f3 EB000000 		.4byte	.LASF18
 389 00f7 04       		.byte	0x4
 390 00f8 4601     		.2byte	0x146
 391 00fa 92010000 		.4byte	0x192
 392 00fe A0       		.byte	0xa0
 393 00ff 09       		.uleb128 0x9
 394 0100 39020000 		.4byte	.LASF19
 395 0104 04       		.byte	0x4
 396 0105 4701     		.2byte	0x147
 397 0107 8D010000 		.4byte	0x18d
 398 010b 0001     		.2byte	0x100
 399 010d 09       		.uleb128 0x9
ARM GAS  /tmp/ccswvibH.s 			page 8


 400 010e 82020000 		.4byte	.LASF20
 401 0112 04       		.byte	0x4
 402 0113 4801     		.2byte	0x148
 403 0115 92010000 		.4byte	0x192
 404 0119 2001     		.2byte	0x120
 405 011b 09       		.uleb128 0x9
 406 011c 53010000 		.4byte	.LASF21
 407 0120 04       		.byte	0x4
 408 0121 4901     		.2byte	0x149
 409 0123 8D010000 		.4byte	0x18d
 410 0127 8001     		.2byte	0x180
 411 0129 09       		.uleb128 0x9
 412 012a 8C020000 		.4byte	.LASF22
 413 012e 04       		.byte	0x4
 414 012f 4A01     		.2byte	0x14a
 415 0131 92010000 		.4byte	0x192
 416 0135 A001     		.2byte	0x1a0
 417 0137 09       		.uleb128 0x9
 418 0138 09000000 		.4byte	.LASF23
 419 013c 04       		.byte	0x4
 420 013d 4B01     		.2byte	0x14b
 421 013f 8D010000 		.4byte	0x18d
 422 0143 0002     		.2byte	0x200
 423 0145 09       		.uleb128 0x9
 424 0146 96020000 		.4byte	.LASF24
 425 014a 04       		.byte	0x4
 426 014b 4C01     		.2byte	0x14c
 427 014d A2010000 		.4byte	0x1a2
 428 0151 2002     		.2byte	0x220
 429 0153 0A       		.uleb128 0xa
 430 0154 495000   		.ascii	"IP\000"
 431 0157 04       		.byte	0x4
 432 0158 4D01     		.2byte	0x14d
 433 015a C2010000 		.4byte	0x1c2
 434 015e 0003     		.2byte	0x300
 435 0160 09       		.uleb128 0x9
 436 0161 A0020000 		.4byte	.LASF25
 437 0165 04       		.byte	0x4
 438 0166 4E01     		.2byte	0x14e
 439 0168 C7010000 		.4byte	0x1c7
 440 016c F003     		.2byte	0x3f0
 441 016e 09       		.uleb128 0x9
 442 016f D9000000 		.4byte	.LASF26
 443 0173 04       		.byte	0x4
 444 0174 4F01     		.2byte	0x14f
 445 0176 B7000000 		.4byte	0xb7
 446 017a 000E     		.2byte	0xe00
 447 017c 00       		.byte	0
 448 017d 0B       		.uleb128 0xb
 449 017e B7000000 		.4byte	0xb7
 450 0182 8D010000 		.4byte	0x18d
 451 0186 0C       		.uleb128 0xc
 452 0187 85000000 		.4byte	0x85
 453 018b 07       		.byte	0x7
 454 018c 00       		.byte	0
 455 018d 05       		.uleb128 0x5
 456 018e 7D010000 		.4byte	0x17d
ARM GAS  /tmp/ccswvibH.s 			page 9


 457 0192 0B       		.uleb128 0xb
 458 0193 AC000000 		.4byte	0xac
 459 0197 A2010000 		.4byte	0x1a2
 460 019b 0C       		.uleb128 0xc
 461 019c 85000000 		.4byte	0x85
 462 01a0 17       		.byte	0x17
 463 01a1 00       		.byte	0
 464 01a2 0B       		.uleb128 0xb
 465 01a3 AC000000 		.4byte	0xac
 466 01a7 B2010000 		.4byte	0x1b2
 467 01ab 0C       		.uleb128 0xc
 468 01ac 85000000 		.4byte	0x85
 469 01b0 37       		.byte	0x37
 470 01b1 00       		.byte	0
 471 01b2 0B       		.uleb128 0xb
 472 01b3 97000000 		.4byte	0x97
 473 01b7 C2010000 		.4byte	0x1c2
 474 01bb 0C       		.uleb128 0xc
 475 01bc 85000000 		.4byte	0x85
 476 01c0 EF       		.byte	0xef
 477 01c1 00       		.byte	0
 478 01c2 05       		.uleb128 0x5
 479 01c3 B2010000 		.4byte	0x1b2
 480 01c7 0B       		.uleb128 0xb
 481 01c8 AC000000 		.4byte	0xac
 482 01cc D8010000 		.4byte	0x1d8
 483 01d0 0D       		.uleb128 0xd
 484 01d1 85000000 		.4byte	0x85
 485 01d5 8302     		.2byte	0x283
 486 01d7 00       		.byte	0
 487 01d8 0E       		.uleb128 0xe
 488 01d9 BC020000 		.4byte	.LASF27
 489 01dd 04       		.byte	0x4
 490 01de 5001     		.2byte	0x150
 491 01e0 C1000000 		.4byte	0xc1
 492 01e4 0F       		.uleb128 0xf
 493 01e5 8C       		.byte	0x8c
 494 01e6 04       		.byte	0x4
 495 01e7 6101     		.2byte	0x161
 496 01e9 FF020000 		.4byte	0x2ff
 497 01ed 08       		.uleb128 0x8
 498 01ee 93000000 		.4byte	.LASF28
 499 01f2 04       		.byte	0x4
 500 01f3 6301     		.2byte	0x163
 501 01f5 BC000000 		.4byte	0xbc
 502 01f9 00       		.byte	0
 503 01fa 08       		.uleb128 0x8
 504 01fb E6000000 		.4byte	.LASF29
 505 01ff 04       		.byte	0x4
 506 0200 6401     		.2byte	0x164
 507 0202 B7000000 		.4byte	0xb7
 508 0206 04       		.byte	0x4
 509 0207 08       		.uleb128 0x8
 510 0208 27020000 		.4byte	.LASF30
 511 020c 04       		.byte	0x4
 512 020d 6501     		.2byte	0x165
 513 020f B7000000 		.4byte	0xb7
ARM GAS  /tmp/ccswvibH.s 			page 10


 514 0213 08       		.byte	0x8
 515 0214 08       		.uleb128 0x8
 516 0215 26010000 		.4byte	.LASF31
 517 0219 04       		.byte	0x4
 518 021a 6601     		.2byte	0x166
 519 021c B7000000 		.4byte	0xb7
 520 0220 0C       		.byte	0xc
 521 0221 10       		.uleb128 0x10
 522 0222 53435200 		.ascii	"SCR\000"
 523 0226 04       		.byte	0x4
 524 0227 6701     		.2byte	0x167
 525 0229 B7000000 		.4byte	0xb7
 526 022d 10       		.byte	0x10
 527 022e 10       		.uleb128 0x10
 528 022f 43435200 		.ascii	"CCR\000"
 529 0233 04       		.byte	0x4
 530 0234 6801     		.2byte	0x168
 531 0236 B7000000 		.4byte	0xb7
 532 023a 14       		.byte	0x14
 533 023b 10       		.uleb128 0x10
 534 023c 53485000 		.ascii	"SHP\000"
 535 0240 04       		.byte	0x4
 536 0241 6901     		.2byte	0x169
 537 0243 0F030000 		.4byte	0x30f
 538 0247 18       		.byte	0x18
 539 0248 08       		.uleb128 0x8
 540 0249 81010000 		.4byte	.LASF32
 541 024d 04       		.byte	0x4
 542 024e 6A01     		.2byte	0x16a
 543 0250 B7000000 		.4byte	0xb7
 544 0254 24       		.byte	0x24
 545 0255 08       		.uleb128 0x8
 546 0256 21010000 		.4byte	.LASF33
 547 025a 04       		.byte	0x4
 548 025b 6B01     		.2byte	0x16b
 549 025d B7000000 		.4byte	0xb7
 550 0261 28       		.byte	0x28
 551 0262 08       		.uleb128 0x8
 552 0263 6E020000 		.4byte	.LASF34
 553 0267 04       		.byte	0x4
 554 0268 6C01     		.2byte	0x16c
 555 026a B7000000 		.4byte	0xb7
 556 026e 2C       		.byte	0x2c
 557 026f 08       		.uleb128 0x8
 558 0270 3E020000 		.4byte	.LASF35
 559 0274 04       		.byte	0x4
 560 0275 6D01     		.2byte	0x16d
 561 0277 B7000000 		.4byte	0xb7
 562 027b 30       		.byte	0x30
 563 027c 08       		.uleb128 0x8
 564 027d 67000000 		.4byte	.LASF36
 565 0281 04       		.byte	0x4
 566 0282 6E01     		.2byte	0x16e
 567 0284 B7000000 		.4byte	0xb7
 568 0288 34       		.byte	0x34
 569 0289 08       		.uleb128 0x8
 570 028a 09010000 		.4byte	.LASF37
ARM GAS  /tmp/ccswvibH.s 			page 11


 571 028e 04       		.byte	0x4
 572 028f 6F01     		.2byte	0x16f
 573 0291 B7000000 		.4byte	0xb7
 574 0295 38       		.byte	0x38
 575 0296 08       		.uleb128 0x8
 576 0297 14030000 		.4byte	.LASF38
 577 029b 04       		.byte	0x4
 578 029c 7001     		.2byte	0x170
 579 029e B7000000 		.4byte	0xb7
 580 02a2 3C       		.byte	0x3c
 581 02a3 10       		.uleb128 0x10
 582 02a4 50465200 		.ascii	"PFR\000"
 583 02a8 04       		.byte	0x4
 584 02a9 7101     		.2byte	0x171
 585 02ab 29030000 		.4byte	0x329
 586 02af 40       		.byte	0x40
 587 02b0 10       		.uleb128 0x10
 588 02b1 44465200 		.ascii	"DFR\000"
 589 02b5 04       		.byte	0x4
 590 02b6 7201     		.2byte	0x172
 591 02b8 BC000000 		.4byte	0xbc
 592 02bc 48       		.byte	0x48
 593 02bd 10       		.uleb128 0x10
 594 02be 41445200 		.ascii	"ADR\000"
 595 02c2 04       		.byte	0x4
 596 02c3 7301     		.2byte	0x173
 597 02c5 BC000000 		.4byte	0xbc
 598 02c9 4C       		.byte	0x4c
 599 02ca 08       		.uleb128 0x8
 600 02cb 73020000 		.4byte	.LASF39
 601 02cf 04       		.byte	0x4
 602 02d0 7401     		.2byte	0x174
 603 02d2 43030000 		.4byte	0x343
 604 02d6 50       		.byte	0x50
 605 02d7 08       		.uleb128 0x8
 606 02d8 34020000 		.4byte	.LASF40
 607 02dc 04       		.byte	0x4
 608 02dd 7501     		.2byte	0x175
 609 02df 5D030000 		.4byte	0x35d
 610 02e3 60       		.byte	0x60
 611 02e4 08       		.uleb128 0x8
 612 02e5 78020000 		.4byte	.LASF16
 613 02e9 04       		.byte	0x4
 614 02ea 7601     		.2byte	0x176
 615 02ec 62030000 		.4byte	0x362
 616 02f0 74       		.byte	0x74
 617 02f1 08       		.uleb128 0x8
 618 02f2 33030000 		.4byte	.LASF41
 619 02f6 04       		.byte	0x4
 620 02f7 7701     		.2byte	0x177
 621 02f9 B7000000 		.4byte	0xb7
 622 02fd 88       		.byte	0x88
 623 02fe 00       		.byte	0
 624 02ff 0B       		.uleb128 0xb
 625 0300 97000000 		.4byte	0x97
 626 0304 0F030000 		.4byte	0x30f
 627 0308 0C       		.uleb128 0xc
ARM GAS  /tmp/ccswvibH.s 			page 12


 628 0309 85000000 		.4byte	0x85
 629 030d 0B       		.byte	0xb
 630 030e 00       		.byte	0
 631 030f 05       		.uleb128 0x5
 632 0310 FF020000 		.4byte	0x2ff
 633 0314 0B       		.uleb128 0xb
 634 0315 BC000000 		.4byte	0xbc
 635 0319 24030000 		.4byte	0x324
 636 031d 0C       		.uleb128 0xc
 637 031e 85000000 		.4byte	0x85
 638 0322 01       		.byte	0x1
 639 0323 00       		.byte	0
 640 0324 06       		.uleb128 0x6
 641 0325 14030000 		.4byte	0x314
 642 0329 05       		.uleb128 0x5
 643 032a 24030000 		.4byte	0x324
 644 032e 0B       		.uleb128 0xb
 645 032f BC000000 		.4byte	0xbc
 646 0333 3E030000 		.4byte	0x33e
 647 0337 0C       		.uleb128 0xc
 648 0338 85000000 		.4byte	0x85
 649 033c 03       		.byte	0x3
 650 033d 00       		.byte	0
 651 033e 06       		.uleb128 0x6
 652 033f 2E030000 		.4byte	0x32e
 653 0343 05       		.uleb128 0x5
 654 0344 3E030000 		.4byte	0x33e
 655 0348 0B       		.uleb128 0xb
 656 0349 BC000000 		.4byte	0xbc
 657 034d 58030000 		.4byte	0x358
 658 0351 0C       		.uleb128 0xc
 659 0352 85000000 		.4byte	0x85
 660 0356 04       		.byte	0x4
 661 0357 00       		.byte	0
 662 0358 06       		.uleb128 0x6
 663 0359 48030000 		.4byte	0x348
 664 035d 05       		.uleb128 0x5
 665 035e 58030000 		.4byte	0x358
 666 0362 0B       		.uleb128 0xb
 667 0363 AC000000 		.4byte	0xac
 668 0367 72030000 		.4byte	0x372
 669 036b 0C       		.uleb128 0xc
 670 036c 85000000 		.4byte	0x85
 671 0370 04       		.byte	0x4
 672 0371 00       		.byte	0
 673 0372 0E       		.uleb128 0xe
 674 0373 A6000000 		.4byte	.LASF42
 675 0377 04       		.byte	0x4
 676 0378 7801     		.2byte	0x178
 677 037a E4010000 		.4byte	0x1e4
 678 037e 0F       		.uleb128 0xf
 679 037f 10       		.byte	0x10
 680 0380 04       		.byte	0x4
 681 0381 6002     		.2byte	0x260
 682 0383 BC030000 		.4byte	0x3bc
 683 0387 08       		.uleb128 0x8
 684 0388 3A010000 		.4byte	.LASF43
ARM GAS  /tmp/ccswvibH.s 			page 13


 685 038c 04       		.byte	0x4
 686 038d 6202     		.2byte	0x262
 687 038f B7000000 		.4byte	0xb7
 688 0393 00       		.byte	0
 689 0394 08       		.uleb128 0x8
 690 0395 0F030000 		.4byte	.LASF44
 691 0399 04       		.byte	0x4
 692 039a 6302     		.2byte	0x263
 693 039c B7000000 		.4byte	0xb7
 694 03a0 04       		.byte	0x4
 695 03a1 10       		.uleb128 0x10
 696 03a2 56414C00 		.ascii	"VAL\000"
 697 03a6 04       		.byte	0x4
 698 03a7 6402     		.2byte	0x264
 699 03a9 B7000000 		.4byte	0xb7
 700 03ad 08       		.byte	0x8
 701 03ae 08       		.uleb128 0x8
 702 03af 7B010000 		.4byte	.LASF45
 703 03b3 04       		.byte	0x4
 704 03b4 6502     		.2byte	0x265
 705 03b6 BC000000 		.4byte	0xbc
 706 03ba 0C       		.byte	0xc
 707 03bb 00       		.byte	0
 708 03bc 0E       		.uleb128 0xe
 709 03bd FB010000 		.4byte	.LASF46
 710 03c1 04       		.byte	0x4
 711 03c2 6602     		.2byte	0x266
 712 03c4 7E030000 		.4byte	0x37e
 713 03c8 11       		.uleb128 0x11
 714 03c9 26030000 		.4byte	.LASF72
 715 03cd 04       		.byte	0x4
 716 03ce 9806     		.2byte	0x698
 717 03d0 A7000000 		.4byte	0xa7
 718 03d4 12       		.uleb128 0x12
 719 03d5 07       		.byte	0x7
 720 03d6 01       		.byte	0x1
 721 03d7 37000000 		.4byte	0x37
 722 03db 05       		.byte	0x5
 723 03dc F901     		.2byte	0x1f9
 724 03de EF030000 		.4byte	0x3ef
 725 03e2 13       		.uleb128 0x13
 726 03e3 DE000000 		.4byte	.LASF47
 727 03e7 00       		.byte	0
 728 03e8 13       		.uleb128 0x13
 729 03e9 39030000 		.4byte	.LASF48
 730 03ed 01       		.byte	0x1
 731 03ee 00       		.byte	0
 732 03ef 0E       		.uleb128 0xe
 733 03f0 E8020000 		.4byte	.LASF49
 734 03f4 05       		.byte	0x5
 735 03f5 F901     		.2byte	0x1f9
 736 03f7 D4030000 		.4byte	0x3d4
 737 03fb 14       		.uleb128 0x14
 738 03fc 04       		.byte	0x4
 739 03fd 06       		.byte	0x6
 740 03fe 36       		.byte	0x36
 741 03ff 34040000 		.4byte	0x434
ARM GAS  /tmp/ccswvibH.s 			page 14


 742 0403 15       		.uleb128 0x15
 743 0404 43020000 		.4byte	.LASF50
 744 0408 06       		.byte	0x6
 745 0409 38       		.byte	0x38
 746 040a 8C000000 		.4byte	0x8c
 747 040e 00       		.byte	0
 748 040f 15       		.uleb128 0x15
 749 0410 C6020000 		.4byte	.LASF51
 750 0414 06       		.byte	0x6
 751 0415 3D       		.byte	0x3d
 752 0416 8C000000 		.4byte	0x8c
 753 041a 01       		.byte	0x1
 754 041b 15       		.uleb128 0x15
 755 041c 53020000 		.4byte	.LASF52
 756 0420 06       		.byte	0x6
 757 0421 42       		.byte	0x42
 758 0422 8C000000 		.4byte	0x8c
 759 0426 02       		.byte	0x2
 760 0427 15       		.uleb128 0x15
 761 0428 1F000000 		.4byte	.LASF53
 762 042c 06       		.byte	0x6
 763 042d 47       		.byte	0x47
 764 042e EF030000 		.4byte	0x3ef
 765 0432 03       		.byte	0x3
 766 0433 00       		.byte	0
 767 0434 03       		.uleb128 0x3
 768 0435 0E000000 		.4byte	.LASF54
 769 0439 06       		.byte	0x6
 770 043a 4A       		.byte	0x4a
 771 043b FB030000 		.4byte	0x3fb
 772 043f 16       		.uleb128 0x16
 773 0440 E3010000 		.4byte	.LASF55
 774 0444 01       		.byte	0x1
 775 0445 DF       		.byte	0xdf
 776 0446 00000000 		.4byte	.LFB115
 777 044a 18000000 		.4byte	.LFE115-.LFB115
 778 044e 01       		.uleb128 0x1
 779 044f 9C       		.byte	0x9c
 780 0450 62040000 		.4byte	0x462
 781 0454 17       		.uleb128 0x17
 782 0455 32000000 		.4byte	.LASF57
 783 0459 01       		.byte	0x1
 784 045a DF       		.byte	0xdf
 785 045b AC000000 		.4byte	0xac
 786 045f 01       		.uleb128 0x1
 787 0460 50       		.byte	0x50
 788 0461 00       		.byte	0
 789 0462 16       		.uleb128 0x16
 790 0463 CF010000 		.4byte	.LASF56
 791 0467 01       		.byte	0x1
 792 0468 C7       		.byte	0xc7
 793 0469 00000000 		.4byte	.LFB114
 794 046d 18000000 		.4byte	.LFE114-.LFB114
 795 0471 01       		.uleb128 0x1
 796 0472 9C       		.byte	0x9c
 797 0473 94040000 		.4byte	0x494
 798 0477 18       		.uleb128 0x18
ARM GAS  /tmp/ccswvibH.s 			page 15


 799 0478 19030000 		.4byte	.LASF58
 800 047c 01       		.byte	0x1
 801 047d C7       		.byte	0xc7
 802 047e 8C000000 		.4byte	0x8c
 803 0482 00000000 		.4byte	.LLST6
 804 0486 17       		.uleb128 0x17
 805 0487 D0000000 		.4byte	.LASF59
 806 048b 01       		.byte	0x1
 807 048c C7       		.byte	0xc7
 808 048d EF030000 		.4byte	0x3ef
 809 0491 01       		.uleb128 0x1
 810 0492 51       		.byte	0x51
 811 0493 00       		.byte	0
 812 0494 16       		.uleb128 0x16
 813 0495 3F010000 		.4byte	.LASF60
 814 0499 01       		.byte	0x1
 815 049a B4       		.byte	0xb4
 816 049b 00000000 		.4byte	.LFB113
 817 049f 14000000 		.4byte	.LFE113-.LFB113
 818 04a3 01       		.uleb128 0x1
 819 04a4 9C       		.byte	0x9c
 820 04a5 C6040000 		.4byte	0x4c6
 821 04a9 17       		.uleb128 0x17
 822 04aa 02030000 		.4byte	.LASF61
 823 04ae 01       		.byte	0x1
 824 04af B4       		.byte	0xb4
 825 04b0 AC000000 		.4byte	0xac
 826 04b4 01       		.uleb128 0x1
 827 04b5 50       		.byte	0x50
 828 04b6 18       		.uleb128 0x18
 829 04b7 02010000 		.4byte	.LASF62
 830 04bb 01       		.byte	0x1
 831 04bc B4       		.byte	0xb4
 832 04bd AC000000 		.4byte	0xac
 833 04c1 3A000000 		.4byte	.LLST5
 834 04c5 00       		.byte	0
 835 04c6 16       		.uleb128 0x16
 836 04c7 77000000 		.4byte	.LASF63
 837 04cb 01       		.byte	0x1
 838 04cc 88       		.byte	0x88
 839 04cd 00000000 		.4byte	.LFB112
 840 04d1 5C000000 		.4byte	.LFE112-.LFB112
 841 04d5 01       		.uleb128 0x1
 842 04d6 9C       		.byte	0x9c
 843 04d7 18050000 		.4byte	0x518
 844 04db 18       		.uleb128 0x18
 845 04dc 44000000 		.4byte	.LASF64
 846 04e0 01       		.byte	0x1
 847 04e1 88       		.byte	0x88
 848 04e2 18050000 		.4byte	0x518
 849 04e6 5B000000 		.4byte	.LLST1
 850 04ea 19       		.uleb128 0x19
 851 04eb 1B020000 		.4byte	.LASF65
 852 04ef 01       		.byte	0x1
 853 04f0 8A       		.byte	0x8a
 854 04f1 8C000000 		.4byte	0x8c
 855 04f5 7C000000 		.4byte	.LLST2
ARM GAS  /tmp/ccswvibH.s 			page 16


 856 04f9 19       		.uleb128 0x19
 857 04fa 81000000 		.4byte	.LASF66
 858 04fe 01       		.byte	0x1
 859 04ff 8A       		.byte	0x8a
 860 0500 8C000000 		.4byte	0x8c
 861 0504 D1000000 		.4byte	.LLST3
 862 0508 19       		.uleb128 0x19
 863 0509 C8010000 		.4byte	.LASF67
 864 050d 01       		.byte	0x1
 865 050e 8A       		.byte	0x8a
 866 050f 8C000000 		.4byte	0x8c
 867 0513 F4000000 		.4byte	.LLST4
 868 0517 00       		.byte	0
 869 0518 1A       		.uleb128 0x1a
 870 0519 04       		.byte	0x4
 871 051a 34040000 		.4byte	0x434
 872 051e 1B       		.uleb128 0x1b
 873 051f 64040000 		.4byte	.LASF73
 874 0523 01       		.byte	0x1
 875 0524 76       		.byte	0x76
 876 0525 00000000 		.4byte	.LFB111
 877 0529 14000000 		.4byte	.LFE111-.LFB111
 878 052d 01       		.uleb128 0x1
 879 052e 9C       		.byte	0x9c
 880 052f 18       		.uleb128 0x18
 881 0530 54000000 		.4byte	.LASF68
 882 0534 01       		.byte	0x1
 883 0535 76       		.byte	0x76
 884 0536 AC000000 		.4byte	0xac
 885 053a 1A010000 		.4byte	.LLST0
 886 053e 00       		.byte	0
 887 053f 00       		.byte	0
 888              		.section	.debug_abbrev,"",%progbits
 889              	.Ldebug_abbrev0:
 890 0000 01       		.uleb128 0x1
 891 0001 11       		.uleb128 0x11
 892 0002 01       		.byte	0x1
 893 0003 25       		.uleb128 0x25
 894 0004 0E       		.uleb128 0xe
 895 0005 13       		.uleb128 0x13
 896 0006 0B       		.uleb128 0xb
 897 0007 03       		.uleb128 0x3
 898 0008 0E       		.uleb128 0xe
 899 0009 1B       		.uleb128 0x1b
 900 000a 0E       		.uleb128 0xe
 901 000b 55       		.uleb128 0x55
 902 000c 17       		.uleb128 0x17
 903 000d 11       		.uleb128 0x11
 904 000e 01       		.uleb128 0x1
 905 000f 10       		.uleb128 0x10
 906 0010 17       		.uleb128 0x17
 907 0011 00       		.byte	0
 908 0012 00       		.byte	0
 909 0013 02       		.uleb128 0x2
 910 0014 24       		.uleb128 0x24
 911 0015 00       		.byte	0
 912 0016 0B       		.uleb128 0xb
ARM GAS  /tmp/ccswvibH.s 			page 17


 913 0017 0B       		.uleb128 0xb
 914 0018 3E       		.uleb128 0x3e
 915 0019 0B       		.uleb128 0xb
 916 001a 03       		.uleb128 0x3
 917 001b 0E       		.uleb128 0xe
 918 001c 00       		.byte	0
 919 001d 00       		.byte	0
 920 001e 03       		.uleb128 0x3
 921 001f 16       		.uleb128 0x16
 922 0020 00       		.byte	0
 923 0021 03       		.uleb128 0x3
 924 0022 0E       		.uleb128 0xe
 925 0023 3A       		.uleb128 0x3a
 926 0024 0B       		.uleb128 0xb
 927 0025 3B       		.uleb128 0x3b
 928 0026 0B       		.uleb128 0xb
 929 0027 49       		.uleb128 0x49
 930 0028 13       		.uleb128 0x13
 931 0029 00       		.byte	0
 932 002a 00       		.byte	0
 933 002b 04       		.uleb128 0x4
 934 002c 24       		.uleb128 0x24
 935 002d 00       		.byte	0
 936 002e 0B       		.uleb128 0xb
 937 002f 0B       		.uleb128 0xb
 938 0030 3E       		.uleb128 0x3e
 939 0031 0B       		.uleb128 0xb
 940 0032 03       		.uleb128 0x3
 941 0033 08       		.uleb128 0x8
 942 0034 00       		.byte	0
 943 0035 00       		.byte	0
 944 0036 05       		.uleb128 0x5
 945 0037 35       		.uleb128 0x35
 946 0038 00       		.byte	0
 947 0039 49       		.uleb128 0x49
 948 003a 13       		.uleb128 0x13
 949 003b 00       		.byte	0
 950 003c 00       		.byte	0
 951 003d 06       		.uleb128 0x6
 952 003e 26       		.uleb128 0x26
 953 003f 00       		.byte	0
 954 0040 49       		.uleb128 0x49
 955 0041 13       		.uleb128 0x13
 956 0042 00       		.byte	0
 957 0043 00       		.byte	0
 958 0044 07       		.uleb128 0x7
 959 0045 13       		.uleb128 0x13
 960 0046 01       		.byte	0x1
 961 0047 0B       		.uleb128 0xb
 962 0048 05       		.uleb128 0x5
 963 0049 3A       		.uleb128 0x3a
 964 004a 0B       		.uleb128 0xb
 965 004b 3B       		.uleb128 0x3b
 966 004c 05       		.uleb128 0x5
 967 004d 01       		.uleb128 0x1
 968 004e 13       		.uleb128 0x13
 969 004f 00       		.byte	0
ARM GAS  /tmp/ccswvibH.s 			page 18


 970 0050 00       		.byte	0
 971 0051 08       		.uleb128 0x8
 972 0052 0D       		.uleb128 0xd
 973 0053 00       		.byte	0
 974 0054 03       		.uleb128 0x3
 975 0055 0E       		.uleb128 0xe
 976 0056 3A       		.uleb128 0x3a
 977 0057 0B       		.uleb128 0xb
 978 0058 3B       		.uleb128 0x3b
 979 0059 05       		.uleb128 0x5
 980 005a 49       		.uleb128 0x49
 981 005b 13       		.uleb128 0x13
 982 005c 38       		.uleb128 0x38
 983 005d 0B       		.uleb128 0xb
 984 005e 00       		.byte	0
 985 005f 00       		.byte	0
 986 0060 09       		.uleb128 0x9
 987 0061 0D       		.uleb128 0xd
 988 0062 00       		.byte	0
 989 0063 03       		.uleb128 0x3
 990 0064 0E       		.uleb128 0xe
 991 0065 3A       		.uleb128 0x3a
 992 0066 0B       		.uleb128 0xb
 993 0067 3B       		.uleb128 0x3b
 994 0068 05       		.uleb128 0x5
 995 0069 49       		.uleb128 0x49
 996 006a 13       		.uleb128 0x13
 997 006b 38       		.uleb128 0x38
 998 006c 05       		.uleb128 0x5
 999 006d 00       		.byte	0
 1000 006e 00       		.byte	0
 1001 006f 0A       		.uleb128 0xa
 1002 0070 0D       		.uleb128 0xd
 1003 0071 00       		.byte	0
 1004 0072 03       		.uleb128 0x3
 1005 0073 08       		.uleb128 0x8
 1006 0074 3A       		.uleb128 0x3a
 1007 0075 0B       		.uleb128 0xb
 1008 0076 3B       		.uleb128 0x3b
 1009 0077 05       		.uleb128 0x5
 1010 0078 49       		.uleb128 0x49
 1011 0079 13       		.uleb128 0x13
 1012 007a 38       		.uleb128 0x38
 1013 007b 05       		.uleb128 0x5
 1014 007c 00       		.byte	0
 1015 007d 00       		.byte	0
 1016 007e 0B       		.uleb128 0xb
 1017 007f 01       		.uleb128 0x1
 1018 0080 01       		.byte	0x1
 1019 0081 49       		.uleb128 0x49
 1020 0082 13       		.uleb128 0x13
 1021 0083 01       		.uleb128 0x1
 1022 0084 13       		.uleb128 0x13
 1023 0085 00       		.byte	0
 1024 0086 00       		.byte	0
 1025 0087 0C       		.uleb128 0xc
 1026 0088 21       		.uleb128 0x21
ARM GAS  /tmp/ccswvibH.s 			page 19


 1027 0089 00       		.byte	0
 1028 008a 49       		.uleb128 0x49
 1029 008b 13       		.uleb128 0x13
 1030 008c 2F       		.uleb128 0x2f
 1031 008d 0B       		.uleb128 0xb
 1032 008e 00       		.byte	0
 1033 008f 00       		.byte	0
 1034 0090 0D       		.uleb128 0xd
 1035 0091 21       		.uleb128 0x21
 1036 0092 00       		.byte	0
 1037 0093 49       		.uleb128 0x49
 1038 0094 13       		.uleb128 0x13
 1039 0095 2F       		.uleb128 0x2f
 1040 0096 05       		.uleb128 0x5
 1041 0097 00       		.byte	0
 1042 0098 00       		.byte	0
 1043 0099 0E       		.uleb128 0xe
 1044 009a 16       		.uleb128 0x16
 1045 009b 00       		.byte	0
 1046 009c 03       		.uleb128 0x3
 1047 009d 0E       		.uleb128 0xe
 1048 009e 3A       		.uleb128 0x3a
 1049 009f 0B       		.uleb128 0xb
 1050 00a0 3B       		.uleb128 0x3b
 1051 00a1 05       		.uleb128 0x5
 1052 00a2 49       		.uleb128 0x49
 1053 00a3 13       		.uleb128 0x13
 1054 00a4 00       		.byte	0
 1055 00a5 00       		.byte	0
 1056 00a6 0F       		.uleb128 0xf
 1057 00a7 13       		.uleb128 0x13
 1058 00a8 01       		.byte	0x1
 1059 00a9 0B       		.uleb128 0xb
 1060 00aa 0B       		.uleb128 0xb
 1061 00ab 3A       		.uleb128 0x3a
 1062 00ac 0B       		.uleb128 0xb
 1063 00ad 3B       		.uleb128 0x3b
 1064 00ae 05       		.uleb128 0x5
 1065 00af 01       		.uleb128 0x1
 1066 00b0 13       		.uleb128 0x13
 1067 00b1 00       		.byte	0
 1068 00b2 00       		.byte	0
 1069 00b3 10       		.uleb128 0x10
 1070 00b4 0D       		.uleb128 0xd
 1071 00b5 00       		.byte	0
 1072 00b6 03       		.uleb128 0x3
 1073 00b7 08       		.uleb128 0x8
 1074 00b8 3A       		.uleb128 0x3a
 1075 00b9 0B       		.uleb128 0xb
 1076 00ba 3B       		.uleb128 0x3b
 1077 00bb 05       		.uleb128 0x5
 1078 00bc 49       		.uleb128 0x49
 1079 00bd 13       		.uleb128 0x13
 1080 00be 38       		.uleb128 0x38
 1081 00bf 0B       		.uleb128 0xb
 1082 00c0 00       		.byte	0
 1083 00c1 00       		.byte	0
ARM GAS  /tmp/ccswvibH.s 			page 20


 1084 00c2 11       		.uleb128 0x11
 1085 00c3 34       		.uleb128 0x34
 1086 00c4 00       		.byte	0
 1087 00c5 03       		.uleb128 0x3
 1088 00c6 0E       		.uleb128 0xe
 1089 00c7 3A       		.uleb128 0x3a
 1090 00c8 0B       		.uleb128 0xb
 1091 00c9 3B       		.uleb128 0x3b
 1092 00ca 05       		.uleb128 0x5
 1093 00cb 49       		.uleb128 0x49
 1094 00cc 13       		.uleb128 0x13
 1095 00cd 3F       		.uleb128 0x3f
 1096 00ce 19       		.uleb128 0x19
 1097 00cf 3C       		.uleb128 0x3c
 1098 00d0 19       		.uleb128 0x19
 1099 00d1 00       		.byte	0
 1100 00d2 00       		.byte	0
 1101 00d3 12       		.uleb128 0x12
 1102 00d4 04       		.uleb128 0x4
 1103 00d5 01       		.byte	0x1
 1104 00d6 3E       		.uleb128 0x3e
 1105 00d7 0B       		.uleb128 0xb
 1106 00d8 0B       		.uleb128 0xb
 1107 00d9 0B       		.uleb128 0xb
 1108 00da 49       		.uleb128 0x49
 1109 00db 13       		.uleb128 0x13
 1110 00dc 3A       		.uleb128 0x3a
 1111 00dd 0B       		.uleb128 0xb
 1112 00de 3B       		.uleb128 0x3b
 1113 00df 05       		.uleb128 0x5
 1114 00e0 01       		.uleb128 0x1
 1115 00e1 13       		.uleb128 0x13
 1116 00e2 00       		.byte	0
 1117 00e3 00       		.byte	0
 1118 00e4 13       		.uleb128 0x13
 1119 00e5 28       		.uleb128 0x28
 1120 00e6 00       		.byte	0
 1121 00e7 03       		.uleb128 0x3
 1122 00e8 0E       		.uleb128 0xe
 1123 00e9 1C       		.uleb128 0x1c
 1124 00ea 0B       		.uleb128 0xb
 1125 00eb 00       		.byte	0
 1126 00ec 00       		.byte	0
 1127 00ed 14       		.uleb128 0x14
 1128 00ee 13       		.uleb128 0x13
 1129 00ef 01       		.byte	0x1
 1130 00f0 0B       		.uleb128 0xb
 1131 00f1 0B       		.uleb128 0xb
 1132 00f2 3A       		.uleb128 0x3a
 1133 00f3 0B       		.uleb128 0xb
 1134 00f4 3B       		.uleb128 0x3b
 1135 00f5 0B       		.uleb128 0xb
 1136 00f6 01       		.uleb128 0x1
 1137 00f7 13       		.uleb128 0x13
 1138 00f8 00       		.byte	0
 1139 00f9 00       		.byte	0
 1140 00fa 15       		.uleb128 0x15
ARM GAS  /tmp/ccswvibH.s 			page 21


 1141 00fb 0D       		.uleb128 0xd
 1142 00fc 00       		.byte	0
 1143 00fd 03       		.uleb128 0x3
 1144 00fe 0E       		.uleb128 0xe
 1145 00ff 3A       		.uleb128 0x3a
 1146 0100 0B       		.uleb128 0xb
 1147 0101 3B       		.uleb128 0x3b
 1148 0102 0B       		.uleb128 0xb
 1149 0103 49       		.uleb128 0x49
 1150 0104 13       		.uleb128 0x13
 1151 0105 38       		.uleb128 0x38
 1152 0106 0B       		.uleb128 0xb
 1153 0107 00       		.byte	0
 1154 0108 00       		.byte	0
 1155 0109 16       		.uleb128 0x16
 1156 010a 2E       		.uleb128 0x2e
 1157 010b 01       		.byte	0x1
 1158 010c 3F       		.uleb128 0x3f
 1159 010d 19       		.uleb128 0x19
 1160 010e 03       		.uleb128 0x3
 1161 010f 0E       		.uleb128 0xe
 1162 0110 3A       		.uleb128 0x3a
 1163 0111 0B       		.uleb128 0xb
 1164 0112 3B       		.uleb128 0x3b
 1165 0113 0B       		.uleb128 0xb
 1166 0114 27       		.uleb128 0x27
 1167 0115 19       		.uleb128 0x19
 1168 0116 11       		.uleb128 0x11
 1169 0117 01       		.uleb128 0x1
 1170 0118 12       		.uleb128 0x12
 1171 0119 06       		.uleb128 0x6
 1172 011a 40       		.uleb128 0x40
 1173 011b 18       		.uleb128 0x18
 1174 011c 9742     		.uleb128 0x2117
 1175 011e 19       		.uleb128 0x19
 1176 011f 01       		.uleb128 0x1
 1177 0120 13       		.uleb128 0x13
 1178 0121 00       		.byte	0
 1179 0122 00       		.byte	0
 1180 0123 17       		.uleb128 0x17
 1181 0124 05       		.uleb128 0x5
 1182 0125 00       		.byte	0
 1183 0126 03       		.uleb128 0x3
 1184 0127 0E       		.uleb128 0xe
 1185 0128 3A       		.uleb128 0x3a
 1186 0129 0B       		.uleb128 0xb
 1187 012a 3B       		.uleb128 0x3b
 1188 012b 0B       		.uleb128 0xb
 1189 012c 49       		.uleb128 0x49
 1190 012d 13       		.uleb128 0x13
 1191 012e 02       		.uleb128 0x2
 1192 012f 18       		.uleb128 0x18
 1193 0130 00       		.byte	0
 1194 0131 00       		.byte	0
 1195 0132 18       		.uleb128 0x18
 1196 0133 05       		.uleb128 0x5
 1197 0134 00       		.byte	0
ARM GAS  /tmp/ccswvibH.s 			page 22


 1198 0135 03       		.uleb128 0x3
 1199 0136 0E       		.uleb128 0xe
 1200 0137 3A       		.uleb128 0x3a
 1201 0138 0B       		.uleb128 0xb
 1202 0139 3B       		.uleb128 0x3b
 1203 013a 0B       		.uleb128 0xb
 1204 013b 49       		.uleb128 0x49
 1205 013c 13       		.uleb128 0x13
 1206 013d 02       		.uleb128 0x2
 1207 013e 17       		.uleb128 0x17
 1208 013f 00       		.byte	0
 1209 0140 00       		.byte	0
 1210 0141 19       		.uleb128 0x19
 1211 0142 34       		.uleb128 0x34
 1212 0143 00       		.byte	0
 1213 0144 03       		.uleb128 0x3
 1214 0145 0E       		.uleb128 0xe
 1215 0146 3A       		.uleb128 0x3a
 1216 0147 0B       		.uleb128 0xb
 1217 0148 3B       		.uleb128 0x3b
 1218 0149 0B       		.uleb128 0xb
 1219 014a 49       		.uleb128 0x49
 1220 014b 13       		.uleb128 0x13
 1221 014c 02       		.uleb128 0x2
 1222 014d 17       		.uleb128 0x17
 1223 014e 00       		.byte	0
 1224 014f 00       		.byte	0
 1225 0150 1A       		.uleb128 0x1a
 1226 0151 0F       		.uleb128 0xf
 1227 0152 00       		.byte	0
 1228 0153 0B       		.uleb128 0xb
 1229 0154 0B       		.uleb128 0xb
 1230 0155 49       		.uleb128 0x49
 1231 0156 13       		.uleb128 0x13
 1232 0157 00       		.byte	0
 1233 0158 00       		.byte	0
 1234 0159 1B       		.uleb128 0x1b
 1235 015a 2E       		.uleb128 0x2e
 1236 015b 01       		.byte	0x1
 1237 015c 3F       		.uleb128 0x3f
 1238 015d 19       		.uleb128 0x19
 1239 015e 03       		.uleb128 0x3
 1240 015f 0E       		.uleb128 0xe
 1241 0160 3A       		.uleb128 0x3a
 1242 0161 0B       		.uleb128 0xb
 1243 0162 3B       		.uleb128 0x3b
 1244 0163 0B       		.uleb128 0xb
 1245 0164 27       		.uleb128 0x27
 1246 0165 19       		.uleb128 0x19
 1247 0166 11       		.uleb128 0x11
 1248 0167 01       		.uleb128 0x1
 1249 0168 12       		.uleb128 0x12
 1250 0169 06       		.uleb128 0x6
 1251 016a 40       		.uleb128 0x40
 1252 016b 18       		.uleb128 0x18
 1253 016c 9742     		.uleb128 0x2117
 1254 016e 19       		.uleb128 0x19
ARM GAS  /tmp/ccswvibH.s 			page 23


 1255 016f 00       		.byte	0
 1256 0170 00       		.byte	0
 1257 0171 00       		.byte	0
 1258              		.section	.debug_loc,"",%progbits
 1259              	.Ldebug_loc0:
 1260              	.LLST6:
 1261 0000 00000000 		.4byte	.LVL11
 1262 0004 0A000000 		.4byte	.LVL12
 1263 0008 0100     		.2byte	0x1
 1264 000a 50       		.byte	0x50
 1265 000b 0A000000 		.4byte	.LVL12
 1266 000f 0E000000 		.4byte	.LVL13
 1267 0013 0400     		.2byte	0x4
 1268 0015 F3       		.byte	0xf3
 1269 0016 01       		.uleb128 0x1
 1270 0017 50       		.byte	0x50
 1271 0018 9F       		.byte	0x9f
 1272 0019 0E000000 		.4byte	.LVL13
 1273 001d 10000000 		.4byte	.LVL14
 1274 0021 0100     		.2byte	0x1
 1275 0023 50       		.byte	0x50
 1276 0024 10000000 		.4byte	.LVL14
 1277 0028 18000000 		.4byte	.LFE114
 1278 002c 0400     		.2byte	0x4
 1279 002e F3       		.byte	0xf3
 1280 002f 01       		.uleb128 0x1
 1281 0030 50       		.byte	0x50
 1282 0031 9F       		.byte	0x9f
 1283 0032 00000000 		.4byte	0
 1284 0036 00000000 		.4byte	0
 1285              	.LLST5:
 1286 003a 00000000 		.4byte	.LVL9
 1287 003e 04000000 		.4byte	.LVL10
 1288 0042 0100     		.2byte	0x1
 1289 0044 51       		.byte	0x51
 1290 0045 04000000 		.4byte	.LVL10
 1291 0049 14000000 		.4byte	.LFE113
 1292 004d 0400     		.2byte	0x4
 1293 004f F3       		.byte	0xf3
 1294 0050 01       		.uleb128 0x1
 1295 0051 51       		.byte	0x51
 1296 0052 9F       		.byte	0x9f
 1297 0053 00000000 		.4byte	0
 1298 0057 00000000 		.4byte	0
 1299              	.LLST1:
 1300 005b 00000000 		.4byte	.LVL2
 1301 005f 2A000000 		.4byte	.LVL3
 1302 0063 0100     		.2byte	0x1
 1303 0065 50       		.byte	0x50
 1304 0066 2A000000 		.4byte	.LVL3
 1305 006a 5C000000 		.4byte	.LFE112
 1306 006e 0400     		.2byte	0x4
 1307 0070 F3       		.byte	0xf3
 1308 0071 01       		.uleb128 0x1
 1309 0072 50       		.byte	0x50
 1310 0073 9F       		.byte	0x9f
 1311 0074 00000000 		.4byte	0
ARM GAS  /tmp/ccswvibH.s 			page 24


 1312 0078 00000000 		.4byte	0
 1313              	.LLST2:
 1314 007c 00000000 		.4byte	.LVL2
 1315 0080 2E000000 		.4byte	.LVL4
 1316 0084 0200     		.2byte	0x2
 1317 0086 30       		.byte	0x30
 1318 0087 9F       		.byte	0x9f
 1319 0088 2E000000 		.4byte	.LVL4
 1320 008c 3C000000 		.4byte	.LVL5
 1321 0090 0100     		.2byte	0x1
 1322 0092 50       		.byte	0x50
 1323 0093 3C000000 		.4byte	.LVL5
 1324 0097 40000000 		.4byte	.LVL6
 1325 009b 0100     		.2byte	0x1
 1326 009d 56       		.byte	0x56
 1327 009e 40000000 		.4byte	.LVL6
 1328 00a2 44000000 		.4byte	.LVL7
 1329 00a6 0100     		.2byte	0x1
 1330 00a8 53       		.byte	0x53
 1331 00a9 44000000 		.4byte	.LVL7
 1332 00ad 46000000 		.4byte	.LVL8
 1333 00b1 0B00     		.2byte	0xb
 1334 00b3 3F       		.byte	0x3f
 1335 00b4 70       		.byte	0x70
 1336 00b5 00       		.sleb128 0
 1337 00b6 26       		.byte	0x26
 1338 00b7 72       		.byte	0x72
 1339 00b8 00       		.sleb128 0
 1340 00b9 1A       		.byte	0x1a
 1341 00ba 76       		.byte	0x76
 1342 00bb 00       		.sleb128 0
 1343 00bc 21       		.byte	0x21
 1344 00bd 9F       		.byte	0x9f
 1345 00be 46000000 		.4byte	.LVL8
 1346 00c2 5C000000 		.4byte	.LFE112
 1347 00c6 0100     		.2byte	0x1
 1348 00c8 53       		.byte	0x53
 1349 00c9 00000000 		.4byte	0
 1350 00cd 00000000 		.4byte	0
 1351              	.LLST3:
 1352 00d1 00000000 		.4byte	.LVL2
 1353 00d5 2E000000 		.4byte	.LVL4
 1354 00d9 0200     		.2byte	0x2
 1355 00db 30       		.byte	0x30
 1356 00dc 9F       		.byte	0x9f
 1357 00dd 2E000000 		.4byte	.LVL4
 1358 00e1 5C000000 		.4byte	.LFE112
 1359 00e5 0500     		.2byte	0x5
 1360 00e7 34       		.byte	0x34
 1361 00e8 70       		.byte	0x70
 1362 00e9 00       		.sleb128 0
 1363 00ea 1C       		.byte	0x1c
 1364 00eb 9F       		.byte	0x9f
 1365 00ec 00000000 		.4byte	0
 1366 00f0 00000000 		.4byte	0
 1367              	.LLST4:
 1368 00f4 00000000 		.4byte	.LVL2
ARM GAS  /tmp/ccswvibH.s 			page 25


 1369 00f8 2E000000 		.4byte	.LVL4
 1370 00fc 0200     		.2byte	0x2
 1371 00fe 3F       		.byte	0x3f
 1372 00ff 9F       		.byte	0x9f
 1373 0100 2E000000 		.4byte	.LVL4
 1374 0104 5C000000 		.4byte	.LFE112
 1375 0108 0800     		.2byte	0x8
 1376 010a 3F       		.byte	0x3f
 1377 010b 70       		.byte	0x70
 1378 010c 00       		.sleb128 0
 1379 010d 08       		.byte	0x8
 1380 010e FF       		.byte	0xff
 1381 010f 1A       		.byte	0x1a
 1382 0110 26       		.byte	0x26
 1383 0111 9F       		.byte	0x9f
 1384 0112 00000000 		.4byte	0
 1385 0116 00000000 		.4byte	0
 1386              	.LLST0:
 1387 011a 00000000 		.4byte	.LVL0
 1388 011e 04000000 		.4byte	.LVL1
 1389 0122 0100     		.2byte	0x1
 1390 0124 50       		.byte	0x50
 1391 0125 04000000 		.4byte	.LVL1
 1392 0129 14000000 		.4byte	.LFE111
 1393 012d 0400     		.2byte	0x4
 1394 012f F3       		.byte	0xf3
 1395 0130 01       		.uleb128 0x1
 1396 0131 50       		.byte	0x50
 1397 0132 9F       		.byte	0x9f
 1398 0133 00000000 		.4byte	0
 1399 0137 00000000 		.4byte	0
 1400              		.section	.debug_aranges,"",%progbits
 1401 0000 3C000000 		.4byte	0x3c
 1402 0004 0200     		.2byte	0x2
 1403 0006 00000000 		.4byte	.Ldebug_info0
 1404 000a 04       		.byte	0x4
 1405 000b 00       		.byte	0
 1406 000c 0000     		.2byte	0
 1407 000e 0000     		.2byte	0
 1408 0010 00000000 		.4byte	.LFB111
 1409 0014 14000000 		.4byte	.LFE111-.LFB111
 1410 0018 00000000 		.4byte	.LFB112
 1411 001c 5C000000 		.4byte	.LFE112-.LFB112
 1412 0020 00000000 		.4byte	.LFB113
 1413 0024 14000000 		.4byte	.LFE113-.LFB113
 1414 0028 00000000 		.4byte	.LFB114
 1415 002c 18000000 		.4byte	.LFE114-.LFB114
 1416 0030 00000000 		.4byte	.LFB115
 1417 0034 18000000 		.4byte	.LFE115-.LFB115
 1418 0038 00000000 		.4byte	0
 1419 003c 00000000 		.4byte	0
 1420              		.section	.debug_ranges,"",%progbits
 1421              	.Ldebug_ranges0:
 1422 0000 00000000 		.4byte	.LFB111
 1423 0004 14000000 		.4byte	.LFE111
 1424 0008 00000000 		.4byte	.LFB112
 1425 000c 5C000000 		.4byte	.LFE112
ARM GAS  /tmp/ccswvibH.s 			page 26


 1426 0010 00000000 		.4byte	.LFB113
 1427 0014 14000000 		.4byte	.LFE113
 1428 0018 00000000 		.4byte	.LFB114
 1429 001c 18000000 		.4byte	.LFE114
 1430 0020 00000000 		.4byte	.LFB115
 1431 0024 18000000 		.4byte	.LFE115
 1432 0028 00000000 		.4byte	0
 1433 002c 00000000 		.4byte	0
 1434              		.section	.debug_line,"",%progbits
 1435              	.Ldebug_line0:
 1436 0000 D4010000 		.section	.debug_str,"MS",%progbits,1
 1436      02005301 
 1436      00000201 
 1436      FB0E0D00 
 1436      01010101 
 1437              	.LASF14:
 1438 0000 75696E74 		.ascii	"uint32_t\000"
 1438      33325F74 
 1438      00
 1439              	.LASF23:
 1440 0009 49414252 		.ascii	"IABR\000"
 1440      00
 1441              	.LASF54:
 1442 000e 4E564943 		.ascii	"NVIC_InitTypeDef\000"
 1442      5F496E69 
 1442      74547970 
 1442      65446566 
 1442      00
 1443              	.LASF53:
 1444 001f 4E564943 		.ascii	"NVIC_IRQChannelCmd\000"
 1444      5F495251 
 1444      4368616E 
 1444      6E656C43 
 1444      6D6400
 1445              	.LASF57:
 1446 0032 53797354 		.ascii	"SysTick_CLKSource\000"
 1446      69636B5F 
 1446      434C4B53 
 1446      6F757263 
 1446      6500
 1447              	.LASF64:
 1448 0044 4E564943 		.ascii	"NVIC_InitStruct\000"
 1448      5F496E69 
 1448      74537472 
 1448      75637400 
 1449              	.LASF68:
 1450 0054 4E564943 		.ascii	"NVIC_PriorityGroup\000"
 1450      5F507269 
 1450      6F726974 
 1450      7947726F 
 1450      757000
 1451              	.LASF36:
 1452 0067 4D4D4641 		.ascii	"MMFAR\000"
 1452      5200
 1453              	.LASF2:
 1454 006d 73686F72 		.ascii	"short int\000"
 1454      7420696E 
ARM GAS  /tmp/ccswvibH.s 			page 27


 1454      7400
 1455              	.LASF63:
 1456 0077 4E564943 		.ascii	"NVIC_Init\000"
 1456      5F496E69 
 1456      7400
 1457              	.LASF66:
 1458 0081 746D7070 		.ascii	"tmppre\000"
 1458      726500
 1459              	.LASF7:
 1460 0088 5F5F7569 		.ascii	"__uint32_t\000"
 1460      6E743332 
 1460      5F7400
 1461              	.LASF28:
 1462 0093 43505549 		.ascii	"CPUID\000"
 1462      4400
 1463              	.LASF15:
 1464 0099 49534552 		.ascii	"ISER\000"
 1464      00
 1465              	.LASF12:
 1466 009e 75696E74 		.ascii	"uint8_t\000"
 1466      385F7400 
 1467              	.LASF42:
 1468 00a6 5343425F 		.ascii	"SCB_Type\000"
 1468      54797065 
 1468      00
 1469              	.LASF71:
 1470 00af 2F686F6D 		.ascii	"/home/renan/BLDC/bldc-bootloader\000"
 1470      652F7265 
 1470      6E616E2F 
 1470      424C4443 
 1470      2F626C64 
 1471              	.LASF59:
 1472 00d0 4E657753 		.ascii	"NewState\000"
 1472      74617465 
 1472      00
 1473              	.LASF26:
 1474 00d9 53544952 		.ascii	"STIR\000"
 1474      00
 1475              	.LASF47:
 1476 00de 44495341 		.ascii	"DISABLE\000"
 1476      424C4500 
 1477              	.LASF29:
 1478 00e6 49435352 		.ascii	"ICSR\000"
 1478      00
 1479              	.LASF18:
 1480 00eb 52534552 		.ascii	"RSERVED1\000"
 1480      56454431 
 1480      00
 1481              	.LASF9:
 1482 00f4 6C6F6E67 		.ascii	"long long int\000"
 1482      206C6F6E 
 1482      6720696E 
 1482      7400
 1483              	.LASF62:
 1484 0102 4F666673 		.ascii	"Offset\000"
 1484      657400
 1485              	.LASF37:
ARM GAS  /tmp/ccswvibH.s 			page 28


 1486 0109 42464152 		.ascii	"BFAR\000"
 1486      00
 1487              	.LASF6:
 1488 010e 6C6F6E67 		.ascii	"long int\000"
 1488      20696E74 
 1488      00
 1489              	.LASF4:
 1490 0117 5F5F7569 		.ascii	"__uint8_t\000"
 1490      6E74385F 
 1490      7400
 1491              	.LASF33:
 1492 0121 43465352 		.ascii	"CFSR\000"
 1492      00
 1493              	.LASF31:
 1494 0126 41495243 		.ascii	"AIRCR\000"
 1494      5200
 1495              	.LASF1:
 1496 012c 756E7369 		.ascii	"unsigned char\000"
 1496      676E6564 
 1496      20636861 
 1496      7200
 1497              	.LASF43:
 1498 013a 4354524C 		.ascii	"CTRL\000"
 1498      00
 1499              	.LASF60:
 1500 013f 4E564943 		.ascii	"NVIC_SetVectorTable\000"
 1500      5F536574 
 1500      56656374 
 1500      6F725461 
 1500      626C6500 
 1501              	.LASF21:
 1502 0153 49435052 		.ascii	"ICPR\000"
 1502      00
 1503              	.LASF0:
 1504 0158 7369676E 		.ascii	"signed char\000"
 1504      65642063 
 1504      68617200 
 1505              	.LASF10:
 1506 0164 6C6F6E67 		.ascii	"long long unsigned int\000"
 1506      206C6F6E 
 1506      6720756E 
 1506      7369676E 
 1506      65642069 
 1507              	.LASF45:
 1508 017b 43414C49 		.ascii	"CALIB\000"
 1508      4200
 1509              	.LASF32:
 1510 0181 53484353 		.ascii	"SHCSR\000"
 1510      5200
 1511              	.LASF11:
 1512 0187 756E7369 		.ascii	"unsigned int\000"
 1512      676E6564 
 1512      20696E74 
 1512      00
 1513              	.LASF70:
 1514 0194 43686962 		.ascii	"ChibiOS_2.6.6/ext/stdperiph_stm32f4/src/misc.c\000"
 1514      694F535F 
ARM GAS  /tmp/ccswvibH.s 			page 29


 1514      322E362E 
 1514      362F6578 
 1514      742F7374 
 1515              	.LASF17:
 1516 01c3 49434552 		.ascii	"ICER\000"
 1516      00
 1517              	.LASF67:
 1518 01c8 746D7073 		.ascii	"tmpsub\000"
 1518      756200
 1519              	.LASF56:
 1520 01cf 4E564943 		.ascii	"NVIC_SystemLPConfig\000"
 1520      5F537973 
 1520      74656D4C 
 1520      50436F6E 
 1520      66696700 
 1521              	.LASF55:
 1522 01e3 53797354 		.ascii	"SysTick_CLKSourceConfig\000"
 1522      69636B5F 
 1522      434C4B53 
 1522      6F757263 
 1522      65436F6E 
 1523              	.LASF46:
 1524 01fb 53797354 		.ascii	"SysTick_Type\000"
 1524      69636B5F 
 1524      54797065 
 1524      00
 1525              	.LASF3:
 1526 0208 73686F72 		.ascii	"short unsigned int\000"
 1526      7420756E 
 1526      7369676E 
 1526      65642069 
 1526      6E7400
 1527              	.LASF65:
 1528 021b 746D7070 		.ascii	"tmppriority\000"
 1528      72696F72 
 1528      69747900 
 1529              	.LASF30:
 1530 0227 56544F52 		.ascii	"VTOR\000"
 1530      00
 1531              	.LASF13:
 1532 022c 696E7433 		.ascii	"int32_t\000"
 1532      325F7400 
 1533              	.LASF40:
 1534 0234 49534152 		.ascii	"ISAR\000"
 1534      00
 1535              	.LASF19:
 1536 0239 49535052 		.ascii	"ISPR\000"
 1536      00
 1537              	.LASF35:
 1538 023e 44465352 		.ascii	"DFSR\000"
 1538      00
 1539              	.LASF50:
 1540 0243 4E564943 		.ascii	"NVIC_IRQChannel\000"
 1540      5F495251 
 1540      4368616E 
 1540      6E656C00 
 1541              	.LASF52:
ARM GAS  /tmp/ccswvibH.s 			page 30


 1542 0253 4E564943 		.ascii	"NVIC_IRQChannelSubPriority\000"
 1542      5F495251 
 1542      4368616E 
 1542      6E656C53 
 1542      75625072 
 1543              	.LASF34:
 1544 026e 48465352 		.ascii	"HFSR\000"
 1544      00
 1545              	.LASF39:
 1546 0273 4D4D4652 		.ascii	"MMFR\000"
 1546      00
 1547              	.LASF16:
 1548 0278 52455345 		.ascii	"RESERVED0\000"
 1548      52564544 
 1548      3000
 1549              	.LASF20:
 1550 0282 52455345 		.ascii	"RESERVED2\000"
 1550      52564544 
 1550      3200
 1551              	.LASF22:
 1552 028c 52455345 		.ascii	"RESERVED3\000"
 1552      52564544 
 1552      3300
 1553              	.LASF24:
 1554 0296 52455345 		.ascii	"RESERVED4\000"
 1554      52564544 
 1554      3400
 1555              	.LASF25:
 1556 02a0 52455345 		.ascii	"RESERVED5\000"
 1556      52564544 
 1556      3500
 1557              	.LASF8:
 1558 02aa 6C6F6E67 		.ascii	"long unsigned int\000"
 1558      20756E73 
 1558      69676E65 
 1558      6420696E 
 1558      7400
 1559              	.LASF27:
 1560 02bc 4E564943 		.ascii	"NVIC_Type\000"
 1560      5F547970 
 1560      6500
 1561              	.LASF51:
 1562 02c6 4E564943 		.ascii	"NVIC_IRQChannelPreemptionPriority\000"
 1562      5F495251 
 1562      4368616E 
 1562      6E656C50 
 1562      7265656D 
 1563              	.LASF49:
 1564 02e8 46756E63 		.ascii	"FunctionalState\000"
 1564      74696F6E 
 1564      616C5374 
 1564      61746500 
 1565              	.LASF5:
 1566 02f8 5F5F696E 		.ascii	"__int32_t\000"
 1566      7433325F 
 1566      7400
 1567              	.LASF61:
ARM GAS  /tmp/ccswvibH.s 			page 31


 1568 0302 4E564943 		.ascii	"NVIC_VectTab\000"
 1568      5F566563 
 1568      74546162 
 1568      00
 1569              	.LASF44:
 1570 030f 4C4F4144 		.ascii	"LOAD\000"
 1570      00
 1571              	.LASF38:
 1572 0314 41465352 		.ascii	"AFSR\000"
 1572      00
 1573              	.LASF58:
 1574 0319 4C6F7750 		.ascii	"LowPowerMode\000"
 1574      6F776572 
 1574      4D6F6465 
 1574      00
 1575              	.LASF72:
 1576 0326 49544D5F 		.ascii	"ITM_RxBuffer\000"
 1576      52784275 
 1576      66666572 
 1576      00
 1577              	.LASF41:
 1578 0333 43504143 		.ascii	"CPACR\000"
 1578      5200
 1579              	.LASF48:
 1580 0339 454E4142 		.ascii	"ENABLE\000"
 1580      4C4500
 1581              	.LASF69:
 1582 0340 474E5520 		.ascii	"GNU C99 7.3.1 20180622 (release) [ARM/embedded-7-br"
 1582      43393920 
 1582      372E332E 
 1582      31203230 
 1582      31383036 
 1583 0373 616E6368 		.ascii	"anch revision 261907] -mcpu=cortex-m4 -mfloat-abi=h"
 1583      20726576 
 1583      6973696F 
 1583      6E203236 
 1583      31393037 
 1584 03a6 61726420 		.ascii	"ard -mfpu=fpv4-sp-d16 -mno-thumb-interwork -mthumb "
 1584      2D6D6670 
 1584      753D6670 
 1584      76342D73 
 1584      702D6431 
 1585 03d9 2D676764 		.ascii	"-ggdb -O2 -std=gnu99 -fomit-frame-pointer -falign-f"
 1585      62202D4F 
 1585      32202D73 
 1585      74643D67 
 1585      6E753939 
 1586 040c 756E6374 		.ascii	"unctions=16 -ffunction-sections -fdata-sections -fn"
 1586      696F6E73 
 1586      3D313620 
 1586      2D666675 
 1586      6E637469 
 1587 043f 6F2D636F 		.ascii	"o-common -fsingle-precision-constant\000"
 1587      6D6D6F6E 
 1587      202D6673 
 1587      696E676C 
 1587      652D7072 
ARM GAS  /tmp/ccswvibH.s 			page 32


 1588              	.LASF73:
 1589 0464 4E564943 		.ascii	"NVIC_PriorityGroupConfig\000"
 1589      5F507269 
 1589      6F726974 
 1589      7947726F 
 1589      7570436F 
 1590              		.ident	"GCC: (GNU Tools for Arm Embedded Processors 7-2018-q3-update) 7.3.1 20180622 (release) [AR
ARM GAS  /tmp/ccswvibH.s 			page 33


DEFINED SYMBOLS
                            *ABS*:0000000000000000 misc.c
     /tmp/ccswvibH.s:18     .text.NVIC_PriorityGroupConfig:0000000000000000 $t
     /tmp/ccswvibH.s:26     .text.NVIC_PriorityGroupConfig:0000000000000000 NVIC_PriorityGroupConfig
     /tmp/ccswvibH.s:46     .text.NVIC_PriorityGroupConfig:0000000000000010 $d
     /tmp/ccswvibH.s:51     .text.NVIC_Init:0000000000000000 $t
     /tmp/ccswvibH.s:59     .text.NVIC_Init:0000000000000000 NVIC_Init
     /tmp/ccswvibH.s:148    .text.NVIC_Init:0000000000000054 $d
     /tmp/ccswvibH.s:154    .text.NVIC_SetVectorTable:0000000000000000 $t
     /tmp/ccswvibH.s:162    .text.NVIC_SetVectorTable:0000000000000000 NVIC_SetVectorTable
     /tmp/ccswvibH.s:182    .text.NVIC_SetVectorTable:0000000000000010 $d
     /tmp/ccswvibH.s:187    .text.NVIC_SystemLPConfig:0000000000000000 $t
     /tmp/ccswvibH.s:195    .text.NVIC_SystemLPConfig:0000000000000000 NVIC_SystemLPConfig
     /tmp/ccswvibH.s:224    .text.NVIC_SystemLPConfig:0000000000000014 $d
     /tmp/ccswvibH.s:229    .text.SysTick_CLKSourceConfig:0000000000000000 $t
     /tmp/ccswvibH.s:237    .text.SysTick_CLKSourceConfig:0000000000000000 SysTick_CLKSourceConfig
     /tmp/ccswvibH.s:261    .text.SysTick_CLKSourceConfig:0000000000000014 $d

NO UNDEFINED SYMBOLS
