ARM GAS  /tmp/ccVTGgR5.s 			page 1


   1              		.cpu cortex-m4
   2              		.eabi_attribute 27, 1
   3              		.eabi_attribute 28, 1
   4              		.eabi_attribute 20, 1
   5              		.eabi_attribute 21, 1
   6              		.eabi_attribute 23, 3
   7              		.eabi_attribute 24, 1
   8              		.eabi_attribute 25, 1
   9              		.eabi_attribute 26, 1
  10              		.eabi_attribute 30, 2
  11              		.eabi_attribute 34, 1
  12              		.eabi_attribute 18, 4
  13              		.file	"stm32f4xx_cryp_des.c"
  14              		.text
  15              	.Ltext0:
  16              		.cfi_sections	.debug_frame
  17              		.section	.text.CRYP_DES_ECB,"ax",%progbits
  18              		.align	1
  19              		.p2align 4,,15
  20              		.global	CRYP_DES_ECB
  21              		.syntax unified
  22              		.thumb
  23              		.thumb_func
  24              		.fpu fpv4-sp-d16
  25              		.type	CRYP_DES_ECB, %function
  26              	CRYP_DES_ECB:
  27              	.LFB111:
  28              		.file 1 "ChibiOS_2.6.6/ext/stdperiph_stm32f4/src/stm32f4xx_cryp_des.c"
  29              		.loc 1 102 0
  30              		.cfi_startproc
  31              		@ args = 4, pretend = 0, frame = 48
  32              		@ frame_needed = 0, uses_anonymous_args = 0
  33              	.LVL0:
  34 0000 2DE9F043 		push	{r4, r5, r6, r7, r8, r9, lr}
  35              		.cfi_def_cfa_offset 28
  36              		.cfi_offset 4, -28
  37              		.cfi_offset 5, -24
  38              		.cfi_offset 6, -20
  39              		.cfi_offset 7, -16
  40              		.cfi_offset 8, -12
  41              		.cfi_offset 9, -8
  42              		.cfi_offset 14, -4
  43 0004 8DB0     		sub	sp, sp, #52
  44              		.cfi_def_cfa_offset 80
  45              		.loc 1 102 0
  46 0006 8046     		mov	r8, r0
  47              		.loc 1 105 0
  48 0008 0025     		movs	r5, #0
  49              		.loc 1 114 0
  50 000a 04A8     		add	r0, sp, #16
  51              	.LVL1:
  52              		.loc 1 102 0
  53 000c 0C46     		mov	r4, r1
  54 000e 9946     		mov	r9, r3
  55 0010 1646     		mov	r6, r2
  56              		.loc 1 105 0
  57 0012 0195     		str	r5, [sp, #4]
ARM GAS  /tmp/ccVTGgR5.s 			page 2


  58              	.LVL2:
  59              		.loc 1 102 0
  60 0014 149F     		ldr	r7, [sp, #80]
  61              	.LVL3:
  62              		.loc 1 114 0
  63 0016 FFF7FEFF 		bl	CRYP_KeyStructInit
  64              	.LVL4:
  65              		.loc 1 117 0
  66 001a B8F1010F 		cmp	r8, #1
  67              		.loc 1 123 0
  68 001e 1CBF     		itt	ne
  69 0020 0423     		movne	r3, #4
  70 0022 ADF80830 		strhne	r3, [sp, #8]	@ movhi
  71              		.loc 1 126 0
  72 0026 4FF01002 		mov	r2, #16
  73              		.loc 1 127 0
  74 002a 4FF08003 		mov	r3, #128
  75              		.loc 1 128 0
  76 002e 02A8     		add	r0, sp, #8
  77              		.loc 1 119 0
  78 0030 08BF     		it	eq
  79 0032 ADF80850 		strheq	r5, [sp, #8]	@ movhi
  80              		.loc 1 127 0
  81 0036 ADF80C30 		strh	r3, [sp, #12]	@ movhi
  82              		.loc 1 126 0
  83 003a ADF80A20 		strh	r2, [sp, #10]	@ movhi
  84              		.loc 1 128 0
  85 003e FFF7FEFF 		bl	CRYP_Init
  86              	.LVL5:
  87              	.LBB14:
  88              	.LBB15:
  89              		.file 2 "ChibiOS_2.6.6/os/ports/common/ARMCMx/CMSIS/include/core_cmInstr.h"
  90              		.loc 2 369 0
  91 0042 2368     		ldr	r3, [r4]
  92              		.syntax unified
  93              	@ 369 "ChibiOS_2.6.6/os/ports/common/ARMCMx/CMSIS/include/core_cmInstr.h" 1
  94 0044 1BBA     		rev r3, r3
  95              	@ 0 "" 2
  96              	.LVL6:
  97              		.thumb
  98              		.syntax unified
  99              	.LBE15:
 100              	.LBE14:
 101              		.loc 1 131 0
 102 0046 0693     		str	r3, [sp, #24]
 103              	.LVL7:
 104              	.LBB16:
 105              	.LBB17:
 106              		.loc 2 369 0
 107 0048 6368     		ldr	r3, [r4, #4]
 108              		.syntax unified
 109              	@ 369 "ChibiOS_2.6.6/os/ports/common/ARMCMx/CMSIS/include/core_cmInstr.h" 1
 110 004a 1BBA     		rev r3, r3
 111              	@ 0 "" 2
 112              	.LVL8:
 113              		.thumb
 114              		.syntax unified
ARM GAS  /tmp/ccVTGgR5.s 			page 3


 115              	.LBE17:
 116              	.LBE16:
 117              		.loc 1 134 0
 118 004c 04A8     		add	r0, sp, #16
 119              		.loc 1 133 0
 120 004e 0793     		str	r3, [sp, #28]
 121              		.loc 1 134 0
 122 0050 FFF7FEFF 		bl	CRYP_KeyInit
 123              	.LVL9:
 124              		.loc 1 137 0
 125 0054 FFF7FEFF 		bl	CRYP_FIFOFlush
 126              	.LVL10:
 127              		.loc 1 140 0
 128 0058 0120     		movs	r0, #1
 129 005a FFF7FEFF 		bl	CRYP_Cmd
 130              	.LVL11:
 131              		.loc 1 142 0
 132 005e B9F1000F 		cmp	r9, #0
 133 0062 31D0     		beq	.L4
 134 0064 6FF00308 		mvn	r8, #3
 135 0068 A8EB0608 		sub	r8, r8, r6
 136 006c 341D     		adds	r4, r6, #4
 137              	.LVL12:
 138              		.loc 1 152 0
 139 006e 0025     		movs	r5, #0
 140              	.LVL13:
 141              	.L9:
 142              		.loc 1 146 0
 143 0070 54F8040C 		ldr	r0, [r4, #-4]
 144 0074 FFF7FEFF 		bl	CRYP_DataIn
 145              	.LVL14:
 146              		.loc 1 148 0
 147 0078 2068     		ldr	r0, [r4]
 148 007a FFF7FEFF 		bl	CRYP_DataIn
 149              	.LVL15:
 150              		.loc 1 152 0
 151 007e 0195     		str	r5, [sp, #4]
 152 0080 00E0     		b	.L6
 153              	.LVL16:
 154              	.L18:
 155              		.loc 1 157 0 discriminator 1
 156 0082 90B1     		cbz	r0, .L7
 157              	.LVL17:
 158              	.L6:
 159              		.loc 1 155 0 discriminator 2
 160 0084 1020     		movs	r0, #16
 161 0086 FFF7FEFF 		bl	CRYP_GetFlagStatus
 162              	.LVL18:
 163              		.loc 1 156 0 discriminator 2
 164 008a 019B     		ldr	r3, [sp, #4]
 165 008c 0133     		adds	r3, r3, #1
 166 008e 0193     		str	r3, [sp, #4]
 167              		.loc 1 157 0 discriminator 2
 168 0090 019B     		ldr	r3, [sp, #4]
 169 0092 B3F5803F 		cmp	r3, #65536
 170 0096 F4D1     		bne	.L18
 171              		.loc 1 159 0
ARM GAS  /tmp/ccVTGgR5.s 			page 4


 172 0098 38B1     		cbz	r0, .L7
 173              		.loc 1 161 0
 174 009a 0024     		movs	r4, #0
 175              	.LVL19:
 176              	.L8:
 177              		.loc 1 175 0
 178 009c 0020     		movs	r0, #0
 179 009e FFF7FEFF 		bl	CRYP_Cmd
 180              	.LVL20:
 181              		.loc 1 178 0
 182 00a2 2046     		mov	r0, r4
 183 00a4 0DB0     		add	sp, sp, #52
 184              		.cfi_remember_state
 185              		.cfi_def_cfa_offset 28
 186              		@ sp needed
 187 00a6 BDE8F083 		pop	{r4, r5, r6, r7, r8, r9, pc}
 188              	.LVL21:
 189              	.L7:
 190              		.cfi_restore_state
 191              		.loc 1 167 0
 192 00aa FFF7FEFF 		bl	CRYP_DataOut
 193              	.LVL22:
 194 00ae A31B     		subs	r3, r4, r6
 195 00b0 3B44     		add	r3, r3, r7
 196 00b2 43F8040C 		str	r0, [r3, #-4]
 197              	.LVL23:
 198              		.loc 1 169 0
 199 00b6 FFF7FEFF 		bl	CRYP_DataOut
 200              	.LVL24:
 201 00ba BB1B     		subs	r3, r7, r6
 202 00bc 1851     		str	r0, [r3, r4]
 203              	.LVL25:
 204 00be 0834     		adds	r4, r4, #8
 205              	.LVL26:
 206              		.loc 1 142 0
 207 00c0 08EB0403 		add	r3, r8, r4
 208 00c4 9945     		cmp	r9, r3
 209 00c6 D3D8     		bhi	.L9
 210              	.LVL27:
 211              	.L4:
 212              		.loc 1 102 0
 213 00c8 0124     		movs	r4, #1
 214 00ca E7E7     		b	.L8
 215              		.cfi_endproc
 216              	.LFE111:
 217              		.size	CRYP_DES_ECB, .-CRYP_DES_ECB
 218              		.section	.text.CRYP_DES_CBC,"ax",%progbits
 219              		.align	1
 220              		.p2align 4,,15
 221              		.global	CRYP_DES_CBC
 222              		.syntax unified
 223              		.thumb
 224              		.thumb_func
 225              		.fpu fpv4-sp-d16
 226              		.type	CRYP_DES_CBC, %function
 227              	CRYP_DES_CBC:
 228              	.LFB112:
ARM GAS  /tmp/ccVTGgR5.s 			page 5


 229              		.loc 1 197 0
 230              		.cfi_startproc
 231              		@ args = 8, pretend = 0, frame = 64
 232              		@ frame_needed = 0, uses_anonymous_args = 0
 233              	.LVL28:
 234 0000 2DE9F047 		push	{r4, r5, r6, r7, r8, r9, r10, lr}
 235              		.cfi_def_cfa_offset 32
 236              		.cfi_offset 4, -32
 237              		.cfi_offset 5, -28
 238              		.cfi_offset 6, -24
 239              		.cfi_offset 7, -20
 240              		.cfi_offset 8, -16
 241              		.cfi_offset 9, -12
 242              		.cfi_offset 10, -8
 243              		.cfi_offset 14, -4
 244 0004 90B0     		sub	sp, sp, #64
 245              		.cfi_def_cfa_offset 96
 246              		.loc 1 197 0
 247 0006 8246     		mov	r10, r0
 248              		.loc 1 201 0
 249 0008 4FF00008 		mov	r8, #0
 250              		.loc 1 211 0
 251 000c 08A8     		add	r0, sp, #32
 252              	.LVL29:
 253              		.loc 1 197 0
 254 000e 0D46     		mov	r5, r1
 255 0010 1E46     		mov	r6, r3
 256 0012 1446     		mov	r4, r2
 257              		.loc 1 201 0
 258 0014 CDF80480 		str	r8, [sp, #4]
 259              	.LVL30:
 260              		.loc 1 197 0
 261 0018 DDE91897 		ldrd	r9, r7, [sp, #96]
 262              	.LVL31:
 263              		.loc 1 211 0
 264 001c FFF7FEFF 		bl	CRYP_KeyStructInit
 265              	.LVL32:
 266              		.loc 1 214 0
 267 0020 BAF1010F 		cmp	r10, #1
 268              		.loc 1 220 0
 269 0024 1CBF     		itt	ne
 270 0026 0423     		movne	r3, #4
 271 0028 ADF80830 		strhne	r3, [sp, #8]	@ movhi
 272              		.loc 1 223 0
 273 002c 4FF01802 		mov	r2, #24
 274              		.loc 1 224 0
 275 0030 4FF08003 		mov	r3, #128
 276              		.loc 1 225 0
 277 0034 02A8     		add	r0, sp, #8
 278              		.loc 1 216 0
 279 0036 08BF     		it	eq
 280 0038 ADF80880 		strheq	r8, [sp, #8]	@ movhi
 281              		.loc 1 224 0
 282 003c ADF80C30 		strh	r3, [sp, #12]	@ movhi
 283              		.loc 1 223 0
 284 0040 ADF80A20 		strh	r2, [sp, #10]	@ movhi
 285              		.loc 1 225 0
ARM GAS  /tmp/ccVTGgR5.s 			page 6


 286 0044 FFF7FEFF 		bl	CRYP_Init
 287              	.LVL33:
 288              	.LBB18:
 289              	.LBB19:
 290              		.loc 2 369 0
 291 0048 2B68     		ldr	r3, [r5]
 292              		.syntax unified
 293              	@ 369 "ChibiOS_2.6.6/os/ports/common/ARMCMx/CMSIS/include/core_cmInstr.h" 1
 294 004a 1BBA     		rev r3, r3
 295              	@ 0 "" 2
 296              	.LVL34:
 297              		.thumb
 298              		.syntax unified
 299              	.LBE19:
 300              	.LBE18:
 301              		.loc 1 228 0
 302 004c 0A93     		str	r3, [sp, #40]
 303              	.LVL35:
 304              	.LBB20:
 305              	.LBB21:
 306              		.loc 2 369 0
 307 004e 6B68     		ldr	r3, [r5, #4]
 308              		.syntax unified
 309              	@ 369 "ChibiOS_2.6.6/os/ports/common/ARMCMx/CMSIS/include/core_cmInstr.h" 1
 310 0050 1BBA     		rev r3, r3
 311              	@ 0 "" 2
 312              	.LVL36:
 313              		.thumb
 314              		.syntax unified
 315              	.LBE21:
 316              	.LBE20:
 317              		.loc 1 231 0
 318 0052 08A8     		add	r0, sp, #32
 319              		.loc 1 230 0
 320 0054 0B93     		str	r3, [sp, #44]
 321              		.loc 1 231 0
 322 0056 FFF7FEFF 		bl	CRYP_KeyInit
 323              	.LVL37:
 324              	.LBB22:
 325              	.LBB23:
 326              		.loc 2 369 0
 327 005a 2368     		ldr	r3, [r4]
 328              		.syntax unified
 329              	@ 369 "ChibiOS_2.6.6/os/ports/common/ARMCMx/CMSIS/include/core_cmInstr.h" 1
 330 005c 1BBA     		rev r3, r3
 331              	@ 0 "" 2
 332              	.LVL38:
 333              		.thumb
 334              		.syntax unified
 335              	.LBE23:
 336              	.LBE22:
 337              		.loc 1 234 0
 338 005e 0493     		str	r3, [sp, #16]
 339              	.LVL39:
 340              	.LBB24:
 341              	.LBB25:
 342              		.loc 2 369 0
ARM GAS  /tmp/ccVTGgR5.s 			page 7


 343 0060 6368     		ldr	r3, [r4, #4]
 344              		.syntax unified
 345              	@ 369 "ChibiOS_2.6.6/os/ports/common/ARMCMx/CMSIS/include/core_cmInstr.h" 1
 346 0062 1BBA     		rev r3, r3
 347              	@ 0 "" 2
 348              	.LVL40:
 349              		.thumb
 350              		.syntax unified
 351              	.LBE25:
 352              	.LBE24:
 353              		.loc 1 237 0
 354 0064 04A8     		add	r0, sp, #16
 355              		.loc 1 236 0
 356 0066 0593     		str	r3, [sp, #20]
 357              		.loc 1 237 0
 358 0068 FFF7FEFF 		bl	CRYP_IVInit
 359              	.LVL41:
 360              		.loc 1 240 0
 361 006c FFF7FEFF 		bl	CRYP_FIFOFlush
 362              	.LVL42:
 363              		.loc 1 243 0
 364 0070 0120     		movs	r0, #1
 365 0072 FFF7FEFF 		bl	CRYP_Cmd
 366              	.LVL43:
 367              		.loc 1 245 0
 368 0076 B9F1000F 		cmp	r9, #0
 369 007a 31D0     		beq	.L22
 370 007c 6FF00308 		mvn	r8, #3
 371 0080 A8EB0608 		sub	r8, r8, r6
 372 0084 341D     		adds	r4, r6, #4
 373              	.LVL44:
 374              		.loc 1 254 0
 375 0086 0025     		movs	r5, #0
 376              	.LVL45:
 377              	.L27:
 378              		.loc 1 248 0
 379 0088 54F8040C 		ldr	r0, [r4, #-4]
 380 008c FFF7FEFF 		bl	CRYP_DataIn
 381              	.LVL46:
 382              		.loc 1 250 0
 383 0090 2068     		ldr	r0, [r4]
 384 0092 FFF7FEFF 		bl	CRYP_DataIn
 385              	.LVL47:
 386              		.loc 1 254 0
 387 0096 0195     		str	r5, [sp, #4]
 388 0098 00E0     		b	.L24
 389              	.LVL48:
 390              	.L35:
 391              		.loc 1 259 0 discriminator 1
 392 009a 90B1     		cbz	r0, .L25
 393              	.LVL49:
 394              	.L24:
 395              		.loc 1 257 0 discriminator 2
 396 009c 1020     		movs	r0, #16
 397 009e FFF7FEFF 		bl	CRYP_GetFlagStatus
 398              	.LVL50:
 399              		.loc 1 258 0 discriminator 2
ARM GAS  /tmp/ccVTGgR5.s 			page 8


 400 00a2 019B     		ldr	r3, [sp, #4]
 401 00a4 0133     		adds	r3, r3, #1
 402 00a6 0193     		str	r3, [sp, #4]
 403              		.loc 1 259 0 discriminator 2
 404 00a8 019B     		ldr	r3, [sp, #4]
 405 00aa B3F5803F 		cmp	r3, #65536
 406 00ae F4D1     		bne	.L35
 407              		.loc 1 261 0
 408 00b0 38B1     		cbz	r0, .L25
 409              		.loc 1 263 0
 410 00b2 0024     		movs	r4, #0
 411              	.LVL51:
 412              	.L26:
 413              		.loc 1 276 0
 414 00b4 0020     		movs	r0, #0
 415 00b6 FFF7FEFF 		bl	CRYP_Cmd
 416              	.LVL52:
 417              		.loc 1 279 0
 418 00ba 2046     		mov	r0, r4
 419 00bc 10B0     		add	sp, sp, #64
 420              		.cfi_remember_state
 421              		.cfi_def_cfa_offset 32
 422              		@ sp needed
 423 00be BDE8F087 		pop	{r4, r5, r6, r7, r8, r9, r10, pc}
 424              	.LVL53:
 425              	.L25:
 426              		.cfi_restore_state
 427              		.loc 1 268 0
 428 00c2 FFF7FEFF 		bl	CRYP_DataOut
 429              	.LVL54:
 430 00c6 A31B     		subs	r3, r4, r6
 431 00c8 3B44     		add	r3, r3, r7
 432 00ca 43F8040C 		str	r0, [r3, #-4]
 433              	.LVL55:
 434              		.loc 1 270 0
 435 00ce FFF7FEFF 		bl	CRYP_DataOut
 436              	.LVL56:
 437 00d2 BB1B     		subs	r3, r7, r6
 438 00d4 1851     		str	r0, [r3, r4]
 439              	.LVL57:
 440 00d6 0834     		adds	r4, r4, #8
 441              	.LVL58:
 442              		.loc 1 245 0
 443 00d8 08EB0403 		add	r3, r8, r4
 444 00dc 9945     		cmp	r9, r3
 445 00de D3D8     		bhi	.L27
 446              	.LVL59:
 447              	.L22:
 448              		.loc 1 197 0
 449 00e0 0124     		movs	r4, #1
 450 00e2 E7E7     		b	.L26
 451              		.cfi_endproc
 452              	.LFE112:
 453              		.size	CRYP_DES_CBC, .-CRYP_DES_CBC
 454              		.text
 455              	.Letext0:
 456              		.file 3 "/usr/arm-none-eabi/include/machine/_default_types.h"
ARM GAS  /tmp/ccVTGgR5.s 			page 9


 457              		.file 4 "/usr/arm-none-eabi/include/sys/_stdint.h"
 458              		.file 5 "ChibiOS_2.6.6/os/hal/platforms/STM32F4xx/stm32f4xx.h"
 459              		.file 6 "ChibiOS_2.6.6/ext/stdperiph_stm32f4/inc/stm32f4xx_cryp.h"
 460              		.file 7 "ChibiOS_2.6.6/os/ports/common/ARMCMx/CMSIS/include/core_cm4.h"
 461              		.section	.debug_info,"",%progbits
 462              	.Ldebug_info0:
 463 0000 28070000 		.4byte	0x728
 464 0004 0400     		.2byte	0x4
 465 0006 00000000 		.4byte	.Ldebug_abbrev0
 466 000a 04       		.byte	0x4
 467 000b 01       		.uleb128 0x1
 468 000c D7030000 		.4byte	.LASF68
 469 0010 0C       		.byte	0xc
 470 0011 44000000 		.4byte	.LASF69
 471 0015 1D030000 		.4byte	.LASF70
 472 0019 00000000 		.4byte	.Ldebug_ranges0+0
 473 001d 00000000 		.4byte	0
 474 0021 00000000 		.4byte	.Ldebug_line0
 475 0025 02       		.uleb128 0x2
 476 0026 01       		.byte	0x1
 477 0027 06       		.byte	0x6
 478 0028 D9010000 		.4byte	.LASF0
 479 002c 03       		.uleb128 0x3
 480 002d 77010000 		.4byte	.LASF3
 481 0031 03       		.byte	0x3
 482 0032 2B       		.byte	0x2b
 483 0033 37000000 		.4byte	0x37
 484 0037 02       		.uleb128 0x2
 485 0038 01       		.byte	0x1
 486 0039 08       		.byte	0x8
 487 003a B6010000 		.4byte	.LASF1
 488 003e 02       		.uleb128 0x2
 489 003f 02       		.byte	0x2
 490 0040 05       		.byte	0x5
 491 0041 41010000 		.4byte	.LASF2
 492 0045 03       		.uleb128 0x3
 493 0046 B3000000 		.4byte	.LASF4
 494 004a 03       		.byte	0x3
 495 004b 39       		.byte	0x39
 496 004c 50000000 		.4byte	0x50
 497 0050 02       		.uleb128 0x2
 498 0051 02       		.byte	0x2
 499 0052 07       		.byte	0x7
 500 0053 73020000 		.4byte	.LASF5
 501 0057 03       		.uleb128 0x3
 502 0058 3E030000 		.4byte	.LASF6
 503 005c 03       		.byte	0x3
 504 005d 4D       		.byte	0x4d
 505 005e 62000000 		.4byte	0x62
 506 0062 02       		.uleb128 0x2
 507 0063 04       		.byte	0x4
 508 0064 05       		.byte	0x5
 509 0065 62010000 		.4byte	.LASF7
 510 0069 03       		.uleb128 0x3
 511 006a 99000000 		.4byte	.LASF8
 512 006e 03       		.byte	0x3
 513 006f 4F       		.byte	0x4f
ARM GAS  /tmp/ccVTGgR5.s 			page 10


 514 0070 74000000 		.4byte	0x74
 515 0074 02       		.uleb128 0x2
 516 0075 04       		.byte	0x4
 517 0076 07       		.byte	0x7
 518 0077 00030000 		.4byte	.LASF9
 519 007b 02       		.uleb128 0x2
 520 007c 08       		.byte	0x8
 521 007d 05       		.byte	0x5
 522 007e 54010000 		.4byte	.LASF10
 523 0082 02       		.uleb128 0x2
 524 0083 08       		.byte	0x8
 525 0084 07       		.byte	0x7
 526 0085 E5010000 		.4byte	.LASF11
 527 0089 04       		.uleb128 0x4
 528 008a 04       		.byte	0x4
 529 008b 05       		.byte	0x5
 530 008c 696E7400 		.ascii	"int\000"
 531 0090 02       		.uleb128 0x2
 532 0091 04       		.byte	0x4
 533 0092 07       		.byte	0x7
 534 0093 12020000 		.4byte	.LASF12
 535 0097 03       		.uleb128 0x3
 536 0098 FD000000 		.4byte	.LASF13
 537 009c 04       		.byte	0x4
 538 009d 18       		.byte	0x18
 539 009e 2C000000 		.4byte	0x2c
 540 00a2 03       		.uleb128 0x3
 541 00a3 1F020000 		.4byte	.LASF14
 542 00a7 04       		.byte	0x4
 543 00a8 24       		.byte	0x24
 544 00a9 45000000 		.4byte	0x45
 545 00ad 03       		.uleb128 0x3
 546 00ae A7020000 		.4byte	.LASF15
 547 00b2 04       		.byte	0x4
 548 00b3 2C       		.byte	0x2c
 549 00b4 57000000 		.4byte	0x57
 550 00b8 05       		.uleb128 0x5
 551 00b9 AD000000 		.4byte	0xad
 552 00bd 03       		.uleb128 0x3
 553 00be 09020000 		.4byte	.LASF16
 554 00c2 04       		.byte	0x4
 555 00c3 30       		.byte	0x30
 556 00c4 69000000 		.4byte	0x69
 557 00c8 05       		.uleb128 0x5
 558 00c9 BD000000 		.4byte	0xbd
 559 00cd 06       		.uleb128 0x6
 560 00ce 9D030000 		.4byte	.LASF71
 561 00d2 07       		.byte	0x7
 562 00d3 9806     		.2byte	0x698
 563 00d5 B8000000 		.4byte	0xb8
 564 00d9 07       		.uleb128 0x7
 565 00da 07       		.byte	0x7
 566 00db 01       		.byte	0x1
 567 00dc 37000000 		.4byte	0x37
 568 00e0 05       		.byte	0x5
 569 00e1 F701     		.2byte	0x1f7
 570 00e3 F4000000 		.4byte	0xf4
ARM GAS  /tmp/ccVTGgR5.s 			page 11


 571 00e7 08       		.uleb128 0x8
 572 00e8 48030000 		.4byte	.LASF17
 573 00ec 00       		.byte	0
 574 00ed 09       		.uleb128 0x9
 575 00ee 53455400 		.ascii	"SET\000"
 576 00f2 01       		.byte	0x1
 577 00f3 00       		.byte	0
 578 00f4 07       		.uleb128 0x7
 579 00f5 07       		.byte	0x7
 580 00f6 01       		.byte	0x1
 581 00f7 37000000 		.4byte	0x37
 582 00fb 05       		.byte	0x5
 583 00fc F901     		.2byte	0x1f9
 584 00fe 0F010000 		.4byte	0x10f
 585 0102 08       		.uleb128 0x8
 586 0103 31010000 		.4byte	.LASF18
 587 0107 00       		.byte	0
 588 0108 08       		.uleb128 0x8
 589 0109 C2030000 		.4byte	.LASF19
 590 010d 01       		.byte	0x1
 591 010e 00       		.byte	0
 592 010f 07       		.uleb128 0x7
 593 0110 07       		.byte	0x7
 594 0111 01       		.byte	0x1
 595 0112 37000000 		.4byte	0x37
 596 0116 05       		.byte	0x5
 597 0117 FC01     		.2byte	0x1fc
 598 0119 2A010000 		.4byte	0x12a
 599 011d 08       		.uleb128 0x8
 600 011e 81010000 		.4byte	.LASF20
 601 0122 00       		.byte	0
 602 0123 08       		.uleb128 0x8
 603 0124 6B020000 		.4byte	.LASF21
 604 0128 01       		.byte	0x1
 605 0129 00       		.byte	0
 606 012a 0A       		.uleb128 0xa
 607 012b 6B010000 		.4byte	.LASF22
 608 012f 05       		.byte	0x5
 609 0130 FC01     		.2byte	0x1fc
 610 0132 0F010000 		.4byte	0x10f
 611 0136 0B       		.uleb128 0xb
 612 0137 08       		.byte	0x8
 613 0138 06       		.byte	0x6
 614 0139 35       		.byte	0x35
 615 013a 6F010000 		.4byte	0x16f
 616 013e 0C       		.uleb128 0xc
 617 013f 87010000 		.4byte	.LASF23
 618 0143 06       		.byte	0x6
 619 0144 37       		.byte	0x37
 620 0145 A2000000 		.4byte	0xa2
 621 0149 00       		.byte	0
 622 014a 0C       		.uleb128 0xc
 623 014b C9030000 		.4byte	.LASF24
 624 014f 06       		.byte	0x6
 625 0150 39       		.byte	0x39
 626 0151 A2000000 		.4byte	0xa2
 627 0155 02       		.byte	0x2
ARM GAS  /tmp/ccVTGgR5.s 			page 12


 628 0156 0C       		.uleb128 0xc
 629 0157 36020000 		.4byte	.LASF25
 630 015b 06       		.byte	0x6
 631 015c 3C       		.byte	0x3c
 632 015d A2000000 		.4byte	0xa2
 633 0161 04       		.byte	0x4
 634 0162 0C       		.uleb128 0xc
 635 0163 D9020000 		.4byte	.LASF26
 636 0167 06       		.byte	0x6
 637 0168 3E       		.byte	0x3e
 638 0169 A2000000 		.4byte	0xa2
 639 016d 06       		.byte	0x6
 640 016e 00       		.byte	0
 641 016f 03       		.uleb128 0x3
 642 0170 88000000 		.4byte	.LASF27
 643 0174 06       		.byte	0x6
 644 0175 41       		.byte	0x41
 645 0176 36010000 		.4byte	0x136
 646 017a 0B       		.uleb128 0xb
 647 017b 20       		.byte	0x20
 648 017c 06       		.byte	0x6
 649 017d 46       		.byte	0x46
 650 017e E3010000 		.4byte	0x1e3
 651 0182 0C       		.uleb128 0xc
 652 0183 28020000 		.4byte	.LASF28
 653 0187 06       		.byte	0x6
 654 0188 48       		.byte	0x48
 655 0189 BD000000 		.4byte	0xbd
 656 018d 00       		.byte	0
 657 018e 0C       		.uleb128 0xc
 658 018f CA020000 		.4byte	.LASF29
 659 0193 06       		.byte	0x6
 660 0194 49       		.byte	0x49
 661 0195 BD000000 		.4byte	0xbd
 662 0199 04       		.byte	0x4
 663 019a 0C       		.uleb128 0xc
 664 019b 8F030000 		.4byte	.LASF30
 665 019f 06       		.byte	0x6
 666 01a0 4A       		.byte	0x4a
 667 01a1 BD000000 		.4byte	0xbd
 668 01a5 08       		.byte	0x8
 669 01a6 0C       		.uleb128 0xc
 670 01a7 BE000000 		.4byte	.LASF31
 671 01ab 06       		.byte	0x6
 672 01ac 4B       		.byte	0x4b
 673 01ad BD000000 		.4byte	0xbd
 674 01b1 0C       		.byte	0xc
 675 01b2 0C       		.uleb128 0xc
 676 01b3 44020000 		.4byte	.LASF32
 677 01b7 06       		.byte	0x6
 678 01b8 4C       		.byte	0x4c
 679 01b9 BD000000 		.4byte	0xbd
 680 01bd 10       		.byte	0x10
 681 01be 0C       		.uleb128 0xc
 682 01bf AF020000 		.4byte	.LASF33
 683 01c3 06       		.byte	0x6
 684 01c4 4D       		.byte	0x4d
ARM GAS  /tmp/ccVTGgR5.s 			page 13


 685 01c5 BD000000 		.4byte	0xbd
 686 01c9 14       		.byte	0x14
 687 01ca 0C       		.uleb128 0xc
 688 01cb 8D020000 		.4byte	.LASF34
 689 01cf 06       		.byte	0x6
 690 01d0 4E       		.byte	0x4e
 691 01d1 BD000000 		.4byte	0xbd
 692 01d5 18       		.byte	0x18
 693 01d6 0C       		.uleb128 0xc
 694 01d7 A4000000 		.4byte	.LASF35
 695 01db 06       		.byte	0x6
 696 01dc 4F       		.byte	0x4f
 697 01dd BD000000 		.4byte	0xbd
 698 01e1 1C       		.byte	0x1c
 699 01e2 00       		.byte	0
 700 01e3 03       		.uleb128 0x3
 701 01e4 94010000 		.4byte	.LASF36
 702 01e8 06       		.byte	0x6
 703 01e9 50       		.byte	0x50
 704 01ea 7A010000 		.4byte	0x17a
 705 01ee 0B       		.uleb128 0xb
 706 01ef 10       		.byte	0x10
 707 01f0 06       		.byte	0x6
 708 01f1 54       		.byte	0x54
 709 01f2 27020000 		.4byte	0x227
 710 01f6 0C       		.uleb128 0xc
 711 01f7 CC010000 		.4byte	.LASF37
 712 01fb 06       		.byte	0x6
 713 01fc 56       		.byte	0x56
 714 01fd BD000000 		.4byte	0xbd
 715 0201 00       		.byte	0
 716 0202 0C       		.uleb128 0xc
 717 0203 A8010000 		.4byte	.LASF38
 718 0207 06       		.byte	0x6
 719 0208 57       		.byte	0x57
 720 0209 BD000000 		.4byte	0xbd
 721 020d 04       		.byte	0x4
 722 020e 0C       		.uleb128 0xc
 723 020f 4E030000 		.4byte	.LASF39
 724 0213 06       		.byte	0x6
 725 0214 58       		.byte	0x58
 726 0215 BD000000 		.4byte	0xbd
 727 0219 08       		.byte	0x8
 728 021a 0C       		.uleb128 0xc
 729 021b B4030000 		.4byte	.LASF40
 730 021f 06       		.byte	0x6
 731 0220 59       		.byte	0x59
 732 0221 BD000000 		.4byte	0xbd
 733 0225 0C       		.byte	0xc
 734 0226 00       		.byte	0
 735 0227 03       		.uleb128 0x3
 736 0228 07000000 		.4byte	.LASF41
 737 022c 06       		.byte	0x6
 738 022d 5A       		.byte	0x5a
 739 022e EE010000 		.4byte	0x1ee
 740 0232 0D       		.uleb128 0xd
 741 0233 E6020000 		.4byte	.LASF57
ARM GAS  /tmp/ccVTGgR5.s 			page 14


 742 0237 01       		.byte	0x1
 743 0238 C3       		.byte	0xc3
 744 0239 2A010000 		.4byte	0x12a
 745 023d 00000000 		.4byte	.LFB112
 746 0241 E4000000 		.4byte	.LFE112-.LFB112
 747 0245 01       		.uleb128 0x1
 748 0246 9C       		.byte	0x9c
 749 0247 AD040000 		.4byte	0x4ad
 750 024b 0E       		.uleb128 0xe
 751 024c 84030000 		.4byte	.LASF42
 752 0250 01       		.byte	0x1
 753 0251 C3       		.byte	0xc3
 754 0252 97000000 		.4byte	0x97
 755 0256 00000000 		.4byte	.LLST12
 756 025a 0F       		.uleb128 0xf
 757 025b 4B657900 		.ascii	"Key\000"
 758 025f 01       		.byte	0x1
 759 0260 C3       		.byte	0xc3
 760 0261 AD040000 		.4byte	0x4ad
 761 0265 21000000 		.4byte	.LLST13
 762 0269 0E       		.uleb128 0xe
 763 026a EB000000 		.4byte	.LASF43
 764 026e 01       		.byte	0x1
 765 026f C3       		.byte	0xc3
 766 0270 AD040000 		.4byte	0x4ad
 767 0274 4D000000 		.4byte	.LLST14
 768 0278 0E       		.uleb128 0xe
 769 0279 89030000 		.4byte	.LASF44
 770 027d 01       		.byte	0x1
 771 027e C4       		.byte	0xc4
 772 027f AD040000 		.4byte	0x4ad
 773 0283 79000000 		.4byte	.LLST15
 774 0287 0E       		.uleb128 0xe
 775 0288 16010000 		.4byte	.LASF45
 776 028c 01       		.byte	0x1
 777 028d C4       		.byte	0xc4
 778 028e BD000000 		.4byte	0xbd
 779 0292 97000000 		.4byte	.LLST16
 780 0296 0E       		.uleb128 0xe
 781 0297 81000000 		.4byte	.LASF46
 782 029b 01       		.byte	0x1
 783 029c C4       		.byte	0xc4
 784 029d AD040000 		.4byte	0x4ad
 785 02a1 B7000000 		.4byte	.LLST17
 786 02a5 10       		.uleb128 0x10
 787 02a6 D4000000 		.4byte	.LASF47
 788 02aa 01       		.byte	0x1
 789 02ab C6       		.byte	0xc6
 790 02ac 6F010000 		.4byte	0x16f
 791 02b0 03       		.uleb128 0x3
 792 02b1 91       		.byte	0x91
 793 02b2 A87F     		.sleb128 -88
 794 02b4 10       		.uleb128 0x10
 795 02b5 5B030000 		.4byte	.LASF48
 796 02b9 01       		.byte	0x1
 797 02ba C7       		.byte	0xc7
 798 02bb E3010000 		.4byte	0x1e3
ARM GAS  /tmp/ccVTGgR5.s 			page 15


 799 02bf 02       		.uleb128 0x2
 800 02c0 91       		.byte	0x91
 801 02c1 40       		.sleb128 -64
 802 02c2 10       		.uleb128 0x10
 803 02c3 52020000 		.4byte	.LASF49
 804 02c7 01       		.byte	0x1
 805 02c8 C8       		.byte	0xc8
 806 02c9 27020000 		.4byte	0x227
 807 02cd 03       		.uleb128 0x3
 808 02ce 91       		.byte	0x91
 809 02cf B07F     		.sleb128 -80
 810 02d1 10       		.uleb128 0x10
 811 02d2 C4010000 		.4byte	.LASF50
 812 02d6 01       		.byte	0x1
 813 02d7 C9       		.byte	0xc9
 814 02d8 C8000000 		.4byte	0xc8
 815 02dc 03       		.uleb128 0x3
 816 02dd 91       		.byte	0x91
 817 02de A47F     		.sleb128 -92
 818 02e0 11       		.uleb128 0x11
 819 02e1 12030000 		.4byte	.LASF51
 820 02e5 01       		.byte	0x1
 821 02e6 CA       		.byte	0xca
 822 02e7 BD000000 		.4byte	0xbd
 823 02eb D7000000 		.4byte	.LLST18
 824 02ef 12       		.uleb128 0x12
 825 02f0 86020000 		.4byte	.LASF52
 826 02f4 01       		.byte	0x1
 827 02f5 CB       		.byte	0xcb
 828 02f6 2A010000 		.4byte	0x12a
 829 02fa 01       		.byte	0x1
 830 02fb 11       		.uleb128 0x11
 831 02fc 39010000 		.4byte	.LASF53
 832 0300 01       		.byte	0x1
 833 0301 CC       		.byte	0xcc
 834 0302 BD000000 		.4byte	0xbd
 835 0306 0C010000 		.4byte	.LLST19
 836 030a 11       		.uleb128 0x11
 837 030b 1A000000 		.4byte	.LASF54
 838 030f 01       		.byte	0x1
 839 0310 CD       		.byte	0xcd
 840 0311 BD000000 		.4byte	0xbd
 841 0315 47010000 		.4byte	.LLST20
 842 0319 11       		.uleb128 0x11
 843 031a 05010000 		.4byte	.LASF55
 844 031e 01       		.byte	0x1
 845 031f CE       		.byte	0xce
 846 0320 BD000000 		.4byte	0xbd
 847 0324 A4010000 		.4byte	.LLST21
 848 0328 11       		.uleb128 0x11
 849 0329 CD000000 		.4byte	.LASF56
 850 032d 01       		.byte	0x1
 851 032e CF       		.byte	0xcf
 852 032f BD000000 		.4byte	0xbd
 853 0333 F4010000 		.4byte	.LLST22
 854 0337 13       		.uleb128 0x13
 855 0338 6900     		.ascii	"i\000"
ARM GAS  /tmp/ccVTGgR5.s 			page 16


 856 033a 01       		.byte	0x1
 857 033b D0       		.byte	0xd0
 858 033c BD000000 		.4byte	0xbd
 859 0340 2F020000 		.4byte	.LLST23
 860 0344 14       		.uleb128 0x14
 861 0345 95060000 		.4byte	0x695
 862 0349 48000000 		.4byte	.LBB18
 863 034d 04000000 		.4byte	.LBE18-.LBB18
 864 0351 01       		.byte	0x1
 865 0352 E4       		.byte	0xe4
 866 0353 70030000 		.4byte	0x370
 867 0357 15       		.uleb128 0x15
 868 0358 A6060000 		.4byte	0x6a6
 869 035c 8B020000 		.4byte	.LLST24
 870 0360 16       		.uleb128 0x16
 871 0361 48000000 		.4byte	.LBB19
 872 0365 04000000 		.4byte	.LBE19-.LBB19
 873 0369 17       		.uleb128 0x17
 874 036a B2060000 		.4byte	0x6b2
 875 036e 00       		.byte	0
 876 036f 00       		.byte	0
 877 0370 14       		.uleb128 0x14
 878 0371 95060000 		.4byte	0x695
 879 0375 4E000000 		.4byte	.LBB20
 880 0379 04000000 		.4byte	.LBE20-.LBB20
 881 037d 01       		.byte	0x1
 882 037e E6       		.byte	0xe6
 883 037f 9C030000 		.4byte	0x39c
 884 0383 15       		.uleb128 0x15
 885 0384 A6060000 		.4byte	0x6a6
 886 0388 9F020000 		.4byte	.LLST25
 887 038c 16       		.uleb128 0x16
 888 038d 4E000000 		.4byte	.LBB21
 889 0391 04000000 		.4byte	.LBE21-.LBB21
 890 0395 17       		.uleb128 0x17
 891 0396 B2060000 		.4byte	0x6b2
 892 039a 00       		.byte	0
 893 039b 00       		.byte	0
 894 039c 14       		.uleb128 0x14
 895 039d 95060000 		.4byte	0x695
 896 03a1 5A000000 		.4byte	.LBB22
 897 03a5 04000000 		.4byte	.LBE22-.LBB22
 898 03a9 01       		.byte	0x1
 899 03aa EA       		.byte	0xea
 900 03ab C8030000 		.4byte	0x3c8
 901 03af 15       		.uleb128 0x15
 902 03b0 A6060000 		.4byte	0x6a6
 903 03b4 B3020000 		.4byte	.LLST26
 904 03b8 16       		.uleb128 0x16
 905 03b9 5A000000 		.4byte	.LBB23
 906 03bd 04000000 		.4byte	.LBE23-.LBB23
 907 03c1 17       		.uleb128 0x17
 908 03c2 B2060000 		.4byte	0x6b2
 909 03c6 00       		.byte	0
 910 03c7 00       		.byte	0
 911 03c8 14       		.uleb128 0x14
 912 03c9 95060000 		.4byte	0x695
ARM GAS  /tmp/ccVTGgR5.s 			page 17


 913 03cd 60000000 		.4byte	.LBB24
 914 03d1 04000000 		.4byte	.LBE24-.LBB24
 915 03d5 01       		.byte	0x1
 916 03d6 EC       		.byte	0xec
 917 03d7 F4030000 		.4byte	0x3f4
 918 03db 15       		.uleb128 0x15
 919 03dc A6060000 		.4byte	0x6a6
 920 03e0 C7020000 		.4byte	.LLST27
 921 03e4 16       		.uleb128 0x16
 922 03e5 60000000 		.4byte	.LBB25
 923 03e9 04000000 		.4byte	.LBE25-.LBB25
 924 03ed 17       		.uleb128 0x17
 925 03ee B2060000 		.4byte	0x6b2
 926 03f2 00       		.byte	0
 927 03f3 00       		.byte	0
 928 03f4 18       		.uleb128 0x18
 929 03f5 20000000 		.4byte	.LVL32
 930 03f9 BF060000 		.4byte	0x6bf
 931 03fd 08040000 		.4byte	0x408
 932 0401 19       		.uleb128 0x19
 933 0402 01       		.uleb128 0x1
 934 0403 50       		.byte	0x50
 935 0404 02       		.uleb128 0x2
 936 0405 91       		.byte	0x91
 937 0406 40       		.sleb128 -64
 938 0407 00       		.byte	0
 939 0408 18       		.uleb128 0x18
 940 0409 48000000 		.4byte	.LVL33
 941 040d CB060000 		.4byte	0x6cb
 942 0411 1D040000 		.4byte	0x41d
 943 0415 19       		.uleb128 0x19
 944 0416 01       		.uleb128 0x1
 945 0417 50       		.byte	0x50
 946 0418 03       		.uleb128 0x3
 947 0419 91       		.byte	0x91
 948 041a A87F     		.sleb128 -88
 949 041c 00       		.byte	0
 950 041d 18       		.uleb128 0x18
 951 041e 5A000000 		.4byte	.LVL37
 952 0422 D7060000 		.4byte	0x6d7
 953 0426 31040000 		.4byte	0x431
 954 042a 19       		.uleb128 0x19
 955 042b 01       		.uleb128 0x1
 956 042c 50       		.byte	0x50
 957 042d 02       		.uleb128 0x2
 958 042e 91       		.byte	0x91
 959 042f 40       		.sleb128 -64
 960 0430 00       		.byte	0
 961 0431 18       		.uleb128 0x18
 962 0432 6C000000 		.4byte	.LVL41
 963 0436 E3060000 		.4byte	0x6e3
 964 043a 46040000 		.4byte	0x446
 965 043e 19       		.uleb128 0x19
 966 043f 01       		.uleb128 0x1
 967 0440 50       		.byte	0x50
 968 0441 03       		.uleb128 0x3
 969 0442 91       		.byte	0x91
ARM GAS  /tmp/ccVTGgR5.s 			page 18


 970 0443 B07F     		.sleb128 -80
 971 0445 00       		.byte	0
 972 0446 1A       		.uleb128 0x1a
 973 0447 70000000 		.4byte	.LVL42
 974 044b EF060000 		.4byte	0x6ef
 975 044f 18       		.uleb128 0x18
 976 0450 76000000 		.4byte	.LVL43
 977 0454 FB060000 		.4byte	0x6fb
 978 0458 62040000 		.4byte	0x462
 979 045c 19       		.uleb128 0x19
 980 045d 01       		.uleb128 0x1
 981 045e 50       		.byte	0x50
 982 045f 01       		.uleb128 0x1
 983 0460 31       		.byte	0x31
 984 0461 00       		.byte	0
 985 0462 1A       		.uleb128 0x1a
 986 0463 90000000 		.4byte	.LVL46
 987 0467 07070000 		.4byte	0x707
 988 046b 1A       		.uleb128 0x1a
 989 046c 96000000 		.4byte	.LVL47
 990 0470 07070000 		.4byte	0x707
 991 0474 18       		.uleb128 0x18
 992 0475 A2000000 		.4byte	.LVL50
 993 0479 13070000 		.4byte	0x713
 994 047d 87040000 		.4byte	0x487
 995 0481 19       		.uleb128 0x19
 996 0482 01       		.uleb128 0x1
 997 0483 50       		.byte	0x50
 998 0484 01       		.uleb128 0x1
 999 0485 40       		.byte	0x40
 1000 0486 00       		.byte	0
 1001 0487 18       		.uleb128 0x18
 1002 0488 BA000000 		.4byte	.LVL52
 1003 048c FB060000 		.4byte	0x6fb
 1004 0490 9A040000 		.4byte	0x49a
 1005 0494 19       		.uleb128 0x19
 1006 0495 01       		.uleb128 0x1
 1007 0496 50       		.byte	0x50
 1008 0497 01       		.uleb128 0x1
 1009 0498 30       		.byte	0x30
 1010 0499 00       		.byte	0
 1011 049a 1A       		.uleb128 0x1a
 1012 049b C6000000 		.4byte	.LVL54
 1013 049f 1F070000 		.4byte	0x71f
 1014 04a3 1A       		.uleb128 0x1a
 1015 04a4 D2000000 		.4byte	.LVL56
 1016 04a8 1F070000 		.4byte	0x71f
 1017 04ac 00       		.byte	0
 1018 04ad 1B       		.uleb128 0x1b
 1019 04ae 04       		.byte	0x4
 1020 04af 97000000 		.4byte	0x97
 1021 04b3 0D       		.uleb128 0xd
 1022 04b4 F3020000 		.4byte	.LASF58
 1023 04b8 01       		.byte	0x1
 1024 04b9 64       		.byte	0x64
 1025 04ba 2A010000 		.4byte	0x12a
 1026 04be 00000000 		.4byte	.LFB111
ARM GAS  /tmp/ccVTGgR5.s 			page 19


 1027 04c2 CC000000 		.4byte	.LFE111-.LFB111
 1028 04c6 01       		.uleb128 0x1
 1029 04c7 9C       		.byte	0x9c
 1030 04c8 95060000 		.4byte	0x695
 1031 04cc 0E       		.uleb128 0xe
 1032 04cd 84030000 		.4byte	.LASF42
 1033 04d1 01       		.byte	0x1
 1034 04d2 64       		.byte	0x64
 1035 04d3 97000000 		.4byte	0x97
 1036 04d7 DB020000 		.4byte	.LLST0
 1037 04db 0F       		.uleb128 0xf
 1038 04dc 4B657900 		.ascii	"Key\000"
 1039 04e0 01       		.byte	0x1
 1040 04e1 64       		.byte	0x64
 1041 04e2 AD040000 		.4byte	0x4ad
 1042 04e6 FC020000 		.4byte	.LLST1
 1043 04ea 0E       		.uleb128 0xe
 1044 04eb 89030000 		.4byte	.LASF44
 1045 04ef 01       		.byte	0x1
 1046 04f0 64       		.byte	0x64
 1047 04f1 AD040000 		.4byte	0x4ad
 1048 04f5 28030000 		.4byte	.LLST2
 1049 04f9 0E       		.uleb128 0xe
 1050 04fa 16010000 		.4byte	.LASF45
 1051 04fe 01       		.byte	0x1
 1052 04ff 65       		.byte	0x65
 1053 0500 BD000000 		.4byte	0xbd
 1054 0504 46030000 		.4byte	.LLST3
 1055 0508 0E       		.uleb128 0xe
 1056 0509 81000000 		.4byte	.LASF46
 1057 050d 01       		.byte	0x1
 1058 050e 65       		.byte	0x65
 1059 050f AD040000 		.4byte	0x4ad
 1060 0513 64030000 		.4byte	.LLST4
 1061 0517 10       		.uleb128 0x10
 1062 0518 D4000000 		.4byte	.LASF47
 1063 051c 01       		.byte	0x1
 1064 051d 67       		.byte	0x67
 1065 051e 6F010000 		.4byte	0x16f
 1066 0522 03       		.uleb128 0x3
 1067 0523 91       		.byte	0x91
 1068 0524 B87F     		.sleb128 -72
 1069 0526 10       		.uleb128 0x10
 1070 0527 5B030000 		.4byte	.LASF48
 1071 052b 01       		.byte	0x1
 1072 052c 68       		.byte	0x68
 1073 052d E3010000 		.4byte	0x1e3
 1074 0531 02       		.uleb128 0x2
 1075 0532 91       		.byte	0x91
 1076 0533 40       		.sleb128 -64
 1077 0534 10       		.uleb128 0x10
 1078 0535 C4010000 		.4byte	.LASF50
 1079 0539 01       		.byte	0x1
 1080 053a 69       		.byte	0x69
 1081 053b C8000000 		.4byte	0xc8
 1082 053f 03       		.uleb128 0x3
 1083 0540 91       		.byte	0x91
ARM GAS  /tmp/ccVTGgR5.s 			page 20


 1084 0541 B47F     		.sleb128 -76
 1085 0543 11       		.uleb128 0x11
 1086 0544 12030000 		.4byte	.LASF51
 1087 0548 01       		.byte	0x1
 1088 0549 6A       		.byte	0x6a
 1089 054a BD000000 		.4byte	0xbd
 1090 054e 84030000 		.4byte	.LLST5
 1091 0552 12       		.uleb128 0x12
 1092 0553 86020000 		.4byte	.LASF52
 1093 0557 01       		.byte	0x1
 1094 0558 6B       		.byte	0x6b
 1095 0559 2A010000 		.4byte	0x12a
 1096 055d 01       		.byte	0x1
 1097 055e 11       		.uleb128 0x11
 1098 055f 39010000 		.4byte	.LASF53
 1099 0563 01       		.byte	0x1
 1100 0564 6C       		.byte	0x6c
 1101 0565 BD000000 		.4byte	0xbd
 1102 0569 B9030000 		.4byte	.LLST6
 1103 056d 11       		.uleb128 0x11
 1104 056e 1A000000 		.4byte	.LASF54
 1105 0572 01       		.byte	0x1
 1106 0573 6D       		.byte	0x6d
 1107 0574 BD000000 		.4byte	0xbd
 1108 0578 F4030000 		.4byte	.LLST7
 1109 057c 11       		.uleb128 0x11
 1110 057d 05010000 		.4byte	.LASF55
 1111 0581 01       		.byte	0x1
 1112 0582 6E       		.byte	0x6e
 1113 0583 BD000000 		.4byte	0xbd
 1114 0587 51040000 		.4byte	.LLST8
 1115 058b 13       		.uleb128 0x13
 1116 058c 6900     		.ascii	"i\000"
 1117 058e 01       		.byte	0x1
 1118 058f 6F       		.byte	0x6f
 1119 0590 BD000000 		.4byte	0xbd
 1120 0594 A1040000 		.4byte	.LLST9
 1121 0598 14       		.uleb128 0x14
 1122 0599 95060000 		.4byte	0x695
 1123 059d 42000000 		.4byte	.LBB14
 1124 05a1 04000000 		.4byte	.LBE14-.LBB14
 1125 05a5 01       		.byte	0x1
 1126 05a6 83       		.byte	0x83
 1127 05a7 C4050000 		.4byte	0x5c4
 1128 05ab 15       		.uleb128 0x15
 1129 05ac A6060000 		.4byte	0x6a6
 1130 05b0 FD040000 		.4byte	.LLST10
 1131 05b4 16       		.uleb128 0x16
 1132 05b5 42000000 		.4byte	.LBB15
 1133 05b9 04000000 		.4byte	.LBE15-.LBB15
 1134 05bd 17       		.uleb128 0x17
 1135 05be B2060000 		.4byte	0x6b2
 1136 05c2 00       		.byte	0
 1137 05c3 00       		.byte	0
 1138 05c4 14       		.uleb128 0x14
 1139 05c5 95060000 		.4byte	0x695
 1140 05c9 48000000 		.4byte	.LBB16
ARM GAS  /tmp/ccVTGgR5.s 			page 21


 1141 05cd 04000000 		.4byte	.LBE16-.LBB16
 1142 05d1 01       		.byte	0x1
 1143 05d2 85       		.byte	0x85
 1144 05d3 F0050000 		.4byte	0x5f0
 1145 05d7 15       		.uleb128 0x15
 1146 05d8 A6060000 		.4byte	0x6a6
 1147 05dc 11050000 		.4byte	.LLST11
 1148 05e0 16       		.uleb128 0x16
 1149 05e1 48000000 		.4byte	.LBB17
 1150 05e5 04000000 		.4byte	.LBE17-.LBB17
 1151 05e9 17       		.uleb128 0x17
 1152 05ea B2060000 		.4byte	0x6b2
 1153 05ee 00       		.byte	0
 1154 05ef 00       		.byte	0
 1155 05f0 18       		.uleb128 0x18
 1156 05f1 1A000000 		.4byte	.LVL4
 1157 05f5 BF060000 		.4byte	0x6bf
 1158 05f9 04060000 		.4byte	0x604
 1159 05fd 19       		.uleb128 0x19
 1160 05fe 01       		.uleb128 0x1
 1161 05ff 50       		.byte	0x50
 1162 0600 02       		.uleb128 0x2
 1163 0601 91       		.byte	0x91
 1164 0602 40       		.sleb128 -64
 1165 0603 00       		.byte	0
 1166 0604 18       		.uleb128 0x18
 1167 0605 42000000 		.4byte	.LVL5
 1168 0609 CB060000 		.4byte	0x6cb
 1169 060d 19060000 		.4byte	0x619
 1170 0611 19       		.uleb128 0x19
 1171 0612 01       		.uleb128 0x1
 1172 0613 50       		.byte	0x50
 1173 0614 03       		.uleb128 0x3
 1174 0615 91       		.byte	0x91
 1175 0616 B87F     		.sleb128 -72
 1176 0618 00       		.byte	0
 1177 0619 18       		.uleb128 0x18
 1178 061a 54000000 		.4byte	.LVL9
 1179 061e D7060000 		.4byte	0x6d7
 1180 0622 2D060000 		.4byte	0x62d
 1181 0626 19       		.uleb128 0x19
 1182 0627 01       		.uleb128 0x1
 1183 0628 50       		.byte	0x50
 1184 0629 02       		.uleb128 0x2
 1185 062a 91       		.byte	0x91
 1186 062b 40       		.sleb128 -64
 1187 062c 00       		.byte	0
 1188 062d 1A       		.uleb128 0x1a
 1189 062e 58000000 		.4byte	.LVL10
 1190 0632 EF060000 		.4byte	0x6ef
 1191 0636 18       		.uleb128 0x18
 1192 0637 5E000000 		.4byte	.LVL11
 1193 063b FB060000 		.4byte	0x6fb
 1194 063f 49060000 		.4byte	0x649
 1195 0643 19       		.uleb128 0x19
 1196 0644 01       		.uleb128 0x1
 1197 0645 50       		.byte	0x50
ARM GAS  /tmp/ccVTGgR5.s 			page 22


 1198 0646 01       		.uleb128 0x1
 1199 0647 31       		.byte	0x31
 1200 0648 00       		.byte	0
 1201 0649 1A       		.uleb128 0x1a
 1202 064a 78000000 		.4byte	.LVL14
 1203 064e 07070000 		.4byte	0x707
 1204 0652 1A       		.uleb128 0x1a
 1205 0653 7E000000 		.4byte	.LVL15
 1206 0657 07070000 		.4byte	0x707
 1207 065b 18       		.uleb128 0x18
 1208 065c 8A000000 		.4byte	.LVL18
 1209 0660 13070000 		.4byte	0x713
 1210 0664 6E060000 		.4byte	0x66e
 1211 0668 19       		.uleb128 0x19
 1212 0669 01       		.uleb128 0x1
 1213 066a 50       		.byte	0x50
 1214 066b 01       		.uleb128 0x1
 1215 066c 40       		.byte	0x40
 1216 066d 00       		.byte	0
 1217 066e 18       		.uleb128 0x18
 1218 066f A2000000 		.4byte	.LVL20
 1219 0673 FB060000 		.4byte	0x6fb
 1220 0677 82060000 		.4byte	0x682
 1221 067b 19       		.uleb128 0x19
 1222 067c 01       		.uleb128 0x1
 1223 067d 50       		.byte	0x50
 1224 067e 02       		.uleb128 0x2
 1225 067f 75       		.byte	0x75
 1226 0680 00       		.sleb128 0
 1227 0681 00       		.byte	0
 1228 0682 1A       		.uleb128 0x1a
 1229 0683 AE000000 		.4byte	.LVL22
 1230 0687 1F070000 		.4byte	0x71f
 1231 068b 1A       		.uleb128 0x1a
 1232 068c BA000000 		.4byte	.LVL24
 1233 0690 1F070000 		.4byte	0x71f
 1234 0694 00       		.byte	0
 1235 0695 1C       		.uleb128 0x1c
 1236 0696 10010000 		.4byte	.LASF72
 1237 069a 02       		.byte	0x2
 1238 069b 6D01     		.2byte	0x16d
 1239 069d BD000000 		.4byte	0xbd
 1240 06a1 03       		.byte	0x3
 1241 06a2 BF060000 		.4byte	0x6bf
 1242 06a6 1D       		.uleb128 0x1d
 1243 06a7 F7000000 		.4byte	.LASF73
 1244 06ab 02       		.byte	0x2
 1245 06ac 6D01     		.2byte	0x16d
 1246 06ae BD000000 		.4byte	0xbd
 1247 06b2 1E       		.uleb128 0x1e
 1248 06b3 00000000 		.4byte	.LASF74
 1249 06b7 02       		.byte	0x2
 1250 06b8 6F01     		.2byte	0x16f
 1251 06ba BD000000 		.4byte	0xbd
 1252 06be 00       		.byte	0
 1253 06bf 1F       		.uleb128 0x1f
 1254 06c0 1E010000 		.4byte	.LASF59
ARM GAS  /tmp/ccVTGgR5.s 			page 23


 1255 06c4 1E010000 		.4byte	.LASF59
 1256 06c8 06       		.byte	0x6
 1257 06c9 0901     		.2byte	0x109
 1258 06cb 1F       		.uleb128 0x1f
 1259 06cc AA030000 		.4byte	.LASF60
 1260 06d0 AA030000 		.4byte	.LASF60
 1261 06d4 06       		.byte	0x6
 1262 06d5 0601     		.2byte	0x106
 1263 06d7 1F       		.uleb128 0x1f
 1264 06d8 24000000 		.4byte	.LASF61
 1265 06dc 24000000 		.4byte	.LASF61
 1266 06e0 06       		.byte	0x6
 1267 06e1 0801     		.2byte	0x108
 1268 06e3 1F       		.uleb128 0x1f
 1269 06e4 BE020000 		.4byte	.LASF62
 1270 06e8 BE020000 		.4byte	.LASF62
 1271 06ec 06       		.byte	0x6
 1272 06ed 0A01     		.2byte	0x10a
 1273 06ef 1F       		.uleb128 0x1f
 1274 06f0 75030000 		.4byte	.LASF63
 1275 06f4 75030000 		.4byte	.LASF63
 1276 06f8 06       		.byte	0x6
 1277 06f9 1101     		.2byte	0x111
 1278 06fb 1F       		.uleb128 0x1f
 1279 06fc 4B010000 		.4byte	.LASF64
 1280 0700 4B010000 		.4byte	.LASF64
 1281 0704 06       		.byte	0x6
 1282 0705 0C01     		.2byte	0x10c
 1283 0707 1F       		.uleb128 0x1f
 1284 0708 9B020000 		.4byte	.LASF65
 1285 070c 9B020000 		.4byte	.LASF65
 1286 0710 06       		.byte	0x6
 1287 0711 0F01     		.2byte	0x10f
 1288 0713 1F       		.uleb128 0x1f
 1289 0714 31000000 		.4byte	.LASF66
 1290 0718 31000000 		.4byte	.LASF66
 1291 071c 06       		.byte	0x6
 1292 071d 1E01     		.2byte	0x11e
 1293 071f 1F       		.uleb128 0x1f
 1294 0720 FC010000 		.4byte	.LASF67
 1295 0724 FC010000 		.4byte	.LASF67
 1296 0728 06       		.byte	0x6
 1297 0729 1001     		.2byte	0x110
 1298 072b 00       		.byte	0
 1299              		.section	.debug_abbrev,"",%progbits
 1300              	.Ldebug_abbrev0:
 1301 0000 01       		.uleb128 0x1
 1302 0001 11       		.uleb128 0x11
 1303 0002 01       		.byte	0x1
 1304 0003 25       		.uleb128 0x25
 1305 0004 0E       		.uleb128 0xe
 1306 0005 13       		.uleb128 0x13
 1307 0006 0B       		.uleb128 0xb
 1308 0007 03       		.uleb128 0x3
 1309 0008 0E       		.uleb128 0xe
 1310 0009 1B       		.uleb128 0x1b
 1311 000a 0E       		.uleb128 0xe
ARM GAS  /tmp/ccVTGgR5.s 			page 24


 1312 000b 55       		.uleb128 0x55
 1313 000c 17       		.uleb128 0x17
 1314 000d 11       		.uleb128 0x11
 1315 000e 01       		.uleb128 0x1
 1316 000f 10       		.uleb128 0x10
 1317 0010 17       		.uleb128 0x17
 1318 0011 00       		.byte	0
 1319 0012 00       		.byte	0
 1320 0013 02       		.uleb128 0x2
 1321 0014 24       		.uleb128 0x24
 1322 0015 00       		.byte	0
 1323 0016 0B       		.uleb128 0xb
 1324 0017 0B       		.uleb128 0xb
 1325 0018 3E       		.uleb128 0x3e
 1326 0019 0B       		.uleb128 0xb
 1327 001a 03       		.uleb128 0x3
 1328 001b 0E       		.uleb128 0xe
 1329 001c 00       		.byte	0
 1330 001d 00       		.byte	0
 1331 001e 03       		.uleb128 0x3
 1332 001f 16       		.uleb128 0x16
 1333 0020 00       		.byte	0
 1334 0021 03       		.uleb128 0x3
 1335 0022 0E       		.uleb128 0xe
 1336 0023 3A       		.uleb128 0x3a
 1337 0024 0B       		.uleb128 0xb
 1338 0025 3B       		.uleb128 0x3b
 1339 0026 0B       		.uleb128 0xb
 1340 0027 49       		.uleb128 0x49
 1341 0028 13       		.uleb128 0x13
 1342 0029 00       		.byte	0
 1343 002a 00       		.byte	0
 1344 002b 04       		.uleb128 0x4
 1345 002c 24       		.uleb128 0x24
 1346 002d 00       		.byte	0
 1347 002e 0B       		.uleb128 0xb
 1348 002f 0B       		.uleb128 0xb
 1349 0030 3E       		.uleb128 0x3e
 1350 0031 0B       		.uleb128 0xb
 1351 0032 03       		.uleb128 0x3
 1352 0033 08       		.uleb128 0x8
 1353 0034 00       		.byte	0
 1354 0035 00       		.byte	0
 1355 0036 05       		.uleb128 0x5
 1356 0037 35       		.uleb128 0x35
 1357 0038 00       		.byte	0
 1358 0039 49       		.uleb128 0x49
 1359 003a 13       		.uleb128 0x13
 1360 003b 00       		.byte	0
 1361 003c 00       		.byte	0
 1362 003d 06       		.uleb128 0x6
 1363 003e 34       		.uleb128 0x34
 1364 003f 00       		.byte	0
 1365 0040 03       		.uleb128 0x3
 1366 0041 0E       		.uleb128 0xe
 1367 0042 3A       		.uleb128 0x3a
 1368 0043 0B       		.uleb128 0xb
ARM GAS  /tmp/ccVTGgR5.s 			page 25


 1369 0044 3B       		.uleb128 0x3b
 1370 0045 05       		.uleb128 0x5
 1371 0046 49       		.uleb128 0x49
 1372 0047 13       		.uleb128 0x13
 1373 0048 3F       		.uleb128 0x3f
 1374 0049 19       		.uleb128 0x19
 1375 004a 3C       		.uleb128 0x3c
 1376 004b 19       		.uleb128 0x19
 1377 004c 00       		.byte	0
 1378 004d 00       		.byte	0
 1379 004e 07       		.uleb128 0x7
 1380 004f 04       		.uleb128 0x4
 1381 0050 01       		.byte	0x1
 1382 0051 3E       		.uleb128 0x3e
 1383 0052 0B       		.uleb128 0xb
 1384 0053 0B       		.uleb128 0xb
 1385 0054 0B       		.uleb128 0xb
 1386 0055 49       		.uleb128 0x49
 1387 0056 13       		.uleb128 0x13
 1388 0057 3A       		.uleb128 0x3a
 1389 0058 0B       		.uleb128 0xb
 1390 0059 3B       		.uleb128 0x3b
 1391 005a 05       		.uleb128 0x5
 1392 005b 01       		.uleb128 0x1
 1393 005c 13       		.uleb128 0x13
 1394 005d 00       		.byte	0
 1395 005e 00       		.byte	0
 1396 005f 08       		.uleb128 0x8
 1397 0060 28       		.uleb128 0x28
 1398 0061 00       		.byte	0
 1399 0062 03       		.uleb128 0x3
 1400 0063 0E       		.uleb128 0xe
 1401 0064 1C       		.uleb128 0x1c
 1402 0065 0B       		.uleb128 0xb
 1403 0066 00       		.byte	0
 1404 0067 00       		.byte	0
 1405 0068 09       		.uleb128 0x9
 1406 0069 28       		.uleb128 0x28
 1407 006a 00       		.byte	0
 1408 006b 03       		.uleb128 0x3
 1409 006c 08       		.uleb128 0x8
 1410 006d 1C       		.uleb128 0x1c
 1411 006e 0B       		.uleb128 0xb
 1412 006f 00       		.byte	0
 1413 0070 00       		.byte	0
 1414 0071 0A       		.uleb128 0xa
 1415 0072 16       		.uleb128 0x16
 1416 0073 00       		.byte	0
 1417 0074 03       		.uleb128 0x3
 1418 0075 0E       		.uleb128 0xe
 1419 0076 3A       		.uleb128 0x3a
 1420 0077 0B       		.uleb128 0xb
 1421 0078 3B       		.uleb128 0x3b
 1422 0079 05       		.uleb128 0x5
 1423 007a 49       		.uleb128 0x49
 1424 007b 13       		.uleb128 0x13
 1425 007c 00       		.byte	0
ARM GAS  /tmp/ccVTGgR5.s 			page 26


 1426 007d 00       		.byte	0
 1427 007e 0B       		.uleb128 0xb
 1428 007f 13       		.uleb128 0x13
 1429 0080 01       		.byte	0x1
 1430 0081 0B       		.uleb128 0xb
 1431 0082 0B       		.uleb128 0xb
 1432 0083 3A       		.uleb128 0x3a
 1433 0084 0B       		.uleb128 0xb
 1434 0085 3B       		.uleb128 0x3b
 1435 0086 0B       		.uleb128 0xb
 1436 0087 01       		.uleb128 0x1
 1437 0088 13       		.uleb128 0x13
 1438 0089 00       		.byte	0
 1439 008a 00       		.byte	0
 1440 008b 0C       		.uleb128 0xc
 1441 008c 0D       		.uleb128 0xd
 1442 008d 00       		.byte	0
 1443 008e 03       		.uleb128 0x3
 1444 008f 0E       		.uleb128 0xe
 1445 0090 3A       		.uleb128 0x3a
 1446 0091 0B       		.uleb128 0xb
 1447 0092 3B       		.uleb128 0x3b
 1448 0093 0B       		.uleb128 0xb
 1449 0094 49       		.uleb128 0x49
 1450 0095 13       		.uleb128 0x13
 1451 0096 38       		.uleb128 0x38
 1452 0097 0B       		.uleb128 0xb
 1453 0098 00       		.byte	0
 1454 0099 00       		.byte	0
 1455 009a 0D       		.uleb128 0xd
 1456 009b 2E       		.uleb128 0x2e
 1457 009c 01       		.byte	0x1
 1458 009d 3F       		.uleb128 0x3f
 1459 009e 19       		.uleb128 0x19
 1460 009f 03       		.uleb128 0x3
 1461 00a0 0E       		.uleb128 0xe
 1462 00a1 3A       		.uleb128 0x3a
 1463 00a2 0B       		.uleb128 0xb
 1464 00a3 3B       		.uleb128 0x3b
 1465 00a4 0B       		.uleb128 0xb
 1466 00a5 27       		.uleb128 0x27
 1467 00a6 19       		.uleb128 0x19
 1468 00a7 49       		.uleb128 0x49
 1469 00a8 13       		.uleb128 0x13
 1470 00a9 11       		.uleb128 0x11
 1471 00aa 01       		.uleb128 0x1
 1472 00ab 12       		.uleb128 0x12
 1473 00ac 06       		.uleb128 0x6
 1474 00ad 40       		.uleb128 0x40
 1475 00ae 18       		.uleb128 0x18
 1476 00af 9742     		.uleb128 0x2117
 1477 00b1 19       		.uleb128 0x19
 1478 00b2 01       		.uleb128 0x1
 1479 00b3 13       		.uleb128 0x13
 1480 00b4 00       		.byte	0
 1481 00b5 00       		.byte	0
 1482 00b6 0E       		.uleb128 0xe
ARM GAS  /tmp/ccVTGgR5.s 			page 27


 1483 00b7 05       		.uleb128 0x5
 1484 00b8 00       		.byte	0
 1485 00b9 03       		.uleb128 0x3
 1486 00ba 0E       		.uleb128 0xe
 1487 00bb 3A       		.uleb128 0x3a
 1488 00bc 0B       		.uleb128 0xb
 1489 00bd 3B       		.uleb128 0x3b
 1490 00be 0B       		.uleb128 0xb
 1491 00bf 49       		.uleb128 0x49
 1492 00c0 13       		.uleb128 0x13
 1493 00c1 02       		.uleb128 0x2
 1494 00c2 17       		.uleb128 0x17
 1495 00c3 00       		.byte	0
 1496 00c4 00       		.byte	0
 1497 00c5 0F       		.uleb128 0xf
 1498 00c6 05       		.uleb128 0x5
 1499 00c7 00       		.byte	0
 1500 00c8 03       		.uleb128 0x3
 1501 00c9 08       		.uleb128 0x8
 1502 00ca 3A       		.uleb128 0x3a
 1503 00cb 0B       		.uleb128 0xb
 1504 00cc 3B       		.uleb128 0x3b
 1505 00cd 0B       		.uleb128 0xb
 1506 00ce 49       		.uleb128 0x49
 1507 00cf 13       		.uleb128 0x13
 1508 00d0 02       		.uleb128 0x2
 1509 00d1 17       		.uleb128 0x17
 1510 00d2 00       		.byte	0
 1511 00d3 00       		.byte	0
 1512 00d4 10       		.uleb128 0x10
 1513 00d5 34       		.uleb128 0x34
 1514 00d6 00       		.byte	0
 1515 00d7 03       		.uleb128 0x3
 1516 00d8 0E       		.uleb128 0xe
 1517 00d9 3A       		.uleb128 0x3a
 1518 00da 0B       		.uleb128 0xb
 1519 00db 3B       		.uleb128 0x3b
 1520 00dc 0B       		.uleb128 0xb
 1521 00dd 49       		.uleb128 0x49
 1522 00de 13       		.uleb128 0x13
 1523 00df 02       		.uleb128 0x2
 1524 00e0 18       		.uleb128 0x18
 1525 00e1 00       		.byte	0
 1526 00e2 00       		.byte	0
 1527 00e3 11       		.uleb128 0x11
 1528 00e4 34       		.uleb128 0x34
 1529 00e5 00       		.byte	0
 1530 00e6 03       		.uleb128 0x3
 1531 00e7 0E       		.uleb128 0xe
 1532 00e8 3A       		.uleb128 0x3a
 1533 00e9 0B       		.uleb128 0xb
 1534 00ea 3B       		.uleb128 0x3b
 1535 00eb 0B       		.uleb128 0xb
 1536 00ec 49       		.uleb128 0x49
 1537 00ed 13       		.uleb128 0x13
 1538 00ee 02       		.uleb128 0x2
 1539 00ef 17       		.uleb128 0x17
ARM GAS  /tmp/ccVTGgR5.s 			page 28


 1540 00f0 00       		.byte	0
 1541 00f1 00       		.byte	0
 1542 00f2 12       		.uleb128 0x12
 1543 00f3 34       		.uleb128 0x34
 1544 00f4 00       		.byte	0
 1545 00f5 03       		.uleb128 0x3
 1546 00f6 0E       		.uleb128 0xe
 1547 00f7 3A       		.uleb128 0x3a
 1548 00f8 0B       		.uleb128 0xb
 1549 00f9 3B       		.uleb128 0x3b
 1550 00fa 0B       		.uleb128 0xb
 1551 00fb 49       		.uleb128 0x49
 1552 00fc 13       		.uleb128 0x13
 1553 00fd 1C       		.uleb128 0x1c
 1554 00fe 0B       		.uleb128 0xb
 1555 00ff 00       		.byte	0
 1556 0100 00       		.byte	0
 1557 0101 13       		.uleb128 0x13
 1558 0102 34       		.uleb128 0x34
 1559 0103 00       		.byte	0
 1560 0104 03       		.uleb128 0x3
 1561 0105 08       		.uleb128 0x8
 1562 0106 3A       		.uleb128 0x3a
 1563 0107 0B       		.uleb128 0xb
 1564 0108 3B       		.uleb128 0x3b
 1565 0109 0B       		.uleb128 0xb
 1566 010a 49       		.uleb128 0x49
 1567 010b 13       		.uleb128 0x13
 1568 010c 02       		.uleb128 0x2
 1569 010d 17       		.uleb128 0x17
 1570 010e 00       		.byte	0
 1571 010f 00       		.byte	0
 1572 0110 14       		.uleb128 0x14
 1573 0111 1D       		.uleb128 0x1d
 1574 0112 01       		.byte	0x1
 1575 0113 31       		.uleb128 0x31
 1576 0114 13       		.uleb128 0x13
 1577 0115 11       		.uleb128 0x11
 1578 0116 01       		.uleb128 0x1
 1579 0117 12       		.uleb128 0x12
 1580 0118 06       		.uleb128 0x6
 1581 0119 58       		.uleb128 0x58
 1582 011a 0B       		.uleb128 0xb
 1583 011b 59       		.uleb128 0x59
 1584 011c 0B       		.uleb128 0xb
 1585 011d 01       		.uleb128 0x1
 1586 011e 13       		.uleb128 0x13
 1587 011f 00       		.byte	0
 1588 0120 00       		.byte	0
 1589 0121 15       		.uleb128 0x15
 1590 0122 05       		.uleb128 0x5
 1591 0123 00       		.byte	0
 1592 0124 31       		.uleb128 0x31
 1593 0125 13       		.uleb128 0x13
 1594 0126 02       		.uleb128 0x2
 1595 0127 17       		.uleb128 0x17
 1596 0128 00       		.byte	0
ARM GAS  /tmp/ccVTGgR5.s 			page 29


 1597 0129 00       		.byte	0
 1598 012a 16       		.uleb128 0x16
 1599 012b 0B       		.uleb128 0xb
 1600 012c 01       		.byte	0x1
 1601 012d 11       		.uleb128 0x11
 1602 012e 01       		.uleb128 0x1
 1603 012f 12       		.uleb128 0x12
 1604 0130 06       		.uleb128 0x6
 1605 0131 00       		.byte	0
 1606 0132 00       		.byte	0
 1607 0133 17       		.uleb128 0x17
 1608 0134 34       		.uleb128 0x34
 1609 0135 00       		.byte	0
 1610 0136 31       		.uleb128 0x31
 1611 0137 13       		.uleb128 0x13
 1612 0138 00       		.byte	0
 1613 0139 00       		.byte	0
 1614 013a 18       		.uleb128 0x18
 1615 013b 898201   		.uleb128 0x4109
 1616 013e 01       		.byte	0x1
 1617 013f 11       		.uleb128 0x11
 1618 0140 01       		.uleb128 0x1
 1619 0141 31       		.uleb128 0x31
 1620 0142 13       		.uleb128 0x13
 1621 0143 01       		.uleb128 0x1
 1622 0144 13       		.uleb128 0x13
 1623 0145 00       		.byte	0
 1624 0146 00       		.byte	0
 1625 0147 19       		.uleb128 0x19
 1626 0148 8A8201   		.uleb128 0x410a
 1627 014b 00       		.byte	0
 1628 014c 02       		.uleb128 0x2
 1629 014d 18       		.uleb128 0x18
 1630 014e 9142     		.uleb128 0x2111
 1631 0150 18       		.uleb128 0x18
 1632 0151 00       		.byte	0
 1633 0152 00       		.byte	0
 1634 0153 1A       		.uleb128 0x1a
 1635 0154 898201   		.uleb128 0x4109
 1636 0157 00       		.byte	0
 1637 0158 11       		.uleb128 0x11
 1638 0159 01       		.uleb128 0x1
 1639 015a 31       		.uleb128 0x31
 1640 015b 13       		.uleb128 0x13
 1641 015c 00       		.byte	0
 1642 015d 00       		.byte	0
 1643 015e 1B       		.uleb128 0x1b
 1644 015f 0F       		.uleb128 0xf
 1645 0160 00       		.byte	0
 1646 0161 0B       		.uleb128 0xb
 1647 0162 0B       		.uleb128 0xb
 1648 0163 49       		.uleb128 0x49
 1649 0164 13       		.uleb128 0x13
 1650 0165 00       		.byte	0
 1651 0166 00       		.byte	0
 1652 0167 1C       		.uleb128 0x1c
 1653 0168 2E       		.uleb128 0x2e
ARM GAS  /tmp/ccVTGgR5.s 			page 30


 1654 0169 01       		.byte	0x1
 1655 016a 03       		.uleb128 0x3
 1656 016b 0E       		.uleb128 0xe
 1657 016c 3A       		.uleb128 0x3a
 1658 016d 0B       		.uleb128 0xb
 1659 016e 3B       		.uleb128 0x3b
 1660 016f 05       		.uleb128 0x5
 1661 0170 27       		.uleb128 0x27
 1662 0171 19       		.uleb128 0x19
 1663 0172 49       		.uleb128 0x49
 1664 0173 13       		.uleb128 0x13
 1665 0174 20       		.uleb128 0x20
 1666 0175 0B       		.uleb128 0xb
 1667 0176 01       		.uleb128 0x1
 1668 0177 13       		.uleb128 0x13
 1669 0178 00       		.byte	0
 1670 0179 00       		.byte	0
 1671 017a 1D       		.uleb128 0x1d
 1672 017b 05       		.uleb128 0x5
 1673 017c 00       		.byte	0
 1674 017d 03       		.uleb128 0x3
 1675 017e 0E       		.uleb128 0xe
 1676 017f 3A       		.uleb128 0x3a
 1677 0180 0B       		.uleb128 0xb
 1678 0181 3B       		.uleb128 0x3b
 1679 0182 05       		.uleb128 0x5
 1680 0183 49       		.uleb128 0x49
 1681 0184 13       		.uleb128 0x13
 1682 0185 00       		.byte	0
 1683 0186 00       		.byte	0
 1684 0187 1E       		.uleb128 0x1e
 1685 0188 34       		.uleb128 0x34
 1686 0189 00       		.byte	0
 1687 018a 03       		.uleb128 0x3
 1688 018b 0E       		.uleb128 0xe
 1689 018c 3A       		.uleb128 0x3a
 1690 018d 0B       		.uleb128 0xb
 1691 018e 3B       		.uleb128 0x3b
 1692 018f 05       		.uleb128 0x5
 1693 0190 49       		.uleb128 0x49
 1694 0191 13       		.uleb128 0x13
 1695 0192 00       		.byte	0
 1696 0193 00       		.byte	0
 1697 0194 1F       		.uleb128 0x1f
 1698 0195 2E       		.uleb128 0x2e
 1699 0196 00       		.byte	0
 1700 0197 3F       		.uleb128 0x3f
 1701 0198 19       		.uleb128 0x19
 1702 0199 3C       		.uleb128 0x3c
 1703 019a 19       		.uleb128 0x19
 1704 019b 6E       		.uleb128 0x6e
 1705 019c 0E       		.uleb128 0xe
 1706 019d 03       		.uleb128 0x3
 1707 019e 0E       		.uleb128 0xe
 1708 019f 3A       		.uleb128 0x3a
 1709 01a0 0B       		.uleb128 0xb
 1710 01a1 3B       		.uleb128 0x3b
ARM GAS  /tmp/ccVTGgR5.s 			page 31


 1711 01a2 05       		.uleb128 0x5
 1712 01a3 00       		.byte	0
 1713 01a4 00       		.byte	0
 1714 01a5 00       		.byte	0
 1715              		.section	.debug_loc,"",%progbits
 1716              	.Ldebug_loc0:
 1717              	.LLST12:
 1718 0000 00000000 		.4byte	.LVL28
 1719 0004 0E000000 		.4byte	.LVL29
 1720 0008 0100     		.2byte	0x1
 1721 000a 50       		.byte	0x50
 1722 000b 0E000000 		.4byte	.LVL29
 1723 000f E4000000 		.4byte	.LFE112
 1724 0013 0400     		.2byte	0x4
 1725 0015 F3       		.byte	0xf3
 1726 0016 01       		.uleb128 0x1
 1727 0017 50       		.byte	0x50
 1728 0018 9F       		.byte	0x9f
 1729 0019 00000000 		.4byte	0
 1730 001d 00000000 		.4byte	0
 1731              	.LLST13:
 1732 0021 00000000 		.4byte	.LVL28
 1733 0025 1F000000 		.4byte	.LVL32-1
 1734 0029 0100     		.2byte	0x1
 1735 002b 51       		.byte	0x51
 1736 002c 1F000000 		.4byte	.LVL32-1
 1737 0030 88000000 		.4byte	.LVL45
 1738 0034 0100     		.2byte	0x1
 1739 0036 55       		.byte	0x55
 1740 0037 88000000 		.4byte	.LVL45
 1741 003b E4000000 		.4byte	.LFE112
 1742 003f 0400     		.2byte	0x4
 1743 0041 F3       		.byte	0xf3
 1744 0042 01       		.uleb128 0x1
 1745 0043 51       		.byte	0x51
 1746 0044 9F       		.byte	0x9f
 1747 0045 00000000 		.4byte	0
 1748 0049 00000000 		.4byte	0
 1749              	.LLST14:
 1750 004d 00000000 		.4byte	.LVL28
 1751 0051 1F000000 		.4byte	.LVL32-1
 1752 0055 0100     		.2byte	0x1
 1753 0057 52       		.byte	0x52
 1754 0058 1F000000 		.4byte	.LVL32-1
 1755 005c 86000000 		.4byte	.LVL44
 1756 0060 0100     		.2byte	0x1
 1757 0062 54       		.byte	0x54
 1758 0063 86000000 		.4byte	.LVL44
 1759 0067 E4000000 		.4byte	.LFE112
 1760 006b 0400     		.2byte	0x4
 1761 006d F3       		.byte	0xf3
 1762 006e 01       		.uleb128 0x1
 1763 006f 52       		.byte	0x52
 1764 0070 9F       		.byte	0x9f
 1765 0071 00000000 		.4byte	0
 1766 0075 00000000 		.4byte	0
 1767              	.LLST15:
ARM GAS  /tmp/ccVTGgR5.s 			page 32


 1768 0079 00000000 		.4byte	.LVL28
 1769 007d 1F000000 		.4byte	.LVL32-1
 1770 0081 0100     		.2byte	0x1
 1771 0083 53       		.byte	0x53
 1772 0084 1F000000 		.4byte	.LVL32-1
 1773 0088 E4000000 		.4byte	.LFE112
 1774 008c 0100     		.2byte	0x1
 1775 008e 56       		.byte	0x56
 1776 008f 00000000 		.4byte	0
 1777 0093 00000000 		.4byte	0
 1778              	.LLST16:
 1779 0097 00000000 		.4byte	.LVL28
 1780 009b C2000000 		.4byte	.LVL53
 1781 009f 0200     		.2byte	0x2
 1782 00a1 91       		.byte	0x91
 1783 00a2 00       		.sleb128 0
 1784 00a3 C2000000 		.4byte	.LVL53
 1785 00a7 E4000000 		.4byte	.LFE112
 1786 00ab 0200     		.2byte	0x2
 1787 00ad 91       		.byte	0x91
 1788 00ae 00       		.sleb128 0
 1789 00af 00000000 		.4byte	0
 1790 00b3 00000000 		.4byte	0
 1791              	.LLST17:
 1792 00b7 00000000 		.4byte	.LVL28
 1793 00bb C2000000 		.4byte	.LVL53
 1794 00bf 0200     		.2byte	0x2
 1795 00c1 91       		.byte	0x91
 1796 00c2 04       		.sleb128 4
 1797 00c3 C2000000 		.4byte	.LVL53
 1798 00c7 E4000000 		.4byte	.LFE112
 1799 00cb 0200     		.2byte	0x2
 1800 00cd 91       		.byte	0x91
 1801 00ce 04       		.sleb128 4
 1802 00cf 00000000 		.4byte	0
 1803 00d3 00000000 		.4byte	0
 1804              	.LLST18:
 1805 00d7 18000000 		.4byte	.LVL30
 1806 00db 88000000 		.4byte	.LVL45
 1807 00df 0200     		.2byte	0x2
 1808 00e1 30       		.byte	0x30
 1809 00e2 9F       		.byte	0x9f
 1810 00e3 9A000000 		.4byte	.LVL48
 1811 00e7 9C000000 		.4byte	.LVL49
 1812 00eb 0100     		.2byte	0x1
 1813 00ed 50       		.byte	0x50
 1814 00ee A2000000 		.4byte	.LVL50
 1815 00f2 B4000000 		.4byte	.LVL51
 1816 00f6 0100     		.2byte	0x1
 1817 00f8 50       		.byte	0x50
 1818 00f9 C2000000 		.4byte	.LVL53
 1819 00fd C5000000 		.4byte	.LVL54-1
 1820 0101 0100     		.2byte	0x1
 1821 0103 50       		.byte	0x50
 1822 0104 00000000 		.4byte	0
 1823 0108 00000000 		.4byte	0
 1824              	.LLST19:
ARM GAS  /tmp/ccVTGgR5.s 			page 33


 1825 010c 18000000 		.4byte	.LVL30
 1826 0110 1F000000 		.4byte	.LVL32-1
 1827 0114 0100     		.2byte	0x1
 1828 0116 51       		.byte	0x51
 1829 0117 1F000000 		.4byte	.LVL32-1
 1830 011b 4E000000 		.4byte	.LVL35
 1831 011f 0100     		.2byte	0x1
 1832 0121 55       		.byte	0x55
 1833 0122 4E000000 		.4byte	.LVL35
 1834 0126 88000000 		.4byte	.LVL45
 1835 012a 0300     		.2byte	0x3
 1836 012c 75       		.byte	0x75
 1837 012d 04       		.sleb128 4
 1838 012e 9F       		.byte	0x9f
 1839 012f 88000000 		.4byte	.LVL45
 1840 0133 E4000000 		.4byte	.LFE112
 1841 0137 0600     		.2byte	0x6
 1842 0139 F3       		.byte	0xf3
 1843 013a 01       		.uleb128 0x1
 1844 013b 51       		.byte	0x51
 1845 013c 23       		.byte	0x23
 1846 013d 04       		.uleb128 0x4
 1847 013e 9F       		.byte	0x9f
 1848 013f 00000000 		.4byte	0
 1849 0143 00000000 		.4byte	0
 1850              	.LLST20:
 1851 0147 18000000 		.4byte	.LVL30
 1852 014b 1F000000 		.4byte	.LVL32-1
 1853 014f 0100     		.2byte	0x1
 1854 0151 53       		.byte	0x53
 1855 0152 1F000000 		.4byte	.LVL32-1
 1856 0156 88000000 		.4byte	.LVL45
 1857 015a 0100     		.2byte	0x1
 1858 015c 56       		.byte	0x56
 1859 015d 88000000 		.4byte	.LVL45
 1860 0161 90000000 		.4byte	.LVL46
 1861 0165 0300     		.2byte	0x3
 1862 0167 74       		.byte	0x74
 1863 0168 7C       		.sleb128 -4
 1864 0169 9F       		.byte	0x9f
 1865 016a 90000000 		.4byte	.LVL46
 1866 016e 96000000 		.4byte	.LVL47
 1867 0172 0100     		.2byte	0x1
 1868 0174 54       		.byte	0x54
 1869 0175 96000000 		.4byte	.LVL47
 1870 0179 B4000000 		.4byte	.LVL51
 1871 017d 0300     		.2byte	0x3
 1872 017f 74       		.byte	0x74
 1873 0180 04       		.sleb128 4
 1874 0181 9F       		.byte	0x9f
 1875 0182 C2000000 		.4byte	.LVL53
 1876 0186 D8000000 		.4byte	.LVL58
 1877 018a 0300     		.2byte	0x3
 1878 018c 74       		.byte	0x74
 1879 018d 04       		.sleb128 4
 1880 018e 9F       		.byte	0x9f
 1881 018f D8000000 		.4byte	.LVL58
ARM GAS  /tmp/ccVTGgR5.s 			page 34


 1882 0193 E0000000 		.4byte	.LVL59
 1883 0197 0300     		.2byte	0x3
 1884 0199 74       		.byte	0x74
 1885 019a 7C       		.sleb128 -4
 1886 019b 9F       		.byte	0x9f
 1887 019c 00000000 		.4byte	0
 1888 01a0 00000000 		.4byte	0
 1889              	.LLST21:
 1890 01a4 1C000000 		.4byte	.LVL31
 1891 01a8 88000000 		.4byte	.LVL45
 1892 01ac 0100     		.2byte	0x1
 1893 01ae 57       		.byte	0x57
 1894 01af CE000000 		.4byte	.LVL55
 1895 01b3 D6000000 		.4byte	.LVL57
 1896 01b7 0900     		.2byte	0x9
 1897 01b9 77       		.byte	0x77
 1898 01ba 00       		.sleb128 0
 1899 01bb 76       		.byte	0x76
 1900 01bc 00       		.sleb128 0
 1901 01bd 1C       		.byte	0x1c
 1902 01be 74       		.byte	0x74
 1903 01bf 00       		.sleb128 0
 1904 01c0 22       		.byte	0x22
 1905 01c1 9F       		.byte	0x9f
 1906 01c2 D6000000 		.4byte	.LVL57
 1907 01c6 D8000000 		.4byte	.LVL58
 1908 01ca 0B00     		.2byte	0xb
 1909 01cc 77       		.byte	0x77
 1910 01cd 00       		.sleb128 0
 1911 01ce 76       		.byte	0x76
 1912 01cf 00       		.sleb128 0
 1913 01d0 1C       		.byte	0x1c
 1914 01d1 74       		.byte	0x74
 1915 01d2 00       		.sleb128 0
 1916 01d3 22       		.byte	0x22
 1917 01d4 23       		.byte	0x23
 1918 01d5 04       		.uleb128 0x4
 1919 01d6 9F       		.byte	0x9f
 1920 01d7 D8000000 		.4byte	.LVL58
 1921 01db E0000000 		.4byte	.LVL59
 1922 01df 0B00     		.2byte	0xb
 1923 01e1 77       		.byte	0x77
 1924 01e2 00       		.sleb128 0
 1925 01e3 76       		.byte	0x76
 1926 01e4 00       		.sleb128 0
 1927 01e5 1C       		.byte	0x1c
 1928 01e6 74       		.byte	0x74
 1929 01e7 00       		.sleb128 0
 1930 01e8 22       		.byte	0x22
 1931 01e9 34       		.byte	0x34
 1932 01ea 1C       		.byte	0x1c
 1933 01eb 9F       		.byte	0x9f
 1934 01ec 00000000 		.4byte	0
 1935 01f0 00000000 		.4byte	0
 1936              	.LLST22:
 1937 01f4 1C000000 		.4byte	.LVL31
 1938 01f8 1F000000 		.4byte	.LVL32-1
ARM GAS  /tmp/ccVTGgR5.s 			page 35


 1939 01fc 0100     		.2byte	0x1
 1940 01fe 52       		.byte	0x52
 1941 01ff 1F000000 		.4byte	.LVL32-1
 1942 0203 60000000 		.4byte	.LVL39
 1943 0207 0100     		.2byte	0x1
 1944 0209 54       		.byte	0x54
 1945 020a 60000000 		.4byte	.LVL39
 1946 020e 86000000 		.4byte	.LVL44
 1947 0212 0300     		.2byte	0x3
 1948 0214 74       		.byte	0x74
 1949 0215 04       		.sleb128 4
 1950 0216 9F       		.byte	0x9f
 1951 0217 86000000 		.4byte	.LVL44
 1952 021b E4000000 		.4byte	.LFE112
 1953 021f 0600     		.2byte	0x6
 1954 0221 F3       		.byte	0xf3
 1955 0222 01       		.uleb128 0x1
 1956 0223 52       		.byte	0x52
 1957 0224 23       		.byte	0x23
 1958 0225 04       		.uleb128 0x4
 1959 0226 9F       		.byte	0x9f
 1960 0227 00000000 		.4byte	0
 1961 022b 00000000 		.4byte	0
 1962              	.LLST23:
 1963 022f 1C000000 		.4byte	.LVL31
 1964 0233 88000000 		.4byte	.LVL45
 1965 0237 0200     		.2byte	0x2
 1966 0239 30       		.byte	0x30
 1967 023a 9F       		.byte	0x9f
 1968 023b 88000000 		.4byte	.LVL45
 1969 023f B4000000 		.4byte	.LVL51
 1970 0243 0800     		.2byte	0x8
 1971 0245 74       		.byte	0x74
 1972 0246 00       		.sleb128 0
 1973 0247 76       		.byte	0x76
 1974 0248 00       		.sleb128 0
 1975 0249 1C       		.byte	0x1c
 1976 024a 34       		.byte	0x34
 1977 024b 1C       		.byte	0x1c
 1978 024c 9F       		.byte	0x9f
 1979 024d C2000000 		.4byte	.LVL53
 1980 0251 D6000000 		.4byte	.LVL57
 1981 0255 0800     		.2byte	0x8
 1982 0257 74       		.byte	0x74
 1983 0258 00       		.sleb128 0
 1984 0259 76       		.byte	0x76
 1985 025a 00       		.sleb128 0
 1986 025b 1C       		.byte	0x1c
 1987 025c 34       		.byte	0x34
 1988 025d 1C       		.byte	0x1c
 1989 025e 9F       		.byte	0x9f
 1990 025f D6000000 		.4byte	.LVL57
 1991 0263 D8000000 		.4byte	.LVL58
 1992 0267 0800     		.2byte	0x8
 1993 0269 74       		.byte	0x74
 1994 026a 00       		.sleb128 0
 1995 026b 76       		.byte	0x76
ARM GAS  /tmp/ccVTGgR5.s 			page 36


 1996 026c 00       		.sleb128 0
 1997 026d 1C       		.byte	0x1c
 1998 026e 23       		.byte	0x23
 1999 026f 04       		.uleb128 0x4
 2000 0270 9F       		.byte	0x9f
 2001 0271 D8000000 		.4byte	.LVL58
 2002 0275 E0000000 		.4byte	.LVL59
 2003 0279 0800     		.2byte	0x8
 2004 027b 74       		.byte	0x74
 2005 027c 00       		.sleb128 0
 2006 027d 76       		.byte	0x76
 2007 027e 00       		.sleb128 0
 2008 027f 1C       		.byte	0x1c
 2009 0280 34       		.byte	0x34
 2010 0281 1C       		.byte	0x1c
 2011 0282 9F       		.byte	0x9f
 2012 0283 00000000 		.4byte	0
 2013 0287 00000000 		.4byte	0
 2014              	.LLST24:
 2015 028b 48000000 		.4byte	.LVL33
 2016 028f 4C000000 		.4byte	.LVL34
 2017 0293 0200     		.2byte	0x2
 2018 0295 75       		.byte	0x75
 2019 0296 00       		.sleb128 0
 2020 0297 00000000 		.4byte	0
 2021 029b 00000000 		.4byte	0
 2022              	.LLST25:
 2023 029f 4E000000 		.4byte	.LVL35
 2024 02a3 52000000 		.4byte	.LVL36
 2025 02a7 0200     		.2byte	0x2
 2026 02a9 75       		.byte	0x75
 2027 02aa 04       		.sleb128 4
 2028 02ab 00000000 		.4byte	0
 2029 02af 00000000 		.4byte	0
 2030              	.LLST26:
 2031 02b3 5A000000 		.4byte	.LVL37
 2032 02b7 5E000000 		.4byte	.LVL38
 2033 02bb 0200     		.2byte	0x2
 2034 02bd 74       		.byte	0x74
 2035 02be 00       		.sleb128 0
 2036 02bf 00000000 		.4byte	0
 2037 02c3 00000000 		.4byte	0
 2038              	.LLST27:
 2039 02c7 60000000 		.4byte	.LVL39
 2040 02cb 64000000 		.4byte	.LVL40
 2041 02cf 0200     		.2byte	0x2
 2042 02d1 74       		.byte	0x74
 2043 02d2 04       		.sleb128 4
 2044 02d3 00000000 		.4byte	0
 2045 02d7 00000000 		.4byte	0
 2046              	.LLST0:
 2047 02db 00000000 		.4byte	.LVL0
 2048 02df 0C000000 		.4byte	.LVL1
 2049 02e3 0100     		.2byte	0x1
 2050 02e5 50       		.byte	0x50
 2051 02e6 0C000000 		.4byte	.LVL1
 2052 02ea CC000000 		.4byte	.LFE111
ARM GAS  /tmp/ccVTGgR5.s 			page 37


 2053 02ee 0400     		.2byte	0x4
 2054 02f0 F3       		.byte	0xf3
 2055 02f1 01       		.uleb128 0x1
 2056 02f2 50       		.byte	0x50
 2057 02f3 9F       		.byte	0x9f
 2058 02f4 00000000 		.4byte	0
 2059 02f8 00000000 		.4byte	0
 2060              	.LLST1:
 2061 02fc 00000000 		.4byte	.LVL0
 2062 0300 19000000 		.4byte	.LVL4-1
 2063 0304 0100     		.2byte	0x1
 2064 0306 51       		.byte	0x51
 2065 0307 19000000 		.4byte	.LVL4-1
 2066 030b 6E000000 		.4byte	.LVL12
 2067 030f 0100     		.2byte	0x1
 2068 0311 54       		.byte	0x54
 2069 0312 6E000000 		.4byte	.LVL12
 2070 0316 CC000000 		.4byte	.LFE111
 2071 031a 0400     		.2byte	0x4
 2072 031c F3       		.byte	0xf3
 2073 031d 01       		.uleb128 0x1
 2074 031e 51       		.byte	0x51
 2075 031f 9F       		.byte	0x9f
 2076 0320 00000000 		.4byte	0
 2077 0324 00000000 		.4byte	0
 2078              	.LLST2:
 2079 0328 00000000 		.4byte	.LVL0
 2080 032c 19000000 		.4byte	.LVL4-1
 2081 0330 0100     		.2byte	0x1
 2082 0332 52       		.byte	0x52
 2083 0333 19000000 		.4byte	.LVL4-1
 2084 0337 CC000000 		.4byte	.LFE111
 2085 033b 0100     		.2byte	0x1
 2086 033d 56       		.byte	0x56
 2087 033e 00000000 		.4byte	0
 2088 0342 00000000 		.4byte	0
 2089              	.LLST3:
 2090 0346 00000000 		.4byte	.LVL0
 2091 034a 19000000 		.4byte	.LVL4-1
 2092 034e 0100     		.2byte	0x1
 2093 0350 53       		.byte	0x53
 2094 0351 19000000 		.4byte	.LVL4-1
 2095 0355 CC000000 		.4byte	.LFE111
 2096 0359 0100     		.2byte	0x1
 2097 035b 59       		.byte	0x59
 2098 035c 00000000 		.4byte	0
 2099 0360 00000000 		.4byte	0
 2100              	.LLST4:
 2101 0364 00000000 		.4byte	.LVL0
 2102 0368 AA000000 		.4byte	.LVL21
 2103 036c 0200     		.2byte	0x2
 2104 036e 91       		.byte	0x91
 2105 036f 00       		.sleb128 0
 2106 0370 AA000000 		.4byte	.LVL21
 2107 0374 CC000000 		.4byte	.LFE111
 2108 0378 0200     		.2byte	0x2
 2109 037a 91       		.byte	0x91
ARM GAS  /tmp/ccVTGgR5.s 			page 38


 2110 037b 00       		.sleb128 0
 2111 037c 00000000 		.4byte	0
 2112 0380 00000000 		.4byte	0
 2113              	.LLST5:
 2114 0384 14000000 		.4byte	.LVL2
 2115 0388 70000000 		.4byte	.LVL13
 2116 038c 0200     		.2byte	0x2
 2117 038e 30       		.byte	0x30
 2118 038f 9F       		.byte	0x9f
 2119 0390 82000000 		.4byte	.LVL16
 2120 0394 84000000 		.4byte	.LVL17
 2121 0398 0100     		.2byte	0x1
 2122 039a 50       		.byte	0x50
 2123 039b 8A000000 		.4byte	.LVL18
 2124 039f 9C000000 		.4byte	.LVL19
 2125 03a3 0100     		.2byte	0x1
 2126 03a5 50       		.byte	0x50
 2127 03a6 AA000000 		.4byte	.LVL21
 2128 03aa AD000000 		.4byte	.LVL22-1
 2129 03ae 0100     		.2byte	0x1
 2130 03b0 50       		.byte	0x50
 2131 03b1 00000000 		.4byte	0
 2132 03b5 00000000 		.4byte	0
 2133              	.LLST6:
 2134 03b9 14000000 		.4byte	.LVL2
 2135 03bd 19000000 		.4byte	.LVL4-1
 2136 03c1 0100     		.2byte	0x1
 2137 03c3 51       		.byte	0x51
 2138 03c4 19000000 		.4byte	.LVL4-1
 2139 03c8 48000000 		.4byte	.LVL7
 2140 03cc 0100     		.2byte	0x1
 2141 03ce 54       		.byte	0x54
 2142 03cf 48000000 		.4byte	.LVL7
 2143 03d3 6E000000 		.4byte	.LVL12
 2144 03d7 0300     		.2byte	0x3
 2145 03d9 74       		.byte	0x74
 2146 03da 04       		.sleb128 4
 2147 03db 9F       		.byte	0x9f
 2148 03dc 6E000000 		.4byte	.LVL12
 2149 03e0 CC000000 		.4byte	.LFE111
 2150 03e4 0600     		.2byte	0x6
 2151 03e6 F3       		.byte	0xf3
 2152 03e7 01       		.uleb128 0x1
 2153 03e8 51       		.byte	0x51
 2154 03e9 23       		.byte	0x23
 2155 03ea 04       		.uleb128 0x4
 2156 03eb 9F       		.byte	0x9f
 2157 03ec 00000000 		.4byte	0
 2158 03f0 00000000 		.4byte	0
 2159              	.LLST7:
 2160 03f4 14000000 		.4byte	.LVL2
 2161 03f8 19000000 		.4byte	.LVL4-1
 2162 03fc 0100     		.2byte	0x1
 2163 03fe 52       		.byte	0x52
 2164 03ff 19000000 		.4byte	.LVL4-1
 2165 0403 70000000 		.4byte	.LVL13
 2166 0407 0100     		.2byte	0x1
ARM GAS  /tmp/ccVTGgR5.s 			page 39


 2167 0409 56       		.byte	0x56
 2168 040a 70000000 		.4byte	.LVL13
 2169 040e 78000000 		.4byte	.LVL14
 2170 0412 0300     		.2byte	0x3
 2171 0414 74       		.byte	0x74
 2172 0415 7C       		.sleb128 -4
 2173 0416 9F       		.byte	0x9f
 2174 0417 78000000 		.4byte	.LVL14
 2175 041b 7E000000 		.4byte	.LVL15
 2176 041f 0100     		.2byte	0x1
 2177 0421 54       		.byte	0x54
 2178 0422 7E000000 		.4byte	.LVL15
 2179 0426 9C000000 		.4byte	.LVL19
 2180 042a 0300     		.2byte	0x3
 2181 042c 74       		.byte	0x74
 2182 042d 04       		.sleb128 4
 2183 042e 9F       		.byte	0x9f
 2184 042f AA000000 		.4byte	.LVL21
 2185 0433 C0000000 		.4byte	.LVL26
 2186 0437 0300     		.2byte	0x3
 2187 0439 74       		.byte	0x74
 2188 043a 04       		.sleb128 4
 2189 043b 9F       		.byte	0x9f
 2190 043c C0000000 		.4byte	.LVL26
 2191 0440 C8000000 		.4byte	.LVL27
 2192 0444 0300     		.2byte	0x3
 2193 0446 74       		.byte	0x74
 2194 0447 7C       		.sleb128 -4
 2195 0448 9F       		.byte	0x9f
 2196 0449 00000000 		.4byte	0
 2197 044d 00000000 		.4byte	0
 2198              	.LLST8:
 2199 0451 16000000 		.4byte	.LVL3
 2200 0455 70000000 		.4byte	.LVL13
 2201 0459 0100     		.2byte	0x1
 2202 045b 57       		.byte	0x57
 2203 045c B6000000 		.4byte	.LVL23
 2204 0460 BE000000 		.4byte	.LVL25
 2205 0464 0900     		.2byte	0x9
 2206 0466 77       		.byte	0x77
 2207 0467 00       		.sleb128 0
 2208 0468 76       		.byte	0x76
 2209 0469 00       		.sleb128 0
 2210 046a 1C       		.byte	0x1c
 2211 046b 74       		.byte	0x74
 2212 046c 00       		.sleb128 0
 2213 046d 22       		.byte	0x22
 2214 046e 9F       		.byte	0x9f
 2215 046f BE000000 		.4byte	.LVL25
 2216 0473 C0000000 		.4byte	.LVL26
 2217 0477 0B00     		.2byte	0xb
 2218 0479 77       		.byte	0x77
 2219 047a 00       		.sleb128 0
 2220 047b 76       		.byte	0x76
 2221 047c 00       		.sleb128 0
 2222 047d 1C       		.byte	0x1c
 2223 047e 74       		.byte	0x74
ARM GAS  /tmp/ccVTGgR5.s 			page 40


 2224 047f 00       		.sleb128 0
 2225 0480 22       		.byte	0x22
 2226 0481 23       		.byte	0x23
 2227 0482 04       		.uleb128 0x4
 2228 0483 9F       		.byte	0x9f
 2229 0484 C0000000 		.4byte	.LVL26
 2230 0488 C8000000 		.4byte	.LVL27
 2231 048c 0B00     		.2byte	0xb
 2232 048e 77       		.byte	0x77
 2233 048f 00       		.sleb128 0
 2234 0490 76       		.byte	0x76
 2235 0491 00       		.sleb128 0
 2236 0492 1C       		.byte	0x1c
 2237 0493 74       		.byte	0x74
 2238 0494 00       		.sleb128 0
 2239 0495 22       		.byte	0x22
 2240 0496 34       		.byte	0x34
 2241 0497 1C       		.byte	0x1c
 2242 0498 9F       		.byte	0x9f
 2243 0499 00000000 		.4byte	0
 2244 049d 00000000 		.4byte	0
 2245              	.LLST9:
 2246 04a1 16000000 		.4byte	.LVL3
 2247 04a5 70000000 		.4byte	.LVL13
 2248 04a9 0200     		.2byte	0x2
 2249 04ab 30       		.byte	0x30
 2250 04ac 9F       		.byte	0x9f
 2251 04ad 70000000 		.4byte	.LVL13
 2252 04b1 9C000000 		.4byte	.LVL19
 2253 04b5 0800     		.2byte	0x8
 2254 04b7 74       		.byte	0x74
 2255 04b8 00       		.sleb128 0
 2256 04b9 76       		.byte	0x76
 2257 04ba 00       		.sleb128 0
 2258 04bb 1C       		.byte	0x1c
 2259 04bc 34       		.byte	0x34
 2260 04bd 1C       		.byte	0x1c
 2261 04be 9F       		.byte	0x9f
 2262 04bf AA000000 		.4byte	.LVL21
 2263 04c3 BE000000 		.4byte	.LVL25
 2264 04c7 0800     		.2byte	0x8
 2265 04c9 74       		.byte	0x74
 2266 04ca 00       		.sleb128 0
 2267 04cb 76       		.byte	0x76
 2268 04cc 00       		.sleb128 0
 2269 04cd 1C       		.byte	0x1c
 2270 04ce 34       		.byte	0x34
 2271 04cf 1C       		.byte	0x1c
 2272 04d0 9F       		.byte	0x9f
 2273 04d1 BE000000 		.4byte	.LVL25
 2274 04d5 C0000000 		.4byte	.LVL26
 2275 04d9 0800     		.2byte	0x8
 2276 04db 74       		.byte	0x74
 2277 04dc 00       		.sleb128 0
 2278 04dd 76       		.byte	0x76
 2279 04de 00       		.sleb128 0
 2280 04df 1C       		.byte	0x1c
ARM GAS  /tmp/ccVTGgR5.s 			page 41


 2281 04e0 23       		.byte	0x23
 2282 04e1 04       		.uleb128 0x4
 2283 04e2 9F       		.byte	0x9f
 2284 04e3 C0000000 		.4byte	.LVL26
 2285 04e7 C8000000 		.4byte	.LVL27
 2286 04eb 0800     		.2byte	0x8
 2287 04ed 74       		.byte	0x74
 2288 04ee 00       		.sleb128 0
 2289 04ef 76       		.byte	0x76
 2290 04f0 00       		.sleb128 0
 2291 04f1 1C       		.byte	0x1c
 2292 04f2 34       		.byte	0x34
 2293 04f3 1C       		.byte	0x1c
 2294 04f4 9F       		.byte	0x9f
 2295 04f5 00000000 		.4byte	0
 2296 04f9 00000000 		.4byte	0
 2297              	.LLST10:
 2298 04fd 42000000 		.4byte	.LVL5
 2299 0501 46000000 		.4byte	.LVL6
 2300 0505 0200     		.2byte	0x2
 2301 0507 74       		.byte	0x74
 2302 0508 00       		.sleb128 0
 2303 0509 00000000 		.4byte	0
 2304 050d 00000000 		.4byte	0
 2305              	.LLST11:
 2306 0511 48000000 		.4byte	.LVL7
 2307 0515 4C000000 		.4byte	.LVL8
 2308 0519 0200     		.2byte	0x2
 2309 051b 74       		.byte	0x74
 2310 051c 04       		.sleb128 4
 2311 051d 00000000 		.4byte	0
 2312 0521 00000000 		.4byte	0
 2313              		.section	.debug_aranges,"",%progbits
 2314 0000 24000000 		.4byte	0x24
 2315 0004 0200     		.2byte	0x2
 2316 0006 00000000 		.4byte	.Ldebug_info0
 2317 000a 04       		.byte	0x4
 2318 000b 00       		.byte	0
 2319 000c 0000     		.2byte	0
 2320 000e 0000     		.2byte	0
 2321 0010 00000000 		.4byte	.LFB111
 2322 0014 CC000000 		.4byte	.LFE111-.LFB111
 2323 0018 00000000 		.4byte	.LFB112
 2324 001c E4000000 		.4byte	.LFE112-.LFB112
 2325 0020 00000000 		.4byte	0
 2326 0024 00000000 		.4byte	0
 2327              		.section	.debug_ranges,"",%progbits
 2328              	.Ldebug_ranges0:
 2329 0000 00000000 		.4byte	.LFB111
 2330 0004 CC000000 		.4byte	.LFE111
 2331 0008 00000000 		.4byte	.LFB112
 2332 000c E4000000 		.4byte	.LFE112
 2333 0010 00000000 		.4byte	0
 2334 0014 00000000 		.4byte	0
 2335              		.section	.debug_line,"",%progbits
 2336              	.Ldebug_line0:
 2337 0000 7F020000 		.section	.debug_str,"MS",%progbits,1
ARM GAS  /tmp/ccVTGgR5.s 			page 42


 2337      02007D01 
 2337      00000201 
 2337      FB0E0D00 
 2337      01010101 
 2338              	.LASF74:
 2339 0000 72657375 		.ascii	"result\000"
 2339      6C7400
 2340              	.LASF41:
 2341 0007 43525950 		.ascii	"CRYP_IVInitTypeDef\000"
 2341      5F495649 
 2341      6E697454 
 2341      79706544 
 2341      656600
 2342              	.LASF54:
 2343 001a 696E7075 		.ascii	"inputaddr\000"
 2343      74616464 
 2343      7200
 2344              	.LASF61:
 2345 0024 43525950 		.ascii	"CRYP_KeyInit\000"
 2345      5F4B6579 
 2345      496E6974 
 2345      00
 2346              	.LASF66:
 2347 0031 43525950 		.ascii	"CRYP_GetFlagStatus\000"
 2347      5F476574 
 2347      466C6167 
 2347      53746174 
 2347      757300
 2348              	.LASF69:
 2349 0044 43686962 		.ascii	"ChibiOS_2.6.6/ext/stdperiph_stm32f4/src/stm32f4xx_c"
 2349      694F535F 
 2349      322E362E 
 2349      362F6578 
 2349      742F7374 
 2350 0077 7279705F 		.ascii	"ryp_des.c\000"
 2350      6465732E 
 2350      6300
 2351              	.LASF46:
 2352 0081 4F757470 		.ascii	"Output\000"
 2352      757400
 2353              	.LASF27:
 2354 0088 43525950 		.ascii	"CRYP_InitTypeDef\000"
 2354      5F496E69 
 2354      74547970 
 2354      65446566 
 2354      00
 2355              	.LASF8:
 2356 0099 5F5F7569 		.ascii	"__uint32_t\000"
 2356      6E743332 
 2356      5F7400
 2357              	.LASF35:
 2358 00a4 43525950 		.ascii	"CRYP_Key3Right\000"
 2358      5F4B6579 
 2358      33526967 
 2358      687400
 2359              	.LASF4:
 2360 00b3 5F5F7569 		.ascii	"__uint16_t\000"
ARM GAS  /tmp/ccVTGgR5.s 			page 43


 2360      6E743136 
 2360      5F7400
 2361              	.LASF31:
 2362 00be 43525950 		.ascii	"CRYP_Key1Right\000"
 2362      5F4B6579 
 2362      31526967 
 2362      687400
 2363              	.LASF56:
 2364 00cd 69766164 		.ascii	"ivaddr\000"
 2364      647200
 2365              	.LASF47:
 2366 00d4 4445535F 		.ascii	"DES_CRYP_InitStructure\000"
 2366      43525950 
 2366      5F496E69 
 2366      74537472 
 2366      75637475 
 2367              	.LASF43:
 2368 00eb 496E6974 		.ascii	"InitVectors\000"
 2368      56656374 
 2368      6F727300 
 2369              	.LASF73:
 2370 00f7 76616C75 		.ascii	"value\000"
 2370      6500
 2371              	.LASF13:
 2372 00fd 75696E74 		.ascii	"uint8_t\000"
 2372      385F7400 
 2373              	.LASF55:
 2374 0105 6F757470 		.ascii	"outputaddr\000"
 2374      75746164 
 2374      647200
 2375              	.LASF72:
 2376 0110 5F5F5245 		.ascii	"__REV\000"
 2376      5600
 2377              	.LASF45:
 2378 0116 496C656E 		.ascii	"Ilength\000"
 2378      67746800 
 2379              	.LASF59:
 2380 011e 43525950 		.ascii	"CRYP_KeyStructInit\000"
 2380      5F4B6579 
 2380      53747275 
 2380      6374496E 
 2380      697400
 2381              	.LASF18:
 2382 0131 44495341 		.ascii	"DISABLE\000"
 2382      424C4500 
 2383              	.LASF53:
 2384 0139 6B657961 		.ascii	"keyaddr\000"
 2384      64647200 
 2385              	.LASF2:
 2386 0141 73686F72 		.ascii	"short int\000"
 2386      7420696E 
 2386      7400
 2387              	.LASF64:
 2388 014b 43525950 		.ascii	"CRYP_Cmd\000"
 2388      5F436D64 
 2388      00
 2389              	.LASF10:
ARM GAS  /tmp/ccVTGgR5.s 			page 44


 2390 0154 6C6F6E67 		.ascii	"long long int\000"
 2390      206C6F6E 
 2390      6720696E 
 2390      7400
 2391              	.LASF7:
 2392 0162 6C6F6E67 		.ascii	"long int\000"
 2392      20696E74 
 2392      00
 2393              	.LASF22:
 2394 016b 4572726F 		.ascii	"ErrorStatus\000"
 2394      72537461 
 2394      74757300 
 2395              	.LASF3:
 2396 0177 5F5F7569 		.ascii	"__uint8_t\000"
 2396      6E74385F 
 2396      7400
 2397              	.LASF20:
 2398 0181 4552524F 		.ascii	"ERROR\000"
 2398      5200
 2399              	.LASF23:
 2400 0187 43525950 		.ascii	"CRYP_AlgoDir\000"
 2400      5F416C67 
 2400      6F446972 
 2400      00
 2401              	.LASF36:
 2402 0194 43525950 		.ascii	"CRYP_KeyInitTypeDef\000"
 2402      5F4B6579 
 2402      496E6974 
 2402      54797065 
 2402      44656600 
 2403              	.LASF38:
 2404 01a8 43525950 		.ascii	"CRYP_IV0Right\000"
 2404      5F495630 
 2404      52696768 
 2404      7400
 2405              	.LASF1:
 2406 01b6 756E7369 		.ascii	"unsigned char\000"
 2406      676E6564 
 2406      20636861 
 2406      7200
 2407              	.LASF50:
 2408 01c4 636F756E 		.ascii	"counter\000"
 2408      74657200 
 2409              	.LASF37:
 2410 01cc 43525950 		.ascii	"CRYP_IV0Left\000"
 2410      5F495630 
 2410      4C656674 
 2410      00
 2411              	.LASF0:
 2412 01d9 7369676E 		.ascii	"signed char\000"
 2412      65642063 
 2412      68617200 
 2413              	.LASF11:
 2414 01e5 6C6F6E67 		.ascii	"long long unsigned int\000"
 2414      206C6F6E 
 2414      6720756E 
 2414      7369676E 
ARM GAS  /tmp/ccVTGgR5.s 			page 45


 2414      65642069 
 2415              	.LASF67:
 2416 01fc 43525950 		.ascii	"CRYP_DataOut\000"
 2416      5F446174 
 2416      614F7574 
 2416      00
 2417              	.LASF16:
 2418 0209 75696E74 		.ascii	"uint32_t\000"
 2418      33325F74 
 2418      00
 2419              	.LASF12:
 2420 0212 756E7369 		.ascii	"unsigned int\000"
 2420      676E6564 
 2420      20696E74 
 2420      00
 2421              	.LASF14:
 2422 021f 75696E74 		.ascii	"uint16_t\000"
 2422      31365F74 
 2422      00
 2423              	.LASF28:
 2424 0228 43525950 		.ascii	"CRYP_Key0Left\000"
 2424      5F4B6579 
 2424      304C6566 
 2424      7400
 2425              	.LASF25:
 2426 0236 43525950 		.ascii	"CRYP_DataType\000"
 2426      5F446174 
 2426      61547970 
 2426      6500
 2427              	.LASF32:
 2428 0244 43525950 		.ascii	"CRYP_Key2Left\000"
 2428      5F4B6579 
 2428      324C6566 
 2428      7400
 2429              	.LASF49:
 2430 0252 4445535F 		.ascii	"DES_CRYP_IVInitStructure\000"
 2430      43525950 
 2430      5F495649 
 2430      6E697453 
 2430      74727563 
 2431              	.LASF21:
 2432 026b 53554343 		.ascii	"SUCCESS\000"
 2432      45535300 
 2433              	.LASF5:
 2434 0273 73686F72 		.ascii	"short unsigned int\000"
 2434      7420756E 
 2434      7369676E 
 2434      65642069 
 2434      6E7400
 2435              	.LASF52:
 2436 0286 73746174 		.ascii	"status\000"
 2436      757300
 2437              	.LASF34:
 2438 028d 43525950 		.ascii	"CRYP_Key3Left\000"
 2438      5F4B6579 
 2438      334C6566 
 2438      7400
ARM GAS  /tmp/ccVTGgR5.s 			page 46


 2439              	.LASF65:
 2440 029b 43525950 		.ascii	"CRYP_DataIn\000"
 2440      5F446174 
 2440      61496E00 
 2441              	.LASF15:
 2442 02a7 696E7433 		.ascii	"int32_t\000"
 2442      325F7400 
 2443              	.LASF33:
 2444 02af 43525950 		.ascii	"CRYP_Key2Right\000"
 2444      5F4B6579 
 2444      32526967 
 2444      687400
 2445              	.LASF62:
 2446 02be 43525950 		.ascii	"CRYP_IVInit\000"
 2446      5F495649 
 2446      6E697400 
 2447              	.LASF29:
 2448 02ca 43525950 		.ascii	"CRYP_Key0Right\000"
 2448      5F4B6579 
 2448      30526967 
 2448      687400
 2449              	.LASF26:
 2450 02d9 43525950 		.ascii	"CRYP_KeySize\000"
 2450      5F4B6579 
 2450      53697A65 
 2450      00
 2451              	.LASF57:
 2452 02e6 43525950 		.ascii	"CRYP_DES_CBC\000"
 2452      5F444553 
 2452      5F434243 
 2452      00
 2453              	.LASF58:
 2454 02f3 43525950 		.ascii	"CRYP_DES_ECB\000"
 2454      5F444553 
 2454      5F454342 
 2454      00
 2455              	.LASF9:
 2456 0300 6C6F6E67 		.ascii	"long unsigned int\000"
 2456      20756E73 
 2456      69676E65 
 2456      6420696E 
 2456      7400
 2457              	.LASF51:
 2458 0312 62757379 		.ascii	"busystatus\000"
 2458      73746174 
 2458      757300
 2459              	.LASF70:
 2460 031d 2F686F6D 		.ascii	"/home/renan/BLDC/bldc-bootloader\000"
 2460      652F7265 
 2460      6E616E2F 
 2460      424C4443 
 2460      2F626C64 
 2461              	.LASF6:
 2462 033e 5F5F696E 		.ascii	"__int32_t\000"
 2462      7433325F 
 2462      7400
 2463              	.LASF17:
ARM GAS  /tmp/ccVTGgR5.s 			page 47


 2464 0348 52455345 		.ascii	"RESET\000"
 2464      5400
 2465              	.LASF39:
 2466 034e 43525950 		.ascii	"CRYP_IV1Left\000"
 2466      5F495631 
 2466      4C656674 
 2466      00
 2467              	.LASF48:
 2468 035b 4445535F 		.ascii	"DES_CRYP_KeyInitStructure\000"
 2468      43525950 
 2468      5F4B6579 
 2468      496E6974 
 2468      53747275 
 2469              	.LASF63:
 2470 0375 43525950 		.ascii	"CRYP_FIFOFlush\000"
 2470      5F464946 
 2470      4F466C75 
 2470      736800
 2471              	.LASF42:
 2472 0384 4D6F6465 		.ascii	"Mode\000"
 2472      00
 2473              	.LASF44:
 2474 0389 496E7075 		.ascii	"Input\000"
 2474      7400
 2475              	.LASF30:
 2476 038f 43525950 		.ascii	"CRYP_Key1Left\000"
 2476      5F4B6579 
 2476      314C6566 
 2476      7400
 2477              	.LASF71:
 2478 039d 49544D5F 		.ascii	"ITM_RxBuffer\000"
 2478      52784275 
 2478      66666572 
 2478      00
 2479              	.LASF60:
 2480 03aa 43525950 		.ascii	"CRYP_Init\000"
 2480      5F496E69 
 2480      7400
 2481              	.LASF40:
 2482 03b4 43525950 		.ascii	"CRYP_IV1Right\000"
 2482      5F495631 
 2482      52696768 
 2482      7400
 2483              	.LASF19:
 2484 03c2 454E4142 		.ascii	"ENABLE\000"
 2484      4C4500
 2485              	.LASF24:
 2486 03c9 43525950 		.ascii	"CRYP_AlgoMode\000"
 2486      5F416C67 
 2486      6F4D6F64 
 2486      6500
 2487              	.LASF68:
 2488 03d7 474E5520 		.ascii	"GNU C99 7.3.1 20180622 (release) [ARM/embedded-7-br"
 2488      43393920 
 2488      372E332E 
 2488      31203230 
 2488      31383036 
ARM GAS  /tmp/ccVTGgR5.s 			page 48


 2489 040a 616E6368 		.ascii	"anch revision 261907] -mcpu=cortex-m4 -mfloat-abi=h"
 2489      20726576 
 2489      6973696F 
 2489      6E203236 
 2489      31393037 
 2490 043d 61726420 		.ascii	"ard -mfpu=fpv4-sp-d16 -mno-thumb-interwork -mthumb "
 2490      2D6D6670 
 2490      753D6670 
 2490      76342D73 
 2490      702D6431 
 2491 0470 2D676764 		.ascii	"-ggdb -O2 -std=gnu99 -fomit-frame-pointer -falign-f"
 2491      62202D4F 
 2491      32202D73 
 2491      74643D67 
 2491      6E753939 
 2492 04a3 756E6374 		.ascii	"unctions=16 -ffunction-sections -fdata-sections -fn"
 2492      696F6E73 
 2492      3D313620 
 2492      2D666675 
 2492      6E637469 
 2493 04d6 6F2D636F 		.ascii	"o-common -fsingle-precision-constant\000"
 2493      6D6D6F6E 
 2493      202D6673 
 2493      696E676C 
 2493      652D7072 
 2494              		.ident	"GCC: (GNU Tools for Arm Embedded Processors 7-2018-q3-update) 7.3.1 20180622 (release) [AR
ARM GAS  /tmp/ccVTGgR5.s 			page 49


DEFINED SYMBOLS
                            *ABS*:0000000000000000 stm32f4xx_cryp_des.c
     /tmp/ccVTGgR5.s:18     .text.CRYP_DES_ECB:0000000000000000 $t
     /tmp/ccVTGgR5.s:26     .text.CRYP_DES_ECB:0000000000000000 CRYP_DES_ECB
     /tmp/ccVTGgR5.s:219    .text.CRYP_DES_CBC:0000000000000000 $t
     /tmp/ccVTGgR5.s:227    .text.CRYP_DES_CBC:0000000000000000 CRYP_DES_CBC

UNDEFINED SYMBOLS
CRYP_KeyStructInit
CRYP_Init
CRYP_KeyInit
CRYP_FIFOFlush
CRYP_Cmd
CRYP_DataIn
CRYP_GetFlagStatus
CRYP_DataOut
CRYP_IVInit
