ARM GAS  /tmp/cczFQLJM.s 			page 1


   1              		.cpu cortex-m4
   2              		.eabi_attribute 27, 1
   3              		.eabi_attribute 28, 1
   4              		.eabi_attribute 20, 1
   5              		.eabi_attribute 21, 1
   6              		.eabi_attribute 23, 3
   7              		.eabi_attribute 24, 1
   8              		.eabi_attribute 25, 1
   9              		.eabi_attribute 26, 1
  10              		.eabi_attribute 30, 2
  11              		.eabi_attribute 34, 1
  12              		.eabi_attribute 18, 4
  13              		.file	"vectors.c"
  14              		.text
  15              	.Ltext0:
  16              		.cfi_sections	.debug_frame
  17              		.section	.text._unhandled_exception,"ax",%progbits
  18              		.align	1
  19              		.p2align 4,,15
  20              		.global	_unhandled_exception
  21              		.syntax unified
  22              		.thumb
  23              		.thumb_func
  24              		.fpu fpv4-sp-d16
  25              		.type	_unhandled_exception, %function
  26              	_unhandled_exception:
  27              	.LFB7:
  28              		.file 1 "ChibiOS_2.6.6/os/ports/GCC/ARMCMx/STM32F4xx/vectors.c"
  29              		.loc 1 226 0
  30              		.cfi_startproc
  31              		@ Naked Function: prologue and epilogue provided by programmer.
  32              		@ Volatile: function does not return.
  33              		@ args = 0, pretend = 0, frame = 0
  34              		@ frame_needed = 0, uses_anonymous_args = 0
  35              	.L2:
  36 0000 FEE7     		b	.L2
  37              		.cfi_endproc
  38              	.LFE7:
  39              		.size	_unhandled_exception, .-_unhandled_exception
  40              		.weak	Vector1A8
  41              		.thumb_set Vector1A8,_unhandled_exception
  42              		.weak	Vector1A4
  43              		.thumb_set Vector1A4,_unhandled_exception
  44              		.weak	Vector1A0
  45              		.thumb_set Vector1A0,_unhandled_exception
  46              		.weak	Vector19C
  47              		.thumb_set Vector19C,_unhandled_exception
  48              		.weak	Vector198
  49              		.thumb_set Vector198,_unhandled_exception
  50              		.weak	Vector194
  51              		.thumb_set Vector194,_unhandled_exception
  52              		.weak	Vector190
  53              		.thumb_set Vector190,_unhandled_exception
  54              		.weak	Vector18C
  55              		.thumb_set Vector18C,_unhandled_exception
  56              		.weak	Vector188
  57              		.thumb_set Vector188,_unhandled_exception
ARM GAS  /tmp/cczFQLJM.s 			page 2


  58              		.weak	Vector184
  59              		.thumb_set Vector184,_unhandled_exception
  60              		.weak	Vector180
  61              		.thumb_set Vector180,_unhandled_exception
  62              		.weak	Vector17C
  63              		.thumb_set Vector17C,_unhandled_exception
  64              		.weak	Vector178
  65              		.thumb_set Vector178,_unhandled_exception
  66              		.weak	Vector174
  67              		.thumb_set Vector174,_unhandled_exception
  68              		.weak	Vector170
  69              		.thumb_set Vector170,_unhandled_exception
  70              		.weak	Vector16C
  71              		.thumb_set Vector16C,_unhandled_exception
  72              		.weak	Vector168
  73              		.thumb_set Vector168,_unhandled_exception
  74              		.weak	Vector164
  75              		.thumb_set Vector164,_unhandled_exception
  76              		.weak	Vector160
  77              		.thumb_set Vector160,_unhandled_exception
  78              		.weak	Vector15C
  79              		.thumb_set Vector15C,_unhandled_exception
  80              		.weak	Vector158
  81              		.thumb_set Vector158,_unhandled_exception
  82              		.weak	Vector154
  83              		.thumb_set Vector154,_unhandled_exception
  84              		.weak	Vector150
  85              		.thumb_set Vector150,_unhandled_exception
  86              		.weak	Vector14C
  87              		.thumb_set Vector14C,_unhandled_exception
  88              		.weak	Vector148
  89              		.thumb_set Vector148,_unhandled_exception
  90              		.weak	Vector144
  91              		.thumb_set Vector144,_unhandled_exception
  92              		.weak	Vector140
  93              		.thumb_set Vector140,_unhandled_exception
  94              		.weak	Vector13C
  95              		.thumb_set Vector13C,_unhandled_exception
  96              		.weak	Vector138
  97              		.thumb_set Vector138,_unhandled_exception
  98              		.weak	Vector134
  99              		.thumb_set Vector134,_unhandled_exception
 100              		.weak	Vector130
 101              		.thumb_set Vector130,_unhandled_exception
 102              		.weak	Vector12C
 103              		.thumb_set Vector12C,_unhandled_exception
 104              		.weak	Vector128
 105              		.thumb_set Vector128,_unhandled_exception
 106              		.weak	Vector124
 107              		.thumb_set Vector124,_unhandled_exception
 108              		.weak	Vector120
 109              		.thumb_set Vector120,_unhandled_exception
 110              		.weak	Vector11C
 111              		.thumb_set Vector11C,_unhandled_exception
 112              		.weak	Vector118
 113              		.thumb_set Vector118,_unhandled_exception
 114              		.weak	Vector114
ARM GAS  /tmp/cczFQLJM.s 			page 3


 115              		.thumb_set Vector114,_unhandled_exception
 116              		.weak	Vector110
 117              		.thumb_set Vector110,_unhandled_exception
 118              		.weak	Vector10C
 119              		.thumb_set Vector10C,_unhandled_exception
 120              		.weak	Vector108
 121              		.thumb_set Vector108,_unhandled_exception
 122              		.weak	Vector104
 123              		.thumb_set Vector104,_unhandled_exception
 124              		.weak	Vector100
 125              		.thumb_set Vector100,_unhandled_exception
 126              		.weak	VectorFC
 127              		.thumb_set VectorFC,_unhandled_exception
 128              		.weak	VectorF8
 129              		.thumb_set VectorF8,_unhandled_exception
 130              		.weak	VectorF4
 131              		.thumb_set VectorF4,_unhandled_exception
 132              		.weak	VectorF0
 133              		.thumb_set VectorF0,_unhandled_exception
 134              		.weak	VectorEC
 135              		.thumb_set VectorEC,_unhandled_exception
 136              		.weak	VectorE8
 137              		.thumb_set VectorE8,_unhandled_exception
 138              		.weak	VectorE4
 139              		.thumb_set VectorE4,_unhandled_exception
 140              		.weak	VectorE0
 141              		.thumb_set VectorE0,_unhandled_exception
 142              		.weak	VectorDC
 143              		.thumb_set VectorDC,_unhandled_exception
 144              		.weak	VectorD8
 145              		.thumb_set VectorD8,_unhandled_exception
 146              		.weak	VectorD4
 147              		.thumb_set VectorD4,_unhandled_exception
 148              		.weak	VectorD0
 149              		.thumb_set VectorD0,_unhandled_exception
 150              		.weak	VectorCC
 151              		.thumb_set VectorCC,_unhandled_exception
 152              		.weak	VectorC8
 153              		.thumb_set VectorC8,_unhandled_exception
 154              		.weak	VectorC4
 155              		.thumb_set VectorC4,_unhandled_exception
 156              		.weak	VectorC0
 157              		.thumb_set VectorC0,_unhandled_exception
 158              		.weak	VectorBC
 159              		.thumb_set VectorBC,_unhandled_exception
 160              		.weak	VectorB8
 161              		.thumb_set VectorB8,_unhandled_exception
 162              		.weak	VectorB4
 163              		.thumb_set VectorB4,_unhandled_exception
 164              		.weak	VectorB0
 165              		.thumb_set VectorB0,_unhandled_exception
 166              		.weak	VectorAC
 167              		.thumb_set VectorAC,_unhandled_exception
 168              		.weak	VectorA8
 169              		.thumb_set VectorA8,_unhandled_exception
 170              		.weak	VectorA4
 171              		.thumb_set VectorA4,_unhandled_exception
ARM GAS  /tmp/cczFQLJM.s 			page 4


 172              		.weak	VectorA0
 173              		.thumb_set VectorA0,_unhandled_exception
 174              		.weak	Vector9C
 175              		.thumb_set Vector9C,_unhandled_exception
 176              		.weak	Vector98
 177              		.thumb_set Vector98,_unhandled_exception
 178              		.weak	Vector94
 179              		.thumb_set Vector94,_unhandled_exception
 180              		.weak	Vector90
 181              		.thumb_set Vector90,_unhandled_exception
 182              		.weak	Vector8C
 183              		.thumb_set Vector8C,_unhandled_exception
 184              		.weak	Vector88
 185              		.thumb_set Vector88,_unhandled_exception
 186              		.weak	Vector84
 187              		.thumb_set Vector84,_unhandled_exception
 188              		.weak	Vector80
 189              		.thumb_set Vector80,_unhandled_exception
 190              		.weak	Vector7C
 191              		.thumb_set Vector7C,_unhandled_exception
 192              		.weak	Vector78
 193              		.thumb_set Vector78,_unhandled_exception
 194              		.weak	Vector74
 195              		.thumb_set Vector74,_unhandled_exception
 196              		.weak	Vector70
 197              		.thumb_set Vector70,_unhandled_exception
 198              		.weak	Vector6C
 199              		.thumb_set Vector6C,_unhandled_exception
 200              		.weak	Vector68
 201              		.thumb_set Vector68,_unhandled_exception
 202              		.weak	Vector64
 203              		.thumb_set Vector64,_unhandled_exception
 204              		.weak	Vector60
 205              		.thumb_set Vector60,_unhandled_exception
 206              		.weak	Vector5C
 207              		.thumb_set Vector5C,_unhandled_exception
 208              		.weak	Vector58
 209              		.thumb_set Vector58,_unhandled_exception
 210              		.weak	Vector54
 211              		.thumb_set Vector54,_unhandled_exception
 212              		.weak	Vector50
 213              		.thumb_set Vector50,_unhandled_exception
 214              		.weak	Vector4C
 215              		.thumb_set Vector4C,_unhandled_exception
 216              		.weak	Vector48
 217              		.thumb_set Vector48,_unhandled_exception
 218              		.weak	Vector44
 219              		.thumb_set Vector44,_unhandled_exception
 220              		.weak	Vector40
 221              		.thumb_set Vector40,_unhandled_exception
 222              		.weak	SysTickVector
 223              		.thumb_set SysTickVector,_unhandled_exception
 224              		.weak	PendSVVector
 225              		.thumb_set PendSVVector,_unhandled_exception
 226              		.weak	Vector34
 227              		.thumb_set Vector34,_unhandled_exception
 228              		.weak	DebugMonitorVector
ARM GAS  /tmp/cczFQLJM.s 			page 5


 229              		.thumb_set DebugMonitorVector,_unhandled_exception
 230              		.weak	SVCallVector
 231              		.thumb_set SVCallVector,_unhandled_exception
 232              		.weak	Vector28
 233              		.thumb_set Vector28,_unhandled_exception
 234              		.weak	Vector24
 235              		.thumb_set Vector24,_unhandled_exception
 236              		.weak	Vector20
 237              		.thumb_set Vector20,_unhandled_exception
 238              		.weak	Vector1C
 239              		.thumb_set Vector1C,_unhandled_exception
 240              		.weak	UsageFaultVector
 241              		.thumb_set UsageFaultVector,_unhandled_exception
 242              		.weak	BusFaultVector
 243              		.thumb_set BusFaultVector,_unhandled_exception
 244              		.weak	MemManageVector
 245              		.thumb_set MemManageVector,_unhandled_exception
 246              		.weak	HardFaultVector
 247              		.thumb_set HardFaultVector,_unhandled_exception
 248              		.weak	NMIVector
 249              		.thumb_set NMIVector,_unhandled_exception
 250              		.global	_vectors
 251 0002 00BF     		.section	vectors,"aw",%progbits
 252              		.align	2
 253              		.type	_vectors, %object
 254              		.size	_vectors, 428
 255              	_vectors:
 256 0000 00000000 		.word	__main_stack_end__
 257 0004 00000000 		.word	ResetHandler
 258 0008 00000000 		.word	NMIVector
 259 000c 00000000 		.word	HardFaultVector
 260 0010 00000000 		.word	MemManageVector
 261 0014 00000000 		.word	BusFaultVector
 262 0018 00000000 		.word	UsageFaultVector
 263 001c 00000000 		.word	Vector1C
 264 0020 00000000 		.word	Vector20
 265 0024 00000000 		.word	Vector24
 266 0028 00000000 		.word	Vector28
 267 002c 00000000 		.word	SVCallVector
 268 0030 00000000 		.word	DebugMonitorVector
 269 0034 00000000 		.word	Vector34
 270 0038 00000000 		.word	PendSVVector
 271 003c 00000000 		.word	SysTickVector
 272 0040 00000000 		.word	Vector40
 273 0044 00000000 		.word	Vector44
 274 0048 00000000 		.word	Vector48
 275 004c 00000000 		.word	Vector4C
 276 0050 00000000 		.word	Vector50
 277 0054 00000000 		.word	Vector54
 278 0058 00000000 		.word	Vector58
 279 005c 00000000 		.word	Vector5C
 280 0060 00000000 		.word	Vector60
 281 0064 00000000 		.word	Vector64
 282 0068 00000000 		.word	Vector68
 283 006c 00000000 		.word	Vector6C
 284 0070 00000000 		.word	Vector70
 285 0074 00000000 		.word	Vector74
ARM GAS  /tmp/cczFQLJM.s 			page 6


 286 0078 00000000 		.word	Vector78
 287 007c 00000000 		.word	Vector7C
 288 0080 00000000 		.word	Vector80
 289 0084 00000000 		.word	Vector84
 290 0088 00000000 		.word	Vector88
 291 008c 00000000 		.word	Vector8C
 292 0090 00000000 		.word	Vector90
 293 0094 00000000 		.word	Vector94
 294 0098 00000000 		.word	Vector98
 295 009c 00000000 		.word	Vector9C
 296 00a0 00000000 		.word	VectorA0
 297 00a4 00000000 		.word	VectorA4
 298 00a8 00000000 		.word	VectorA8
 299 00ac 00000000 		.word	VectorAC
 300 00b0 00000000 		.word	VectorB0
 301 00b4 00000000 		.word	VectorB4
 302 00b8 00000000 		.word	VectorB8
 303 00bc 00000000 		.word	VectorBC
 304 00c0 00000000 		.word	VectorC0
 305 00c4 00000000 		.word	VectorC4
 306 00c8 00000000 		.word	VectorC8
 307 00cc 00000000 		.word	VectorCC
 308 00d0 00000000 		.word	VectorD0
 309 00d4 00000000 		.word	VectorD4
 310 00d8 00000000 		.word	VectorD8
 311 00dc 00000000 		.word	VectorDC
 312 00e0 00000000 		.word	VectorE0
 313 00e4 00000000 		.word	VectorE4
 314 00e8 00000000 		.word	VectorE8
 315 00ec 00000000 		.word	VectorEC
 316 00f0 00000000 		.word	VectorF0
 317 00f4 00000000 		.word	VectorF4
 318 00f8 00000000 		.word	VectorF8
 319 00fc 00000000 		.word	VectorFC
 320 0100 00000000 		.word	Vector100
 321 0104 00000000 		.word	Vector104
 322 0108 00000000 		.word	Vector108
 323 010c 00000000 		.word	Vector10C
 324 0110 00000000 		.word	Vector110
 325 0114 00000000 		.word	Vector114
 326 0118 00000000 		.word	Vector118
 327 011c 00000000 		.word	Vector11C
 328 0120 00000000 		.word	Vector120
 329 0124 00000000 		.word	Vector124
 330 0128 00000000 		.word	Vector128
 331 012c 00000000 		.word	Vector12C
 332 0130 00000000 		.word	Vector130
 333 0134 00000000 		.word	Vector134
 334 0138 00000000 		.word	Vector138
 335 013c 00000000 		.word	Vector13C
 336 0140 00000000 		.word	Vector140
 337 0144 00000000 		.word	Vector144
 338 0148 00000000 		.word	Vector148
 339 014c 00000000 		.word	Vector14C
 340 0150 00000000 		.word	Vector150
 341 0154 00000000 		.word	Vector154
 342 0158 00000000 		.word	Vector158
ARM GAS  /tmp/cczFQLJM.s 			page 7


 343 015c 00000000 		.word	Vector15C
 344 0160 00000000 		.word	Vector160
 345 0164 00000000 		.word	Vector164
 346 0168 00000000 		.word	Vector168
 347 016c 00000000 		.word	Vector16C
 348 0170 00000000 		.word	Vector170
 349 0174 00000000 		.word	Vector174
 350 0178 00000000 		.word	Vector178
 351 017c 00000000 		.word	Vector17C
 352 0180 00000000 		.word	Vector180
 353 0184 00000000 		.word	Vector184
 354 0188 00000000 		.word	Vector188
 355 018c 00000000 		.word	Vector18C
 356 0190 00000000 		.word	Vector190
 357 0194 00000000 		.word	Vector194
 358 0198 00000000 		.word	Vector198
 359 019c 00000000 		.word	Vector19C
 360 01a0 00000000 		.word	Vector1A0
 361 01a4 00000000 		.word	Vector1A4
 362 01a8 00000000 		.word	Vector1A8
 363              		.text
 364              	.Letext0:
 365              		.file 2 "/usr/arm-none-eabi/include/machine/_default_types.h"
 366              		.file 3 "/usr/arm-none-eabi/include/sys/_stdint.h"
 367              		.file 4 "ChibiOS_2.6.6/os/ports/GCC/ARMCMx/chtypes.h"
 368              		.file 5 "ChibiOS_2.6.6/os/kernel/include/chlists.h"
 369              		.file 6 "ChibiOS_2.6.6/os/kernel/include/chthreads.h"
 370              		.file 7 "ChibiOS_2.6.6/os/ports/GCC/ARMCMx/chcore_v7m.h"
 371              		.file 8 "ChibiOS_2.6.6/os/kernel/include/chvt.h"
 372              		.file 9 "ChibiOS_2.6.6/os/kernel/include/chschd.h"
 373              		.file 10 "ChibiOS_2.6.6/os/kernel/include/chmtx.h"
 374              		.file 11 "ChibiOS_2.6.6/os/kernel/include/chregistry.h"
 375              		.file 12 "ChibiOS_2.6.6/os/kernel/include/chdebug.h"
 376              		.file 13 "ChibiOS_2.6.6/os/kernel/include/ch.h"
 377              		.section	.debug_info,"",%progbits
 378              	.Ldebug_info0:
 379 0000 0F090000 		.4byte	0x90f
 380 0004 0400     		.2byte	0x4
 381 0006 00000000 		.4byte	.Ldebug_abbrev0
 382 000a 04       		.byte	0x4
 383 000b 01       		.uleb128 0x1
 384 000c 4D000000 		.4byte	.LASF137
 385 0010 0C       		.byte	0xc
 386 0011 1F020000 		.4byte	.LASF138
 387 0015 AC030000 		.4byte	.LASF139
 388 0019 00000000 		.4byte	.Ldebug_ranges0+0
 389 001d 00000000 		.4byte	0
 390 0021 00000000 		.4byte	.Ldebug_line0
 391 0025 02       		.uleb128 0x2
 392 0026 04       		.byte	0x4
 393 0027 05       		.byte	0x5
 394 0028 696E7400 		.ascii	"int\000"
 395 002c 03       		.uleb128 0x3
 396 002d 04       		.byte	0x4
 397 002e 07       		.byte	0x7
 398 002f F8020000 		.4byte	.LASF0
 399 0033 03       		.uleb128 0x3
ARM GAS  /tmp/cczFQLJM.s 			page 8


 400 0034 01       		.byte	0x1
 401 0035 06       		.byte	0x6
 402 0036 E6010000 		.4byte	.LASF1
 403 003a 04       		.uleb128 0x4
 404 003b 2E000000 		.4byte	.LASF4
 405 003f 02       		.byte	0x2
 406 0040 2B       		.byte	0x2b
 407 0041 45000000 		.4byte	0x45
 408 0045 03       		.uleb128 0x3
 409 0046 01       		.byte	0x1
 410 0047 08       		.byte	0x8
 411 0048 4A050000 		.4byte	.LASF2
 412 004c 03       		.uleb128 0x3
 413 004d 02       		.byte	0x2
 414 004e 05       		.byte	0x5
 415 004f 70050000 		.4byte	.LASF3
 416 0053 04       		.uleb128 0x4
 417 0054 27060000 		.4byte	.LASF5
 418 0058 02       		.byte	0x2
 419 0059 39       		.byte	0x39
 420 005a 5E000000 		.4byte	0x5e
 421 005e 03       		.uleb128 0x3
 422 005f 02       		.byte	0x2
 423 0060 07       		.byte	0x7
 424 0061 78030000 		.4byte	.LASF6
 425 0065 04       		.uleb128 0x4
 426 0066 4E060000 		.4byte	.LASF7
 427 006a 02       		.byte	0x2
 428 006b 4D       		.byte	0x4d
 429 006c 70000000 		.4byte	0x70
 430 0070 03       		.uleb128 0x3
 431 0071 04       		.byte	0x4
 432 0072 05       		.byte	0x5
 433 0073 67020000 		.4byte	.LASF8
 434 0077 04       		.uleb128 0x4
 435 0078 C3020000 		.4byte	.LASF9
 436 007c 02       		.byte	0x2
 437 007d 4F       		.byte	0x4f
 438 007e 82000000 		.4byte	0x82
 439 0082 03       		.uleb128 0x3
 440 0083 04       		.byte	0x4
 441 0084 07       		.byte	0x7
 442 0085 1D030000 		.4byte	.LASF10
 443 0089 03       		.uleb128 0x3
 444 008a 08       		.byte	0x8
 445 008b 05       		.byte	0x5
 446 008c D8010000 		.4byte	.LASF11
 447 0090 04       		.uleb128 0x4
 448 0091 D5040000 		.4byte	.LASF12
 449 0095 02       		.byte	0x2
 450 0096 69       		.byte	0x69
 451 0097 9B000000 		.4byte	0x9b
 452 009b 03       		.uleb128 0x3
 453 009c 08       		.byte	0x8
 454 009d 07       		.byte	0x7
 455 009e 7F010000 		.4byte	.LASF13
 456 00a2 04       		.uleb128 0x4
ARM GAS  /tmp/cczFQLJM.s 			page 9


 457 00a3 D2060000 		.4byte	.LASF14
 458 00a7 03       		.byte	0x3
 459 00a8 18       		.byte	0x18
 460 00a9 3A000000 		.4byte	0x3a
 461 00ad 04       		.uleb128 0x4
 462 00ae 87020000 		.4byte	.LASF15
 463 00b2 03       		.byte	0x3
 464 00b3 24       		.byte	0x24
 465 00b4 53000000 		.4byte	0x53
 466 00b8 04       		.uleb128 0x4
 467 00b9 42050000 		.4byte	.LASF16
 468 00bd 03       		.byte	0x3
 469 00be 2C       		.byte	0x2c
 470 00bf 65000000 		.4byte	0x65
 471 00c3 04       		.uleb128 0x4
 472 00c4 05060000 		.4byte	.LASF17
 473 00c8 03       		.byte	0x3
 474 00c9 30       		.byte	0x30
 475 00ca 77000000 		.4byte	0x77
 476 00ce 04       		.uleb128 0x4
 477 00cf 1A000000 		.4byte	.LASF18
 478 00d3 03       		.byte	0x3
 479 00d4 3C       		.byte	0x3c
 480 00d5 90000000 		.4byte	0x90
 481 00d9 03       		.uleb128 0x3
 482 00da 01       		.byte	0x1
 483 00db 02       		.byte	0x2
 484 00dc 3C050000 		.4byte	.LASF19
 485 00e0 04       		.uleb128 0x4
 486 00e1 CD030000 		.4byte	.LASF20
 487 00e5 04       		.byte	0x4
 488 00e6 2C       		.byte	0x2c
 489 00e7 A2000000 		.4byte	0xa2
 490 00eb 04       		.uleb128 0x4
 491 00ec 7E020000 		.4byte	.LASF21
 492 00f0 04       		.byte	0x4
 493 00f1 2D       		.byte	0x2d
 494 00f2 A2000000 		.4byte	0xa2
 495 00f6 04       		.uleb128 0x4
 496 00f7 FA040000 		.4byte	.LASF22
 497 00fb 04       		.byte	0x4
 498 00fc 2E       		.byte	0x2e
 499 00fd A2000000 		.4byte	0xa2
 500 0101 04       		.uleb128 0x4
 501 0102 5D020000 		.4byte	.LASF23
 502 0106 04       		.byte	0x4
 503 0107 2F       		.byte	0x2f
 504 0108 A2000000 		.4byte	0xa2
 505 010c 04       		.uleb128 0x4
 506 010d 34050000 		.4byte	.LASF24
 507 0111 04       		.byte	0x4
 508 0112 30       		.byte	0x30
 509 0113 C3000000 		.4byte	0xc3
 510 0117 04       		.uleb128 0x4
 511 0118 9E030000 		.4byte	.LASF25
 512 011c 04       		.byte	0x4
 513 011d 31       		.byte	0x31
ARM GAS  /tmp/cczFQLJM.s 			page 10


 514 011e B8000000 		.4byte	0xb8
 515 0122 04       		.uleb128 0x4
 516 0123 F8030000 		.4byte	.LASF26
 517 0127 04       		.byte	0x4
 518 0128 33       		.byte	0x33
 519 0129 C3000000 		.4byte	0xc3
 520 012d 04       		.uleb128 0x4
 521 012e 39060000 		.4byte	.LASF27
 522 0132 04       		.byte	0x4
 523 0133 35       		.byte	0x35
 524 0134 C3000000 		.4byte	0xc3
 525 0138 05       		.uleb128 0x5
 526 0139 2D010000 		.4byte	0x12d
 527 013d 04       		.uleb128 0x4
 528 013e E7020000 		.4byte	.LASF28
 529 0142 04       		.byte	0x4
 530 0143 36       		.byte	0x36
 531 0144 B8000000 		.4byte	0xb8
 532 0148 04       		.uleb128 0x4
 533 0149 E6050000 		.4byte	.LASF29
 534 014d 05       		.byte	0x5
 535 014e 2A       		.byte	0x2a
 536 014f 53010000 		.4byte	0x153
 537 0153 06       		.uleb128 0x6
 538 0154 E6050000 		.4byte	.LASF29
 539 0158 4C       		.byte	0x4c
 540 0159 06       		.byte	0x6
 541 015a 5E       		.byte	0x5e
 542 015b 5C020000 		.4byte	0x25c
 543 015f 07       		.uleb128 0x7
 544 0160 B7050000 		.4byte	.LASF30
 545 0164 06       		.byte	0x6
 546 0165 5F       		.byte	0x5f
 547 0166 7D020000 		.4byte	0x27d
 548 016a 00       		.byte	0
 549 016b 07       		.uleb128 0x7
 550 016c 20050000 		.4byte	.LASF31
 551 0170 06       		.byte	0x6
 552 0171 61       		.byte	0x61
 553 0172 7D020000 		.4byte	0x27d
 554 0176 04       		.byte	0x4
 555 0177 07       		.uleb128 0x7
 556 0178 BE010000 		.4byte	.LASF32
 557 017c 06       		.byte	0x6
 558 017d 63       		.byte	0x63
 559 017e 0C010000 		.4byte	0x10c
 560 0182 08       		.byte	0x8
 561 0183 07       		.uleb128 0x7
 562 0184 17070000 		.4byte	.LASF33
 563 0188 06       		.byte	0x6
 564 0189 64       		.byte	0x64
 565 018a 13040000 		.4byte	0x413
 566 018e 0C       		.byte	0xc
 567 018f 07       		.uleb128 0x7
 568 0190 9A020000 		.4byte	.LASF34
 569 0194 06       		.byte	0x6
 570 0195 66       		.byte	0x66
ARM GAS  /tmp/cczFQLJM.s 			page 11


 571 0196 7D020000 		.4byte	0x27d
 572 019a 10       		.byte	0x10
 573 019b 07       		.uleb128 0x7
 574 019c 97040000 		.4byte	.LASF35
 575 01a0 06       		.byte	0x6
 576 01a1 67       		.byte	0x67
 577 01a2 7D020000 		.4byte	0x27d
 578 01a6 14       		.byte	0x14
 579 01a7 07       		.uleb128 0x7
 580 01a8 E1060000 		.4byte	.LASF36
 581 01ac 06       		.byte	0x6
 582 01ad 6E       		.byte	0x6e
 583 01ae D7050000 		.4byte	0x5d7
 584 01b2 18       		.byte	0x18
 585 01b3 07       		.uleb128 0x7
 586 01b4 ED020000 		.4byte	.LASF37
 587 01b8 06       		.byte	0x6
 588 01b9 74       		.byte	0x74
 589 01ba E9050000 		.4byte	0x5e9
 590 01be 1C       		.byte	0x1c
 591 01bf 07       		.uleb128 0x7
 592 01c0 7A050000 		.4byte	.LASF38
 593 01c4 06       		.byte	0x6
 594 01c5 79       		.byte	0x79
 595 01c6 EB000000 		.4byte	0xeb
 596 01ca 20       		.byte	0x20
 597 01cb 07       		.uleb128 0x7
 598 01cc CD050000 		.4byte	.LASF39
 599 01d0 06       		.byte	0x6
 600 01d1 7D       		.byte	0x7d
 601 01d2 E0000000 		.4byte	0xe0
 602 01d6 21       		.byte	0x21
 603 01d7 07       		.uleb128 0x7
 604 01d8 A3060000 		.4byte	.LASF40
 605 01dc 06       		.byte	0x6
 606 01dd 82       		.byte	0x82
 607 01de F6000000 		.4byte	0xf6
 608 01e2 22       		.byte	0x22
 609 01e3 07       		.uleb128 0x7
 610 01e4 82050000 		.4byte	.LASF41
 611 01e8 06       		.byte	0x6
 612 01e9 88       		.byte	0x88
 613 01ea 01010000 		.4byte	0x101
 614 01ee 23       		.byte	0x23
 615 01ef 07       		.uleb128 0x7
 616 01f0 65060000 		.4byte	.LASF42
 617 01f4 06       		.byte	0x6
 618 01f5 8F       		.byte	0x8f
 619 01f6 38010000 		.4byte	0x138
 620 01fa 24       		.byte	0x24
 621 01fb 08       		.uleb128 0x8
 622 01fc 705F7500 		.ascii	"p_u\000"
 623 0200 06       		.byte	0x6
 624 0201 B4       		.byte	0xb4
 625 0202 A2050000 		.4byte	0x5a2
 626 0206 28       		.byte	0x28
 627 0207 07       		.uleb128 0x7
ARM GAS  /tmp/cczFQLJM.s 			page 12


 628 0208 1D070000 		.4byte	.LASF43
 629 020c 06       		.byte	0x6
 630 020d B9       		.byte	0xb9
 631 020e A3020000 		.4byte	0x2a3
 632 0212 2C       		.byte	0x2c
 633 0213 07       		.uleb128 0x7
 634 0214 7D060000 		.4byte	.LASF44
 635 0218 06       		.byte	0x6
 636 0219 BF       		.byte	0xbf
 637 021a 83020000 		.4byte	0x283
 638 021e 30       		.byte	0x30
 639 021f 07       		.uleb128 0x7
 640 0220 0D000000 		.4byte	.LASF45
 641 0224 06       		.byte	0x6
 642 0225 C3       		.byte	0xc3
 643 0226 17010000 		.4byte	0x117
 644 022a 38       		.byte	0x38
 645 022b 07       		.uleb128 0x7
 646 022c FA050000 		.4byte	.LASF46
 647 0230 06       		.byte	0x6
 648 0231 C9       		.byte	0xc9
 649 0232 22010000 		.4byte	0x122
 650 0236 3C       		.byte	0x3c
 651 0237 07       		.uleb128 0x7
 652 0238 66050000 		.4byte	.LASF47
 653 023c 06       		.byte	0x6
 654 023d D0       		.byte	0xd0
 655 023e EF050000 		.4byte	0x5ef
 656 0242 40       		.byte	0x40
 657 0243 07       		.uleb128 0x7
 658 0244 43060000 		.4byte	.LASF48
 659 0248 06       		.byte	0x6
 660 0249 D4       		.byte	0xd4
 661 024a 0C010000 		.4byte	0x10c
 662 024e 44       		.byte	0x44
 663 024f 07       		.uleb128 0x7
 664 0250 0F020000 		.4byte	.LASF49
 665 0254 06       		.byte	0x6
 666 0255 DA       		.byte	0xda
 667 0256 B9020000 		.4byte	0x2b9
 668 025a 48       		.byte	0x48
 669 025b 00       		.byte	0
 670 025c 09       		.uleb128 0x9
 671 025d 08       		.byte	0x8
 672 025e 05       		.byte	0x5
 673 025f 61       		.byte	0x61
 674 0260 7D020000 		.4byte	0x27d
 675 0264 07       		.uleb128 0x7
 676 0265 B7050000 		.4byte	.LASF30
 677 0269 05       		.byte	0x5
 678 026a 62       		.byte	0x62
 679 026b 7D020000 		.4byte	0x27d
 680 026f 00       		.byte	0
 681 0270 07       		.uleb128 0x7
 682 0271 20050000 		.4byte	.LASF31
 683 0275 05       		.byte	0x5
 684 0276 64       		.byte	0x64
ARM GAS  /tmp/cczFQLJM.s 			page 13


 685 0277 7D020000 		.4byte	0x27d
 686 027b 04       		.byte	0x4
 687 027c 00       		.byte	0
 688 027d 0A       		.uleb128 0xa
 689 027e 04       		.byte	0x4
 690 027f 48010000 		.4byte	0x148
 691 0283 04       		.uleb128 0x4
 692 0284 A5040000 		.4byte	.LASF50
 693 0288 05       		.byte	0x5
 694 0289 66       		.byte	0x66
 695 028a 5C020000 		.4byte	0x25c
 696 028e 09       		.uleb128 0x9
 697 028f 04       		.byte	0x4
 698 0290 05       		.byte	0x5
 699 0291 6B       		.byte	0x6b
 700 0292 A3020000 		.4byte	0x2a3
 701 0296 07       		.uleb128 0x7
 702 0297 B7050000 		.4byte	.LASF30
 703 029b 05       		.byte	0x5
 704 029c 6D       		.byte	0x6d
 705 029d 7D020000 		.4byte	0x27d
 706 02a1 00       		.byte	0
 707 02a2 00       		.byte	0
 708 02a3 04       		.uleb128 0x4
 709 02a4 E1030000 		.4byte	.LASF51
 710 02a8 05       		.byte	0x5
 711 02a9 70       		.byte	0x70
 712 02aa 8E020000 		.4byte	0x28e
 713 02ae 04       		.uleb128 0x4
 714 02af CE020000 		.4byte	.LASF52
 715 02b3 07       		.byte	0x7
 716 02b4 E5       		.byte	0xe5
 717 02b5 B9020000 		.4byte	0x2b9
 718 02b9 0B       		.uleb128 0xb
 719 02ba 04       		.byte	0x4
 720 02bb 0C       		.uleb128 0xc
 721 02bc 0A040000 		.4byte	.LASF140
 722 02c0 07       		.byte	0x7
 723 02c1 EB       		.byte	0xeb
 724 02c2 CE000000 		.4byte	0xce
 725 02c6 08       		.byte	0x8
 726 02c7 0D       		.uleb128 0xd
 727 02c8 76060000 		.4byte	.LASF53
 728 02cc 64       		.byte	0x64
 729 02cd 07       		.byte	0x7
 730 02ce 0C01     		.2byte	0x10c
 731 02d0 13040000 		.4byte	0x413
 732 02d4 0E       		.uleb128 0xe
 733 02d5 73313600 		.ascii	"s16\000"
 734 02d9 07       		.byte	0x7
 735 02da 0E01     		.2byte	0x10e
 736 02dc AE020000 		.4byte	0x2ae
 737 02e0 00       		.byte	0
 738 02e1 0E       		.uleb128 0xe
 739 02e2 73313700 		.ascii	"s17\000"
 740 02e6 07       		.byte	0x7
 741 02e7 0F01     		.2byte	0x10f
ARM GAS  /tmp/cczFQLJM.s 			page 14


 742 02e9 AE020000 		.4byte	0x2ae
 743 02ed 04       		.byte	0x4
 744 02ee 0E       		.uleb128 0xe
 745 02ef 73313800 		.ascii	"s18\000"
 746 02f3 07       		.byte	0x7
 747 02f4 1001     		.2byte	0x110
 748 02f6 AE020000 		.4byte	0x2ae
 749 02fa 08       		.byte	0x8
 750 02fb 0E       		.uleb128 0xe
 751 02fc 73313900 		.ascii	"s19\000"
 752 0300 07       		.byte	0x7
 753 0301 1101     		.2byte	0x111
 754 0303 AE020000 		.4byte	0x2ae
 755 0307 0C       		.byte	0xc
 756 0308 0E       		.uleb128 0xe
 757 0309 73323000 		.ascii	"s20\000"
 758 030d 07       		.byte	0x7
 759 030e 1201     		.2byte	0x112
 760 0310 AE020000 		.4byte	0x2ae
 761 0314 10       		.byte	0x10
 762 0315 0E       		.uleb128 0xe
 763 0316 73323100 		.ascii	"s21\000"
 764 031a 07       		.byte	0x7
 765 031b 1301     		.2byte	0x113
 766 031d AE020000 		.4byte	0x2ae
 767 0321 14       		.byte	0x14
 768 0322 0E       		.uleb128 0xe
 769 0323 73323200 		.ascii	"s22\000"
 770 0327 07       		.byte	0x7
 771 0328 1401     		.2byte	0x114
 772 032a AE020000 		.4byte	0x2ae
 773 032e 18       		.byte	0x18
 774 032f 0E       		.uleb128 0xe
 775 0330 73323300 		.ascii	"s23\000"
 776 0334 07       		.byte	0x7
 777 0335 1501     		.2byte	0x115
 778 0337 AE020000 		.4byte	0x2ae
 779 033b 1C       		.byte	0x1c
 780 033c 0E       		.uleb128 0xe
 781 033d 73323400 		.ascii	"s24\000"
 782 0341 07       		.byte	0x7
 783 0342 1601     		.2byte	0x116
 784 0344 AE020000 		.4byte	0x2ae
 785 0348 20       		.byte	0x20
 786 0349 0E       		.uleb128 0xe
 787 034a 73323500 		.ascii	"s25\000"
 788 034e 07       		.byte	0x7
 789 034f 1701     		.2byte	0x117
 790 0351 AE020000 		.4byte	0x2ae
 791 0355 24       		.byte	0x24
 792 0356 0E       		.uleb128 0xe
 793 0357 73323600 		.ascii	"s26\000"
 794 035b 07       		.byte	0x7
 795 035c 1801     		.2byte	0x118
 796 035e AE020000 		.4byte	0x2ae
 797 0362 28       		.byte	0x28
 798 0363 0E       		.uleb128 0xe
ARM GAS  /tmp/cczFQLJM.s 			page 15


 799 0364 73323700 		.ascii	"s27\000"
 800 0368 07       		.byte	0x7
 801 0369 1901     		.2byte	0x119
 802 036b AE020000 		.4byte	0x2ae
 803 036f 2C       		.byte	0x2c
 804 0370 0E       		.uleb128 0xe
 805 0371 73323800 		.ascii	"s28\000"
 806 0375 07       		.byte	0x7
 807 0376 1A01     		.2byte	0x11a
 808 0378 AE020000 		.4byte	0x2ae
 809 037c 30       		.byte	0x30
 810 037d 0E       		.uleb128 0xe
 811 037e 73323900 		.ascii	"s29\000"
 812 0382 07       		.byte	0x7
 813 0383 1B01     		.2byte	0x11b
 814 0385 AE020000 		.4byte	0x2ae
 815 0389 34       		.byte	0x34
 816 038a 0E       		.uleb128 0xe
 817 038b 73333000 		.ascii	"s30\000"
 818 038f 07       		.byte	0x7
 819 0390 1C01     		.2byte	0x11c
 820 0392 AE020000 		.4byte	0x2ae
 821 0396 38       		.byte	0x38
 822 0397 0E       		.uleb128 0xe
 823 0398 73333100 		.ascii	"s31\000"
 824 039c 07       		.byte	0x7
 825 039d 1D01     		.2byte	0x11d
 826 039f AE020000 		.4byte	0x2ae
 827 03a3 3C       		.byte	0x3c
 828 03a4 0E       		.uleb128 0xe
 829 03a5 723400   		.ascii	"r4\000"
 830 03a8 07       		.byte	0x7
 831 03a9 1F01     		.2byte	0x11f
 832 03ab AE020000 		.4byte	0x2ae
 833 03af 40       		.byte	0x40
 834 03b0 0E       		.uleb128 0xe
 835 03b1 723500   		.ascii	"r5\000"
 836 03b4 07       		.byte	0x7
 837 03b5 2001     		.2byte	0x120
 838 03b7 AE020000 		.4byte	0x2ae
 839 03bb 44       		.byte	0x44
 840 03bc 0E       		.uleb128 0xe
 841 03bd 723600   		.ascii	"r6\000"
 842 03c0 07       		.byte	0x7
 843 03c1 2101     		.2byte	0x121
 844 03c3 AE020000 		.4byte	0x2ae
 845 03c7 48       		.byte	0x48
 846 03c8 0E       		.uleb128 0xe
 847 03c9 723700   		.ascii	"r7\000"
 848 03cc 07       		.byte	0x7
 849 03cd 2201     		.2byte	0x122
 850 03cf AE020000 		.4byte	0x2ae
 851 03d3 4C       		.byte	0x4c
 852 03d4 0E       		.uleb128 0xe
 853 03d5 723800   		.ascii	"r8\000"
 854 03d8 07       		.byte	0x7
 855 03d9 2301     		.2byte	0x123
ARM GAS  /tmp/cczFQLJM.s 			page 16


 856 03db AE020000 		.4byte	0x2ae
 857 03df 50       		.byte	0x50
 858 03e0 0E       		.uleb128 0xe
 859 03e1 723900   		.ascii	"r9\000"
 860 03e4 07       		.byte	0x7
 861 03e5 2401     		.2byte	0x124
 862 03e7 AE020000 		.4byte	0x2ae
 863 03eb 54       		.byte	0x54
 864 03ec 0E       		.uleb128 0xe
 865 03ed 72313000 		.ascii	"r10\000"
 866 03f1 07       		.byte	0x7
 867 03f2 2501     		.2byte	0x125
 868 03f4 AE020000 		.4byte	0x2ae
 869 03f8 58       		.byte	0x58
 870 03f9 0E       		.uleb128 0xe
 871 03fa 72313100 		.ascii	"r11\000"
 872 03fe 07       		.byte	0x7
 873 03ff 2601     		.2byte	0x126
 874 0401 AE020000 		.4byte	0x2ae
 875 0405 5C       		.byte	0x5c
 876 0406 0E       		.uleb128 0xe
 877 0407 6C7200   		.ascii	"lr\000"
 878 040a 07       		.byte	0x7
 879 040b 2701     		.2byte	0x127
 880 040d AE020000 		.4byte	0x2ae
 881 0411 60       		.byte	0x60
 882 0412 00       		.byte	0
 883 0413 0D       		.uleb128 0xd
 884 0414 70030000 		.4byte	.LASF54
 885 0418 04       		.byte	0x4
 886 0419 07       		.byte	0x7
 887 041a 3101     		.2byte	0x131
 888 041c 2E040000 		.4byte	0x42e
 889 0420 0E       		.uleb128 0xe
 890 0421 72313300 		.ascii	"r13\000"
 891 0425 07       		.byte	0x7
 892 0426 3201     		.2byte	0x132
 893 0428 2E040000 		.4byte	0x42e
 894 042c 00       		.byte	0
 895 042d 00       		.byte	0
 896 042e 0A       		.uleb128 0xa
 897 042f 04       		.byte	0x4
 898 0430 C7020000 		.4byte	0x2c7
 899 0434 04       		.uleb128 0x4
 900 0435 4C030000 		.4byte	.LASF55
 901 0439 08       		.byte	0x8
 902 043a 58       		.byte	0x58
 903 043b 3F040000 		.4byte	0x43f
 904 043f 0A       		.uleb128 0xa
 905 0440 04       		.byte	0x4
 906 0441 45040000 		.4byte	0x445
 907 0445 0F       		.uleb128 0xf
 908 0446 50040000 		.4byte	0x450
 909 044a 10       		.uleb128 0x10
 910 044b B9020000 		.4byte	0x2b9
 911 044f 00       		.byte	0
 912 0450 04       		.uleb128 0x4
ARM GAS  /tmp/cczFQLJM.s 			page 17


 913 0451 63030000 		.4byte	.LASF56
 914 0455 08       		.byte	0x8
 915 0456 5D       		.byte	0x5d
 916 0457 5B040000 		.4byte	0x45b
 917 045b 06       		.uleb128 0x6
 918 045c 63030000 		.4byte	.LASF56
 919 0460 14       		.byte	0x14
 920 0461 08       		.byte	0x8
 921 0462 64       		.byte	0x64
 922 0463 A4040000 		.4byte	0x4a4
 923 0467 07       		.uleb128 0x7
 924 0468 05030000 		.4byte	.LASF57
 925 046c 08       		.byte	0x8
 926 046d 65       		.byte	0x65
 927 046e A4040000 		.4byte	0x4a4
 928 0472 00       		.byte	0
 929 0473 07       		.uleb128 0x7
 930 0474 D7020000 		.4byte	.LASF58
 931 0478 08       		.byte	0x8
 932 0479 67       		.byte	0x67
 933 047a A4040000 		.4byte	0x4a4
 934 047e 04       		.byte	0x4
 935 047f 07       		.uleb128 0x7
 936 0480 29040000 		.4byte	.LASF59
 937 0484 08       		.byte	0x8
 938 0485 69       		.byte	0x69
 939 0486 2D010000 		.4byte	0x12d
 940 048a 08       		.byte	0x8
 941 048b 07       		.uleb128 0x7
 942 048c 56040000 		.4byte	.LASF60
 943 0490 08       		.byte	0x8
 944 0491 6A       		.byte	0x6a
 945 0492 34040000 		.4byte	0x434
 946 0496 0C       		.byte	0xc
 947 0497 07       		.uleb128 0x7
 948 0498 91060000 		.4byte	.LASF61
 949 049c 08       		.byte	0x8
 950 049d 6C       		.byte	0x6c
 951 049e B9020000 		.4byte	0x2b9
 952 04a2 10       		.byte	0x10
 953 04a3 00       		.byte	0
 954 04a4 0A       		.uleb128 0xa
 955 04a5 04       		.byte	0x4
 956 04a6 50040000 		.4byte	0x450
 957 04aa 09       		.uleb128 0x9
 958 04ab 10       		.byte	0x10
 959 04ac 08       		.byte	0x8
 960 04ad 76       		.byte	0x76
 961 04ae E3040000 		.4byte	0x4e3
 962 04b2 07       		.uleb128 0x7
 963 04b3 05030000 		.4byte	.LASF57
 964 04b7 08       		.byte	0x8
 965 04b8 77       		.byte	0x77
 966 04b9 A4040000 		.4byte	0x4a4
 967 04bd 00       		.byte	0
 968 04be 07       		.uleb128 0x7
 969 04bf D7020000 		.4byte	.LASF58
ARM GAS  /tmp/cczFQLJM.s 			page 18


 970 04c3 08       		.byte	0x8
 971 04c4 79       		.byte	0x79
 972 04c5 A4040000 		.4byte	0x4a4
 973 04c9 04       		.byte	0x4
 974 04ca 07       		.uleb128 0x7
 975 04cb 29040000 		.4byte	.LASF59
 976 04cf 08       		.byte	0x8
 977 04d0 7B       		.byte	0x7b
 978 04d1 2D010000 		.4byte	0x12d
 979 04d5 08       		.byte	0x8
 980 04d6 07       		.uleb128 0x7
 981 04d7 E8060000 		.4byte	.LASF62
 982 04db 08       		.byte	0x8
 983 04dc 7C       		.byte	0x7c
 984 04dd 38010000 		.4byte	0x138
 985 04e1 0C       		.byte	0xc
 986 04e2 00       		.byte	0
 987 04e3 04       		.uleb128 0x4
 988 04e4 FE060000 		.4byte	.LASF63
 989 04e8 08       		.byte	0x8
 990 04e9 7D       		.byte	0x7d
 991 04ea AA040000 		.4byte	0x4aa
 992 04ee 11       		.uleb128 0x11
 993 04ef 46000000 		.4byte	.LASF71
 994 04f3 08       		.byte	0x8
 995 04f4 F5       		.byte	0xf5
 996 04f5 E3040000 		.4byte	0x4e3
 997 04f9 09       		.uleb128 0x9
 998 04fa 1C       		.byte	0x1c
 999 04fb 09       		.byte	0x9
 1000 04fc 5E       		.byte	0x5e
 1001 04fd 4A050000 		.4byte	0x54a
 1002 0501 07       		.uleb128 0x7
 1003 0502 1A060000 		.4byte	.LASF64
 1004 0506 09       		.byte	0x9
 1005 0507 5F       		.byte	0x5f
 1006 0508 83020000 		.4byte	0x283
 1007 050c 00       		.byte	0
 1008 050d 07       		.uleb128 0x7
 1009 050e 98050000 		.4byte	.LASF65
 1010 0512 09       		.byte	0x9
 1011 0513 60       		.byte	0x60
 1012 0514 0C010000 		.4byte	0x10c
 1013 0518 08       		.byte	0x8
 1014 0519 07       		.uleb128 0x7
 1015 051a 9F040000 		.4byte	.LASF66
 1016 051e 09       		.byte	0x9
 1017 051f 62       		.byte	0x62
 1018 0520 13040000 		.4byte	0x413
 1019 0524 0C       		.byte	0xc
 1020 0525 07       		.uleb128 0x7
 1021 0526 A4030000 		.4byte	.LASF67
 1022 052a 09       		.byte	0x9
 1023 052b 65       		.byte	0x65
 1024 052c 7D020000 		.4byte	0x27d
 1025 0530 10       		.byte	0x10
 1026 0531 07       		.uleb128 0x7
ARM GAS  /tmp/cczFQLJM.s 			page 19


 1027 0532 CD040000 		.4byte	.LASF68
 1028 0536 09       		.byte	0x9
 1029 0537 66       		.byte	0x66
 1030 0538 7D020000 		.4byte	0x27d
 1031 053c 14       		.byte	0x14
 1032 053d 07       		.uleb128 0x7
 1033 053e C3040000 		.4byte	.LASF69
 1034 0542 09       		.byte	0x9
 1035 0543 69       		.byte	0x69
 1036 0544 7D020000 		.4byte	0x27d
 1037 0548 18       		.byte	0x18
 1038 0549 00       		.byte	0
 1039 054a 04       		.uleb128 0x4
 1040 054b AA060000 		.4byte	.LASF70
 1041 054f 09       		.byte	0x9
 1042 0550 6B       		.byte	0x6b
 1043 0551 F9040000 		.4byte	0x4f9
 1044 0555 11       		.uleb128 0x11
 1045 0556 CC060000 		.4byte	.LASF72
 1046 055a 09       		.byte	0x9
 1047 055b 6F       		.byte	0x6f
 1048 055c 4A050000 		.4byte	0x54a
 1049 0560 06       		.uleb128 0x6
 1050 0561 04040000 		.4byte	.LASF73
 1051 0565 10       		.byte	0x10
 1052 0566 0A       		.byte	0xa
 1053 0567 2C       		.byte	0x2c
 1054 0568 91050000 		.4byte	0x591
 1055 056c 07       		.uleb128 0x7
 1056 056d 17020000 		.4byte	.LASF74
 1057 0571 0A       		.byte	0xa
 1058 0572 2D       		.byte	0x2d
 1059 0573 83020000 		.4byte	0x283
 1060 0577 00       		.byte	0
 1061 0578 07       		.uleb128 0x7
 1062 0579 05070000 		.4byte	.LASF75
 1063 057d 0A       		.byte	0xa
 1064 057e 2F       		.byte	0x2f
 1065 057f 7D020000 		.4byte	0x27d
 1066 0583 08       		.byte	0x8
 1067 0584 07       		.uleb128 0x7
 1068 0585 32060000 		.4byte	.LASF76
 1069 0589 0A       		.byte	0xa
 1070 058a 31       		.byte	0x31
 1071 058b 91050000 		.4byte	0x591
 1072 058f 0C       		.byte	0xc
 1073 0590 00       		.byte	0
 1074 0591 0A       		.uleb128 0xa
 1075 0592 04       		.byte	0x4
 1076 0593 60050000 		.4byte	0x560
 1077 0597 04       		.uleb128 0x4
 1078 0598 04040000 		.4byte	.LASF73
 1079 059c 0A       		.byte	0xa
 1080 059d 33       		.byte	0x33
 1081 059e 60050000 		.4byte	0x560
 1082 05a2 12       		.uleb128 0x12
 1083 05a3 04       		.byte	0x4
ARM GAS  /tmp/cczFQLJM.s 			page 20


 1084 05a4 06       		.byte	0x6
 1085 05a5 96       		.byte	0x96
 1086 05a6 D7050000 		.4byte	0x5d7
 1087 05aa 13       		.uleb128 0x13
 1088 05ab 13000000 		.4byte	.LASF77
 1089 05af 06       		.byte	0x6
 1090 05b0 9D       		.byte	0x9d
 1091 05b1 17010000 		.4byte	0x117
 1092 05b5 13       		.uleb128 0x13
 1093 05b6 B2020000 		.4byte	.LASF78
 1094 05ba 06       		.byte	0x6
 1095 05bb A4       		.byte	0xa4
 1096 05bc 17010000 		.4byte	0x117
 1097 05c0 13       		.uleb128 0x13
 1098 05c1 DA060000 		.4byte	.LASF79
 1099 05c5 06       		.byte	0x6
 1100 05c6 AB       		.byte	0xab
 1101 05c7 B9020000 		.4byte	0x2b9
 1102 05cb 13       		.uleb128 0x13
 1103 05cc B0050000 		.4byte	.LASF80
 1104 05d0 06       		.byte	0x6
 1105 05d1 B2       		.byte	0xb2
 1106 05d2 22010000 		.4byte	0x122
 1107 05d6 00       		.byte	0
 1108 05d7 0A       		.uleb128 0xa
 1109 05d8 04       		.byte	0x4
 1110 05d9 E4050000 		.4byte	0x5e4
 1111 05dd 03       		.uleb128 0x3
 1112 05de 01       		.byte	0x1
 1113 05df 08       		.byte	0x8
 1114 05e0 22060000 		.4byte	.LASF81
 1115 05e4 14       		.uleb128 0x14
 1116 05e5 DD050000 		.4byte	0x5dd
 1117 05e9 0A       		.uleb128 0xa
 1118 05ea 04       		.byte	0x4
 1119 05eb BB020000 		.4byte	0x2bb
 1120 05ef 0A       		.uleb128 0xa
 1121 05f0 04       		.byte	0x4
 1122 05f1 97050000 		.4byte	0x597
 1123 05f5 09       		.uleb128 0x9
 1124 05f6 16       		.byte	0x16
 1125 05f7 0B       		.byte	0xb
 1126 05f8 2C       		.byte	0x2c
 1127 05f9 D6060000 		.4byte	0x6d6
 1128 05fd 07       		.uleb128 0x7
 1129 05fe 55030000 		.4byte	.LASF82
 1130 0602 0B       		.byte	0xb
 1131 0603 2D       		.byte	0x2d
 1132 0604 D6060000 		.4byte	0x6d6
 1133 0608 00       		.byte	0
 1134 0609 07       		.uleb128 0x7
 1135 060a 15040000 		.4byte	.LASF83
 1136 060e 0B       		.byte	0xb
 1137 060f 2E       		.byte	0x2e
 1138 0610 A2000000 		.4byte	0xa2
 1139 0614 04       		.byte	0x4
 1140 0615 07       		.uleb128 0x7
ARM GAS  /tmp/cczFQLJM.s 			page 21


 1141 0616 B2040000 		.4byte	.LASF84
 1142 061a 0B       		.byte	0xb
 1143 061b 2F       		.byte	0x2f
 1144 061c A2000000 		.4byte	0xa2
 1145 0620 05       		.byte	0x5
 1146 0621 07       		.uleb128 0x7
 1147 0622 F3060000 		.4byte	.LASF85
 1148 0626 0B       		.byte	0xb
 1149 0627 30       		.byte	0x30
 1150 0628 AD000000 		.4byte	0xad
 1151 062c 06       		.byte	0x6
 1152 062d 07       		.uleb128 0x7
 1153 062e 0C050000 		.4byte	.LASF86
 1154 0632 0B       		.byte	0xb
 1155 0633 31       		.byte	0x31
 1156 0634 A2000000 		.4byte	0xa2
 1157 0638 08       		.byte	0x8
 1158 0639 07       		.uleb128 0x7
 1159 063a 70040000 		.4byte	.LASF87
 1160 063e 0B       		.byte	0xb
 1161 063f 32       		.byte	0x32
 1162 0640 A2000000 		.4byte	0xa2
 1163 0644 09       		.byte	0x9
 1164 0645 07       		.uleb128 0x7
 1165 0646 38000000 		.4byte	.LASF88
 1166 064a 0B       		.byte	0xb
 1167 064b 33       		.byte	0x33
 1168 064c A2000000 		.4byte	0xa2
 1169 0650 0A       		.byte	0xa
 1170 0651 07       		.uleb128 0x7
 1171 0652 0E060000 		.4byte	.LASF89
 1172 0656 0B       		.byte	0xb
 1173 0657 34       		.byte	0x34
 1174 0658 A2000000 		.4byte	0xa2
 1175 065c 0B       		.byte	0xb
 1176 065d 07       		.uleb128 0x7
 1177 065e 98060000 		.4byte	.LASF90
 1178 0662 0B       		.byte	0xb
 1179 0663 35       		.byte	0x35
 1180 0664 A2000000 		.4byte	0xa2
 1181 0668 0C       		.byte	0xc
 1182 0669 07       		.uleb128 0x7
 1183 066a ED050000 		.4byte	.LASF91
 1184 066e 0B       		.byte	0xb
 1185 066f 36       		.byte	0x36
 1186 0670 A2000000 		.4byte	0xa2
 1187 0674 0D       		.byte	0xd
 1188 0675 07       		.uleb128 0x7
 1189 0676 00000000 		.4byte	.LASF92
 1190 067a 0B       		.byte	0xb
 1191 067b 37       		.byte	0x37
 1192 067c A2000000 		.4byte	0xa2
 1193 0680 0E       		.byte	0xe
 1194 0681 07       		.uleb128 0x7
 1195 0682 8B040000 		.4byte	.LASF93
 1196 0686 0B       		.byte	0xb
 1197 0687 38       		.byte	0x38
ARM GAS  /tmp/cczFQLJM.s 			page 22


 1198 0688 A2000000 		.4byte	0xa2
 1199 068c 0F       		.byte	0xf
 1200 068d 07       		.uleb128 0x7
 1201 068e F2010000 		.4byte	.LASF94
 1202 0692 0B       		.byte	0xb
 1203 0693 39       		.byte	0x39
 1204 0694 A2000000 		.4byte	0xa2
 1205 0698 10       		.byte	0x10
 1206 0699 07       		.uleb128 0x7
 1207 069a C5010000 		.4byte	.LASF95
 1208 069e 0B       		.byte	0xb
 1209 069f 3B       		.byte	0x3b
 1210 06a0 A2000000 		.4byte	0xa2
 1211 06a4 11       		.byte	0x11
 1212 06a5 07       		.uleb128 0x7
 1213 06a6 02020000 		.4byte	.LASF96
 1214 06aa 0B       		.byte	0xb
 1215 06ab 3C       		.byte	0x3c
 1216 06ac A2000000 		.4byte	0xa2
 1217 06b0 12       		.byte	0x12
 1218 06b1 07       		.uleb128 0x7
 1219 06b2 1D040000 		.4byte	.LASF97
 1220 06b6 0B       		.byte	0xb
 1221 06b7 3D       		.byte	0x3d
 1222 06b8 A2000000 		.4byte	0xa2
 1223 06bc 13       		.byte	0x13
 1224 06bd 07       		.uleb128 0x7
 1225 06be BE050000 		.4byte	.LASF98
 1226 06c2 0B       		.byte	0xb
 1227 06c3 3E       		.byte	0x3e
 1228 06c4 A2000000 		.4byte	0xa2
 1229 06c8 14       		.byte	0x14
 1230 06c9 07       		.uleb128 0x7
 1231 06ca 8C050000 		.4byte	.LASF99
 1232 06ce 0B       		.byte	0xb
 1233 06cf 40       		.byte	0x40
 1234 06d0 A2000000 		.4byte	0xa2
 1235 06d4 15       		.byte	0x15
 1236 06d5 00       		.byte	0
 1237 06d6 15       		.uleb128 0x15
 1238 06d7 DD050000 		.4byte	0x5dd
 1239 06db E6060000 		.4byte	0x6e6
 1240 06df 16       		.uleb128 0x16
 1241 06e0 2C000000 		.4byte	0x2c
 1242 06e4 03       		.byte	0x3
 1243 06e5 00       		.byte	0
 1244 06e6 04       		.uleb128 0x4
 1245 06e7 90020000 		.4byte	.LASF100
 1246 06eb 0B       		.byte	0xb
 1247 06ec 41       		.byte	0x41
 1248 06ed F5050000 		.4byte	0x5f5
 1249 06f1 14       		.uleb128 0x14
 1250 06f2 E6060000 		.4byte	0x6e6
 1251 06f6 11       		.uleb128 0x11
 1252 06f7 43030000 		.4byte	.LASF101
 1253 06fb 0B       		.byte	0xb
 1254 06fc 7E       		.byte	0x7e
ARM GAS  /tmp/cczFQLJM.s 			page 23


 1255 06fd F1060000 		.4byte	0x6f1
 1256 0701 09       		.uleb128 0x9
 1257 0702 10       		.byte	0x10
 1258 0703 0C       		.byte	0xc
 1259 0704 71       		.byte	0x71
 1260 0705 3A070000 		.4byte	0x73a
 1261 0709 07       		.uleb128 0x7
 1262 070a DF020000 		.4byte	.LASF102
 1263 070e 0C       		.byte	0xc
 1264 070f 72       		.byte	0x72
 1265 0710 2D010000 		.4byte	0x12d
 1266 0714 00       		.byte	0
 1267 0715 07       		.uleb128 0x7
 1268 0716 D2010000 		.4byte	.LASF103
 1269 071a 0C       		.byte	0xc
 1270 071b 73       		.byte	0x73
 1271 071c 7D020000 		.4byte	0x27d
 1272 0720 04       		.byte	0x4
 1273 0721 07       		.uleb128 0x7
 1274 0722 0D070000 		.4byte	.LASF104
 1275 0726 0C       		.byte	0xc
 1276 0727 74       		.byte	0x74
 1277 0728 B9020000 		.4byte	0x2b9
 1278 072c 08       		.byte	0x8
 1279 072d 07       		.uleb128 0x7
 1280 072e C3060000 		.4byte	.LASF105
 1281 0732 0C       		.byte	0xc
 1282 0733 75       		.byte	0x75
 1283 0734 A2000000 		.4byte	0xa2
 1284 0738 0C       		.byte	0xc
 1285 0739 00       		.byte	0
 1286 073a 04       		.uleb128 0x4
 1287 073b 7C040000 		.4byte	.LASF106
 1288 073f 0C       		.byte	0xc
 1289 0740 76       		.byte	0x76
 1290 0741 01070000 		.4byte	0x701
 1291 0745 17       		.uleb128 0x17
 1292 0746 0804     		.2byte	0x408
 1293 0748 0C       		.byte	0xc
 1294 0749 7B       		.byte	0x7b
 1295 074a 73070000 		.4byte	0x773
 1296 074e 07       		.uleb128 0x7
 1297 074f BB020000 		.4byte	.LASF107
 1298 0753 0C       		.byte	0xc
 1299 0754 7C       		.byte	0x7c
 1300 0755 2C000000 		.4byte	0x2c
 1301 0759 00       		.byte	0
 1302 075a 07       		.uleb128 0x7
 1303 075b 31040000 		.4byte	.LASF108
 1304 075f 0C       		.byte	0xc
 1305 0760 7D       		.byte	0x7d
 1306 0761 73070000 		.4byte	0x773
 1307 0765 04       		.byte	0x4
 1308 0766 07       		.uleb128 0x7
 1309 0767 02050000 		.4byte	.LASF109
 1310 076b 0C       		.byte	0xc
 1311 076c 7F       		.byte	0x7f
ARM GAS  /tmp/cczFQLJM.s 			page 24


 1312 076d 79070000 		.4byte	0x779
 1313 0771 08       		.byte	0x8
 1314 0772 00       		.byte	0
 1315 0773 0A       		.uleb128 0xa
 1316 0774 04       		.byte	0x4
 1317 0775 3A070000 		.4byte	0x73a
 1318 0779 15       		.uleb128 0x15
 1319 077a 3A070000 		.4byte	0x73a
 1320 077e 89070000 		.4byte	0x789
 1321 0782 16       		.uleb128 0x16
 1322 0783 2C000000 		.4byte	0x2c
 1323 0787 3F       		.byte	0x3f
 1324 0788 00       		.byte	0
 1325 0789 04       		.uleb128 0x4
 1326 078a 96010000 		.4byte	.LASF110
 1327 078e 0C       		.byte	0xc
 1328 078f 80       		.byte	0x80
 1329 0790 45070000 		.4byte	0x745
 1330 0794 11       		.uleb128 0x11
 1331 0795 E0040000 		.4byte	.LASF111
 1332 0799 0C       		.byte	0xc
 1333 079a 83       		.byte	0x83
 1334 079b 89070000 		.4byte	0x789
 1335 079f 11       		.uleb128 0x11
 1336 07a0 D5030000 		.4byte	.LASF112
 1337 07a4 0C       		.byte	0xc
 1338 07a5 E2       		.byte	0xe2
 1339 07a6 3D010000 		.4byte	0x13d
 1340 07aa 11       		.uleb128 0x11
 1341 07ab 58060000 		.4byte	.LASF113
 1342 07af 0C       		.byte	0xc
 1343 07b0 E3       		.byte	0xe3
 1344 07b1 3D010000 		.4byte	0x13d
 1345 07b5 11       		.uleb128 0x11
 1346 07b6 58050000 		.4byte	.LASF114
 1347 07ba 0C       		.byte	0xc
 1348 07bb F5       		.byte	0xf5
 1349 07bc D7050000 		.4byte	0x5d7
 1350 07c0 18       		.uleb128 0x18
 1351 07c1 BB020000 		.4byte	0x2bb
 1352 07c5 08       		.byte	0x8
 1353 07c6 D1070000 		.4byte	0x7d1
 1354 07ca 16       		.uleb128 0x16
 1355 07cb 2C000000 		.4byte	0x2c
 1356 07cf 3A       		.byte	0x3a
 1357 07d0 00       		.byte	0
 1358 07d1 11       		.uleb128 0x11
 1359 07d2 A2020000 		.4byte	.LASF115
 1360 07d6 0D       		.byte	0xd
 1361 07d7 89       		.byte	0x89
 1362 07d8 C0070000 		.4byte	0x7c0
 1363 07dc 04       		.uleb128 0x4
 1364 07dd A8010000 		.4byte	.LASF116
 1365 07e1 01       		.byte	0x1
 1366 07e2 2B       		.byte	0x2b
 1367 07e3 E7070000 		.4byte	0x7e7
 1368 07e7 0A       		.uleb128 0xa
ARM GAS  /tmp/cczFQLJM.s 			page 25


 1369 07e8 04       		.byte	0x4
 1370 07e9 ED070000 		.4byte	0x7ed
 1371 07ed 19       		.uleb128 0x19
 1372 07ee 17       		.uleb128 0x17
 1373 07ef AC01     		.2byte	0x1ac
 1374 07f1 01       		.byte	0x1
 1375 07f2 30       		.byte	0x30
 1376 07f3 C4080000 		.4byte	0x8c4
 1377 07f7 07       		.uleb128 0x7
 1378 07f8 ED030000 		.4byte	.LASF117
 1379 07fc 01       		.byte	0x1
 1380 07fd 31       		.byte	0x31
 1381 07fe C4080000 		.4byte	0x8c4
 1382 0802 00       		.byte	0
 1383 0803 07       		.uleb128 0x7
 1384 0804 27050000 		.4byte	.LASF118
 1385 0808 01       		.byte	0x1
 1386 0809 32       		.byte	0x32
 1387 080a DC070000 		.4byte	0x7dc
 1388 080e 04       		.byte	0x4
 1389 080f 07       		.uleb128 0x7
 1390 0810 23000000 		.4byte	.LASF119
 1391 0814 01       		.byte	0x1
 1392 0815 33       		.byte	0x33
 1393 0816 DC070000 		.4byte	0x7dc
 1394 081a 08       		.byte	0x8
 1395 081b 07       		.uleb128 0x7
 1396 081c D5050000 		.4byte	.LASF120
 1397 0820 01       		.byte	0x1
 1398 0821 34       		.byte	0x34
 1399 0822 DC070000 		.4byte	0x7dc
 1400 0826 0C       		.byte	0xc
 1401 0827 07       		.uleb128 0x7
 1402 0828 9F050000 		.4byte	.LASF121
 1403 082c 01       		.byte	0x1
 1404 082d 35       		.byte	0x35
 1405 082e DC070000 		.4byte	0x7dc
 1406 0832 10       		.byte	0x10
 1407 0833 07       		.uleb128 0x7
 1408 0834 0D030000 		.4byte	.LASF122
 1409 0838 01       		.byte	0x1
 1410 0839 36       		.byte	0x36
 1411 083a DC070000 		.4byte	0x7dc
 1412 083e 14       		.byte	0x14
 1413 083f 07       		.uleb128 0x7
 1414 0840 5E040000 		.4byte	.LASF123
 1415 0844 01       		.byte	0x1
 1416 0845 37       		.byte	0x37
 1417 0846 DC070000 		.4byte	0x7dc
 1418 084a 18       		.byte	0x18
 1419 084b 07       		.uleb128 0x7
 1420 084c BA040000 		.4byte	.LASF124
 1421 0850 01       		.byte	0x1
 1422 0851 38       		.byte	0x38
 1423 0852 DC070000 		.4byte	0x7dc
 1424 0856 1C       		.byte	0x1c
 1425 0857 07       		.uleb128 0x7
ARM GAS  /tmp/cczFQLJM.s 			page 26


 1426 0858 88060000 		.4byte	.LASF125
 1427 085c 01       		.byte	0x1
 1428 085d 39       		.byte	0x39
 1429 085e DC070000 		.4byte	0x7dc
 1430 0862 20       		.byte	0x20
 1431 0863 07       		.uleb128 0x7
 1432 0864 F1040000 		.4byte	.LASF126
 1433 0868 01       		.byte	0x1
 1434 0869 3A       		.byte	0x3a
 1435 086a DC070000 		.4byte	0x7dc
 1436 086e 24       		.byte	0x24
 1437 086f 07       		.uleb128 0x7
 1438 0870 17050000 		.4byte	.LASF127
 1439 0874 01       		.byte	0x1
 1440 0875 3B       		.byte	0x3b
 1441 0876 DC070000 		.4byte	0x7dc
 1442 087a 28       		.byte	0x28
 1443 087b 07       		.uleb128 0x7
 1444 087c 71010000 		.4byte	.LASF128
 1445 0880 01       		.byte	0x1
 1446 0881 3C       		.byte	0x3c
 1447 0882 DC070000 		.4byte	0x7dc
 1448 0886 2C       		.byte	0x2c
 1449 0887 07       		.uleb128 0x7
 1450 0888 2F030000 		.4byte	.LASF129
 1451 088c 01       		.byte	0x1
 1452 088d 3D       		.byte	0x3d
 1453 088e DC070000 		.4byte	0x7dc
 1454 0892 30       		.byte	0x30
 1455 0893 07       		.uleb128 0x7
 1456 0894 4D040000 		.4byte	.LASF130
 1457 0898 01       		.byte	0x1
 1458 0899 3E       		.byte	0x3e
 1459 089a DC070000 		.4byte	0x7dc
 1460 089e 34       		.byte	0x34
 1461 089f 07       		.uleb128 0x7
 1462 08a0 70020000 		.4byte	.LASF131
 1463 08a4 01       		.byte	0x1
 1464 08a5 3F       		.byte	0x3f
 1465 08a6 DC070000 		.4byte	0x7dc
 1466 08aa 38       		.byte	0x38
 1467 08ab 07       		.uleb128 0x7
 1468 08ac B4060000 		.4byte	.LASF132
 1469 08b0 01       		.byte	0x1
 1470 08b1 40       		.byte	0x40
 1471 08b2 DC070000 		.4byte	0x7dc
 1472 08b6 3C       		.byte	0x3c
 1473 08b7 07       		.uleb128 0x7
 1474 08b8 55020000 		.4byte	.LASF133
 1475 08bc 01       		.byte	0x1
 1476 08bd 41       		.byte	0x41
 1477 08be CA080000 		.4byte	0x8ca
 1478 08c2 40       		.byte	0x40
 1479 08c3 00       		.byte	0
 1480 08c4 0A       		.uleb128 0xa
 1481 08c5 04       		.byte	0x4
 1482 08c6 C3000000 		.4byte	0xc3
ARM GAS  /tmp/cczFQLJM.s 			page 27


 1483 08ca 15       		.uleb128 0x15
 1484 08cb DC070000 		.4byte	0x7dc
 1485 08cf DA080000 		.4byte	0x8da
 1486 08d3 16       		.uleb128 0x16
 1487 08d4 2C000000 		.4byte	0x2c
 1488 08d8 5A       		.byte	0x5a
 1489 08d9 00       		.byte	0
 1490 08da 04       		.uleb128 0x4
 1491 08db 6C060000 		.4byte	.LASF134
 1492 08df 01       		.byte	0x1
 1493 08e0 42       		.byte	0x42
 1494 08e1 EE070000 		.4byte	0x7ee
 1495 08e5 11       		.uleb128 0x11
 1496 08e6 8B030000 		.4byte	.LASF135
 1497 08ea 01       		.byte	0x1
 1498 08eb 45       		.byte	0x45
 1499 08ec C3000000 		.4byte	0xc3
 1500 08f0 1A       		.uleb128 0x1a
 1501 08f1 B5010000 		.4byte	.LASF136
 1502 08f5 01       		.byte	0x1
 1503 08f6 B8       		.byte	0xb8
 1504 08f7 DA080000 		.4byte	0x8da
 1505 08fb 05       		.uleb128 0x5
 1506 08fc 03       		.byte	0x3
 1507 08fd 00000000 		.4byte	_vectors
 1508 0901 1B       		.uleb128 0x1b
 1509 0902 38040000 		.4byte	.LASF141
 1510 0906 01       		.byte	0x1
 1511 0907 E2       		.byte	0xe2
 1512 0908 00000000 		.4byte	.LFB7
 1513 090c 02000000 		.4byte	.LFE7-.LFB7
 1514 0910 01       		.uleb128 0x1
 1515 0911 9C       		.byte	0x9c
 1516 0912 00       		.byte	0
 1517              		.section	.debug_abbrev,"",%progbits
 1518              	.Ldebug_abbrev0:
 1519 0000 01       		.uleb128 0x1
 1520 0001 11       		.uleb128 0x11
 1521 0002 01       		.byte	0x1
 1522 0003 25       		.uleb128 0x25
 1523 0004 0E       		.uleb128 0xe
 1524 0005 13       		.uleb128 0x13
 1525 0006 0B       		.uleb128 0xb
 1526 0007 03       		.uleb128 0x3
 1527 0008 0E       		.uleb128 0xe
 1528 0009 1B       		.uleb128 0x1b
 1529 000a 0E       		.uleb128 0xe
 1530 000b 55       		.uleb128 0x55
 1531 000c 17       		.uleb128 0x17
 1532 000d 11       		.uleb128 0x11
 1533 000e 01       		.uleb128 0x1
 1534 000f 10       		.uleb128 0x10
 1535 0010 17       		.uleb128 0x17
 1536 0011 00       		.byte	0
 1537 0012 00       		.byte	0
 1538 0013 02       		.uleb128 0x2
 1539 0014 24       		.uleb128 0x24
ARM GAS  /tmp/cczFQLJM.s 			page 28


 1540 0015 00       		.byte	0
 1541 0016 0B       		.uleb128 0xb
 1542 0017 0B       		.uleb128 0xb
 1543 0018 3E       		.uleb128 0x3e
 1544 0019 0B       		.uleb128 0xb
 1545 001a 03       		.uleb128 0x3
 1546 001b 08       		.uleb128 0x8
 1547 001c 00       		.byte	0
 1548 001d 00       		.byte	0
 1549 001e 03       		.uleb128 0x3
 1550 001f 24       		.uleb128 0x24
 1551 0020 00       		.byte	0
 1552 0021 0B       		.uleb128 0xb
 1553 0022 0B       		.uleb128 0xb
 1554 0023 3E       		.uleb128 0x3e
 1555 0024 0B       		.uleb128 0xb
 1556 0025 03       		.uleb128 0x3
 1557 0026 0E       		.uleb128 0xe
 1558 0027 00       		.byte	0
 1559 0028 00       		.byte	0
 1560 0029 04       		.uleb128 0x4
 1561 002a 16       		.uleb128 0x16
 1562 002b 00       		.byte	0
 1563 002c 03       		.uleb128 0x3
 1564 002d 0E       		.uleb128 0xe
 1565 002e 3A       		.uleb128 0x3a
 1566 002f 0B       		.uleb128 0xb
 1567 0030 3B       		.uleb128 0x3b
 1568 0031 0B       		.uleb128 0xb
 1569 0032 49       		.uleb128 0x49
 1570 0033 13       		.uleb128 0x13
 1571 0034 00       		.byte	0
 1572 0035 00       		.byte	0
 1573 0036 05       		.uleb128 0x5
 1574 0037 35       		.uleb128 0x35
 1575 0038 00       		.byte	0
 1576 0039 49       		.uleb128 0x49
 1577 003a 13       		.uleb128 0x13
 1578 003b 00       		.byte	0
 1579 003c 00       		.byte	0
 1580 003d 06       		.uleb128 0x6
 1581 003e 13       		.uleb128 0x13
 1582 003f 01       		.byte	0x1
 1583 0040 03       		.uleb128 0x3
 1584 0041 0E       		.uleb128 0xe
 1585 0042 0B       		.uleb128 0xb
 1586 0043 0B       		.uleb128 0xb
 1587 0044 3A       		.uleb128 0x3a
 1588 0045 0B       		.uleb128 0xb
 1589 0046 3B       		.uleb128 0x3b
 1590 0047 0B       		.uleb128 0xb
 1591 0048 01       		.uleb128 0x1
 1592 0049 13       		.uleb128 0x13
 1593 004a 00       		.byte	0
 1594 004b 00       		.byte	0
 1595 004c 07       		.uleb128 0x7
 1596 004d 0D       		.uleb128 0xd
ARM GAS  /tmp/cczFQLJM.s 			page 29


 1597 004e 00       		.byte	0
 1598 004f 03       		.uleb128 0x3
 1599 0050 0E       		.uleb128 0xe
 1600 0051 3A       		.uleb128 0x3a
 1601 0052 0B       		.uleb128 0xb
 1602 0053 3B       		.uleb128 0x3b
 1603 0054 0B       		.uleb128 0xb
 1604 0055 49       		.uleb128 0x49
 1605 0056 13       		.uleb128 0x13
 1606 0057 38       		.uleb128 0x38
 1607 0058 0B       		.uleb128 0xb
 1608 0059 00       		.byte	0
 1609 005a 00       		.byte	0
 1610 005b 08       		.uleb128 0x8
 1611 005c 0D       		.uleb128 0xd
 1612 005d 00       		.byte	0
 1613 005e 03       		.uleb128 0x3
 1614 005f 08       		.uleb128 0x8
 1615 0060 3A       		.uleb128 0x3a
 1616 0061 0B       		.uleb128 0xb
 1617 0062 3B       		.uleb128 0x3b
 1618 0063 0B       		.uleb128 0xb
 1619 0064 49       		.uleb128 0x49
 1620 0065 13       		.uleb128 0x13
 1621 0066 38       		.uleb128 0x38
 1622 0067 0B       		.uleb128 0xb
 1623 0068 00       		.byte	0
 1624 0069 00       		.byte	0
 1625 006a 09       		.uleb128 0x9
 1626 006b 13       		.uleb128 0x13
 1627 006c 01       		.byte	0x1
 1628 006d 0B       		.uleb128 0xb
 1629 006e 0B       		.uleb128 0xb
 1630 006f 3A       		.uleb128 0x3a
 1631 0070 0B       		.uleb128 0xb
 1632 0071 3B       		.uleb128 0x3b
 1633 0072 0B       		.uleb128 0xb
 1634 0073 01       		.uleb128 0x1
 1635 0074 13       		.uleb128 0x13
 1636 0075 00       		.byte	0
 1637 0076 00       		.byte	0
 1638 0077 0A       		.uleb128 0xa
 1639 0078 0F       		.uleb128 0xf
 1640 0079 00       		.byte	0
 1641 007a 0B       		.uleb128 0xb
 1642 007b 0B       		.uleb128 0xb
 1643 007c 49       		.uleb128 0x49
 1644 007d 13       		.uleb128 0x13
 1645 007e 00       		.byte	0
 1646 007f 00       		.byte	0
 1647 0080 0B       		.uleb128 0xb
 1648 0081 0F       		.uleb128 0xf
 1649 0082 00       		.byte	0
 1650 0083 0B       		.uleb128 0xb
 1651 0084 0B       		.uleb128 0xb
 1652 0085 00       		.byte	0
 1653 0086 00       		.byte	0
ARM GAS  /tmp/cczFQLJM.s 			page 30


 1654 0087 0C       		.uleb128 0xc
 1655 0088 16       		.uleb128 0x16
 1656 0089 00       		.byte	0
 1657 008a 03       		.uleb128 0x3
 1658 008b 0E       		.uleb128 0xe
 1659 008c 3A       		.uleb128 0x3a
 1660 008d 0B       		.uleb128 0xb
 1661 008e 3B       		.uleb128 0x3b
 1662 008f 0B       		.uleb128 0xb
 1663 0090 49       		.uleb128 0x49
 1664 0091 13       		.uleb128 0x13
 1665 0092 8801     		.uleb128 0x88
 1666 0094 0B       		.uleb128 0xb
 1667 0095 00       		.byte	0
 1668 0096 00       		.byte	0
 1669 0097 0D       		.uleb128 0xd
 1670 0098 13       		.uleb128 0x13
 1671 0099 01       		.byte	0x1
 1672 009a 03       		.uleb128 0x3
 1673 009b 0E       		.uleb128 0xe
 1674 009c 0B       		.uleb128 0xb
 1675 009d 0B       		.uleb128 0xb
 1676 009e 3A       		.uleb128 0x3a
 1677 009f 0B       		.uleb128 0xb
 1678 00a0 3B       		.uleb128 0x3b
 1679 00a1 05       		.uleb128 0x5
 1680 00a2 01       		.uleb128 0x1
 1681 00a3 13       		.uleb128 0x13
 1682 00a4 00       		.byte	0
 1683 00a5 00       		.byte	0
 1684 00a6 0E       		.uleb128 0xe
 1685 00a7 0D       		.uleb128 0xd
 1686 00a8 00       		.byte	0
 1687 00a9 03       		.uleb128 0x3
 1688 00aa 08       		.uleb128 0x8
 1689 00ab 3A       		.uleb128 0x3a
 1690 00ac 0B       		.uleb128 0xb
 1691 00ad 3B       		.uleb128 0x3b
 1692 00ae 05       		.uleb128 0x5
 1693 00af 49       		.uleb128 0x49
 1694 00b0 13       		.uleb128 0x13
 1695 00b1 38       		.uleb128 0x38
 1696 00b2 0B       		.uleb128 0xb
 1697 00b3 00       		.byte	0
 1698 00b4 00       		.byte	0
 1699 00b5 0F       		.uleb128 0xf
 1700 00b6 15       		.uleb128 0x15
 1701 00b7 01       		.byte	0x1
 1702 00b8 27       		.uleb128 0x27
 1703 00b9 19       		.uleb128 0x19
 1704 00ba 01       		.uleb128 0x1
 1705 00bb 13       		.uleb128 0x13
 1706 00bc 00       		.byte	0
 1707 00bd 00       		.byte	0
 1708 00be 10       		.uleb128 0x10
 1709 00bf 05       		.uleb128 0x5
 1710 00c0 00       		.byte	0
ARM GAS  /tmp/cczFQLJM.s 			page 31


 1711 00c1 49       		.uleb128 0x49
 1712 00c2 13       		.uleb128 0x13
 1713 00c3 00       		.byte	0
 1714 00c4 00       		.byte	0
 1715 00c5 11       		.uleb128 0x11
 1716 00c6 34       		.uleb128 0x34
 1717 00c7 00       		.byte	0
 1718 00c8 03       		.uleb128 0x3
 1719 00c9 0E       		.uleb128 0xe
 1720 00ca 3A       		.uleb128 0x3a
 1721 00cb 0B       		.uleb128 0xb
 1722 00cc 3B       		.uleb128 0x3b
 1723 00cd 0B       		.uleb128 0xb
 1724 00ce 49       		.uleb128 0x49
 1725 00cf 13       		.uleb128 0x13
 1726 00d0 3F       		.uleb128 0x3f
 1727 00d1 19       		.uleb128 0x19
 1728 00d2 3C       		.uleb128 0x3c
 1729 00d3 19       		.uleb128 0x19
 1730 00d4 00       		.byte	0
 1731 00d5 00       		.byte	0
 1732 00d6 12       		.uleb128 0x12
 1733 00d7 17       		.uleb128 0x17
 1734 00d8 01       		.byte	0x1
 1735 00d9 0B       		.uleb128 0xb
 1736 00da 0B       		.uleb128 0xb
 1737 00db 3A       		.uleb128 0x3a
 1738 00dc 0B       		.uleb128 0xb
 1739 00dd 3B       		.uleb128 0x3b
 1740 00de 0B       		.uleb128 0xb
 1741 00df 01       		.uleb128 0x1
 1742 00e0 13       		.uleb128 0x13
 1743 00e1 00       		.byte	0
 1744 00e2 00       		.byte	0
 1745 00e3 13       		.uleb128 0x13
 1746 00e4 0D       		.uleb128 0xd
 1747 00e5 00       		.byte	0
 1748 00e6 03       		.uleb128 0x3
 1749 00e7 0E       		.uleb128 0xe
 1750 00e8 3A       		.uleb128 0x3a
 1751 00e9 0B       		.uleb128 0xb
 1752 00ea 3B       		.uleb128 0x3b
 1753 00eb 0B       		.uleb128 0xb
 1754 00ec 49       		.uleb128 0x49
 1755 00ed 13       		.uleb128 0x13
 1756 00ee 00       		.byte	0
 1757 00ef 00       		.byte	0
 1758 00f0 14       		.uleb128 0x14
 1759 00f1 26       		.uleb128 0x26
 1760 00f2 00       		.byte	0
 1761 00f3 49       		.uleb128 0x49
 1762 00f4 13       		.uleb128 0x13
 1763 00f5 00       		.byte	0
 1764 00f6 00       		.byte	0
 1765 00f7 15       		.uleb128 0x15
 1766 00f8 01       		.uleb128 0x1
 1767 00f9 01       		.byte	0x1
ARM GAS  /tmp/cczFQLJM.s 			page 32


 1768 00fa 49       		.uleb128 0x49
 1769 00fb 13       		.uleb128 0x13
 1770 00fc 01       		.uleb128 0x1
 1771 00fd 13       		.uleb128 0x13
 1772 00fe 00       		.byte	0
 1773 00ff 00       		.byte	0
 1774 0100 16       		.uleb128 0x16
 1775 0101 21       		.uleb128 0x21
 1776 0102 00       		.byte	0
 1777 0103 49       		.uleb128 0x49
 1778 0104 13       		.uleb128 0x13
 1779 0105 2F       		.uleb128 0x2f
 1780 0106 0B       		.uleb128 0xb
 1781 0107 00       		.byte	0
 1782 0108 00       		.byte	0
 1783 0109 17       		.uleb128 0x17
 1784 010a 13       		.uleb128 0x13
 1785 010b 01       		.byte	0x1
 1786 010c 0B       		.uleb128 0xb
 1787 010d 05       		.uleb128 0x5
 1788 010e 3A       		.uleb128 0x3a
 1789 010f 0B       		.uleb128 0xb
 1790 0110 3B       		.uleb128 0x3b
 1791 0111 0B       		.uleb128 0xb
 1792 0112 01       		.uleb128 0x1
 1793 0113 13       		.uleb128 0x13
 1794 0114 00       		.byte	0
 1795 0115 00       		.byte	0
 1796 0116 18       		.uleb128 0x18
 1797 0117 01       		.uleb128 0x1
 1798 0118 01       		.byte	0x1
 1799 0119 49       		.uleb128 0x49
 1800 011a 13       		.uleb128 0x13
 1801 011b 8801     		.uleb128 0x88
 1802 011d 0B       		.uleb128 0xb
 1803 011e 01       		.uleb128 0x1
 1804 011f 13       		.uleb128 0x13
 1805 0120 00       		.byte	0
 1806 0121 00       		.byte	0
 1807 0122 19       		.uleb128 0x19
 1808 0123 15       		.uleb128 0x15
 1809 0124 00       		.byte	0
 1810 0125 27       		.uleb128 0x27
 1811 0126 19       		.uleb128 0x19
 1812 0127 00       		.byte	0
 1813 0128 00       		.byte	0
 1814 0129 1A       		.uleb128 0x1a
 1815 012a 34       		.uleb128 0x34
 1816 012b 00       		.byte	0
 1817 012c 03       		.uleb128 0x3
 1818 012d 0E       		.uleb128 0xe
 1819 012e 3A       		.uleb128 0x3a
 1820 012f 0B       		.uleb128 0xb
 1821 0130 3B       		.uleb128 0x3b
 1822 0131 0B       		.uleb128 0xb
 1823 0132 49       		.uleb128 0x49
 1824 0133 13       		.uleb128 0x13
ARM GAS  /tmp/cczFQLJM.s 			page 33


 1825 0134 3F       		.uleb128 0x3f
 1826 0135 19       		.uleb128 0x19
 1827 0136 02       		.uleb128 0x2
 1828 0137 18       		.uleb128 0x18
 1829 0138 00       		.byte	0
 1830 0139 00       		.byte	0
 1831 013a 1B       		.uleb128 0x1b
 1832 013b 2E       		.uleb128 0x2e
 1833 013c 00       		.byte	0
 1834 013d 3F       		.uleb128 0x3f
 1835 013e 19       		.uleb128 0x19
 1836 013f 03       		.uleb128 0x3
 1837 0140 0E       		.uleb128 0xe
 1838 0141 3A       		.uleb128 0x3a
 1839 0142 0B       		.uleb128 0xb
 1840 0143 3B       		.uleb128 0x3b
 1841 0144 0B       		.uleb128 0xb
 1842 0145 27       		.uleb128 0x27
 1843 0146 19       		.uleb128 0x19
 1844 0147 11       		.uleb128 0x11
 1845 0148 01       		.uleb128 0x1
 1846 0149 12       		.uleb128 0x12
 1847 014a 06       		.uleb128 0x6
 1848 014b 40       		.uleb128 0x40
 1849 014c 18       		.uleb128 0x18
 1850 014d 9742     		.uleb128 0x2117
 1851 014f 19       		.uleb128 0x19
 1852 0150 00       		.byte	0
 1853 0151 00       		.byte	0
 1854 0152 00       		.byte	0
 1855              		.section	.debug_aranges,"",%progbits
 1856 0000 1C000000 		.4byte	0x1c
 1857 0004 0200     		.2byte	0x2
 1858 0006 00000000 		.4byte	.Ldebug_info0
 1859 000a 04       		.byte	0x4
 1860 000b 00       		.byte	0
 1861 000c 0000     		.2byte	0
 1862 000e 0000     		.2byte	0
 1863 0010 00000000 		.4byte	.LFB7
 1864 0014 02000000 		.4byte	.LFE7-.LFB7
 1865 0018 00000000 		.4byte	0
 1866 001c 00000000 		.4byte	0
 1867              		.section	.debug_ranges,"",%progbits
 1868              	.Ldebug_ranges0:
 1869 0000 00000000 		.4byte	.LFB7
 1870 0004 02000000 		.4byte	.LFE7
 1871 0008 00000000 		.4byte	0
 1872 000c 00000000 		.4byte	0
 1873              		.section	.debug_line,"",%progbits
 1874              	.Ldebug_line0:
 1875 0000 86010000 		.section	.debug_str,"MS",%progbits,1
 1875      02007001 
 1875      00000201 
 1875      FB0E0D00 
 1875      01010101 
 1876              	.LASF92:
 1877 0000 63665F6F 		.ascii	"cf_off_older\000"
ARM GAS  /tmp/cczFQLJM.s 			page 34


 1877      66665F6F 
 1877      6C646572 
 1877      00
 1878              	.LASF45:
 1879 000d 705F6D73 		.ascii	"p_msg\000"
 1879      6700
 1880              	.LASF77:
 1881 0013 7264796D 		.ascii	"rdymsg\000"
 1881      736700
 1882              	.LASF18:
 1883 001a 75696E74 		.ascii	"uint64_t\000"
 1883      36345F74 
 1883      00
 1884              	.LASF119:
 1885 0023 6E6D695F 		.ascii	"nmi_vector\000"
 1885      76656374 
 1885      6F7200
 1886              	.LASF4:
 1887 002e 5F5F7569 		.ascii	"__uint8_t\000"
 1887      6E74385F 
 1887      7400
 1888              	.LASF88:
 1889 0038 63685F74 		.ascii	"ch_threadsize\000"
 1889      68726561 
 1889      6473697A 
 1889      6500
 1890              	.LASF71:
 1891 0046 76746C69 		.ascii	"vtlist\000"
 1891      737400
 1892              	.LASF137:
 1893 004d 474E5520 		.ascii	"GNU C99 7.3.1 20180622 (release) [ARM/embedded-7-br"
 1893      43393920 
 1893      372E332E 
 1893      31203230 
 1893      31383036 
 1894 0080 616E6368 		.ascii	"anch revision 261907] -mcpu=cortex-m4 -mfloat-abi=h"
 1894      20726576 
 1894      6973696F 
 1894      6E203236 
 1894      31393037 
 1895 00b3 61726420 		.ascii	"ard -mfpu=fpv4-sp-d16 -mno-thumb-interwork -mthumb "
 1895      2D6D6670 
 1895      753D6670 
 1895      76342D73 
 1895      702D6431 
 1896 00e6 2D676764 		.ascii	"-ggdb -O2 -std=gnu99 -fomit-frame-pointer -falign-f"
 1896      62202D4F 
 1896      32202D73 
 1896      74643D67 
 1896      6E753939 
 1897 0119 756E6374 		.ascii	"unctions=16 -ffunction-sections -fdata-sections -fn"
 1897      696F6E73 
 1897      3D313620 
 1897      2D666675 
 1897      6E637469 
 1898 014c 6F2D636F 		.ascii	"o-common -fsingle-precision-constant\000"
 1898      6D6D6F6E 
ARM GAS  /tmp/cczFQLJM.s 			page 35


 1898      202D6673 
 1898      696E676C 
 1898      652D7072 
 1899              	.LASF128:
 1900 0171 73766361 		.ascii	"svcall_vector\000"
 1900      6C6C5F76 
 1900      6563746F 
 1900      7200
 1901              	.LASF13:
 1902 017f 6C6F6E67 		.ascii	"long long unsigned int\000"
 1902      206C6F6E 
 1902      6720756E 
 1902      7369676E 
 1902      65642069 
 1903              	.LASF110:
 1904 0196 63685F74 		.ascii	"ch_trace_buffer_t\000"
 1904      72616365 
 1904      5F627566 
 1904      6665725F 
 1904      7400
 1905              	.LASF116:
 1906 01a8 6972715F 		.ascii	"irq_vector_t\000"
 1906      76656374 
 1906      6F725F74 
 1906      00
 1907              	.LASF136:
 1908 01b5 5F766563 		.ascii	"_vectors\000"
 1908      746F7273 
 1908      00
 1909              	.LASF32:
 1910 01be 705F7072 		.ascii	"p_prio\000"
 1910      696F00
 1911              	.LASF95:
 1912 01c5 63665F6F 		.ascii	"cf_off_state\000"
 1912      66665F73 
 1912      74617465 
 1912      00
 1913              	.LASF103:
 1914 01d2 73655F74 		.ascii	"se_tp\000"
 1914      7000
 1915              	.LASF11:
 1916 01d8 6C6F6E67 		.ascii	"long long int\000"
 1916      206C6F6E 
 1916      6720696E 
 1916      7400
 1917              	.LASF1:
 1918 01e6 7369676E 		.ascii	"signed char\000"
 1918      65642063 
 1918      68617200 
 1919              	.LASF94:
 1920 01f2 63665F6F 		.ascii	"cf_off_stklimit\000"
 1920      66665F73 
 1920      746B6C69 
 1920      6D697400 
 1921              	.LASF96:
 1922 0202 63665F6F 		.ascii	"cf_off_flags\000"
 1922      66665F66 
ARM GAS  /tmp/cczFQLJM.s 			page 36


 1922      6C616773 
 1922      00
 1923              	.LASF49:
 1924 020f 705F6D70 		.ascii	"p_mpool\000"
 1924      6F6F6C00 
 1925              	.LASF74:
 1926 0217 6D5F7175 		.ascii	"m_queue\000"
 1926      65756500 
 1927              	.LASF138:
 1928 021f 43686962 		.ascii	"ChibiOS_2.6.6/os/ports/GCC/ARMCMx/STM32F4xx/vectors"
 1928      694F535F 
 1928      322E362E 
 1928      362F6F73 
 1928      2F706F72 
 1929 0252 2E6300   		.ascii	".c\000"
 1930              	.LASF133:
 1931 0255 76656374 		.ascii	"vectors\000"
 1931      6F727300 
 1932              	.LASF23:
 1933 025d 74736C69 		.ascii	"tslices_t\000"
 1933      6365735F 
 1933      7400
 1934              	.LASF8:
 1935 0267 6C6F6E67 		.ascii	"long int\000"
 1935      20696E74 
 1935      00
 1936              	.LASF131:
 1937 0270 70656E64 		.ascii	"pendsv_vector\000"
 1937      73765F76 
 1937      6563746F 
 1937      7200
 1938              	.LASF21:
 1939 027e 74737461 		.ascii	"tstate_t\000"
 1939      74655F74 
 1939      00
 1940              	.LASF15:
 1941 0287 75696E74 		.ascii	"uint16_t\000"
 1941      31365F74 
 1941      00
 1942              	.LASF100:
 1943 0290 63686465 		.ascii	"chdebug_t\000"
 1943      6275675F 
 1943      7400
 1944              	.LASF34:
 1945 029a 705F6E65 		.ascii	"p_newer\000"
 1945      77657200 
 1946              	.LASF115:
 1947 02a2 5F69646C 		.ascii	"_idle_thread_wa\000"
 1947      655F7468 
 1947      72656164 
 1947      5F776100 
 1948              	.LASF78:
 1949 02b2 65786974 		.ascii	"exitcode\000"
 1949      636F6465 
 1949      00
 1950              	.LASF107:
 1951 02bb 74625F73 		.ascii	"tb_size\000"
ARM GAS  /tmp/cczFQLJM.s 			page 37


 1951      697A6500 
 1952              	.LASF9:
 1953 02c3 5F5F7569 		.ascii	"__uint32_t\000"
 1953      6E743332 
 1953      5F7400
 1954              	.LASF52:
 1955 02ce 72656761 		.ascii	"regarm_t\000"
 1955      726D5F74 
 1955      00
 1956              	.LASF58:
 1957 02d7 76745F70 		.ascii	"vt_prev\000"
 1957      72657600 
 1958              	.LASF102:
 1959 02df 73655F74 		.ascii	"se_time\000"
 1959      696D6500 
 1960              	.LASF28:
 1961 02e7 636E745F 		.ascii	"cnt_t\000"
 1961      7400
 1962              	.LASF37:
 1963 02ed 705F7374 		.ascii	"p_stklimit\000"
 1963      6B6C696D 
 1963      697400
 1964              	.LASF0:
 1965 02f8 756E7369 		.ascii	"unsigned int\000"
 1965      676E6564 
 1965      20696E74 
 1965      00
 1966              	.LASF57:
 1967 0305 76745F6E 		.ascii	"vt_next\000"
 1967      65787400 
 1968              	.LASF122:
 1969 030d 62757366 		.ascii	"busfault_vector\000"
 1969      61756C74 
 1969      5F766563 
 1969      746F7200 
 1970              	.LASF10:
 1971 031d 6C6F6E67 		.ascii	"long unsigned int\000"
 1971      20756E73 
 1971      69676E65 
 1971      6420696E 
 1971      7400
 1972              	.LASF129:
 1973 032f 64656275 		.ascii	"debugmonitor_vector\000"
 1973      676D6F6E 
 1973      69746F72 
 1973      5F766563 
 1973      746F7200 
 1974              	.LASF101:
 1975 0343 63685F64 		.ascii	"ch_debug\000"
 1975      65627567 
 1975      00
 1976              	.LASF55:
 1977 034c 76746675 		.ascii	"vtfunc_t\000"
 1977      6E635F74 
 1977      00
 1978              	.LASF82:
 1979 0355 63685F69 		.ascii	"ch_identifier\000"
ARM GAS  /tmp/cczFQLJM.s 			page 38


 1979      64656E74 
 1979      69666965 
 1979      7200
 1980              	.LASF56:
 1981 0363 56697274 		.ascii	"VirtualTimer\000"
 1981      75616C54 
 1981      696D6572 
 1981      00
 1982              	.LASF54:
 1983 0370 636F6E74 		.ascii	"context\000"
 1983      65787400 
 1984              	.LASF6:
 1985 0378 73686F72 		.ascii	"short unsigned int\000"
 1985      7420756E 
 1985      7369676E 
 1985      65642069 
 1985      6E7400
 1986              	.LASF135:
 1987 038b 5F5F6D61 		.ascii	"__main_stack_end__\000"
 1987      696E5F73 
 1987      7461636B 
 1987      5F656E64 
 1987      5F5F00
 1988              	.LASF25:
 1989 039e 6D73675F 		.ascii	"msg_t\000"
 1989      7400
 1990              	.LASF67:
 1991 03a4 725F6E65 		.ascii	"r_newer\000"
 1991      77657200 
 1992              	.LASF139:
 1993 03ac 2F686F6D 		.ascii	"/home/renan/BLDC/bldc-bootloader\000"
 1993      652F7265 
 1993      6E616E2F 
 1993      424C4443 
 1993      2F626C64 
 1994              	.LASF20:
 1995 03cd 746D6F64 		.ascii	"tmode_t\000"
 1995      655F7400 
 1996              	.LASF112:
 1997 03d5 6462675F 		.ascii	"dbg_isr_cnt\000"
 1997      6973725F 
 1997      636E7400 
 1998              	.LASF51:
 1999 03e1 54687265 		.ascii	"ThreadsList\000"
 1999      6164734C 
 1999      69737400 
 2000              	.LASF117:
 2001 03ed 696E6974 		.ascii	"init_stack\000"
 2001      5F737461 
 2001      636B00
 2002              	.LASF26:
 2003 03f8 6576656E 		.ascii	"eventmask_t\000"
 2003      746D6173 
 2003      6B5F7400 
 2004              	.LASF73:
 2005 0404 4D757465 		.ascii	"Mutex\000"
 2005      7800
ARM GAS  /tmp/cczFQLJM.s 			page 39


 2006              	.LASF140:
 2007 040a 73746B61 		.ascii	"stkalign_t\000"
 2007      6C69676E 
 2007      5F7400
 2008              	.LASF83:
 2009 0415 63685F7A 		.ascii	"ch_zero\000"
 2009      65726F00 
 2010              	.LASF97:
 2011 041d 63665F6F 		.ascii	"cf_off_refs\000"
 2011      66665F72 
 2011      65667300 
 2012              	.LASF59:
 2013 0429 76745F74 		.ascii	"vt_time\000"
 2013      696D6500 
 2014              	.LASF108:
 2015 0431 74625F70 		.ascii	"tb_ptr\000"
 2015      747200
 2016              	.LASF141:
 2017 0438 5F756E68 		.ascii	"_unhandled_exception\000"
 2017      616E646C 
 2017      65645F65 
 2017      78636570 
 2017      74696F6E 
 2018              	.LASF130:
 2019 044d 76656374 		.ascii	"vector34\000"
 2019      6F723334 
 2019      00
 2020              	.LASF60:
 2021 0456 76745F66 		.ascii	"vt_func\000"
 2021      756E6300 
 2022              	.LASF123:
 2023 045e 75736167 		.ascii	"usagefault_vector\000"
 2023      65666175 
 2023      6C745F76 
 2023      6563746F 
 2023      7200
 2024              	.LASF87:
 2025 0470 63685F74 		.ascii	"ch_timesize\000"
 2025      696D6573 
 2025      697A6500 
 2026              	.LASF106:
 2027 047c 63685F73 		.ascii	"ch_swc_event_t\000"
 2027      77635F65 
 2027      76656E74 
 2027      5F7400
 2028              	.LASF93:
 2029 048b 63665F6F 		.ascii	"cf_off_name\000"
 2029      66665F6E 
 2029      616D6500 
 2030              	.LASF35:
 2031 0497 705F6F6C 		.ascii	"p_older\000"
 2031      64657200 
 2032              	.LASF66:
 2033 049f 725F6374 		.ascii	"r_ctx\000"
 2033      7800
 2034              	.LASF50:
 2035 04a5 54687265 		.ascii	"ThreadsQueue\000"
ARM GAS  /tmp/cczFQLJM.s 			page 40


 2035      61647351 
 2035      75657565 
 2035      00
 2036              	.LASF84:
 2037 04b2 63685F73 		.ascii	"ch_size\000"
 2037      697A6500 
 2038              	.LASF124:
 2039 04ba 76656374 		.ascii	"vector1c\000"
 2039      6F723163 
 2039      00
 2040              	.LASF69:
 2041 04c3 725F6375 		.ascii	"r_current\000"
 2041      7272656E 
 2041      7400
 2042              	.LASF68:
 2043 04cd 725F6F6C 		.ascii	"r_older\000"
 2043      64657200 
 2044              	.LASF12:
 2045 04d5 5F5F7569 		.ascii	"__uint64_t\000"
 2045      6E743634 
 2045      5F7400
 2046              	.LASF111:
 2047 04e0 6462675F 		.ascii	"dbg_trace_buffer\000"
 2047      74726163 
 2047      655F6275 
 2047      66666572 
 2047      00
 2048              	.LASF126:
 2049 04f1 76656374 		.ascii	"vector24\000"
 2049      6F723234 
 2049      00
 2050              	.LASF22:
 2051 04fa 74726566 		.ascii	"trefs_t\000"
 2051      735F7400 
 2052              	.LASF109:
 2053 0502 74625F62 		.ascii	"tb_buffer\000"
 2053      75666665 
 2053      7200
 2054              	.LASF86:
 2055 050c 63685F70 		.ascii	"ch_ptrsize\000"
 2055      74727369 
 2055      7A6500
 2056              	.LASF127:
 2057 0517 76656374 		.ascii	"vector28\000"
 2057      6F723238 
 2057      00
 2058              	.LASF31:
 2059 0520 705F7072 		.ascii	"p_prev\000"
 2059      657600
 2060              	.LASF118:
 2061 0527 72657365 		.ascii	"reset_vector\000"
 2061      745F7665 
 2061      63746F72 
 2061      00
 2062              	.LASF24:
 2063 0534 74707269 		.ascii	"tprio_t\000"
 2063      6F5F7400 
ARM GAS  /tmp/cczFQLJM.s 			page 41


 2064              	.LASF19:
 2065 053c 5F426F6F 		.ascii	"_Bool\000"
 2065      6C00
 2066              	.LASF16:
 2067 0542 696E7433 		.ascii	"int32_t\000"
 2067      325F7400 
 2068              	.LASF2:
 2069 054a 756E7369 		.ascii	"unsigned char\000"
 2069      676E6564 
 2069      20636861 
 2069      7200
 2070              	.LASF114:
 2071 0558 6462675F 		.ascii	"dbg_panic_msg\000"
 2071      70616E69 
 2071      635F6D73 
 2071      6700
 2072              	.LASF47:
 2073 0566 705F6D74 		.ascii	"p_mtxlist\000"
 2073      786C6973 
 2073      7400
 2074              	.LASF3:
 2075 0570 73686F72 		.ascii	"short int\000"
 2075      7420696E 
 2075      7400
 2076              	.LASF38:
 2077 057a 705F7374 		.ascii	"p_state\000"
 2077      61746500 
 2078              	.LASF41:
 2079 0582 705F7072 		.ascii	"p_preempt\000"
 2079      65656D70 
 2079      7400
 2080              	.LASF99:
 2081 058c 63665F6F 		.ascii	"cf_off_time\000"
 2081      66665F74 
 2081      696D6500 
 2082              	.LASF65:
 2083 0598 725F7072 		.ascii	"r_prio\000"
 2083      696F00
 2084              	.LASF121:
 2085 059f 6D656D6D 		.ascii	"memmanage_vector\000"
 2085      616E6167 
 2085      655F7665 
 2085      63746F72 
 2085      00
 2086              	.LASF80:
 2087 05b0 65776D61 		.ascii	"ewmask\000"
 2087      736B00
 2088              	.LASF30:
 2089 05b7 705F6E65 		.ascii	"p_next\000"
 2089      787400
 2090              	.LASF98:
 2091 05be 63665F6F 		.ascii	"cf_off_preempt\000"
 2091      66665F70 
 2091      7265656D 
 2091      707400
 2092              	.LASF39:
 2093 05cd 705F666C 		.ascii	"p_flags\000"
ARM GAS  /tmp/cczFQLJM.s 			page 42


 2093      61677300 
 2094              	.LASF120:
 2095 05d5 68617264 		.ascii	"hardfault_vector\000"
 2095      6661756C 
 2095      745F7665 
 2095      63746F72 
 2095      00
 2096              	.LASF29:
 2097 05e6 54687265 		.ascii	"Thread\000"
 2097      616400
 2098              	.LASF91:
 2099 05ed 63665F6F 		.ascii	"cf_off_newer\000"
 2099      66665F6E 
 2099      65776572 
 2099      00
 2100              	.LASF46:
 2101 05fa 705F6570 		.ascii	"p_epending\000"
 2101      656E6469 
 2101      6E6700
 2102              	.LASF17:
 2103 0605 75696E74 		.ascii	"uint32_t\000"
 2103      33325F74 
 2103      00
 2104              	.LASF89:
 2105 060e 63665F6F 		.ascii	"cf_off_prio\000"
 2105      66665F70 
 2105      72696F00 
 2106              	.LASF64:
 2107 061a 725F7175 		.ascii	"r_queue\000"
 2107      65756500 
 2108              	.LASF81:
 2109 0622 63686172 		.ascii	"char\000"
 2109      00
 2110              	.LASF5:
 2111 0627 5F5F7569 		.ascii	"__uint16_t\000"
 2111      6E743136 
 2111      5F7400
 2112              	.LASF76:
 2113 0632 6D5F6E65 		.ascii	"m_next\000"
 2113      787400
 2114              	.LASF27:
 2115 0639 73797374 		.ascii	"systime_t\000"
 2115      696D655F 
 2115      7400
 2116              	.LASF48:
 2117 0643 705F7265 		.ascii	"p_realprio\000"
 2117      616C7072 
 2117      696F00
 2118              	.LASF7:
 2119 064e 5F5F696E 		.ascii	"__int32_t\000"
 2119      7433325F 
 2119      7400
 2120              	.LASF113:
 2121 0658 6462675F 		.ascii	"dbg_lock_cnt\000"
 2121      6C6F636B 
 2121      5F636E74 
 2121      00
ARM GAS  /tmp/cczFQLJM.s 			page 43


 2122              	.LASF42:
 2123 0665 705F7469 		.ascii	"p_time\000"
 2123      6D6500
 2124              	.LASF134:
 2125 066c 76656374 		.ascii	"vectors_t\000"
 2125      6F72735F 
 2125      7400
 2126              	.LASF53:
 2127 0676 696E7463 		.ascii	"intctx\000"
 2127      747800
 2128              	.LASF44:
 2129 067d 705F6D73 		.ascii	"p_msgqueue\000"
 2129      67717565 
 2129      756500
 2130              	.LASF125:
 2131 0688 76656374 		.ascii	"vector20\000"
 2131      6F723230 
 2131      00
 2132              	.LASF61:
 2133 0691 76745F70 		.ascii	"vt_par\000"
 2133      617200
 2134              	.LASF90:
 2135 0698 63665F6F 		.ascii	"cf_off_ctx\000"
 2135      66665F63 
 2135      747800
 2136              	.LASF40:
 2137 06a3 705F7265 		.ascii	"p_refs\000"
 2137      667300
 2138              	.LASF70:
 2139 06aa 52656164 		.ascii	"ReadyList\000"
 2139      794C6973 
 2139      7400
 2140              	.LASF132:
 2141 06b4 73797374 		.ascii	"systick_vector\000"
 2141      69636B5F 
 2141      76656374 
 2141      6F7200
 2142              	.LASF105:
 2143 06c3 73655F73 		.ascii	"se_state\000"
 2143      74617465 
 2143      00
 2144              	.LASF72:
 2145 06cc 726C6973 		.ascii	"rlist\000"
 2145      7400
 2146              	.LASF14:
 2147 06d2 75696E74 		.ascii	"uint8_t\000"
 2147      385F7400 
 2148              	.LASF79:
 2149 06da 77746F62 		.ascii	"wtobjp\000"
 2149      6A7000
 2150              	.LASF36:
 2151 06e1 705F6E61 		.ascii	"p_name\000"
 2151      6D6500
 2152              	.LASF62:
 2153 06e8 76745F73 		.ascii	"vt_systime\000"
 2153      79737469 
 2153      6D6500
ARM GAS  /tmp/cczFQLJM.s 			page 44


 2154              	.LASF85:
 2155 06f3 63685F76 		.ascii	"ch_version\000"
 2155      65727369 
 2155      6F6E00
 2156              	.LASF63:
 2157 06fe 56544C69 		.ascii	"VTList\000"
 2157      737400
 2158              	.LASF75:
 2159 0705 6D5F6F77 		.ascii	"m_owner\000"
 2159      6E657200 
 2160              	.LASF104:
 2161 070d 73655F77 		.ascii	"se_wtobjp\000"
 2161      746F626A 
 2161      7000
 2162              	.LASF33:
 2163 0717 705F6374 		.ascii	"p_ctx\000"
 2163      7800
 2164              	.LASF43:
 2165 071d 705F7761 		.ascii	"p_waiting\000"
 2165      6974696E 
 2165      6700
 2166              		.ident	"GCC: (GNU Tools for Arm Embedded Processors 7-2018-q3-update) 7.3.1 20180622 (release) [AR
ARM GAS  /tmp/cczFQLJM.s 			page 45


DEFINED SYMBOLS
                            *ABS*:0000000000000000 vectors.c
     /tmp/cczFQLJM.s:18     .text._unhandled_exception:0000000000000000 $t
     /tmp/cczFQLJM.s:26     .text._unhandled_exception:0000000000000000 _unhandled_exception
     /tmp/cczFQLJM.s:26     .text._unhandled_exception:0000000000000000 Vector1A8
     /tmp/cczFQLJM.s:26     .text._unhandled_exception:0000000000000000 Vector1A4
     /tmp/cczFQLJM.s:26     .text._unhandled_exception:0000000000000000 Vector1A0
     /tmp/cczFQLJM.s:26     .text._unhandled_exception:0000000000000000 Vector19C
     /tmp/cczFQLJM.s:26     .text._unhandled_exception:0000000000000000 Vector198
     /tmp/cczFQLJM.s:26     .text._unhandled_exception:0000000000000000 Vector194
     /tmp/cczFQLJM.s:26     .text._unhandled_exception:0000000000000000 Vector190
     /tmp/cczFQLJM.s:26     .text._unhandled_exception:0000000000000000 Vector18C
     /tmp/cczFQLJM.s:26     .text._unhandled_exception:0000000000000000 Vector188
     /tmp/cczFQLJM.s:26     .text._unhandled_exception:0000000000000000 Vector184
     /tmp/cczFQLJM.s:26     .text._unhandled_exception:0000000000000000 Vector180
     /tmp/cczFQLJM.s:26     .text._unhandled_exception:0000000000000000 Vector17C
     /tmp/cczFQLJM.s:26     .text._unhandled_exception:0000000000000000 Vector178
     /tmp/cczFQLJM.s:26     .text._unhandled_exception:0000000000000000 Vector174
     /tmp/cczFQLJM.s:26     .text._unhandled_exception:0000000000000000 Vector170
     /tmp/cczFQLJM.s:26     .text._unhandled_exception:0000000000000000 Vector16C
     /tmp/cczFQLJM.s:26     .text._unhandled_exception:0000000000000000 Vector168
     /tmp/cczFQLJM.s:26     .text._unhandled_exception:0000000000000000 Vector164
     /tmp/cczFQLJM.s:26     .text._unhandled_exception:0000000000000000 Vector160
     /tmp/cczFQLJM.s:26     .text._unhandled_exception:0000000000000000 Vector15C
     /tmp/cczFQLJM.s:26     .text._unhandled_exception:0000000000000000 Vector158
     /tmp/cczFQLJM.s:26     .text._unhandled_exception:0000000000000000 Vector154
     /tmp/cczFQLJM.s:26     .text._unhandled_exception:0000000000000000 Vector150
     /tmp/cczFQLJM.s:26     .text._unhandled_exception:0000000000000000 Vector14C
     /tmp/cczFQLJM.s:26     .text._unhandled_exception:0000000000000000 Vector148
     /tmp/cczFQLJM.s:26     .text._unhandled_exception:0000000000000000 Vector144
     /tmp/cczFQLJM.s:26     .text._unhandled_exception:0000000000000000 Vector140
     /tmp/cczFQLJM.s:26     .text._unhandled_exception:0000000000000000 Vector13C
     /tmp/cczFQLJM.s:26     .text._unhandled_exception:0000000000000000 Vector138
     /tmp/cczFQLJM.s:26     .text._unhandled_exception:0000000000000000 Vector134
     /tmp/cczFQLJM.s:26     .text._unhandled_exception:0000000000000000 Vector130
     /tmp/cczFQLJM.s:26     .text._unhandled_exception:0000000000000000 Vector12C
     /tmp/cczFQLJM.s:26     .text._unhandled_exception:0000000000000000 Vector128
     /tmp/cczFQLJM.s:26     .text._unhandled_exception:0000000000000000 Vector124
     /tmp/cczFQLJM.s:26     .text._unhandled_exception:0000000000000000 Vector120
     /tmp/cczFQLJM.s:26     .text._unhandled_exception:0000000000000000 Vector11C
     /tmp/cczFQLJM.s:26     .text._unhandled_exception:0000000000000000 Vector118
     /tmp/cczFQLJM.s:26     .text._unhandled_exception:0000000000000000 Vector114
     /tmp/cczFQLJM.s:26     .text._unhandled_exception:0000000000000000 Vector110
     /tmp/cczFQLJM.s:26     .text._unhandled_exception:0000000000000000 Vector10C
     /tmp/cczFQLJM.s:26     .text._unhandled_exception:0000000000000000 Vector108
     /tmp/cczFQLJM.s:26     .text._unhandled_exception:0000000000000000 Vector104
     /tmp/cczFQLJM.s:26     .text._unhandled_exception:0000000000000000 Vector100
     /tmp/cczFQLJM.s:26     .text._unhandled_exception:0000000000000000 VectorFC
     /tmp/cczFQLJM.s:26     .text._unhandled_exception:0000000000000000 VectorF8
     /tmp/cczFQLJM.s:26     .text._unhandled_exception:0000000000000000 VectorF4
     /tmp/cczFQLJM.s:26     .text._unhandled_exception:0000000000000000 VectorF0
     /tmp/cczFQLJM.s:26     .text._unhandled_exception:0000000000000000 VectorEC
     /tmp/cczFQLJM.s:26     .text._unhandled_exception:0000000000000000 VectorE8
     /tmp/cczFQLJM.s:26     .text._unhandled_exception:0000000000000000 VectorE4
     /tmp/cczFQLJM.s:26     .text._unhandled_exception:0000000000000000 VectorE0
     /tmp/cczFQLJM.s:26     .text._unhandled_exception:0000000000000000 VectorDC
     /tmp/cczFQLJM.s:26     .text._unhandled_exception:0000000000000000 VectorD8
ARM GAS  /tmp/cczFQLJM.s 			page 46


     /tmp/cczFQLJM.s:26     .text._unhandled_exception:0000000000000000 VectorD4
     /tmp/cczFQLJM.s:26     .text._unhandled_exception:0000000000000000 VectorD0
     /tmp/cczFQLJM.s:26     .text._unhandled_exception:0000000000000000 VectorCC
     /tmp/cczFQLJM.s:26     .text._unhandled_exception:0000000000000000 VectorC8
     /tmp/cczFQLJM.s:26     .text._unhandled_exception:0000000000000000 VectorC4
     /tmp/cczFQLJM.s:26     .text._unhandled_exception:0000000000000000 VectorC0
     /tmp/cczFQLJM.s:26     .text._unhandled_exception:0000000000000000 VectorBC
     /tmp/cczFQLJM.s:26     .text._unhandled_exception:0000000000000000 VectorB8
     /tmp/cczFQLJM.s:26     .text._unhandled_exception:0000000000000000 VectorB4
     /tmp/cczFQLJM.s:26     .text._unhandled_exception:0000000000000000 VectorB0
     /tmp/cczFQLJM.s:26     .text._unhandled_exception:0000000000000000 VectorAC
     /tmp/cczFQLJM.s:26     .text._unhandled_exception:0000000000000000 VectorA8
     /tmp/cczFQLJM.s:26     .text._unhandled_exception:0000000000000000 VectorA4
     /tmp/cczFQLJM.s:26     .text._unhandled_exception:0000000000000000 VectorA0
     /tmp/cczFQLJM.s:26     .text._unhandled_exception:0000000000000000 Vector9C
     /tmp/cczFQLJM.s:26     .text._unhandled_exception:0000000000000000 Vector98
     /tmp/cczFQLJM.s:26     .text._unhandled_exception:0000000000000000 Vector94
     /tmp/cczFQLJM.s:26     .text._unhandled_exception:0000000000000000 Vector90
     /tmp/cczFQLJM.s:26     .text._unhandled_exception:0000000000000000 Vector8C
     /tmp/cczFQLJM.s:26     .text._unhandled_exception:0000000000000000 Vector88
     /tmp/cczFQLJM.s:26     .text._unhandled_exception:0000000000000000 Vector84
     /tmp/cczFQLJM.s:26     .text._unhandled_exception:0000000000000000 Vector80
     /tmp/cczFQLJM.s:26     .text._unhandled_exception:0000000000000000 Vector7C
     /tmp/cczFQLJM.s:26     .text._unhandled_exception:0000000000000000 Vector78
     /tmp/cczFQLJM.s:26     .text._unhandled_exception:0000000000000000 Vector74
     /tmp/cczFQLJM.s:26     .text._unhandled_exception:0000000000000000 Vector70
     /tmp/cczFQLJM.s:26     .text._unhandled_exception:0000000000000000 Vector6C
     /tmp/cczFQLJM.s:26     .text._unhandled_exception:0000000000000000 Vector68
     /tmp/cczFQLJM.s:26     .text._unhandled_exception:0000000000000000 Vector64
     /tmp/cczFQLJM.s:26     .text._unhandled_exception:0000000000000000 Vector60
     /tmp/cczFQLJM.s:26     .text._unhandled_exception:0000000000000000 Vector5C
     /tmp/cczFQLJM.s:26     .text._unhandled_exception:0000000000000000 Vector58
     /tmp/cczFQLJM.s:26     .text._unhandled_exception:0000000000000000 Vector54
     /tmp/cczFQLJM.s:26     .text._unhandled_exception:0000000000000000 Vector50
     /tmp/cczFQLJM.s:26     .text._unhandled_exception:0000000000000000 Vector4C
     /tmp/cczFQLJM.s:26     .text._unhandled_exception:0000000000000000 Vector48
     /tmp/cczFQLJM.s:26     .text._unhandled_exception:0000000000000000 Vector44
     /tmp/cczFQLJM.s:26     .text._unhandled_exception:0000000000000000 Vector40
     /tmp/cczFQLJM.s:26     .text._unhandled_exception:0000000000000000 SysTickVector
     /tmp/cczFQLJM.s:26     .text._unhandled_exception:0000000000000000 PendSVVector
     /tmp/cczFQLJM.s:26     .text._unhandled_exception:0000000000000000 Vector34
     /tmp/cczFQLJM.s:26     .text._unhandled_exception:0000000000000000 DebugMonitorVector
     /tmp/cczFQLJM.s:26     .text._unhandled_exception:0000000000000000 SVCallVector
     /tmp/cczFQLJM.s:26     .text._unhandled_exception:0000000000000000 Vector28
     /tmp/cczFQLJM.s:26     .text._unhandled_exception:0000000000000000 Vector24
     /tmp/cczFQLJM.s:26     .text._unhandled_exception:0000000000000000 Vector20
     /tmp/cczFQLJM.s:26     .text._unhandled_exception:0000000000000000 Vector1C
     /tmp/cczFQLJM.s:26     .text._unhandled_exception:0000000000000000 UsageFaultVector
     /tmp/cczFQLJM.s:26     .text._unhandled_exception:0000000000000000 BusFaultVector
     /tmp/cczFQLJM.s:26     .text._unhandled_exception:0000000000000000 MemManageVector
     /tmp/cczFQLJM.s:26     .text._unhandled_exception:0000000000000000 HardFaultVector
     /tmp/cczFQLJM.s:26     .text._unhandled_exception:0000000000000000 NMIVector
     /tmp/cczFQLJM.s:255    vectors:0000000000000000 _vectors
     /tmp/cczFQLJM.s:252    vectors:0000000000000000 $d

UNDEFINED SYMBOLS
__main_stack_end__
ARM GAS  /tmp/cczFQLJM.s 			page 47


ResetHandler
