ARM GAS  /tmp/ccfkLZuR.s 			page 1


   1              		.cpu cortex-m4
   2              		.eabi_attribute 27, 1
   3              		.eabi_attribute 28, 1
   4              		.eabi_attribute 20, 1
   5              		.eabi_attribute 21, 1
   6              		.eabi_attribute 23, 3
   7              		.eabi_attribute 24, 1
   8              		.eabi_attribute 25, 1
   9              		.eabi_attribute 26, 1
  10              		.eabi_attribute 30, 2
  11              		.eabi_attribute 34, 1
  12              		.eabi_attribute 18, 4
  13              		.file	"chvt.c"
  14              		.text
  15              	.Ltext0:
  16              		.cfi_sections	.debug_frame
  17              		.section	.text._vt_init,"ax",%progbits
  18              		.align	1
  19              		.p2align 4,,15
  20              		.global	_vt_init
  21              		.syntax unified
  22              		.thumb
  23              		.thumb_func
  24              		.fpu fpv4-sp-d16
  25              		.type	_vt_init, %function
  26              	_vt_init:
  27              	.LFB219:
  28              		.file 1 "ChibiOS_3.0.2/os/rt/src/chvt.c"
  29              		.loc 1 61 0
  30              		.cfi_startproc
  31              		@ args = 0, pretend = 0, frame = 0
  32              		@ frame_needed = 0, uses_anonymous_args = 0
  33              		@ link register save eliminated.
  34              		.loc 1 63 0
  35 0000 054B     		ldr	r3, .L3
  36              		.loc 1 65 0
  37 0002 4FF0FF30 		mov	r0, #-1
  38              		.loc 1 67 0
  39 0006 0021     		movs	r1, #0
  40              		.loc 1 63 0
  41 0008 03F11C02 		add	r2, r3, #28
  42              		.loc 1 65 0
  43 000c 5862     		str	r0, [r3, #36]
  44              		.loc 1 67 0
  45 000e 9962     		str	r1, [r3, #40]
  46              		.loc 1 64 0
  47 0010 C3E90722 		strd	r2, r2, [r3, #28]
  48              		.loc 1 71 0
  49 0014 7047     		bx	lr
  50              	.L4:
  51 0016 00BF     		.align	2
  52              	.L3:
  53 0018 00000000 		.word	ch
  54              		.cfi_endproc
  55              	.LFE219:
  56              		.size	_vt_init, .-_vt_init
  57              		.section	.text.chVTDoSetI,"ax",%progbits
ARM GAS  /tmp/ccfkLZuR.s 			page 2


  58              		.align	1
  59              		.p2align 4,,15
  60              		.global	chVTDoSetI
  61              		.syntax unified
  62              		.thumb
  63              		.thumb_func
  64              		.fpu fpv4-sp-d16
  65              		.type	chVTDoSetI, %function
  66              	chVTDoSetI:
  67              	.LFB220:
  68              		.loc 1 96 0
  69              		.cfi_startproc
  70              		@ args = 0, pretend = 0, frame = 0
  71              		@ frame_needed = 0, uses_anonymous_args = 0
  72              		@ link register save eliminated.
  73              	.LVL0:
  74 0000 30B4     		push	{r4, r5}
  75              		.cfi_def_cfa_offset 8
  76              		.cfi_offset 4, -8
  77              		.cfi_offset 5, -4
  78              		.loc 1 150 0
  79 0002 0D4D     		ldr	r5, .L10
  80 0004 EC69     		ldr	r4, [r5, #28]
  81              		.loc 1 103 0
  82 0006 0361     		str	r3, [r0, #16]
  83              		.loc 1 151 0
  84 0008 A368     		ldr	r3, [r4, #8]
  85              	.LVL1:
  86              		.loc 1 104 0
  87 000a C260     		str	r2, [r0, #12]
  88              	.LVL2:
  89              		.loc 1 151 0
  90 000c 9942     		cmp	r1, r3
  91 000e 04D9     		bls	.L6
  92              	.LVL3:
  93              	.L7:
  94              		.loc 1 153 0
  95 0010 2468     		ldr	r4, [r4]
  96              	.LVL4:
  97              		.loc 1 152 0
  98 0012 C91A     		subs	r1, r1, r3
  99              	.LVL5:
 100              		.loc 1 151 0
 101 0014 A368     		ldr	r3, [r4, #8]
 102 0016 8B42     		cmp	r3, r1
 103 0018 FAD3     		bcc	.L7
 104              	.L6:
 105              		.loc 1 158 0
 106 001a 6368     		ldr	r3, [r4, #4]
 107 001c C0E90043 		strd	r4, r3, [r0]
 108              		.loc 1 159 0
 109 0020 1860     		str	r0, [r3]
 110              		.loc 1 160 0
 111 0022 6060     		str	r0, [r4, #4]
 112              		.loc 1 161 0
 113 0024 8160     		str	r1, [r0, #8]
 114              		.loc 1 165 0
ARM GAS  /tmp/ccfkLZuR.s 			page 3


 115 0026 A368     		ldr	r3, [r4, #8]
 116              		.loc 1 166 0
 117 0028 4FF0FF32 		mov	r2, #-1
 118              	.LVL6:
 119              		.loc 1 165 0
 120 002c 591A     		subs	r1, r3, r1
 121              	.LVL7:
 122 002e A160     		str	r1, [r4, #8]
 123              	.LVL8:
 124              		.loc 1 166 0
 125 0030 6A62     		str	r2, [r5, #36]
 126              		.loc 1 167 0
 127 0032 30BC     		pop	{r4, r5}
 128              		.cfi_restore 5
 129              		.cfi_restore 4
 130              		.cfi_def_cfa_offset 0
 131              	.LVL9:
 132 0034 7047     		bx	lr
 133              	.L11:
 134 0036 00BF     		.align	2
 135              	.L10:
 136 0038 00000000 		.word	ch
 137              		.cfi_endproc
 138              	.LFE220:
 139              		.size	chVTDoSetI, .-chVTDoSetI
 140              		.section	.text.chVTDoResetI,"ax",%progbits
 141              		.align	1
 142              		.p2align 4,,15
 143              		.global	chVTDoResetI
 144              		.syntax unified
 145              		.thumb
 146              		.thumb_func
 147              		.fpu fpv4-sp-d16
 148              		.type	chVTDoResetI, %function
 149              	chVTDoResetI:
 150              	.LFB221:
 151              		.loc 1 177 0
 152              		.cfi_startproc
 153              		@ args = 0, pretend = 0, frame = 0
 154              		@ frame_needed = 0, uses_anonymous_args = 0
 155              		@ link register save eliminated.
 156              	.LVL10:
 157              		.loc 1 186 0
 158 0000 0368     		ldr	r3, [r0]
 159              		.loc 1 189 0
 160 0002 4168     		ldr	r1, [r0, #4]
 161              		.loc 1 186 0
 162 0004 9A68     		ldr	r2, [r3, #8]
 163              		.loc 1 177 0
 164 0006 30B4     		push	{r4, r5}
 165              		.cfi_def_cfa_offset 8
 166              		.cfi_offset 4, -8
 167              		.cfi_offset 5, -4
 168              		.loc 1 186 0
 169 0008 8568     		ldr	r5, [r0, #8]
 170              		.loc 1 195 0
 171 000a 064C     		ldr	r4, .L14
ARM GAS  /tmp/ccfkLZuR.s 			page 4


 172              		.loc 1 186 0
 173 000c 2A44     		add	r2, r2, r5
 174 000e 9A60     		str	r2, [r3, #8]
 175              		.loc 1 189 0
 176 0010 0B60     		str	r3, [r1]
 177              		.loc 1 190 0
 178 0012 0568     		ldr	r5, [r0]
 179              		.loc 1 191 0
 180 0014 0022     		movs	r2, #0
 181              		.loc 1 195 0
 182 0016 4FF0FF33 		mov	r3, #-1
 183              		.loc 1 190 0
 184 001a 6960     		str	r1, [r5, #4]
 185              		.loc 1 191 0
 186 001c C260     		str	r2, [r0, #12]
 187              		.loc 1 195 0
 188 001e 6362     		str	r3, [r4, #36]
 189              		.loc 1 255 0
 190 0020 30BC     		pop	{r4, r5}
 191              		.cfi_restore 5
 192              		.cfi_restore 4
 193              		.cfi_def_cfa_offset 0
 194 0022 7047     		bx	lr
 195              	.L15:
 196              		.align	2
 197              	.L14:
 198 0024 00000000 		.word	ch
 199              		.cfi_endproc
 200              	.LFE221:
 201              		.size	chVTDoResetI, .-chVTDoResetI
 202              		.text
 203              	.Letext0:
 204              		.file 2 "/usr/arm-none-eabi/include/machine/_default_types.h"
 205              		.file 3 "/usr/arm-none-eabi/include/sys/_stdint.h"
 206              		.file 4 "ChibiOS_3.0.2/os/rt/ports/ARMCMx/compilers/GCC/chtypes.h"
 207              		.file 5 "ChibiOS_3.0.2/os/rt/include/chsystypes.h"
 208              		.file 6 "ChibiOS_3.0.2/os/rt/include/chschd.h"
 209              		.file 7 "ChibiOS_3.0.2/os/ext/CMSIS/include/core_cm4.h"
 210              		.file 8 "ChibiOS_3.0.2/os/ext/CMSIS/ST/system_stm32f4xx.h"
 211              		.file 9 "ChibiOS_3.0.2/os/rt/ports/ARMCMx/chcore.h"
 212              		.file 10 "ChibiOS_3.0.2/os/rt/ports/ARMCMx/chcore_v7m.h"
 213              		.file 11 "ChibiOS_3.0.2/os/rt/include/chtm.h"
 214              		.file 12 "ChibiOS_3.0.2/os/rt/include/chsem.h"
 215              		.file 13 "ChibiOS_3.0.2/os/rt/include/chmtx.h"
 216              		.file 14 "ChibiOS_3.0.2/os/rt/include/chregistry.h"
 217              		.section	.debug_info,"",%progbits
 218              	.Ldebug_info0:
 219 0000 1F090000 		.4byte	0x91f
 220 0004 0400     		.2byte	0x4
 221 0006 00000000 		.4byte	.Ldebug_abbrev0
 222 000a 04       		.byte	0x4
 223 000b 01       		.uleb128 0x1
 224 000c 67000000 		.4byte	.LASF133
 225 0010 0C       		.byte	0xc
 226 0011 27060000 		.4byte	.LASF134
 227 0015 2C050000 		.4byte	.LASF135
 228 0019 00000000 		.4byte	.Ldebug_ranges0+0
ARM GAS  /tmp/ccfkLZuR.s 			page 5


 229 001d 00000000 		.4byte	0
 230 0021 00000000 		.4byte	.Ldebug_line0
 231 0025 02       		.uleb128 0x2
 232 0026 04       		.byte	0x4
 233 0027 05       		.byte	0x5
 234 0028 696E7400 		.ascii	"int\000"
 235 002c 03       		.uleb128 0x3
 236 002d 04       		.byte	0x4
 237 002e 07       		.byte	0x7
 238 002f DC020000 		.4byte	.LASF0
 239 0033 03       		.uleb128 0x3
 240 0034 01       		.byte	0x1
 241 0035 06       		.byte	0x6
 242 0036 30020000 		.4byte	.LASF1
 243 003a 04       		.uleb128 0x4
 244 003b 42000000 		.4byte	.LASF4
 245 003f 02       		.byte	0x2
 246 0040 2B       		.byte	0x2b
 247 0041 45000000 		.4byte	0x45
 248 0045 03       		.uleb128 0x3
 249 0046 01       		.byte	0x1
 250 0047 08       		.byte	0x8
 251 0048 94040000 		.4byte	.LASF2
 252 004c 03       		.uleb128 0x3
 253 004d 02       		.byte	0x2
 254 004e 05       		.byte	0x5
 255 004f B2040000 		.4byte	.LASF3
 256 0053 04       		.uleb128 0x4
 257 0054 B6050000 		.4byte	.LASF5
 258 0058 02       		.byte	0x2
 259 0059 39       		.byte	0x39
 260 005a 5E000000 		.4byte	0x5e
 261 005e 03       		.uleb128 0x3
 262 005f 02       		.byte	0x2
 263 0060 07       		.byte	0x7
 264 0061 3B030000 		.4byte	.LASF6
 265 0065 04       		.uleb128 0x4
 266 0066 8F030000 		.4byte	.LASF7
 267 006a 02       		.byte	0x2
 268 006b 4D       		.byte	0x4d
 269 006c 70000000 		.4byte	0x70
 270 0070 03       		.uleb128 0x3
 271 0071 04       		.byte	0x4
 272 0072 05       		.byte	0x5
 273 0073 84020000 		.4byte	.LASF8
 274 0077 04       		.uleb128 0x4
 275 0078 EF050000 		.4byte	.LASF9
 276 007c 02       		.byte	0x2
 277 007d 4F       		.byte	0x4f
 278 007e 82000000 		.4byte	0x82
 279 0082 03       		.uleb128 0x3
 280 0083 04       		.byte	0x4
 281 0084 07       		.byte	0x7
 282 0085 98050000 		.4byte	.LASF10
 283 0089 03       		.uleb128 0x3
 284 008a 08       		.byte	0x8
 285 008b 05       		.byte	0x5
ARM GAS  /tmp/ccfkLZuR.s 			page 6


 286 008c 22020000 		.4byte	.LASF11
 287 0090 04       		.uleb128 0x4
 288 0091 3F040000 		.4byte	.LASF12
 289 0095 02       		.byte	0x2
 290 0096 69       		.byte	0x69
 291 0097 9B000000 		.4byte	0x9b
 292 009b 03       		.uleb128 0x3
 293 009c 08       		.byte	0x8
 294 009d 07       		.byte	0x7
 295 009e 8B010000 		.4byte	.LASF13
 296 00a2 04       		.uleb128 0x4
 297 00a3 67060000 		.4byte	.LASF14
 298 00a7 03       		.byte	0x3
 299 00a8 18       		.byte	0x18
 300 00a9 3A000000 		.4byte	0x3a
 301 00ad 04       		.uleb128 0x4
 302 00ae F1020000 		.4byte	.LASF15
 303 00b2 03       		.byte	0x3
 304 00b3 24       		.byte	0x24
 305 00b4 53000000 		.4byte	0x53
 306 00b8 04       		.uleb128 0x4
 307 00b9 8C040000 		.4byte	.LASF16
 308 00bd 03       		.byte	0x3
 309 00be 2C       		.byte	0x2c
 310 00bf 65000000 		.4byte	0x65
 311 00c3 05       		.uleb128 0x5
 312 00c4 B8000000 		.4byte	0xb8
 313 00c8 04       		.uleb128 0x4
 314 00c9 63050000 		.4byte	.LASF17
 315 00cd 03       		.byte	0x3
 316 00ce 30       		.byte	0x30
 317 00cf 77000000 		.4byte	0x77
 318 00d3 04       		.uleb128 0x4
 319 00d4 2D000000 		.4byte	.LASF18
 320 00d8 03       		.byte	0x3
 321 00d9 3C       		.byte	0x3c
 322 00da 90000000 		.4byte	0x90
 323 00de 04       		.uleb128 0x4
 324 00df D1030000 		.4byte	.LASF19
 325 00e3 04       		.byte	0x4
 326 00e4 45       		.byte	0x45
 327 00e5 C8000000 		.4byte	0xc8
 328 00e9 04       		.uleb128 0x4
 329 00ea E3040000 		.4byte	.LASF20
 330 00ee 04       		.byte	0x4
 331 00ef 48       		.byte	0x48
 332 00f0 A2000000 		.4byte	0xa2
 333 00f4 04       		.uleb128 0x4
 334 00f5 8D020000 		.4byte	.LASF21
 335 00f9 04       		.byte	0x4
 336 00fa 49       		.byte	0x49
 337 00fb A2000000 		.4byte	0xa2
 338 00ff 04       		.uleb128 0x4
 339 0100 4A040000 		.4byte	.LASF22
 340 0104 04       		.byte	0x4
 341 0105 4A       		.byte	0x4a
 342 0106 A2000000 		.4byte	0xa2
ARM GAS  /tmp/ccfkLZuR.s 			page 7


 343 010a 04       		.uleb128 0x4
 344 010b 70020000 		.4byte	.LASF23
 345 010f 04       		.byte	0x4
 346 0110 4B       		.byte	0x4b
 347 0111 A2000000 		.4byte	0xa2
 348 0115 04       		.uleb128 0x4
 349 0116 74040000 		.4byte	.LASF24
 350 011a 04       		.byte	0x4
 351 011b 4C       		.byte	0x4c
 352 011c C8000000 		.4byte	0xc8
 353 0120 04       		.uleb128 0x4
 354 0121 58030000 		.4byte	.LASF25
 355 0125 04       		.byte	0x4
 356 0126 4D       		.byte	0x4d
 357 0127 B8000000 		.4byte	0xb8
 358 012b 04       		.uleb128 0x4
 359 012c 36000000 		.4byte	.LASF26
 360 0130 04       		.byte	0x4
 361 0131 4F       		.byte	0x4f
 362 0132 C8000000 		.4byte	0xc8
 363 0136 04       		.uleb128 0x4
 364 0137 D6020000 		.4byte	.LASF27
 365 013b 04       		.byte	0x4
 366 013c 51       		.byte	0x51
 367 013d B8000000 		.4byte	0xb8
 368 0141 04       		.uleb128 0x4
 369 0142 D1050000 		.4byte	.LASF28
 370 0146 05       		.byte	0x5
 371 0147 33       		.byte	0x33
 372 0148 C8000000 		.4byte	0xc8
 373 014c 05       		.uleb128 0x5
 374 014d 41010000 		.4byte	0x141
 375 0151 04       		.uleb128 0x4
 376 0152 C1050000 		.4byte	.LASF29
 377 0156 05       		.byte	0x5
 378 0157 3F       		.byte	0x3f
 379 0158 5C010000 		.4byte	0x15c
 380 015c 06       		.uleb128 0x6
 381 015d 4E030000 		.4byte	.LASF51
 382 0161 48       		.byte	0x48
 383 0162 06       		.byte	0x6
 384 0163 C2       		.byte	0xc2
 385 0164 61020000 		.4byte	0x261
 386 0168 07       		.uleb128 0x7
 387 0169 DC040000 		.4byte	.LASF30
 388 016d 06       		.byte	0x6
 389 016e C3       		.byte	0xc3
 390 016f 6C020000 		.4byte	0x26c
 391 0173 00       		.byte	0
 392 0174 07       		.uleb128 0x7
 393 0175 6D040000 		.4byte	.LASF31
 394 0179 06       		.byte	0x6
 395 017a C5       		.byte	0xc5
 396 017b 6C020000 		.4byte	0x26c
 397 017f 04       		.byte	0x4
 398 0180 07       		.uleb128 0x7
 399 0181 05020000 		.4byte	.LASF32
ARM GAS  /tmp/ccfkLZuR.s 			page 8


 400 0185 06       		.byte	0x6
 401 0186 C7       		.byte	0xc7
 402 0187 15010000 		.4byte	0x115
 403 018b 08       		.byte	0x8
 404 018c 07       		.uleb128 0x7
 405 018d 16040000 		.4byte	.LASF33
 406 0191 06       		.byte	0x6
 407 0192 C8       		.byte	0xc8
 408 0193 AC040000 		.4byte	0x4ac
 409 0197 0C       		.byte	0xc
 410 0198 07       		.uleb128 0x7
 411 0199 96020000 		.4byte	.LASF34
 412 019d 06       		.byte	0x6
 413 019e CA       		.byte	0xca
 414 019f 6C020000 		.4byte	0x26c
 415 01a3 10       		.byte	0x10
 416 01a4 07       		.uleb128 0x7
 417 01a5 08040000 		.4byte	.LASF35
 418 01a9 06       		.byte	0x6
 419 01aa CB       		.byte	0xcb
 420 01ab 6C020000 		.4byte	0x26c
 421 01af 14       		.byte	0x14
 422 01b0 07       		.uleb128 0x7
 423 01b1 96060000 		.4byte	.LASF36
 424 01b5 06       		.byte	0x6
 425 01b6 D2       		.byte	0xd2
 426 01b7 F1060000 		.4byte	0x6f1
 427 01bb 18       		.byte	0x18
 428 01bc 07       		.uleb128 0x7
 429 01bd BC040000 		.4byte	.LASF37
 430 01c1 06       		.byte	0x6
 431 01c2 DD       		.byte	0xdd
 432 01c3 F4000000 		.4byte	0xf4
 433 01c7 1C       		.byte	0x1c
 434 01c8 07       		.uleb128 0x7
 435 01c9 FA040000 		.4byte	.LASF38
 436 01cd 06       		.byte	0x6
 437 01ce E1       		.byte	0xe1
 438 01cf E9000000 		.4byte	0xe9
 439 01d3 1D       		.byte	0x1d
 440 01d4 07       		.uleb128 0x7
 441 01d5 5A060000 		.4byte	.LASF39
 442 01d9 06       		.byte	0x6
 443 01da E6       		.byte	0xe6
 444 01db FF000000 		.4byte	0xff
 445 01df 1E       		.byte	0x1e
 446 01e0 07       		.uleb128 0x7
 447 01e1 C4040000 		.4byte	.LASF40
 448 01e5 06       		.byte	0x6
 449 01e6 EC       		.byte	0xec
 450 01e7 0A010000 		.4byte	0x10a
 451 01eb 1F       		.byte	0x1f
 452 01ec 07       		.uleb128 0x7
 453 01ed 0A030000 		.4byte	.LASF41
 454 01f1 06       		.byte	0x6
 455 01f2 F3       		.byte	0xf3
 456 01f3 4C010000 		.4byte	0x14c
ARM GAS  /tmp/ccfkLZuR.s 			page 9


 457 01f7 20       		.byte	0x20
 458 01f8 08       		.uleb128 0x8
 459 01f9 705F7500 		.ascii	"p_u\000"
 460 01fd 06       		.byte	0x6
 461 01fe 3101     		.2byte	0x131
 462 0200 2C060000 		.4byte	0x62c
 463 0204 24       		.byte	0x24
 464 0205 09       		.uleb128 0x9
 465 0206 C7030000 		.4byte	.LASF42
 466 020a 06       		.byte	0x6
 467 020b 3601     		.2byte	0x136
 468 020d 72020000 		.4byte	0x272
 469 0211 28       		.byte	0x28
 470 0212 09       		.uleb128 0x9
 471 0213 21030000 		.4byte	.LASF43
 472 0217 06       		.byte	0x6
 473 0218 3C01     		.2byte	0x13c
 474 021a 96020000 		.4byte	0x296
 475 021e 2C       		.byte	0x2c
 476 021f 09       		.uleb128 0x9
 477 0220 13060000 		.4byte	.LASF44
 478 0224 06       		.byte	0x6
 479 0225 4001     		.2byte	0x140
 480 0227 20010000 		.4byte	0x120
 481 022b 34       		.byte	0x34
 482 022c 09       		.uleb128 0x9
 483 022d 58050000 		.4byte	.LASF45
 484 0231 06       		.byte	0x6
 485 0232 4601     		.2byte	0x146
 486 0234 2B010000 		.4byte	0x12b
 487 0238 38       		.byte	0x38
 488 0239 09       		.uleb128 0x9
 489 023a A8040000 		.4byte	.LASF46
 490 023e 06       		.byte	0x6
 491 023f 4D01     		.2byte	0x14d
 492 0241 EB060000 		.4byte	0x6eb
 493 0245 3C       		.byte	0x3c
 494 0246 09       		.uleb128 0x9
 495 0247 DB050000 		.4byte	.LASF47
 496 024b 06       		.byte	0x6
 497 024c 5101     		.2byte	0x151
 498 024e 15010000 		.4byte	0x115
 499 0252 40       		.byte	0x40
 500 0253 09       		.uleb128 0x9
 501 0254 59020000 		.4byte	.LASF48
 502 0258 06       		.byte	0x6
 503 0259 5801     		.2byte	0x158
 504 025b 49030000 		.4byte	0x349
 505 025f 44       		.byte	0x44
 506 0260 00       		.byte	0
 507 0261 04       		.uleb128 0x4
 508 0262 6F060000 		.4byte	.LASF49
 509 0266 05       		.byte	0x5
 510 0267 44       		.byte	0x44
 511 0268 6C020000 		.4byte	0x26c
 512 026c 0A       		.uleb128 0xa
 513 026d 04       		.byte	0x4
ARM GAS  /tmp/ccfkLZuR.s 			page 10


 514 026e 51010000 		.4byte	0x151
 515 0272 04       		.uleb128 0x4
 516 0273 A4030000 		.4byte	.LASF50
 517 0277 05       		.byte	0x5
 518 0278 49       		.byte	0x49
 519 0279 7D020000 		.4byte	0x27d
 520 027d 06       		.uleb128 0x6
 521 027e 80050000 		.4byte	.LASF52
 522 0282 04       		.byte	0x4
 523 0283 06       		.byte	0x6
 524 0284 B0       		.byte	0xb0
 525 0285 96020000 		.4byte	0x296
 526 0289 07       		.uleb128 0x7
 527 028a DC040000 		.4byte	.LASF30
 528 028e 06       		.byte	0x6
 529 028f B1       		.byte	0xb1
 530 0290 6C020000 		.4byte	0x26c
 531 0294 00       		.byte	0
 532 0295 00       		.byte	0
 533 0296 04       		.uleb128 0x4
 534 0297 0B050000 		.4byte	.LASF53
 535 029b 05       		.byte	0x5
 536 029c 50       		.byte	0x50
 537 029d A1020000 		.4byte	0x2a1
 538 02a1 06       		.uleb128 0x6
 539 02a2 F4010000 		.4byte	.LASF54
 540 02a6 08       		.byte	0x8
 541 02a7 06       		.byte	0x6
 542 02a8 B7       		.byte	0xb7
 543 02a9 C6020000 		.4byte	0x2c6
 544 02ad 07       		.uleb128 0x7
 545 02ae DC040000 		.4byte	.LASF30
 546 02b2 06       		.byte	0x6
 547 02b3 B8       		.byte	0xb8
 548 02b4 6C020000 		.4byte	0x26c
 549 02b8 00       		.byte	0
 550 02b9 07       		.uleb128 0x7
 551 02ba 6D040000 		.4byte	.LASF31
 552 02be 06       		.byte	0x6
 553 02bf B9       		.byte	0xb9
 554 02c0 6C020000 		.4byte	0x26c
 555 02c4 04       		.byte	0x4
 556 02c5 00       		.byte	0
 557 02c6 04       		.uleb128 0x4
 558 02c7 0D000000 		.4byte	.LASF55
 559 02cb 05       		.byte	0x5
 560 02cc 57       		.byte	0x57
 561 02cd D1020000 		.4byte	0x2d1
 562 02d1 0B       		.uleb128 0xb
 563 02d2 76030000 		.4byte	.LASF56
 564 02d6 1C       		.byte	0x1c
 565 02d7 06       		.byte	0x6
 566 02d8 9001     		.2byte	0x190
 567 02da 2D030000 		.4byte	0x32d
 568 02de 09       		.uleb128 0x9
 569 02df 78050000 		.4byte	.LASF57
 570 02e3 06       		.byte	0x6
ARM GAS  /tmp/ccfkLZuR.s 			page 11


 571 02e4 9101     		.2byte	0x191
 572 02e6 96020000 		.4byte	0x296
 573 02ea 00       		.byte	0
 574 02eb 09       		.uleb128 0x9
 575 02ec CE040000 		.4byte	.LASF58
 576 02f0 06       		.byte	0x6
 577 02f1 9201     		.2byte	0x192
 578 02f3 15010000 		.4byte	0x115
 579 02f7 08       		.byte	0x8
 580 02f8 09       		.uleb128 0x9
 581 02f9 10040000 		.4byte	.LASF59
 582 02fd 06       		.byte	0x6
 583 02fe 9401     		.2byte	0x194
 584 0300 AC040000 		.4byte	0x4ac
 585 0304 0C       		.byte	0xc
 586 0305 09       		.uleb128 0x9
 587 0306 A6020000 		.4byte	.LASF60
 588 030a 06       		.byte	0x6
 589 030b 9701     		.2byte	0x197
 590 030d 6C020000 		.4byte	0x26c
 591 0311 10       		.byte	0x10
 592 0312 09       		.uleb128 0x9
 593 0313 37040000 		.4byte	.LASF61
 594 0317 06       		.byte	0x6
 595 0318 9801     		.2byte	0x198
 596 031a 6C020000 		.4byte	0x26c
 597 031e 14       		.byte	0x14
 598 031f 09       		.uleb128 0x9
 599 0320 2D040000 		.4byte	.LASF62
 600 0324 06       		.byte	0x6
 601 0325 9B01     		.2byte	0x19b
 602 0327 6C020000 		.4byte	0x26c
 603 032b 18       		.byte	0x18
 604 032c 00       		.byte	0
 605 032d 04       		.uleb128 0x4
 606 032e E6050000 		.4byte	.LASF63
 607 0332 05       		.byte	0x5
 608 0333 5C       		.byte	0x5c
 609 0334 38030000 		.4byte	0x338
 610 0338 0A       		.uleb128 0xa
 611 0339 04       		.byte	0x4
 612 033a 3E030000 		.4byte	0x33e
 613 033e 0C       		.uleb128 0xc
 614 033f 49030000 		.4byte	0x349
 615 0343 0D       		.uleb128 0xd
 616 0344 49030000 		.4byte	0x349
 617 0348 00       		.byte	0
 618 0349 0E       		.uleb128 0xe
 619 034a 04       		.byte	0x4
 620 034b 04       		.uleb128 0x4
 621 034c 5D040000 		.4byte	.LASF64
 622 0350 05       		.byte	0x5
 623 0351 61       		.byte	0x61
 624 0352 56030000 		.4byte	0x356
 625 0356 0B       		.uleb128 0xb
 626 0357 1B050000 		.4byte	.LASF65
 627 035b 14       		.byte	0x14
ARM GAS  /tmp/ccfkLZuR.s 			page 12


 628 035c 06       		.byte	0x6
 629 035d 6B01     		.2byte	0x16b
 630 035f A5030000 		.4byte	0x3a5
 631 0363 09       		.uleb128 0x9
 632 0364 E9020000 		.4byte	.LASF66
 633 0368 06       		.byte	0x6
 634 0369 6C01     		.2byte	0x16c
 635 036b 08070000 		.4byte	0x708
 636 036f 00       		.byte	0
 637 0370 09       		.uleb128 0x9
 638 0371 B7020000 		.4byte	.LASF67
 639 0375 06       		.byte	0x6
 640 0376 6D01     		.2byte	0x16d
 641 0378 08070000 		.4byte	0x708
 642 037c 04       		.byte	0x4
 643 037d 09       		.uleb128 0x9
 644 037e 18030000 		.4byte	.LASF68
 645 0382 06       		.byte	0x6
 646 0383 6E01     		.2byte	0x16e
 647 0385 41010000 		.4byte	0x141
 648 0389 08       		.byte	0x8
 649 038a 09       		.uleb128 0x9
 650 038b D3060000 		.4byte	.LASF69
 651 038f 06       		.byte	0x6
 652 0390 6F01     		.2byte	0x16f
 653 0392 2D030000 		.4byte	0x32d
 654 0396 0C       		.byte	0xc
 655 0397 09       		.uleb128 0x9
 656 0398 19060000 		.4byte	.LASF70
 657 039c 06       		.byte	0x6
 658 039d 7101     		.2byte	0x171
 659 039f 49030000 		.4byte	0x349
 660 03a3 10       		.byte	0x10
 661 03a4 00       		.byte	0
 662 03a5 04       		.uleb128 0x4
 663 03a6 D1010000 		.4byte	.LASF71
 664 03aa 05       		.byte	0x5
 665 03ab 66       		.byte	0x66
 666 03ac B0030000 		.4byte	0x3b0
 667 03b0 0B       		.uleb128 0xb
 668 03b1 D9030000 		.4byte	.LASF72
 669 03b5 10       		.byte	0x10
 670 03b6 06       		.byte	0x6
 671 03b7 7B01     		.2byte	0x17b
 672 03b9 F2030000 		.4byte	0x3f2
 673 03bd 09       		.uleb128 0x9
 674 03be E9020000 		.4byte	.LASF66
 675 03c2 06       		.byte	0x6
 676 03c3 7C01     		.2byte	0x17c
 677 03c5 08070000 		.4byte	0x708
 678 03c9 00       		.byte	0
 679 03ca 09       		.uleb128 0x9
 680 03cb B7020000 		.4byte	.LASF67
 681 03cf 06       		.byte	0x6
 682 03d0 7E01     		.2byte	0x17e
 683 03d2 08070000 		.4byte	0x708
 684 03d6 04       		.byte	0x4
ARM GAS  /tmp/ccfkLZuR.s 			page 13


 685 03d7 09       		.uleb128 0x9
 686 03d8 18030000 		.4byte	.LASF68
 687 03dc 06       		.byte	0x6
 688 03dd 8001     		.2byte	0x180
 689 03df 41010000 		.4byte	0x141
 690 03e3 08       		.byte	0x8
 691 03e4 09       		.uleb128 0x9
 692 03e5 9D060000 		.4byte	.LASF73
 693 03e9 06       		.byte	0x6
 694 03ea 8201     		.2byte	0x182
 695 03ec 4C010000 		.4byte	0x14c
 696 03f0 0C       		.byte	0xc
 697 03f1 00       		.byte	0
 698 03f2 04       		.uleb128 0x4
 699 03f3 58000000 		.4byte	.LASF74
 700 03f7 05       		.byte	0x5
 701 03f8 6B       		.byte	0x6b
 702 03f9 FD030000 		.4byte	0x3fd
 703 03fd 0B       		.uleb128 0xb
 704 03fe 7C040000 		.4byte	.LASF75
 705 0402 04       		.byte	0x4
 706 0403 06       		.byte	0x6
 707 0404 A201     		.2byte	0x1a2
 708 0406 18040000 		.4byte	0x418
 709 040a 09       		.uleb128 0x9
 710 040b FA050000 		.4byte	.LASF76
 711 040f 06       		.byte	0x6
 712 0410 AA01     		.2byte	0x1aa
 713 0412 F7060000 		.4byte	0x6f7
 714 0416 00       		.byte	0
 715 0417 00       		.byte	0
 716 0418 04       		.uleb128 0x4
 717 0419 5E030000 		.4byte	.LASF77
 718 041d 05       		.byte	0x5
 719 041e 70       		.byte	0x70
 720 041f 23040000 		.4byte	0x423
 721 0423 0F       		.uleb128 0xf
 722 0424 7A020000 		.4byte	.LASF78
 723 0428 5802     		.2byte	0x258
 724 042a 06       		.byte	0x6
 725 042b C201     		.2byte	0x1c2
 726 042d 7F040000 		.4byte	0x47f
 727 0431 09       		.uleb128 0x9
 728 0432 61060000 		.4byte	.LASF79
 729 0436 06       		.byte	0x6
 730 0437 C601     		.2byte	0x1c6
 731 0439 C6020000 		.4byte	0x2c6
 732 043d 00       		.byte	0
 733 043e 09       		.uleb128 0x9
 734 043f 69020000 		.4byte	.LASF80
 735 0443 06       		.byte	0x6
 736 0444 CA01     		.2byte	0x1ca
 737 0446 A5030000 		.4byte	0x3a5
 738 044a 1C       		.byte	0x1c
 739 044b 08       		.uleb128 0x8
 740 044c 64626700 		.ascii	"dbg\000"
 741 0450 06       		.byte	0x6
ARM GAS  /tmp/ccfkLZuR.s 			page 14


 742 0451 CE01     		.2byte	0x1ce
 743 0453 F2030000 		.4byte	0x3f2
 744 0457 2C       		.byte	0x2c
 745 0458 09       		.uleb128 0x9
 746 0459 C6010000 		.4byte	.LASF81
 747 045d 06       		.byte	0x6
 748 045e D201     		.2byte	0x1d2
 749 0460 51010000 		.4byte	0x151
 750 0464 30       		.byte	0x30
 751 0465 08       		.uleb128 0x8
 752 0466 746D00   		.ascii	"tm\000"
 753 0469 06       		.byte	0x6
 754 046a D701     		.2byte	0x1d7
 755 046c 21060000 		.4byte	0x621
 756 0470 78       		.byte	0x78
 757 0471 09       		.uleb128 0x9
 758 0472 C7020000 		.4byte	.LASF82
 759 0476 06       		.byte	0x6
 760 0477 E301     		.2byte	0x1e3
 761 0479 0E070000 		.4byte	0x70e
 762 047d 80       		.byte	0x80
 763 047e 00       		.byte	0
 764 047f 10       		.uleb128 0x10
 765 0480 E7010000 		.4byte	.LASF83
 766 0484 07       		.byte	0x7
 767 0485 A706     		.2byte	0x6a7
 768 0487 C3000000 		.4byte	0xc3
 769 048b 11       		.uleb128 0x11
 770 048c FA020000 		.4byte	.LASF84
 771 0490 08       		.byte	0x8
 772 0491 4C       		.byte	0x4c
 773 0492 C8000000 		.4byte	0xc8
 774 0496 04       		.uleb128 0x4
 775 0497 AE020000 		.4byte	.LASF85
 776 049b 09       		.byte	0x9
 777 049c 65       		.byte	0x65
 778 049d 49030000 		.4byte	0x349
 779 04a1 04       		.uleb128 0x4
 780 04a2 99030000 		.4byte	.LASF86
 781 04a6 09       		.byte	0x9
 782 04a7 6D       		.byte	0x6d
 783 04a8 D3000000 		.4byte	0xd3
 784 04ac 06       		.uleb128 0x6
 785 04ad 0B060000 		.4byte	.LASF87
 786 04b1 04       		.byte	0x4
 787 04b2 09       		.byte	0x9
 788 04b3 89       		.byte	0x89
 789 04b4 C5040000 		.4byte	0x4c5
 790 04b8 12       		.uleb128 0x12
 791 04b9 72313300 		.ascii	"r13\000"
 792 04bd 09       		.byte	0x9
 793 04be 8A       		.byte	0x8a
 794 04bf 06060000 		.4byte	0x606
 795 04c3 00       		.byte	0
 796 04c4 00       		.byte	0
 797 04c5 06       		.uleb128 0x6
 798 04c6 4C000000 		.4byte	.LASF88
ARM GAS  /tmp/ccfkLZuR.s 			page 15


 799 04ca 64       		.byte	0x64
 800 04cb 0A       		.byte	0xa
 801 04cc F4       		.byte	0xf4
 802 04cd 06060000 		.4byte	0x606
 803 04d1 12       		.uleb128 0x12
 804 04d2 73313600 		.ascii	"s16\000"
 805 04d6 0A       		.byte	0xa
 806 04d7 F6       		.byte	0xf6
 807 04d8 96040000 		.4byte	0x496
 808 04dc 00       		.byte	0
 809 04dd 12       		.uleb128 0x12
 810 04de 73313700 		.ascii	"s17\000"
 811 04e2 0A       		.byte	0xa
 812 04e3 F7       		.byte	0xf7
 813 04e4 96040000 		.4byte	0x496
 814 04e8 04       		.byte	0x4
 815 04e9 12       		.uleb128 0x12
 816 04ea 73313800 		.ascii	"s18\000"
 817 04ee 0A       		.byte	0xa
 818 04ef F8       		.byte	0xf8
 819 04f0 96040000 		.4byte	0x496
 820 04f4 08       		.byte	0x8
 821 04f5 12       		.uleb128 0x12
 822 04f6 73313900 		.ascii	"s19\000"
 823 04fa 0A       		.byte	0xa
 824 04fb F9       		.byte	0xf9
 825 04fc 96040000 		.4byte	0x496
 826 0500 0C       		.byte	0xc
 827 0501 12       		.uleb128 0x12
 828 0502 73323000 		.ascii	"s20\000"
 829 0506 0A       		.byte	0xa
 830 0507 FA       		.byte	0xfa
 831 0508 96040000 		.4byte	0x496
 832 050c 10       		.byte	0x10
 833 050d 12       		.uleb128 0x12
 834 050e 73323100 		.ascii	"s21\000"
 835 0512 0A       		.byte	0xa
 836 0513 FB       		.byte	0xfb
 837 0514 96040000 		.4byte	0x496
 838 0518 14       		.byte	0x14
 839 0519 12       		.uleb128 0x12
 840 051a 73323200 		.ascii	"s22\000"
 841 051e 0A       		.byte	0xa
 842 051f FC       		.byte	0xfc
 843 0520 96040000 		.4byte	0x496
 844 0524 18       		.byte	0x18
 845 0525 12       		.uleb128 0x12
 846 0526 73323300 		.ascii	"s23\000"
 847 052a 0A       		.byte	0xa
 848 052b FD       		.byte	0xfd
 849 052c 96040000 		.4byte	0x496
 850 0530 1C       		.byte	0x1c
 851 0531 12       		.uleb128 0x12
 852 0532 73323400 		.ascii	"s24\000"
 853 0536 0A       		.byte	0xa
 854 0537 FE       		.byte	0xfe
 855 0538 96040000 		.4byte	0x496
ARM GAS  /tmp/ccfkLZuR.s 			page 16


 856 053c 20       		.byte	0x20
 857 053d 12       		.uleb128 0x12
 858 053e 73323500 		.ascii	"s25\000"
 859 0542 0A       		.byte	0xa
 860 0543 FF       		.byte	0xff
 861 0544 96040000 		.4byte	0x496
 862 0548 24       		.byte	0x24
 863 0549 08       		.uleb128 0x8
 864 054a 73323600 		.ascii	"s26\000"
 865 054e 0A       		.byte	0xa
 866 054f 0001     		.2byte	0x100
 867 0551 96040000 		.4byte	0x496
 868 0555 28       		.byte	0x28
 869 0556 08       		.uleb128 0x8
 870 0557 73323700 		.ascii	"s27\000"
 871 055b 0A       		.byte	0xa
 872 055c 0101     		.2byte	0x101
 873 055e 96040000 		.4byte	0x496
 874 0562 2C       		.byte	0x2c
 875 0563 08       		.uleb128 0x8
 876 0564 73323800 		.ascii	"s28\000"
 877 0568 0A       		.byte	0xa
 878 0569 0201     		.2byte	0x102
 879 056b 96040000 		.4byte	0x496
 880 056f 30       		.byte	0x30
 881 0570 08       		.uleb128 0x8
 882 0571 73323900 		.ascii	"s29\000"
 883 0575 0A       		.byte	0xa
 884 0576 0301     		.2byte	0x103
 885 0578 96040000 		.4byte	0x496
 886 057c 34       		.byte	0x34
 887 057d 08       		.uleb128 0x8
 888 057e 73333000 		.ascii	"s30\000"
 889 0582 0A       		.byte	0xa
 890 0583 0401     		.2byte	0x104
 891 0585 96040000 		.4byte	0x496
 892 0589 38       		.byte	0x38
 893 058a 08       		.uleb128 0x8
 894 058b 73333100 		.ascii	"s31\000"
 895 058f 0A       		.byte	0xa
 896 0590 0501     		.2byte	0x105
 897 0592 96040000 		.4byte	0x496
 898 0596 3C       		.byte	0x3c
 899 0597 08       		.uleb128 0x8
 900 0598 723400   		.ascii	"r4\000"
 901 059b 0A       		.byte	0xa
 902 059c 0701     		.2byte	0x107
 903 059e 96040000 		.4byte	0x496
 904 05a2 40       		.byte	0x40
 905 05a3 08       		.uleb128 0x8
 906 05a4 723500   		.ascii	"r5\000"
 907 05a7 0A       		.byte	0xa
 908 05a8 0801     		.2byte	0x108
 909 05aa 96040000 		.4byte	0x496
 910 05ae 44       		.byte	0x44
 911 05af 08       		.uleb128 0x8
 912 05b0 723600   		.ascii	"r6\000"
ARM GAS  /tmp/ccfkLZuR.s 			page 17


 913 05b3 0A       		.byte	0xa
 914 05b4 0901     		.2byte	0x109
 915 05b6 96040000 		.4byte	0x496
 916 05ba 48       		.byte	0x48
 917 05bb 08       		.uleb128 0x8
 918 05bc 723700   		.ascii	"r7\000"
 919 05bf 0A       		.byte	0xa
 920 05c0 0A01     		.2byte	0x10a
 921 05c2 96040000 		.4byte	0x496
 922 05c6 4C       		.byte	0x4c
 923 05c7 08       		.uleb128 0x8
 924 05c8 723800   		.ascii	"r8\000"
 925 05cb 0A       		.byte	0xa
 926 05cc 0B01     		.2byte	0x10b
 927 05ce 96040000 		.4byte	0x496
 928 05d2 50       		.byte	0x50
 929 05d3 08       		.uleb128 0x8
 930 05d4 723900   		.ascii	"r9\000"
 931 05d7 0A       		.byte	0xa
 932 05d8 0C01     		.2byte	0x10c
 933 05da 96040000 		.4byte	0x496
 934 05de 54       		.byte	0x54
 935 05df 08       		.uleb128 0x8
 936 05e0 72313000 		.ascii	"r10\000"
 937 05e4 0A       		.byte	0xa
 938 05e5 0D01     		.2byte	0x10d
 939 05e7 96040000 		.4byte	0x496
 940 05eb 58       		.byte	0x58
 941 05ec 08       		.uleb128 0x8
 942 05ed 72313100 		.ascii	"r11\000"
 943 05f1 0A       		.byte	0xa
 944 05f2 0E01     		.2byte	0x10e
 945 05f4 96040000 		.4byte	0x496
 946 05f8 5C       		.byte	0x5c
 947 05f9 08       		.uleb128 0x8
 948 05fa 6C7200   		.ascii	"lr\000"
 949 05fd 0A       		.byte	0xa
 950 05fe 0F01     		.2byte	0x10f
 951 0600 96040000 		.4byte	0x496
 952 0604 60       		.byte	0x60
 953 0605 00       		.byte	0
 954 0606 0A       		.uleb128 0xa
 955 0607 04       		.byte	0x4
 956 0608 C5040000 		.4byte	0x4c5
 957 060c 13       		.uleb128 0x13
 958 060d 04       		.byte	0x4
 959 060e 0B       		.byte	0xb
 960 060f 38       		.byte	0x38
 961 0610 21060000 		.4byte	0x621
 962 0614 07       		.uleb128 0x7
 963 0615 04060000 		.4byte	.LASF89
 964 0619 0B       		.byte	0xb
 965 061a 3C       		.byte	0x3c
 966 061b DE000000 		.4byte	0xde
 967 061f 00       		.byte	0
 968 0620 00       		.byte	0
 969 0621 04       		.uleb128 0x4
ARM GAS  /tmp/ccfkLZuR.s 			page 18


 970 0622 1C040000 		.4byte	.LASF90
 971 0626 0B       		.byte	0xb
 972 0627 3D       		.byte	0x3d
 973 0628 0C060000 		.4byte	0x60c
 974 062c 14       		.uleb128 0x14
 975 062d 04       		.byte	0x4
 976 062e 06       		.byte	0x6
 977 062f FA       		.byte	0xfa
 978 0630 89060000 		.4byte	0x689
 979 0634 15       		.uleb128 0x15
 980 0635 26000000 		.4byte	.LASF91
 981 0639 06       		.byte	0x6
 982 063a 0101     		.2byte	0x101
 983 063c 20010000 		.4byte	0x120
 984 0640 15       		.uleb128 0x15
 985 0641 BD010000 		.4byte	.LASF92
 986 0645 06       		.byte	0x6
 987 0646 0801     		.2byte	0x108
 988 0648 20010000 		.4byte	0x120
 989 064c 15       		.uleb128 0x15
 990 064d 82060000 		.4byte	.LASF93
 991 0651 06       		.byte	0x6
 992 0652 0F01     		.2byte	0x10f
 993 0654 49030000 		.4byte	0x349
 994 0658 15       		.uleb128 0x15
 995 0659 1A000000 		.4byte	.LASF94
 996 065d 06       		.byte	0x6
 997 065e 1601     		.2byte	0x116
 998 0660 89060000 		.4byte	0x689
 999 0664 15       		.uleb128 0x15
 1000 0665 11030000 		.4byte	.LASF95
 1001 0669 06       		.byte	0x6
 1002 066a 1E01     		.2byte	0x11e
 1003 066c B4060000 		.4byte	0x6b4
 1004 0670 15       		.uleb128 0x15
 1005 0671 AF050000 		.4byte	.LASF96
 1006 0675 06       		.byte	0x6
 1007 0676 2701     		.2byte	0x127
 1008 0678 EB060000 		.4byte	0x6eb
 1009 067c 15       		.uleb128 0x15
 1010 067d D5040000 		.4byte	.LASF97
 1011 0681 06       		.byte	0x6
 1012 0682 2F01     		.2byte	0x12f
 1013 0684 2B010000 		.4byte	0x12b
 1014 0688 00       		.byte	0
 1015 0689 0A       		.uleb128 0xa
 1016 068a 04       		.byte	0x4
 1017 068b 61020000 		.4byte	0x261
 1018 068f 06       		.uleb128 0x6
 1019 0690 4B050000 		.4byte	.LASF98
 1020 0694 0C       		.byte	0xc
 1021 0695 0C       		.byte	0xc
 1022 0696 34       		.byte	0x34
 1023 0697 B4060000 		.4byte	0x6b4
 1024 069b 07       		.uleb128 0x7
 1025 069c 9E020000 		.4byte	.LASF99
 1026 06a0 0C       		.byte	0xc
ARM GAS  /tmp/ccfkLZuR.s 			page 19


 1027 06a1 35       		.byte	0x35
 1028 06a2 96020000 		.4byte	0x296
 1029 06a6 00       		.byte	0
 1030 06a7 07       		.uleb128 0x7
 1031 06a8 35030000 		.4byte	.LASF100
 1032 06ac 0C       		.byte	0xc
 1033 06ad 37       		.byte	0x37
 1034 06ae 36010000 		.4byte	0x136
 1035 06b2 08       		.byte	0x8
 1036 06b3 00       		.byte	0
 1037 06b4 0A       		.uleb128 0xa
 1038 06b5 04       		.byte	0x4
 1039 06b6 8F060000 		.4byte	0x68f
 1040 06ba 06       		.uleb128 0x6
 1041 06bb 51060000 		.4byte	.LASF101
 1042 06bf 10       		.byte	0x10
 1043 06c0 0D       		.byte	0xd
 1044 06c1 39       		.byte	0x39
 1045 06c2 EB060000 		.4byte	0x6eb
 1046 06c6 07       		.uleb128 0x7
 1047 06c7 61020000 		.4byte	.LASF102
 1048 06cb 0D       		.byte	0xd
 1049 06cc 3A       		.byte	0x3a
 1050 06cd 96020000 		.4byte	0x296
 1051 06d1 00       		.byte	0
 1052 06d2 07       		.uleb128 0x7
 1053 06d3 B3060000 		.4byte	.LASF103
 1054 06d7 0D       		.byte	0xd
 1055 06d8 3C       		.byte	0x3c
 1056 06d9 6C020000 		.4byte	0x26c
 1057 06dd 08       		.byte	0x8
 1058 06de 07       		.uleb128 0x7
 1059 06df CA050000 		.4byte	.LASF104
 1060 06e3 0D       		.byte	0xd
 1061 06e4 3E       		.byte	0x3e
 1062 06e5 40080000 		.4byte	0x840
 1063 06e9 0C       		.byte	0xc
 1064 06ea 00       		.byte	0
 1065 06eb 0A       		.uleb128 0xa
 1066 06ec 04       		.byte	0x4
 1067 06ed BA060000 		.4byte	0x6ba
 1068 06f1 0A       		.uleb128 0xa
 1069 06f2 04       		.byte	0x4
 1070 06f3 03070000 		.4byte	0x703
 1071 06f7 05       		.uleb128 0x5
 1072 06f8 F1060000 		.4byte	0x6f1
 1073 06fc 03       		.uleb128 0x3
 1074 06fd 01       		.byte	0x1
 1075 06fe 08       		.byte	0x8
 1076 06ff AA050000 		.4byte	.LASF105
 1077 0703 16       		.uleb128 0x16
 1078 0704 FC060000 		.4byte	0x6fc
 1079 0708 0A       		.uleb128 0xa
 1080 0709 04       		.byte	0x4
 1081 070a 4B030000 		.4byte	0x34b
 1082 070e 17       		.uleb128 0x17
 1083 070f A1040000 		.4byte	0x4a1
ARM GAS  /tmp/ccfkLZuR.s 			page 20


 1084 0713 1E070000 		.4byte	0x71e
 1085 0717 18       		.uleb128 0x18
 1086 0718 2C000000 		.4byte	0x2c
 1087 071c 3A       		.byte	0x3a
 1088 071d 00       		.byte	0
 1089 071e 19       		.uleb128 0x19
 1090 071f 636800   		.ascii	"ch\000"
 1091 0722 06       		.byte	0x6
 1092 0723 0902     		.2byte	0x209
 1093 0725 18040000 		.4byte	0x418
 1094 0729 13       		.uleb128 0x13
 1095 072a 16       		.byte	0x16
 1096 072b 0E       		.byte	0xe
 1097 072c 34       		.byte	0x34
 1098 072d 0A080000 		.4byte	0x80a
 1099 0731 07       		.uleb128 0x7
 1100 0732 C5060000 		.4byte	.LASF106
 1101 0736 0E       		.byte	0xe
 1102 0737 35       		.byte	0x35
 1103 0738 0A080000 		.4byte	0x80a
 1104 073c 00       		.byte	0
 1105 073d 07       		.uleb128 0x7
 1106 073e B3030000 		.4byte	.LASF107
 1107 0742 0E       		.byte	0xe
 1108 0743 36       		.byte	0x36
 1109 0744 A2000000 		.4byte	0xa2
 1110 0748 04       		.byte	0x4
 1111 0749 07       		.uleb128 0x7
 1112 074a 90050000 		.4byte	.LASF108
 1113 074e 0E       		.byte	0xe
 1114 074f 37       		.byte	0x37
 1115 0750 A2000000 		.4byte	0xa2
 1116 0754 05       		.byte	0x5
 1117 0755 07       		.uleb128 0x7
 1118 0756 A8060000 		.4byte	.LASF109
 1119 075a 0E       		.byte	0xe
 1120 075b 38       		.byte	0x38
 1121 075c AD000000 		.4byte	0xad
 1122 0760 06       		.byte	0x6
 1123 0761 07       		.uleb128 0x7
 1124 0762 52040000 		.4byte	.LASF110
 1125 0766 0E       		.byte	0xe
 1126 0767 39       		.byte	0x39
 1127 0768 A2000000 		.4byte	0xa2
 1128 076c 08       		.byte	0x8
 1129 076d 07       		.uleb128 0x7
 1130 076e F0030000 		.4byte	.LASF111
 1131 0772 0E       		.byte	0xe
 1132 0773 3A       		.byte	0x3a
 1133 0774 A2000000 		.4byte	0xa2
 1134 0778 09       		.byte	0x9
 1135 0779 07       		.uleb128 0x7
 1136 077a A2010000 		.4byte	.LASF112
 1137 077e 0E       		.byte	0xe
 1138 077f 3B       		.byte	0x3b
 1139 0780 A2000000 		.4byte	0xa2
 1140 0784 0A       		.byte	0xa
ARM GAS  /tmp/ccfkLZuR.s 			page 21


 1141 0785 07       		.uleb128 0x7
 1142 0786 6C050000 		.4byte	.LASF113
 1143 078a 0E       		.byte	0xe
 1144 078b 3C       		.byte	0x3c
 1145 078c A2000000 		.4byte	0xa2
 1146 0790 0B       		.byte	0xb
 1147 0791 07       		.uleb128 0x7
 1148 0792 46060000 		.4byte	.LASF114
 1149 0796 0E       		.byte	0xe
 1150 0797 3D       		.byte	0x3d
 1151 0798 A2000000 		.4byte	0xa2
 1152 079c 0C       		.byte	0xc
 1153 079d 07       		.uleb128 0x7
 1154 079e 89060000 		.4byte	.LASF115
 1155 07a2 0E       		.byte	0xe
 1156 07a3 3E       		.byte	0x3e
 1157 07a4 A2000000 		.4byte	0xa2
 1158 07a8 0D       		.byte	0xd
 1159 07a9 07       		.uleb128 0x7
 1160 07aa 00000000 		.4byte	.LASF116
 1161 07ae 0E       		.byte	0xe
 1162 07af 3F       		.byte	0x3f
 1163 07b0 A2000000 		.4byte	0xa2
 1164 07b4 0E       		.byte	0xe
 1165 07b5 07       		.uleb128 0x7
 1166 07b6 FC030000 		.4byte	.LASF117
 1167 07ba 0E       		.byte	0xe
 1168 07bb 40       		.byte	0x40
 1169 07bc A2000000 		.4byte	0xa2
 1170 07c0 0F       		.byte	0xf
 1171 07c1 07       		.uleb128 0x7
 1172 07c2 3C020000 		.4byte	.LASF118
 1173 07c6 0E       		.byte	0xe
 1174 07c7 41       		.byte	0x41
 1175 07c8 A2000000 		.4byte	0xa2
 1176 07cc 10       		.byte	0x10
 1177 07cd 07       		.uleb128 0x7
 1178 07ce 0C020000 		.4byte	.LASF119
 1179 07d2 0E       		.byte	0xe
 1180 07d3 43       		.byte	0x43
 1181 07d4 A2000000 		.4byte	0xa2
 1182 07d8 11       		.byte	0x11
 1183 07d9 07       		.uleb128 0x7
 1184 07da 4C020000 		.4byte	.LASF120
 1185 07de 0E       		.byte	0xe
 1186 07df 44       		.byte	0x44
 1187 07e0 A2000000 		.4byte	0xa2
 1188 07e4 12       		.byte	0x12
 1189 07e5 07       		.uleb128 0x7
 1190 07e6 BB030000 		.4byte	.LASF121
 1191 07ea 0E       		.byte	0xe
 1192 07eb 45       		.byte	0x45
 1193 07ec A2000000 		.4byte	0xa2
 1194 07f0 13       		.byte	0x13
 1195 07f1 07       		.uleb128 0x7
 1196 07f2 EB040000 		.4byte	.LASF122
 1197 07f6 0E       		.byte	0xe
ARM GAS  /tmp/ccfkLZuR.s 			page 22


 1198 07f7 46       		.byte	0x46
 1199 07f8 A2000000 		.4byte	0xa2
 1200 07fc 14       		.byte	0x14
 1201 07fd 07       		.uleb128 0x7
 1202 07fe 6A030000 		.4byte	.LASF123
 1203 0802 0E       		.byte	0xe
 1204 0803 48       		.byte	0x48
 1205 0804 A2000000 		.4byte	0xa2
 1206 0808 15       		.byte	0x15
 1207 0809 00       		.byte	0
 1208 080a 17       		.uleb128 0x17
 1209 080b FC060000 		.4byte	0x6fc
 1210 080f 1A080000 		.4byte	0x81a
 1211 0813 18       		.uleb128 0x18
 1212 0814 2C000000 		.4byte	0x2c
 1213 0818 03       		.byte	0x3
 1214 0819 00       		.byte	0
 1215 081a 04       		.uleb128 0x4
 1216 081b BB060000 		.4byte	.LASF124
 1217 081f 0E       		.byte	0xe
 1218 0820 49       		.byte	0x49
 1219 0821 29070000 		.4byte	0x729
 1220 0825 16       		.uleb128 0x16
 1221 0826 1A080000 		.4byte	0x81a
 1222 082a 11       		.uleb128 0x11
 1223 082b 2C030000 		.4byte	.LASF125
 1224 082f 0E       		.byte	0xe
 1225 0830 6E       		.byte	0x6e
 1226 0831 25080000 		.4byte	0x825
 1227 0835 04       		.uleb128 0x4
 1228 0836 BF020000 		.4byte	.LASF126
 1229 083a 0D       		.byte	0xd
 1230 083b 34       		.byte	0x34
 1231 083c BA060000 		.4byte	0x6ba
 1232 0840 0A       		.uleb128 0xa
 1233 0841 04       		.byte	0x4
 1234 0842 35080000 		.4byte	0x835
 1235 0846 1A       		.uleb128 0x1a
 1236 0847 B0010000 		.4byte	.LASF127
 1237 084b 01       		.byte	0x1
 1238 084c B1       		.byte	0xb1
 1239 084d 00000000 		.4byte	.LFB221
 1240 0851 28000000 		.4byte	.LFE221-.LFB221
 1241 0855 01       		.uleb128 0x1
 1242 0856 9C       		.byte	0x9c
 1243 0857 72080000 		.4byte	0x872
 1244 085b 1B       		.uleb128 0x1b
 1245 085c 76747000 		.ascii	"vtp\000"
 1246 0860 01       		.byte	0x1
 1247 0861 B1       		.byte	0xb1
 1248 0862 08070000 		.4byte	0x708
 1249 0866 01       		.uleb128 0x1
 1250 0867 50       		.byte	0x50
 1251 0868 1C       		.uleb128 0x1c
 1252 0869 02050000 		.4byte	.LASF132
 1253 086d 82080000 		.4byte	0x882
 1254 0871 00       		.byte	0
ARM GAS  /tmp/ccfkLZuR.s 			page 23


 1255 0872 17       		.uleb128 0x17
 1256 0873 03070000 		.4byte	0x703
 1257 0877 82080000 		.4byte	0x882
 1258 087b 18       		.uleb128 0x18
 1259 087c 2C000000 		.4byte	0x2c
 1260 0880 0C       		.byte	0xc
 1261 0881 00       		.byte	0
 1262 0882 16       		.uleb128 0x16
 1263 0883 72080000 		.4byte	0x872
 1264 0887 1A       		.uleb128 0x1a
 1265 0888 84030000 		.4byte	.LASF128
 1266 088c 01       		.byte	0x1
 1267 088d 5F       		.byte	0x5f
 1268 088e 00000000 		.4byte	.LFB220
 1269 0892 3C000000 		.4byte	.LFE220-.LFB220
 1270 0896 01       		.uleb128 0x1
 1271 0897 9C       		.byte	0x9c
 1272 0898 FC080000 		.4byte	0x8fc
 1273 089c 1B       		.uleb128 0x1b
 1274 089d 76747000 		.ascii	"vtp\000"
 1275 08a1 01       		.byte	0x1
 1276 08a2 5F       		.byte	0x5f
 1277 08a3 08070000 		.4byte	0x708
 1278 08a7 01       		.uleb128 0x1
 1279 08a8 50       		.byte	0x50
 1280 08a9 1D       		.uleb128 0x1d
 1281 08aa A2040000 		.4byte	.LASF129
 1282 08ae 01       		.byte	0x1
 1283 08af 5F       		.byte	0x5f
 1284 08b0 41010000 		.4byte	0x141
 1285 08b4 00000000 		.4byte	.LLST0
 1286 08b8 1D       		.uleb128 0x1d
 1287 08b9 20060000 		.4byte	.LASF130
 1288 08bd 01       		.byte	0x1
 1289 08be 60       		.byte	0x60
 1290 08bf 2D030000 		.4byte	0x32d
 1291 08c3 21000000 		.4byte	.LLST1
 1292 08c7 1E       		.uleb128 0x1e
 1293 08c8 70617200 		.ascii	"par\000"
 1294 08cc 01       		.byte	0x1
 1295 08cd 60       		.byte	0x60
 1296 08ce 49030000 		.4byte	0x349
 1297 08d2 40000000 		.4byte	.LLST2
 1298 08d6 1F       		.uleb128 0x1f
 1299 08d7 7000     		.ascii	"p\000"
 1300 08d9 01       		.byte	0x1
 1301 08da 61       		.byte	0x61
 1302 08db 08070000 		.4byte	0x708
 1303 08df 5F000000 		.4byte	.LLST3
 1304 08e3 20       		.uleb128 0x20
 1305 08e4 20000000 		.4byte	.LASF131
 1306 08e8 01       		.byte	0x1
 1307 08e9 62       		.byte	0x62
 1308 08ea 41010000 		.4byte	0x141
 1309 08ee 7D000000 		.4byte	.LLST4
 1310 08f2 1C       		.uleb128 0x1c
 1311 08f3 02050000 		.4byte	.LASF132
ARM GAS  /tmp/ccfkLZuR.s 			page 24


 1312 08f7 0C090000 		.4byte	0x90c
 1313 08fb 00       		.byte	0
 1314 08fc 17       		.uleb128 0x17
 1315 08fd 03070000 		.4byte	0x703
 1316 0901 0C090000 		.4byte	0x90c
 1317 0905 18       		.uleb128 0x18
 1318 0906 2C000000 		.4byte	0x2c
 1319 090a 0A       		.byte	0xa
 1320 090b 00       		.byte	0
 1321 090c 16       		.uleb128 0x16
 1322 090d FC080000 		.4byte	0x8fc
 1323 0911 21       		.uleb128 0x21
 1324 0912 19020000 		.4byte	.LASF136
 1325 0916 01       		.byte	0x1
 1326 0917 3D       		.byte	0x3d
 1327 0918 00000000 		.4byte	.LFB219
 1328 091c 1C000000 		.4byte	.LFE219-.LFB219
 1329 0920 01       		.uleb128 0x1
 1330 0921 9C       		.byte	0x9c
 1331 0922 00       		.byte	0
 1332              		.section	.debug_abbrev,"",%progbits
 1333              	.Ldebug_abbrev0:
 1334 0000 01       		.uleb128 0x1
 1335 0001 11       		.uleb128 0x11
 1336 0002 01       		.byte	0x1
 1337 0003 25       		.uleb128 0x25
 1338 0004 0E       		.uleb128 0xe
 1339 0005 13       		.uleb128 0x13
 1340 0006 0B       		.uleb128 0xb
 1341 0007 03       		.uleb128 0x3
 1342 0008 0E       		.uleb128 0xe
 1343 0009 1B       		.uleb128 0x1b
 1344 000a 0E       		.uleb128 0xe
 1345 000b 55       		.uleb128 0x55
 1346 000c 17       		.uleb128 0x17
 1347 000d 11       		.uleb128 0x11
 1348 000e 01       		.uleb128 0x1
 1349 000f 10       		.uleb128 0x10
 1350 0010 17       		.uleb128 0x17
 1351 0011 00       		.byte	0
 1352 0012 00       		.byte	0
 1353 0013 02       		.uleb128 0x2
 1354 0014 24       		.uleb128 0x24
 1355 0015 00       		.byte	0
 1356 0016 0B       		.uleb128 0xb
 1357 0017 0B       		.uleb128 0xb
 1358 0018 3E       		.uleb128 0x3e
 1359 0019 0B       		.uleb128 0xb
 1360 001a 03       		.uleb128 0x3
 1361 001b 08       		.uleb128 0x8
 1362 001c 00       		.byte	0
 1363 001d 00       		.byte	0
 1364 001e 03       		.uleb128 0x3
 1365 001f 24       		.uleb128 0x24
 1366 0020 00       		.byte	0
 1367 0021 0B       		.uleb128 0xb
 1368 0022 0B       		.uleb128 0xb
ARM GAS  /tmp/ccfkLZuR.s 			page 25


 1369 0023 3E       		.uleb128 0x3e
 1370 0024 0B       		.uleb128 0xb
 1371 0025 03       		.uleb128 0x3
 1372 0026 0E       		.uleb128 0xe
 1373 0027 00       		.byte	0
 1374 0028 00       		.byte	0
 1375 0029 04       		.uleb128 0x4
 1376 002a 16       		.uleb128 0x16
 1377 002b 00       		.byte	0
 1378 002c 03       		.uleb128 0x3
 1379 002d 0E       		.uleb128 0xe
 1380 002e 3A       		.uleb128 0x3a
 1381 002f 0B       		.uleb128 0xb
 1382 0030 3B       		.uleb128 0x3b
 1383 0031 0B       		.uleb128 0xb
 1384 0032 49       		.uleb128 0x49
 1385 0033 13       		.uleb128 0x13
 1386 0034 00       		.byte	0
 1387 0035 00       		.byte	0
 1388 0036 05       		.uleb128 0x5
 1389 0037 35       		.uleb128 0x35
 1390 0038 00       		.byte	0
 1391 0039 49       		.uleb128 0x49
 1392 003a 13       		.uleb128 0x13
 1393 003b 00       		.byte	0
 1394 003c 00       		.byte	0
 1395 003d 06       		.uleb128 0x6
 1396 003e 13       		.uleb128 0x13
 1397 003f 01       		.byte	0x1
 1398 0040 03       		.uleb128 0x3
 1399 0041 0E       		.uleb128 0xe
 1400 0042 0B       		.uleb128 0xb
 1401 0043 0B       		.uleb128 0xb
 1402 0044 3A       		.uleb128 0x3a
 1403 0045 0B       		.uleb128 0xb
 1404 0046 3B       		.uleb128 0x3b
 1405 0047 0B       		.uleb128 0xb
 1406 0048 01       		.uleb128 0x1
 1407 0049 13       		.uleb128 0x13
 1408 004a 00       		.byte	0
 1409 004b 00       		.byte	0
 1410 004c 07       		.uleb128 0x7
 1411 004d 0D       		.uleb128 0xd
 1412 004e 00       		.byte	0
 1413 004f 03       		.uleb128 0x3
 1414 0050 0E       		.uleb128 0xe
 1415 0051 3A       		.uleb128 0x3a
 1416 0052 0B       		.uleb128 0xb
 1417 0053 3B       		.uleb128 0x3b
 1418 0054 0B       		.uleb128 0xb
 1419 0055 49       		.uleb128 0x49
 1420 0056 13       		.uleb128 0x13
 1421 0057 38       		.uleb128 0x38
 1422 0058 0B       		.uleb128 0xb
 1423 0059 00       		.byte	0
 1424 005a 00       		.byte	0
 1425 005b 08       		.uleb128 0x8
ARM GAS  /tmp/ccfkLZuR.s 			page 26


 1426 005c 0D       		.uleb128 0xd
 1427 005d 00       		.byte	0
 1428 005e 03       		.uleb128 0x3
 1429 005f 08       		.uleb128 0x8
 1430 0060 3A       		.uleb128 0x3a
 1431 0061 0B       		.uleb128 0xb
 1432 0062 3B       		.uleb128 0x3b
 1433 0063 05       		.uleb128 0x5
 1434 0064 49       		.uleb128 0x49
 1435 0065 13       		.uleb128 0x13
 1436 0066 38       		.uleb128 0x38
 1437 0067 0B       		.uleb128 0xb
 1438 0068 00       		.byte	0
 1439 0069 00       		.byte	0
 1440 006a 09       		.uleb128 0x9
 1441 006b 0D       		.uleb128 0xd
 1442 006c 00       		.byte	0
 1443 006d 03       		.uleb128 0x3
 1444 006e 0E       		.uleb128 0xe
 1445 006f 3A       		.uleb128 0x3a
 1446 0070 0B       		.uleb128 0xb
 1447 0071 3B       		.uleb128 0x3b
 1448 0072 05       		.uleb128 0x5
 1449 0073 49       		.uleb128 0x49
 1450 0074 13       		.uleb128 0x13
 1451 0075 38       		.uleb128 0x38
 1452 0076 0B       		.uleb128 0xb
 1453 0077 00       		.byte	0
 1454 0078 00       		.byte	0
 1455 0079 0A       		.uleb128 0xa
 1456 007a 0F       		.uleb128 0xf
 1457 007b 00       		.byte	0
 1458 007c 0B       		.uleb128 0xb
 1459 007d 0B       		.uleb128 0xb
 1460 007e 49       		.uleb128 0x49
 1461 007f 13       		.uleb128 0x13
 1462 0080 00       		.byte	0
 1463 0081 00       		.byte	0
 1464 0082 0B       		.uleb128 0xb
 1465 0083 13       		.uleb128 0x13
 1466 0084 01       		.byte	0x1
 1467 0085 03       		.uleb128 0x3
 1468 0086 0E       		.uleb128 0xe
 1469 0087 0B       		.uleb128 0xb
 1470 0088 0B       		.uleb128 0xb
 1471 0089 3A       		.uleb128 0x3a
 1472 008a 0B       		.uleb128 0xb
 1473 008b 3B       		.uleb128 0x3b
 1474 008c 05       		.uleb128 0x5
 1475 008d 01       		.uleb128 0x1
 1476 008e 13       		.uleb128 0x13
 1477 008f 00       		.byte	0
 1478 0090 00       		.byte	0
 1479 0091 0C       		.uleb128 0xc
 1480 0092 15       		.uleb128 0x15
 1481 0093 01       		.byte	0x1
 1482 0094 27       		.uleb128 0x27
ARM GAS  /tmp/ccfkLZuR.s 			page 27


 1483 0095 19       		.uleb128 0x19
 1484 0096 01       		.uleb128 0x1
 1485 0097 13       		.uleb128 0x13
 1486 0098 00       		.byte	0
 1487 0099 00       		.byte	0
 1488 009a 0D       		.uleb128 0xd
 1489 009b 05       		.uleb128 0x5
 1490 009c 00       		.byte	0
 1491 009d 49       		.uleb128 0x49
 1492 009e 13       		.uleb128 0x13
 1493 009f 00       		.byte	0
 1494 00a0 00       		.byte	0
 1495 00a1 0E       		.uleb128 0xe
 1496 00a2 0F       		.uleb128 0xf
 1497 00a3 00       		.byte	0
 1498 00a4 0B       		.uleb128 0xb
 1499 00a5 0B       		.uleb128 0xb
 1500 00a6 00       		.byte	0
 1501 00a7 00       		.byte	0
 1502 00a8 0F       		.uleb128 0xf
 1503 00a9 13       		.uleb128 0x13
 1504 00aa 01       		.byte	0x1
 1505 00ab 03       		.uleb128 0x3
 1506 00ac 0E       		.uleb128 0xe
 1507 00ad 0B       		.uleb128 0xb
 1508 00ae 05       		.uleb128 0x5
 1509 00af 3A       		.uleb128 0x3a
 1510 00b0 0B       		.uleb128 0xb
 1511 00b1 3B       		.uleb128 0x3b
 1512 00b2 05       		.uleb128 0x5
 1513 00b3 01       		.uleb128 0x1
 1514 00b4 13       		.uleb128 0x13
 1515 00b5 00       		.byte	0
 1516 00b6 00       		.byte	0
 1517 00b7 10       		.uleb128 0x10
 1518 00b8 34       		.uleb128 0x34
 1519 00b9 00       		.byte	0
 1520 00ba 03       		.uleb128 0x3
 1521 00bb 0E       		.uleb128 0xe
 1522 00bc 3A       		.uleb128 0x3a
 1523 00bd 0B       		.uleb128 0xb
 1524 00be 3B       		.uleb128 0x3b
 1525 00bf 05       		.uleb128 0x5
 1526 00c0 49       		.uleb128 0x49
 1527 00c1 13       		.uleb128 0x13
 1528 00c2 3F       		.uleb128 0x3f
 1529 00c3 19       		.uleb128 0x19
 1530 00c4 3C       		.uleb128 0x3c
 1531 00c5 19       		.uleb128 0x19
 1532 00c6 00       		.byte	0
 1533 00c7 00       		.byte	0
 1534 00c8 11       		.uleb128 0x11
 1535 00c9 34       		.uleb128 0x34
 1536 00ca 00       		.byte	0
 1537 00cb 03       		.uleb128 0x3
 1538 00cc 0E       		.uleb128 0xe
 1539 00cd 3A       		.uleb128 0x3a
ARM GAS  /tmp/ccfkLZuR.s 			page 28


 1540 00ce 0B       		.uleb128 0xb
 1541 00cf 3B       		.uleb128 0x3b
 1542 00d0 0B       		.uleb128 0xb
 1543 00d1 49       		.uleb128 0x49
 1544 00d2 13       		.uleb128 0x13
 1545 00d3 3F       		.uleb128 0x3f
 1546 00d4 19       		.uleb128 0x19
 1547 00d5 3C       		.uleb128 0x3c
 1548 00d6 19       		.uleb128 0x19
 1549 00d7 00       		.byte	0
 1550 00d8 00       		.byte	0
 1551 00d9 12       		.uleb128 0x12
 1552 00da 0D       		.uleb128 0xd
 1553 00db 00       		.byte	0
 1554 00dc 03       		.uleb128 0x3
 1555 00dd 08       		.uleb128 0x8
 1556 00de 3A       		.uleb128 0x3a
 1557 00df 0B       		.uleb128 0xb
 1558 00e0 3B       		.uleb128 0x3b
 1559 00e1 0B       		.uleb128 0xb
 1560 00e2 49       		.uleb128 0x49
 1561 00e3 13       		.uleb128 0x13
 1562 00e4 38       		.uleb128 0x38
 1563 00e5 0B       		.uleb128 0xb
 1564 00e6 00       		.byte	0
 1565 00e7 00       		.byte	0
 1566 00e8 13       		.uleb128 0x13
 1567 00e9 13       		.uleb128 0x13
 1568 00ea 01       		.byte	0x1
 1569 00eb 0B       		.uleb128 0xb
 1570 00ec 0B       		.uleb128 0xb
 1571 00ed 3A       		.uleb128 0x3a
 1572 00ee 0B       		.uleb128 0xb
 1573 00ef 3B       		.uleb128 0x3b
 1574 00f0 0B       		.uleb128 0xb
 1575 00f1 01       		.uleb128 0x1
 1576 00f2 13       		.uleb128 0x13
 1577 00f3 00       		.byte	0
 1578 00f4 00       		.byte	0
 1579 00f5 14       		.uleb128 0x14
 1580 00f6 17       		.uleb128 0x17
 1581 00f7 01       		.byte	0x1
 1582 00f8 0B       		.uleb128 0xb
 1583 00f9 0B       		.uleb128 0xb
 1584 00fa 3A       		.uleb128 0x3a
 1585 00fb 0B       		.uleb128 0xb
 1586 00fc 3B       		.uleb128 0x3b
 1587 00fd 0B       		.uleb128 0xb
 1588 00fe 01       		.uleb128 0x1
 1589 00ff 13       		.uleb128 0x13
 1590 0100 00       		.byte	0
 1591 0101 00       		.byte	0
 1592 0102 15       		.uleb128 0x15
 1593 0103 0D       		.uleb128 0xd
 1594 0104 00       		.byte	0
 1595 0105 03       		.uleb128 0x3
 1596 0106 0E       		.uleb128 0xe
ARM GAS  /tmp/ccfkLZuR.s 			page 29


 1597 0107 3A       		.uleb128 0x3a
 1598 0108 0B       		.uleb128 0xb
 1599 0109 3B       		.uleb128 0x3b
 1600 010a 05       		.uleb128 0x5
 1601 010b 49       		.uleb128 0x49
 1602 010c 13       		.uleb128 0x13
 1603 010d 00       		.byte	0
 1604 010e 00       		.byte	0
 1605 010f 16       		.uleb128 0x16
 1606 0110 26       		.uleb128 0x26
 1607 0111 00       		.byte	0
 1608 0112 49       		.uleb128 0x49
 1609 0113 13       		.uleb128 0x13
 1610 0114 00       		.byte	0
 1611 0115 00       		.byte	0
 1612 0116 17       		.uleb128 0x17
 1613 0117 01       		.uleb128 0x1
 1614 0118 01       		.byte	0x1
 1615 0119 49       		.uleb128 0x49
 1616 011a 13       		.uleb128 0x13
 1617 011b 01       		.uleb128 0x1
 1618 011c 13       		.uleb128 0x13
 1619 011d 00       		.byte	0
 1620 011e 00       		.byte	0
 1621 011f 18       		.uleb128 0x18
 1622 0120 21       		.uleb128 0x21
 1623 0121 00       		.byte	0
 1624 0122 49       		.uleb128 0x49
 1625 0123 13       		.uleb128 0x13
 1626 0124 2F       		.uleb128 0x2f
 1627 0125 0B       		.uleb128 0xb
 1628 0126 00       		.byte	0
 1629 0127 00       		.byte	0
 1630 0128 19       		.uleb128 0x19
 1631 0129 34       		.uleb128 0x34
 1632 012a 00       		.byte	0
 1633 012b 03       		.uleb128 0x3
 1634 012c 08       		.uleb128 0x8
 1635 012d 3A       		.uleb128 0x3a
 1636 012e 0B       		.uleb128 0xb
 1637 012f 3B       		.uleb128 0x3b
 1638 0130 05       		.uleb128 0x5
 1639 0131 49       		.uleb128 0x49
 1640 0132 13       		.uleb128 0x13
 1641 0133 3F       		.uleb128 0x3f
 1642 0134 19       		.uleb128 0x19
 1643 0135 3C       		.uleb128 0x3c
 1644 0136 19       		.uleb128 0x19
 1645 0137 00       		.byte	0
 1646 0138 00       		.byte	0
 1647 0139 1A       		.uleb128 0x1a
 1648 013a 2E       		.uleb128 0x2e
 1649 013b 01       		.byte	0x1
 1650 013c 3F       		.uleb128 0x3f
 1651 013d 19       		.uleb128 0x19
 1652 013e 03       		.uleb128 0x3
 1653 013f 0E       		.uleb128 0xe
ARM GAS  /tmp/ccfkLZuR.s 			page 30


 1654 0140 3A       		.uleb128 0x3a
 1655 0141 0B       		.uleb128 0xb
 1656 0142 3B       		.uleb128 0x3b
 1657 0143 0B       		.uleb128 0xb
 1658 0144 27       		.uleb128 0x27
 1659 0145 19       		.uleb128 0x19
 1660 0146 11       		.uleb128 0x11
 1661 0147 01       		.uleb128 0x1
 1662 0148 12       		.uleb128 0x12
 1663 0149 06       		.uleb128 0x6
 1664 014a 40       		.uleb128 0x40
 1665 014b 18       		.uleb128 0x18
 1666 014c 9742     		.uleb128 0x2117
 1667 014e 19       		.uleb128 0x19
 1668 014f 01       		.uleb128 0x1
 1669 0150 13       		.uleb128 0x13
 1670 0151 00       		.byte	0
 1671 0152 00       		.byte	0
 1672 0153 1B       		.uleb128 0x1b
 1673 0154 05       		.uleb128 0x5
 1674 0155 00       		.byte	0
 1675 0156 03       		.uleb128 0x3
 1676 0157 08       		.uleb128 0x8
 1677 0158 3A       		.uleb128 0x3a
 1678 0159 0B       		.uleb128 0xb
 1679 015a 3B       		.uleb128 0x3b
 1680 015b 0B       		.uleb128 0xb
 1681 015c 49       		.uleb128 0x49
 1682 015d 13       		.uleb128 0x13
 1683 015e 02       		.uleb128 0x2
 1684 015f 18       		.uleb128 0x18
 1685 0160 00       		.byte	0
 1686 0161 00       		.byte	0
 1687 0162 1C       		.uleb128 0x1c
 1688 0163 34       		.uleb128 0x34
 1689 0164 00       		.byte	0
 1690 0165 03       		.uleb128 0x3
 1691 0166 0E       		.uleb128 0xe
 1692 0167 49       		.uleb128 0x49
 1693 0168 13       		.uleb128 0x13
 1694 0169 34       		.uleb128 0x34
 1695 016a 19       		.uleb128 0x19
 1696 016b 00       		.byte	0
 1697 016c 00       		.byte	0
 1698 016d 1D       		.uleb128 0x1d
 1699 016e 05       		.uleb128 0x5
 1700 016f 00       		.byte	0
 1701 0170 03       		.uleb128 0x3
 1702 0171 0E       		.uleb128 0xe
 1703 0172 3A       		.uleb128 0x3a
 1704 0173 0B       		.uleb128 0xb
 1705 0174 3B       		.uleb128 0x3b
 1706 0175 0B       		.uleb128 0xb
 1707 0176 49       		.uleb128 0x49
 1708 0177 13       		.uleb128 0x13
 1709 0178 02       		.uleb128 0x2
 1710 0179 17       		.uleb128 0x17
ARM GAS  /tmp/ccfkLZuR.s 			page 31


 1711 017a 00       		.byte	0
 1712 017b 00       		.byte	0
 1713 017c 1E       		.uleb128 0x1e
 1714 017d 05       		.uleb128 0x5
 1715 017e 00       		.byte	0
 1716 017f 03       		.uleb128 0x3
 1717 0180 08       		.uleb128 0x8
 1718 0181 3A       		.uleb128 0x3a
 1719 0182 0B       		.uleb128 0xb
 1720 0183 3B       		.uleb128 0x3b
 1721 0184 0B       		.uleb128 0xb
 1722 0185 49       		.uleb128 0x49
 1723 0186 13       		.uleb128 0x13
 1724 0187 02       		.uleb128 0x2
 1725 0188 17       		.uleb128 0x17
 1726 0189 00       		.byte	0
 1727 018a 00       		.byte	0
 1728 018b 1F       		.uleb128 0x1f
 1729 018c 34       		.uleb128 0x34
 1730 018d 00       		.byte	0
 1731 018e 03       		.uleb128 0x3
 1732 018f 08       		.uleb128 0x8
 1733 0190 3A       		.uleb128 0x3a
 1734 0191 0B       		.uleb128 0xb
 1735 0192 3B       		.uleb128 0x3b
 1736 0193 0B       		.uleb128 0xb
 1737 0194 49       		.uleb128 0x49
 1738 0195 13       		.uleb128 0x13
 1739 0196 02       		.uleb128 0x2
 1740 0197 17       		.uleb128 0x17
 1741 0198 00       		.byte	0
 1742 0199 00       		.byte	0
 1743 019a 20       		.uleb128 0x20
 1744 019b 34       		.uleb128 0x34
 1745 019c 00       		.byte	0
 1746 019d 03       		.uleb128 0x3
 1747 019e 0E       		.uleb128 0xe
 1748 019f 3A       		.uleb128 0x3a
 1749 01a0 0B       		.uleb128 0xb
 1750 01a1 3B       		.uleb128 0x3b
 1751 01a2 0B       		.uleb128 0xb
 1752 01a3 49       		.uleb128 0x49
 1753 01a4 13       		.uleb128 0x13
 1754 01a5 02       		.uleb128 0x2
 1755 01a6 17       		.uleb128 0x17
 1756 01a7 00       		.byte	0
 1757 01a8 00       		.byte	0
 1758 01a9 21       		.uleb128 0x21
 1759 01aa 2E       		.uleb128 0x2e
 1760 01ab 00       		.byte	0
 1761 01ac 3F       		.uleb128 0x3f
 1762 01ad 19       		.uleb128 0x19
 1763 01ae 03       		.uleb128 0x3
 1764 01af 0E       		.uleb128 0xe
 1765 01b0 3A       		.uleb128 0x3a
 1766 01b1 0B       		.uleb128 0xb
 1767 01b2 3B       		.uleb128 0x3b
ARM GAS  /tmp/ccfkLZuR.s 			page 32


 1768 01b3 0B       		.uleb128 0xb
 1769 01b4 27       		.uleb128 0x27
 1770 01b5 19       		.uleb128 0x19
 1771 01b6 11       		.uleb128 0x11
 1772 01b7 01       		.uleb128 0x1
 1773 01b8 12       		.uleb128 0x12
 1774 01b9 06       		.uleb128 0x6
 1775 01ba 40       		.uleb128 0x40
 1776 01bb 18       		.uleb128 0x18
 1777 01bc 9742     		.uleb128 0x2117
 1778 01be 19       		.uleb128 0x19
 1779 01bf 00       		.byte	0
 1780 01c0 00       		.byte	0
 1781 01c1 00       		.byte	0
 1782              		.section	.debug_loc,"",%progbits
 1783              	.Ldebug_loc0:
 1784              	.LLST0:
 1785 0000 00000000 		.4byte	.LVL0
 1786 0004 10000000 		.4byte	.LVL3
 1787 0008 0100     		.2byte	0x1
 1788 000a 51       		.byte	0x51
 1789 000b 10000000 		.4byte	.LVL3
 1790 000f 3C000000 		.4byte	.LFE220
 1791 0013 0400     		.2byte	0x4
 1792 0015 F3       		.byte	0xf3
 1793 0016 01       		.uleb128 0x1
 1794 0017 51       		.byte	0x51
 1795 0018 9F       		.byte	0x9f
 1796 0019 00000000 		.4byte	0
 1797 001d 00000000 		.4byte	0
 1798              	.LLST1:
 1799 0021 00000000 		.4byte	.LVL0
 1800 0025 2C000000 		.4byte	.LVL6
 1801 0029 0100     		.2byte	0x1
 1802 002b 52       		.byte	0x52
 1803 002c 2C000000 		.4byte	.LVL6
 1804 0030 3C000000 		.4byte	.LFE220
 1805 0034 0200     		.2byte	0x2
 1806 0036 70       		.byte	0x70
 1807 0037 0C       		.sleb128 12
 1808 0038 00000000 		.4byte	0
 1809 003c 00000000 		.4byte	0
 1810              	.LLST2:
 1811 0040 00000000 		.4byte	.LVL0
 1812 0044 0A000000 		.4byte	.LVL1
 1813 0048 0100     		.2byte	0x1
 1814 004a 53       		.byte	0x53
 1815 004b 0A000000 		.4byte	.LVL1
 1816 004f 3C000000 		.4byte	.LFE220
 1817 0053 0200     		.2byte	0x2
 1818 0055 70       		.byte	0x70
 1819 0056 10       		.sleb128 16
 1820 0057 00000000 		.4byte	0
 1821 005b 00000000 		.4byte	0
 1822              	.LLST3:
 1823 005f 0C000000 		.4byte	.LVL2
 1824 0063 12000000 		.4byte	.LVL4
ARM GAS  /tmp/ccfkLZuR.s 			page 33


 1825 0067 0100     		.2byte	0x1
 1826 0069 54       		.byte	0x54
 1827 006a 14000000 		.4byte	.LVL5
 1828 006e 34000000 		.4byte	.LVL9
 1829 0072 0100     		.2byte	0x1
 1830 0074 54       		.byte	0x54
 1831 0075 00000000 		.4byte	0
 1832 0079 00000000 		.4byte	0
 1833              	.LLST4:
 1834 007d 0C000000 		.4byte	.LVL2
 1835 0081 2E000000 		.4byte	.LVL7
 1836 0085 0100     		.2byte	0x1
 1837 0087 51       		.byte	0x51
 1838 0088 2E000000 		.4byte	.LVL7
 1839 008c 30000000 		.4byte	.LVL8
 1840 0090 0500     		.2byte	0x5
 1841 0092 74       		.byte	0x74
 1842 0093 04       		.sleb128 4
 1843 0094 06       		.byte	0x6
 1844 0095 23       		.byte	0x23
 1845 0096 08       		.uleb128 0x8
 1846 0097 00000000 		.4byte	0
 1847 009b 00000000 		.4byte	0
 1848              		.section	.debug_aranges,"",%progbits
 1849 0000 2C000000 		.4byte	0x2c
 1850 0004 0200     		.2byte	0x2
 1851 0006 00000000 		.4byte	.Ldebug_info0
 1852 000a 04       		.byte	0x4
 1853 000b 00       		.byte	0
 1854 000c 0000     		.2byte	0
 1855 000e 0000     		.2byte	0
 1856 0010 00000000 		.4byte	.LFB219
 1857 0014 1C000000 		.4byte	.LFE219-.LFB219
 1858 0018 00000000 		.4byte	.LFB220
 1859 001c 3C000000 		.4byte	.LFE220-.LFB220
 1860 0020 00000000 		.4byte	.LFB221
 1861 0024 28000000 		.4byte	.LFE221-.LFB221
 1862 0028 00000000 		.4byte	0
 1863 002c 00000000 		.4byte	0
 1864              		.section	.debug_ranges,"",%progbits
 1865              	.Ldebug_ranges0:
 1866 0000 00000000 		.4byte	.LFB219
 1867 0004 1C000000 		.4byte	.LFE219
 1868 0008 00000000 		.4byte	.LFB220
 1869 000c 3C000000 		.4byte	.LFE220
 1870 0010 00000000 		.4byte	.LFB221
 1871 0014 28000000 		.4byte	.LFE221
 1872 0018 00000000 		.4byte	0
 1873 001c 00000000 		.4byte	0
 1874              		.section	.debug_line,"",%progbits
 1875              	.Ldebug_line0:
 1876 0000 51020000 		.section	.debug_str,"MS",%progbits,1
 1876      0200DE01 
 1876      00000201 
 1876      FB0E0D00 
 1876      01010101 
 1877              	.LASF116:
ARM GAS  /tmp/ccfkLZuR.s 			page 34


 1878 0000 63665F6F 		.ascii	"cf_off_older\000"
 1878      66665F6F 
 1878      6C646572 
 1878      00
 1879              	.LASF55:
 1880 000d 72656164 		.ascii	"ready_list_t\000"
 1880      795F6C69 
 1880      73745F74 
 1880      00
 1881              	.LASF94:
 1882 001a 77747472 		.ascii	"wttrp\000"
 1882      7000
 1883              	.LASF131:
 1884 0020 64656C74 		.ascii	"delta\000"
 1884      6100
 1885              	.LASF91:
 1886 0026 7264796D 		.ascii	"rdymsg\000"
 1886      736700
 1887              	.LASF18:
 1888 002d 75696E74 		.ascii	"uint64_t\000"
 1888      36345F74 
 1888      00
 1889              	.LASF26:
 1890 0036 6576656E 		.ascii	"eventmask_t\000"
 1890      746D6173 
 1890      6B5F7400 
 1891              	.LASF4:
 1892 0042 5F5F7569 		.ascii	"__uint8_t\000"
 1892      6E74385F 
 1892      7400
 1893              	.LASF88:
 1894 004c 706F7274 		.ascii	"port_intctx\000"
 1894      5F696E74 
 1894      63747800 
 1895              	.LASF74:
 1896 0058 73797374 		.ascii	"system_debug_t\000"
 1896      656D5F64 
 1896      65627567 
 1896      5F7400
 1897              	.LASF133:
 1898 0067 474E5520 		.ascii	"GNU C99 7.3.1 20180622 (release) [ARM/embedded-7-br"
 1898      43393920 
 1898      372E332E 
 1898      31203230 
 1898      31383036 
 1899 009a 616E6368 		.ascii	"anch revision 261907] -mcpu=cortex-m4 -mfloat-abi=h"
 1899      20726576 
 1899      6973696F 
 1899      6E203236 
 1899      31393037 
 1900 00cd 61726420 		.ascii	"ard -mfpu=fpv4-sp-d16 -mno-thumb-interwork -mthumb "
 1900      2D6D6670 
 1900      753D6670 
 1900      76342D73 
 1900      702D6431 
 1901 0100 2D676764 		.ascii	"-ggdb -O2 -std=gnu99 -fomit-frame-pointer -falign-f"
 1901      62202D4F 
ARM GAS  /tmp/ccfkLZuR.s 			page 35


 1901      32202D73 
 1901      74643D67 
 1901      6E753939 
 1902 0133 756E6374 		.ascii	"unctions=16 -ffunction-sections -fdata-sections -fn"
 1902      696F6E73 
 1902      3D313620 
 1902      2D666675 
 1902      6E637469 
 1903 0166 6F2D636F 		.ascii	"o-common -fsingle-precision-constant\000"
 1903      6D6D6F6E 
 1903      202D6673 
 1903      696E676C 
 1903      652D7072 
 1904              	.LASF13:
 1905 018b 6C6F6E67 		.ascii	"long long unsigned int\000"
 1905      206C6F6E 
 1905      6720756E 
 1905      7369676E 
 1905      65642069 
 1906              	.LASF112:
 1907 01a2 63685F74 		.ascii	"ch_threadsize\000"
 1907      68726561 
 1907      6473697A 
 1907      6500
 1908              	.LASF127:
 1909 01b0 63685654 		.ascii	"chVTDoResetI\000"
 1909      446F5265 
 1909      73657449 
 1909      00
 1910              	.LASF92:
 1911 01bd 65786974 		.ascii	"exitcode\000"
 1911      636F6465 
 1911      00
 1912              	.LASF81:
 1913 01c6 6D61696E 		.ascii	"mainthread\000"
 1913      74687265 
 1913      616400
 1914              	.LASF71:
 1915 01d1 76697274 		.ascii	"virtual_timers_list_t\000"
 1915      75616C5F 
 1915      74696D65 
 1915      72735F6C 
 1915      6973745F 
 1916              	.LASF83:
 1917 01e7 49544D5F 		.ascii	"ITM_RxBuffer\000"
 1917      52784275 
 1917      66666572 
 1917      00
 1918              	.LASF54:
 1919 01f4 63685F74 		.ascii	"ch_threads_queue\000"
 1919      68726561 
 1919      64735F71 
 1919      75657565 
 1919      00
 1920              	.LASF32:
 1921 0205 705F7072 		.ascii	"p_prio\000"
 1921      696F00
ARM GAS  /tmp/ccfkLZuR.s 			page 36


 1922              	.LASF119:
 1923 020c 63665F6F 		.ascii	"cf_off_state\000"
 1923      66665F73 
 1923      74617465 
 1923      00
 1924              	.LASF136:
 1925 0219 5F76745F 		.ascii	"_vt_init\000"
 1925      696E6974 
 1925      00
 1926              	.LASF11:
 1927 0222 6C6F6E67 		.ascii	"long long int\000"
 1927      206C6F6E 
 1927      6720696E 
 1927      7400
 1928              	.LASF1:
 1929 0230 7369676E 		.ascii	"signed char\000"
 1929      65642063 
 1929      68617200 
 1930              	.LASF118:
 1931 023c 63665F6F 		.ascii	"cf_off_stklimit\000"
 1931      66665F73 
 1931      746B6C69 
 1931      6D697400 
 1932              	.LASF120:
 1933 024c 63665F6F 		.ascii	"cf_off_flags\000"
 1933      66665F66 
 1933      6C616773 
 1933      00
 1934              	.LASF48:
 1935 0259 705F6D70 		.ascii	"p_mpool\000"
 1935      6F6F6C00 
 1936              	.LASF102:
 1937 0261 6D5F7175 		.ascii	"m_queue\000"
 1937      65756500 
 1938              	.LASF80:
 1939 0269 76746C69 		.ascii	"vtlist\000"
 1939      737400
 1940              	.LASF23:
 1941 0270 74736C69 		.ascii	"tslices_t\000"
 1941      6365735F 
 1941      7400
 1942              	.LASF78:
 1943 027a 63685F73 		.ascii	"ch_system\000"
 1943      79737465 
 1943      6D00
 1944              	.LASF8:
 1945 0284 6C6F6E67 		.ascii	"long int\000"
 1945      20696E74 
 1945      00
 1946              	.LASF21:
 1947 028d 74737461 		.ascii	"tstate_t\000"
 1947      74655F74 
 1947      00
 1948              	.LASF34:
 1949 0296 705F6E65 		.ascii	"p_newer\000"
 1949      77657200 
 1950              	.LASF99:
ARM GAS  /tmp/ccfkLZuR.s 			page 37


 1951 029e 735F7175 		.ascii	"s_queue\000"
 1951      65756500 
 1952              	.LASF60:
 1953 02a6 725F6E65 		.ascii	"r_newer\000"
 1953      77657200 
 1954              	.LASF85:
 1955 02ae 72656761 		.ascii	"regarm_t\000"
 1955      726D5F74 
 1955      00
 1956              	.LASF67:
 1957 02b7 76745F70 		.ascii	"vt_prev\000"
 1957      72657600 
 1958              	.LASF126:
 1959 02bf 6D757465 		.ascii	"mutex_t\000"
 1959      785F7400 
 1960              	.LASF82:
 1961 02c7 69646C65 		.ascii	"idle_thread_wa\000"
 1961      5F746872 
 1961      6561645F 
 1961      776100
 1962              	.LASF27:
 1963 02d6 636E745F 		.ascii	"cnt_t\000"
 1963      7400
 1964              	.LASF0:
 1965 02dc 756E7369 		.ascii	"unsigned int\000"
 1965      676E6564 
 1965      20696E74 
 1965      00
 1966              	.LASF66:
 1967 02e9 76745F6E 		.ascii	"vt_next\000"
 1967      65787400 
 1968              	.LASF15:
 1969 02f1 75696E74 		.ascii	"uint16_t\000"
 1969      31365F74 
 1969      00
 1970              	.LASF84:
 1971 02fa 53797374 		.ascii	"SystemCoreClock\000"
 1971      656D436F 
 1971      7265436C 
 1971      6F636B00 
 1972              	.LASF41:
 1973 030a 705F7469 		.ascii	"p_time\000"
 1973      6D6500
 1974              	.LASF95:
 1975 0311 77747365 		.ascii	"wtsemp\000"
 1975      6D7000
 1976              	.LASF68:
 1977 0318 76745F64 		.ascii	"vt_delta\000"
 1977      656C7461 
 1977      00
 1978              	.LASF43:
 1979 0321 705F6D73 		.ascii	"p_msgqueue\000"
 1979      67717565 
 1979      756500
 1980              	.LASF125:
 1981 032c 63685F64 		.ascii	"ch_debug\000"
 1981      65627567 
ARM GAS  /tmp/ccfkLZuR.s 			page 38


 1981      00
 1982              	.LASF100:
 1983 0335 735F636E 		.ascii	"s_cnt\000"
 1983      7400
 1984              	.LASF6:
 1985 033b 73686F72 		.ascii	"short unsigned int\000"
 1985      7420756E 
 1985      7369676E 
 1985      65642069 
 1985      6E7400
 1986              	.LASF51:
 1987 034e 63685F74 		.ascii	"ch_thread\000"
 1987      68726561 
 1987      6400
 1988              	.LASF25:
 1989 0358 6D73675F 		.ascii	"msg_t\000"
 1989      7400
 1990              	.LASF77:
 1991 035e 63685F73 		.ascii	"ch_system_t\000"
 1991      79737465 
 1991      6D5F7400 
 1992              	.LASF123:
 1993 036a 63665F6F 		.ascii	"cf_off_time\000"
 1993      66665F74 
 1993      696D6500 
 1994              	.LASF56:
 1995 0376 63685F72 		.ascii	"ch_ready_list\000"
 1995      65616479 
 1995      5F6C6973 
 1995      7400
 1996              	.LASF128:
 1997 0384 63685654 		.ascii	"chVTDoSetI\000"
 1997      446F5365 
 1997      744900
 1998              	.LASF7:
 1999 038f 5F5F696E 		.ascii	"__int32_t\000"
 1999      7433325F 
 1999      7400
 2000              	.LASF86:
 2001 0399 73746B61 		.ascii	"stkalign_t\000"
 2001      6C69676E 
 2001      5F7400
 2002              	.LASF50:
 2003 03a4 74687265 		.ascii	"threads_list_t\000"
 2003      6164735F 
 2003      6C697374 
 2003      5F7400
 2004              	.LASF107:
 2005 03b3 63685F7A 		.ascii	"ch_zero\000"
 2005      65726F00 
 2006              	.LASF121:
 2007 03bb 63665F6F 		.ascii	"cf_off_refs\000"
 2007      66665F72 
 2007      65667300 
 2008              	.LASF42:
 2009 03c7 705F7761 		.ascii	"p_waiting\000"
 2009      6974696E 
ARM GAS  /tmp/ccfkLZuR.s 			page 39


 2009      6700
 2010              	.LASF19:
 2011 03d1 7274636E 		.ascii	"rtcnt_t\000"
 2011      745F7400 
 2012              	.LASF72:
 2013 03d9 63685F76 		.ascii	"ch_virtual_timers_list\000"
 2013      69727475 
 2013      616C5F74 
 2013      696D6572 
 2013      735F6C69 
 2014              	.LASF111:
 2015 03f0 63685F74 		.ascii	"ch_timesize\000"
 2015      696D6573 
 2015      697A6500 
 2016              	.LASF117:
 2017 03fc 63665F6F 		.ascii	"cf_off_name\000"
 2017      66665F6E 
 2017      616D6500 
 2018              	.LASF35:
 2019 0408 705F6F6C 		.ascii	"p_older\000"
 2019      64657200 
 2020              	.LASF59:
 2021 0410 725F6374 		.ascii	"r_ctx\000"
 2021      7800
 2022              	.LASF33:
 2023 0416 705F6374 		.ascii	"p_ctx\000"
 2023      7800
 2024              	.LASF90:
 2025 041c 746D5F63 		.ascii	"tm_calibration_t\000"
 2025      616C6962 
 2025      72617469 
 2025      6F6E5F74 
 2025      00
 2026              	.LASF62:
 2027 042d 725F6375 		.ascii	"r_current\000"
 2027      7272656E 
 2027      7400
 2028              	.LASF61:
 2029 0437 725F6F6C 		.ascii	"r_older\000"
 2029      64657200 
 2030              	.LASF12:
 2031 043f 5F5F7569 		.ascii	"__uint64_t\000"
 2031      6E743634 
 2031      5F7400
 2032              	.LASF22:
 2033 044a 74726566 		.ascii	"trefs_t\000"
 2033      735F7400 
 2034              	.LASF110:
 2035 0452 63685F70 		.ascii	"ch_ptrsize\000"
 2035      74727369 
 2035      7A6500
 2036              	.LASF64:
 2037 045d 76697274 		.ascii	"virtual_timer_t\000"
 2037      75616C5F 
 2037      74696D65 
 2037      725F7400 
 2038              	.LASF31:
ARM GAS  /tmp/ccfkLZuR.s 			page 40


 2039 046d 705F7072 		.ascii	"p_prev\000"
 2039      657600
 2040              	.LASF24:
 2041 0474 74707269 		.ascii	"tprio_t\000"
 2041      6F5F7400 
 2042              	.LASF75:
 2043 047c 63685F73 		.ascii	"ch_system_debug\000"
 2043      79737465 
 2043      6D5F6465 
 2043      62756700 
 2044              	.LASF16:
 2045 048c 696E7433 		.ascii	"int32_t\000"
 2045      325F7400 
 2046              	.LASF2:
 2047 0494 756E7369 		.ascii	"unsigned char\000"
 2047      676E6564 
 2047      20636861 
 2047      7200
 2048              	.LASF129:
 2049 04a2 64656C61 		.ascii	"delay\000"
 2049      7900
 2050              	.LASF46:
 2051 04a8 705F6D74 		.ascii	"p_mtxlist\000"
 2051      786C6973 
 2051      7400
 2052              	.LASF3:
 2053 04b2 73686F72 		.ascii	"short int\000"
 2053      7420696E 
 2053      7400
 2054              	.LASF37:
 2055 04bc 705F7374 		.ascii	"p_state\000"
 2055      61746500 
 2056              	.LASF40:
 2057 04c4 705F7072 		.ascii	"p_preempt\000"
 2057      65656D70 
 2057      7400
 2058              	.LASF58:
 2059 04ce 725F7072 		.ascii	"r_prio\000"
 2059      696F00
 2060              	.LASF97:
 2061 04d5 65776D61 		.ascii	"ewmask\000"
 2061      736B00
 2062              	.LASF30:
 2063 04dc 705F6E65 		.ascii	"p_next\000"
 2063      787400
 2064              	.LASF20:
 2065 04e3 746D6F64 		.ascii	"tmode_t\000"
 2065      655F7400 
 2066              	.LASF122:
 2067 04eb 63665F6F 		.ascii	"cf_off_preempt\000"
 2067      66665F70 
 2067      7265656D 
 2067      707400
 2068              	.LASF38:
 2069 04fa 705F666C 		.ascii	"p_flags\000"
 2069      61677300 
 2070              	.LASF132:
ARM GAS  /tmp/ccfkLZuR.s 			page 41


 2071 0502 5F5F6675 		.ascii	"__func__\000"
 2071      6E635F5F 
 2071      00
 2072              	.LASF53:
 2073 050b 74687265 		.ascii	"threads_queue_t\000"
 2073      6164735F 
 2073      71756575 
 2073      655F7400 
 2074              	.LASF65:
 2075 051b 63685F76 		.ascii	"ch_virtual_timer\000"
 2075      69727475 
 2075      616C5F74 
 2075      696D6572 
 2075      00
 2076              	.LASF135:
 2077 052c 2F686F6D 		.ascii	"/home/renan/BLDC/bldc-firmware\000"
 2077      652F7265 
 2077      6E616E2F 
 2077      424C4443 
 2077      2F626C64 
 2078              	.LASF98:
 2079 054b 63685F73 		.ascii	"ch_semaphore\000"
 2079      656D6170 
 2079      686F7265 
 2079      00
 2080              	.LASF45:
 2081 0558 705F6570 		.ascii	"p_epending\000"
 2081      656E6469 
 2081      6E6700
 2082              	.LASF17:
 2083 0563 75696E74 		.ascii	"uint32_t\000"
 2083      33325F74 
 2083      00
 2084              	.LASF113:
 2085 056c 63665F6F 		.ascii	"cf_off_prio\000"
 2085      66665F70 
 2085      72696F00 
 2086              	.LASF57:
 2087 0578 725F7175 		.ascii	"r_queue\000"
 2087      65756500 
 2088              	.LASF52:
 2089 0580 63685F74 		.ascii	"ch_threads_list\000"
 2089      68726561 
 2089      64735F6C 
 2089      69737400 
 2090              	.LASF108:
 2091 0590 63685F73 		.ascii	"ch_size\000"
 2091      697A6500 
 2092              	.LASF10:
 2093 0598 6C6F6E67 		.ascii	"long unsigned int\000"
 2093      20756E73 
 2093      69676E65 
 2093      6420696E 
 2093      7400
 2094              	.LASF105:
 2095 05aa 63686172 		.ascii	"char\000"
 2095      00
ARM GAS  /tmp/ccfkLZuR.s 			page 42


 2096              	.LASF96:
 2097 05af 77746D74 		.ascii	"wtmtxp\000"
 2097      787000
 2098              	.LASF5:
 2099 05b6 5F5F7569 		.ascii	"__uint16_t\000"
 2099      6E743136 
 2099      5F7400
 2100              	.LASF29:
 2101 05c1 74687265 		.ascii	"thread_t\000"
 2101      61645F74 
 2101      00
 2102              	.LASF104:
 2103 05ca 6D5F6E65 		.ascii	"m_next\000"
 2103      787400
 2104              	.LASF28:
 2105 05d1 73797374 		.ascii	"systime_t\000"
 2105      696D655F 
 2105      7400
 2106              	.LASF47:
 2107 05db 705F7265 		.ascii	"p_realprio\000"
 2107      616C7072 
 2107      696F00
 2108              	.LASF63:
 2109 05e6 76746675 		.ascii	"vtfunc_t\000"
 2109      6E635F74 
 2109      00
 2110              	.LASF9:
 2111 05ef 5F5F7569 		.ascii	"__uint32_t\000"
 2111      6E743332 
 2111      5F7400
 2112              	.LASF76:
 2113 05fa 70616E69 		.ascii	"panic_msg\000"
 2113      635F6D73 
 2113      6700
 2114              	.LASF89:
 2115 0604 6F666673 		.ascii	"offset\000"
 2115      657400
 2116              	.LASF87:
 2117 060b 636F6E74 		.ascii	"context\000"
 2117      65787400 
 2118              	.LASF44:
 2119 0613 705F6D73 		.ascii	"p_msg\000"
 2119      6700
 2120              	.LASF70:
 2121 0619 76745F70 		.ascii	"vt_par\000"
 2121      617200
 2122              	.LASF130:
 2123 0620 76746675 		.ascii	"vtfunc\000"
 2123      6E6300
 2124              	.LASF134:
 2125 0627 43686962 		.ascii	"ChibiOS_3.0.2/os/rt/src/chvt.c\000"
 2125      694F535F 
 2125      332E302E 
 2125      322F6F73 
 2125      2F72742F 
 2126              	.LASF114:
 2127 0646 63665F6F 		.ascii	"cf_off_ctx\000"
ARM GAS  /tmp/ccfkLZuR.s 			page 43


 2127      66665F63 
 2127      747800
 2128              	.LASF101:
 2129 0651 63685F6D 		.ascii	"ch_mutex\000"
 2129      75746578 
 2129      00
 2130              	.LASF39:
 2131 065a 705F7265 		.ascii	"p_refs\000"
 2131      667300
 2132              	.LASF79:
 2133 0661 726C6973 		.ascii	"rlist\000"
 2133      7400
 2134              	.LASF14:
 2135 0667 75696E74 		.ascii	"uint8_t\000"
 2135      385F7400 
 2136              	.LASF49:
 2137 066f 74687265 		.ascii	"thread_reference_t\000"
 2137      61645F72 
 2137      65666572 
 2137      656E6365 
 2137      5F7400
 2138              	.LASF93:
 2139 0682 77746F62 		.ascii	"wtobjp\000"
 2139      6A7000
 2140              	.LASF115:
 2141 0689 63665F6F 		.ascii	"cf_off_newer\000"
 2141      66665F6E 
 2141      65776572 
 2141      00
 2142              	.LASF36:
 2143 0696 705F6E61 		.ascii	"p_name\000"
 2143      6D6500
 2144              	.LASF73:
 2145 069d 76745F73 		.ascii	"vt_systime\000"
 2145      79737469 
 2145      6D6500
 2146              	.LASF109:
 2147 06a8 63685F76 		.ascii	"ch_version\000"
 2147      65727369 
 2147      6F6E00
 2148              	.LASF103:
 2149 06b3 6D5F6F77 		.ascii	"m_owner\000"
 2149      6E657200 
 2150              	.LASF124:
 2151 06bb 63686465 		.ascii	"chdebug_t\000"
 2151      6275675F 
 2151      7400
 2152              	.LASF106:
 2153 06c5 63685F69 		.ascii	"ch_identifier\000"
 2153      64656E74 
 2153      69666965 
 2153      7200
 2154              	.LASF69:
 2155 06d3 76745F66 		.ascii	"vt_func\000"
 2155      756E6300 
 2156              		.ident	"GCC: (GNU Tools for Arm Embedded Processors 7-2018-q3-update) 7.3.1 20180622 (release) [AR
ARM GAS  /tmp/ccfkLZuR.s 			page 44


DEFINED SYMBOLS
                            *ABS*:0000000000000000 chvt.c
     /tmp/ccfkLZuR.s:18     .text._vt_init:0000000000000000 $t
     /tmp/ccfkLZuR.s:26     .text._vt_init:0000000000000000 _vt_init
     /tmp/ccfkLZuR.s:53     .text._vt_init:0000000000000018 $d
     /tmp/ccfkLZuR.s:58     .text.chVTDoSetI:0000000000000000 $t
     /tmp/ccfkLZuR.s:66     .text.chVTDoSetI:0000000000000000 chVTDoSetI
     /tmp/ccfkLZuR.s:136    .text.chVTDoSetI:0000000000000038 $d
     /tmp/ccfkLZuR.s:141    .text.chVTDoResetI:0000000000000000 $t
     /tmp/ccfkLZuR.s:149    .text.chVTDoResetI:0000000000000000 chVTDoResetI
     /tmp/ccfkLZuR.s:198    .text.chVTDoResetI:0000000000000024 $d

UNDEFINED SYMBOLS
ch
