ARM GAS  /tmp/ccgJ0Lxu.s 			page 1


   1              		.cpu cortex-m4
   2              		.eabi_attribute 27, 1
   3              		.eabi_attribute 28, 1
   4              		.eabi_attribute 20, 1
   5              		.eabi_attribute 21, 1
   6              		.eabi_attribute 23, 3
   7              		.eabi_attribute 24, 1
   8              		.eabi_attribute 25, 1
   9              		.eabi_attribute 26, 1
  10              		.eabi_attribute 30, 2
  11              		.eabi_attribute 34, 1
  12              		.eabi_attribute 18, 4
  13              		.file	"crc.c"
  14              		.text
  15              	.Ltext0:
  16              		.cfi_sections	.debug_frame
  17              		.section	.text.crc16,"ax",%progbits
  18              		.align	1
  19              		.p2align 4,,15
  20              		.global	crc16
  21              		.syntax unified
  22              		.thumb
  23              		.thumb_func
  24              		.fpu fpv4-sp-d16
  25              		.type	crc16, %function
  26              	crc16:
  27              	.LFB0:
  28              		.file 1 "crc.c"
  29              		.loc 1 53 0
  30              		.cfi_startproc
  31              		@ args = 0, pretend = 0, frame = 0
  32              		@ frame_needed = 0, uses_anonymous_args = 0
  33              		@ link register save eliminated.
  34              	.LVL0:
  35              		.loc 1 56 0
  36 0000 91B1     		cbz	r1, .L7
  37              		.loc 1 53 0
  38 0002 10B4     		push	{r4}
  39              		.cfi_def_cfa_offset 4
  40              		.cfi_offset 4, -4
  41 0004 094C     		ldr	r4, .L11
  42 0006 4218     		adds	r2, r0, r1
  43              		.loc 1 55 0
  44 0008 0021     		movs	r1, #0
  45              	.LVL1:
  46              	.L3:
  47              		.loc 1 57 0 discriminator 3
  48 000a 10F8013B 		ldrb	r3, [r0], #1	@ zero_extendqisi2
  49              	.LVL2:
  50 000e 83EA1123 		eor	r3, r3, r1, lsr #8
  51              		.loc 1 56 0 discriminator 3
  52 0012 9042     		cmp	r0, r2
  53              		.loc 1 57 0 discriminator 3
  54 0014 34F81330 		ldrh	r3, [r4, r3, lsl #1]
  55 0018 83EA0121 		eor	r1, r3, r1, lsl #8
  56              	.LVL3:
  57 001c 89B2     		uxth	r1, r1
ARM GAS  /tmp/ccgJ0Lxu.s 			page 2


  58              	.LVL4:
  59              		.loc 1 56 0 discriminator 3
  60 001e F4D1     		bne	.L3
  61              		.loc 1 60 0
  62 0020 0846     		mov	r0, r1
  63              	.LVL5:
  64 0022 5DF8044B 		ldr	r4, [sp], #4
  65              		.cfi_restore 4
  66              		.cfi_def_cfa_offset 0
  67 0026 7047     		bx	lr
  68              	.LVL6:
  69              	.L7:
  70 0028 0846     		mov	r0, r1
  71              	.LVL7:
  72 002a 7047     		bx	lr
  73              	.L12:
  74              		.align	2
  75              	.L11:
  76 002c 00000000 		.word	.LANCHOR0
  77              		.cfi_endproc
  78              	.LFE0:
  79              		.size	crc16, .-crc16
  80              		.global	crc16_tab
  81              		.section	.rodata.crc16_tab,"a",%progbits
  82              		.align	2
  83              		.set	.LANCHOR0,. + 0
  84              		.type	crc16_tab, %object
  85              		.size	crc16_tab, 512
  86              	crc16_tab:
  87 0000 0000     		.short	0
  88 0002 2110     		.short	4129
  89 0004 4220     		.short	8258
  90 0006 6330     		.short	12387
  91 0008 8440     		.short	16516
  92 000a A550     		.short	20645
  93 000c C660     		.short	24774
  94 000e E770     		.short	28903
  95 0010 0881     		.short	-32504
  96 0012 2991     		.short	-28375
  97 0014 4AA1     		.short	-24246
  98 0016 6BB1     		.short	-20117
  99 0018 8CC1     		.short	-15988
 100 001a ADD1     		.short	-11859
 101 001c CEE1     		.short	-7730
 102 001e EFF1     		.short	-3601
 103 0020 3112     		.short	4657
 104 0022 1002     		.short	528
 105 0024 7332     		.short	12915
 106 0026 5222     		.short	8786
 107 0028 B552     		.short	21173
 108 002a 9442     		.short	17044
 109 002c F772     		.short	29431
 110 002e D662     		.short	25302
 111 0030 3993     		.short	-27847
 112 0032 1883     		.short	-31976
 113 0034 7BB3     		.short	-19589
 114 0036 5AA3     		.short	-23718
ARM GAS  /tmp/ccgJ0Lxu.s 			page 3


 115 0038 BDD3     		.short	-11331
 116 003a 9CC3     		.short	-15460
 117 003c FFF3     		.short	-3073
 118 003e DEE3     		.short	-7202
 119 0040 6224     		.short	9314
 120 0042 4334     		.short	13379
 121 0044 2004     		.short	1056
 122 0046 0114     		.short	5121
 123 0048 E664     		.short	25830
 124 004a C774     		.short	29895
 125 004c A444     		.short	17572
 126 004e 8554     		.short	21637
 127 0050 6AA5     		.short	-23190
 128 0052 4BB5     		.short	-19125
 129 0054 2885     		.short	-31448
 130 0056 0995     		.short	-27383
 131 0058 EEE5     		.short	-6674
 132 005a CFF5     		.short	-2609
 133 005c ACC5     		.short	-14932
 134 005e 8DD5     		.short	-10867
 135 0060 5336     		.short	13907
 136 0062 7226     		.short	9842
 137 0064 1116     		.short	5649
 138 0066 3006     		.short	1584
 139 0068 D776     		.short	30423
 140 006a F666     		.short	26358
 141 006c 9556     		.short	22165
 142 006e B446     		.short	18100
 143 0070 5BB7     		.short	-18597
 144 0072 7AA7     		.short	-22662
 145 0074 1997     		.short	-26855
 146 0076 3887     		.short	-30920
 147 0078 DFF7     		.short	-2081
 148 007a FEE7     		.short	-6146
 149 007c 9DD7     		.short	-10339
 150 007e BCC7     		.short	-14404
 151 0080 C448     		.short	18628
 152 0082 E558     		.short	22757
 153 0084 8668     		.short	26758
 154 0086 A778     		.short	30887
 155 0088 4008     		.short	2112
 156 008a 6118     		.short	6241
 157 008c 0228     		.short	10242
 158 008e 2338     		.short	14371
 159 0090 CCC9     		.short	-13876
 160 0092 EDD9     		.short	-9747
 161 0094 8EE9     		.short	-5746
 162 0096 AFF9     		.short	-1617
 163 0098 4889     		.short	-30392
 164 009a 6999     		.short	-26263
 165 009c 0AA9     		.short	-22262
 166 009e 2BB9     		.short	-18133
 167 00a0 F55A     		.short	23285
 168 00a2 D44A     		.short	19156
 169 00a4 B77A     		.short	31415
 170 00a6 966A     		.short	27286
 171 00a8 711A     		.short	6769
ARM GAS  /tmp/ccgJ0Lxu.s 			page 4


 172 00aa 500A     		.short	2640
 173 00ac 333A     		.short	14899
 174 00ae 122A     		.short	10770
 175 00b0 FDDB     		.short	-9219
 176 00b2 DCCB     		.short	-13348
 177 00b4 BFFB     		.short	-1089
 178 00b6 9EEB     		.short	-5218
 179 00b8 799B     		.short	-25735
 180 00ba 588B     		.short	-29864
 181 00bc 3BBB     		.short	-17605
 182 00be 1AAB     		.short	-21734
 183 00c0 A66C     		.short	27814
 184 00c2 877C     		.short	31879
 185 00c4 E44C     		.short	19684
 186 00c6 C55C     		.short	23749
 187 00c8 222C     		.short	11298
 188 00ca 033C     		.short	15363
 189 00cc 600C     		.short	3168
 190 00ce 411C     		.short	7233
 191 00d0 AEED     		.short	-4690
 192 00d2 8FFD     		.short	-625
 193 00d4 ECCD     		.short	-12820
 194 00d6 CDDD     		.short	-8755
 195 00d8 2AAD     		.short	-21206
 196 00da 0BBD     		.short	-17141
 197 00dc 688D     		.short	-29336
 198 00de 499D     		.short	-25271
 199 00e0 977E     		.short	32407
 200 00e2 B66E     		.short	28342
 201 00e4 D55E     		.short	24277
 202 00e6 F44E     		.short	20212
 203 00e8 133E     		.short	15891
 204 00ea 322E     		.short	11826
 205 00ec 511E     		.short	7761
 206 00ee 700E     		.short	3696
 207 00f0 9FFF     		.short	-97
 208 00f2 BEEF     		.short	-4162
 209 00f4 DDDF     		.short	-8227
 210 00f6 FCCF     		.short	-12292
 211 00f8 1BBF     		.short	-16613
 212 00fa 3AAF     		.short	-20678
 213 00fc 599F     		.short	-24743
 214 00fe 788F     		.short	-28808
 215 0100 8891     		.short	-28280
 216 0102 A981     		.short	-32343
 217 0104 CAB1     		.short	-20022
 218 0106 EBA1     		.short	-24085
 219 0108 0CD1     		.short	-12020
 220 010a 2DC1     		.short	-16083
 221 010c 4EF1     		.short	-3762
 222 010e 6FE1     		.short	-7825
 223 0110 8010     		.short	4224
 224 0112 A100     		.short	161
 225 0114 C230     		.short	12482
 226 0116 E320     		.short	8419
 227 0118 0450     		.short	20484
 228 011a 2540     		.short	16421
ARM GAS  /tmp/ccgJ0Lxu.s 			page 5


 229 011c 4670     		.short	28742
 230 011e 6760     		.short	24679
 231 0120 B983     		.short	-31815
 232 0122 9893     		.short	-27752
 233 0124 FBA3     		.short	-23557
 234 0126 DAB3     		.short	-19494
 235 0128 3DC3     		.short	-15555
 236 012a 1CD3     		.short	-11492
 237 012c 7FE3     		.short	-7297
 238 012e 5EF3     		.short	-3234
 239 0130 B102     		.short	689
 240 0132 9012     		.short	4752
 241 0134 F322     		.short	8947
 242 0136 D232     		.short	13010
 243 0138 3542     		.short	16949
 244 013a 1452     		.short	21012
 245 013c 7762     		.short	25207
 246 013e 5672     		.short	29270
 247 0140 EAB5     		.short	-18966
 248 0142 CBA5     		.short	-23093
 249 0144 A895     		.short	-27224
 250 0146 8985     		.short	-31351
 251 0148 6EF5     		.short	-2706
 252 014a 4FE5     		.short	-6833
 253 014c 2CD5     		.short	-10964
 254 014e 0DC5     		.short	-15091
 255 0150 E234     		.short	13538
 256 0152 C324     		.short	9411
 257 0154 A014     		.short	5280
 258 0156 8104     		.short	1153
 259 0158 6674     		.short	29798
 260 015a 4764     		.short	25671
 261 015c 2454     		.short	21540
 262 015e 0544     		.short	17413
 263 0160 DBA7     		.short	-22565
 264 0162 FAB7     		.short	-18438
 265 0164 9987     		.short	-30823
 266 0166 B897     		.short	-26696
 267 0168 5FE7     		.short	-6305
 268 016a 7EF7     		.short	-2178
 269 016c 1DC7     		.short	-14563
 270 016e 3CD7     		.short	-10436
 271 0170 D326     		.short	9939
 272 0172 F236     		.short	14066
 273 0174 9106     		.short	1681
 274 0176 B016     		.short	5808
 275 0178 5766     		.short	26199
 276 017a 7676     		.short	30326
 277 017c 1546     		.short	17941
 278 017e 3456     		.short	22068
 279 0180 4CD9     		.short	-9908
 280 0182 6DC9     		.short	-13971
 281 0184 0EF9     		.short	-1778
 282 0186 2FE9     		.short	-5841
 283 0188 C899     		.short	-26168
 284 018a E989     		.short	-30231
 285 018c 8AB9     		.short	-18038
ARM GAS  /tmp/ccgJ0Lxu.s 			page 6


 286 018e ABA9     		.short	-22101
 287 0190 4458     		.short	22596
 288 0192 6548     		.short	18533
 289 0194 0678     		.short	30726
 290 0196 2768     		.short	26663
 291 0198 C018     		.short	6336
 292 019a E108     		.short	2273
 293 019c 8238     		.short	14466
 294 019e A328     		.short	10403
 295 01a0 7DCB     		.short	-13443
 296 01a2 5CDB     		.short	-9380
 297 01a4 3FEB     		.short	-5313
 298 01a6 1EFB     		.short	-1250
 299 01a8 F98B     		.short	-29703
 300 01aa D89B     		.short	-25640
 301 01ac BBAB     		.short	-21573
 302 01ae 9ABB     		.short	-17510
 303 01b0 754A     		.short	19061
 304 01b2 545A     		.short	23124
 305 01b4 376A     		.short	27191
 306 01b6 167A     		.short	31254
 307 01b8 F10A     		.short	2801
 308 01ba D01A     		.short	6864
 309 01bc B32A     		.short	10931
 310 01be 923A     		.short	14994
 311 01c0 2EFD     		.short	-722
 312 01c2 0FED     		.short	-4849
 313 01c4 6CDD     		.short	-8852
 314 01c6 4DCD     		.short	-12979
 315 01c8 AABD     		.short	-16982
 316 01ca 8BAD     		.short	-21109
 317 01cc E89D     		.short	-25112
 318 01ce C98D     		.short	-29239
 319 01d0 267C     		.short	31782
 320 01d2 076C     		.short	27655
 321 01d4 645C     		.short	23652
 322 01d6 454C     		.short	19525
 323 01d8 A23C     		.short	15522
 324 01da 832C     		.short	11395
 325 01dc E01C     		.short	7392
 326 01de C10C     		.short	3265
 327 01e0 1FEF     		.short	-4321
 328 01e2 3EFF     		.short	-194
 329 01e4 5DCF     		.short	-12451
 330 01e6 7CDF     		.short	-8324
 331 01e8 9BAF     		.short	-20581
 332 01ea BABF     		.short	-16454
 333 01ec D98F     		.short	-28711
 334 01ee F89F     		.short	-24584
 335 01f0 176E     		.short	28183
 336 01f2 367E     		.short	32310
 337 01f4 554E     		.short	20053
 338 01f6 745E     		.short	24180
 339 01f8 932E     		.short	11923
 340 01fa B23E     		.short	16050
 341 01fc D10E     		.short	3793
 342 01fe F01E     		.short	7920
ARM GAS  /tmp/ccgJ0Lxu.s 			page 7


 343              		.text
 344              	.Letext0:
 345              		.section	.debug_info,"",%progbits
 346              	.Ldebug_info0:
 347 0000 B9000000 		.4byte	0xb9
 348 0004 0400     		.2byte	0x4
 349 0006 00000000 		.4byte	.Ldebug_abbrev0
 350 000a 04       		.byte	0x4
 351 000b 01       		.uleb128 0x1
 352 000c 69000000 		.4byte	.LASF4
 353 0010 0C       		.byte	0xc
 354 0011 3F000000 		.4byte	.LASF5
 355 0015 0D000000 		.4byte	.LASF6
 356 0019 00000000 		.4byte	.Ldebug_ranges0+0
 357 001d 00000000 		.4byte	0
 358 0021 00000000 		.4byte	.Ldebug_line0
 359 0025 02       		.uleb128 0x2
 360 0026 48000000 		.4byte	0x48
 361 002a 35000000 		.4byte	0x35
 362 002e 03       		.uleb128 0x3
 363 002f 3A000000 		.4byte	0x3a
 364 0033 FF       		.byte	0xff
 365 0034 00       		.byte	0
 366 0035 04       		.uleb128 0x4
 367 0036 25000000 		.4byte	0x25
 368 003a 05       		.uleb128 0x5
 369 003b 04       		.byte	0x4
 370 003c 07       		.byte	0x7
 371 003d 00000000 		.4byte	.LASF0
 372 0041 05       		.uleb128 0x5
 373 0042 02       		.byte	0x2
 374 0043 07       		.byte	0x7
 375 0044 2C000000 		.4byte	.LASF1
 376 0048 04       		.uleb128 0x4
 377 0049 41000000 		.4byte	0x41
 378 004d 06       		.uleb128 0x6
 379 004e 59000000 		.4byte	.LASF7
 380 0052 01       		.byte	0x1
 381 0053 17       		.byte	0x17
 382 0054 35000000 		.4byte	0x35
 383 0058 05       		.uleb128 0x5
 384 0059 03       		.byte	0x3
 385 005a 00000000 		.4byte	crc16_tab
 386 005e 07       		.uleb128 0x7
 387 005f 45000000 		.4byte	.LASF8
 388 0063 01       		.byte	0x1
 389 0064 35       		.byte	0x35
 390 0065 41000000 		.4byte	0x41
 391 0069 00000000 		.4byte	.LFB0
 392 006d 30000000 		.4byte	.LFE0-.LFB0
 393 0071 01       		.uleb128 0x1
 394 0072 9C       		.byte	0x9c
 395 0073 AF000000 		.4byte	0xaf
 396 0077 08       		.uleb128 0x8
 397 0078 62756600 		.ascii	"buf\000"
 398 007c 01       		.byte	0x1
 399 007d 35       		.byte	0x35
ARM GAS  /tmp/ccgJ0Lxu.s 			page 8


 400 007e AF000000 		.4byte	0xaf
 401 0082 00000000 		.4byte	.LLST0
 402 0086 08       		.uleb128 0x8
 403 0087 6C656E00 		.ascii	"len\000"
 404 008b 01       		.byte	0x1
 405 008c 35       		.byte	0x35
 406 008d 3A000000 		.4byte	0x3a
 407 0091 44000000 		.4byte	.LLST1
 408 0095 09       		.uleb128 0x9
 409 0096 6900     		.ascii	"i\000"
 410 0098 01       		.byte	0x1
 411 0099 36       		.byte	0x36
 412 009a 3A000000 		.4byte	0x3a
 413 009e 00       		.byte	0
 414 009f 0A       		.uleb128 0xa
 415 00a0 63000000 		.4byte	.LASF2
 416 00a4 01       		.byte	0x1
 417 00a5 37       		.byte	0x37
 418 00a6 41000000 		.4byte	0x41
 419 00aa 70000000 		.4byte	.LLST2
 420 00ae 00       		.byte	0
 421 00af 0B       		.uleb128 0xb
 422 00b0 04       		.byte	0x4
 423 00b1 B5000000 		.4byte	0xb5
 424 00b5 05       		.uleb128 0x5
 425 00b6 01       		.byte	0x1
 426 00b7 08       		.byte	0x8
 427 00b8 4B000000 		.4byte	.LASF3
 428 00bc 00       		.byte	0
 429              		.section	.debug_abbrev,"",%progbits
 430              	.Ldebug_abbrev0:
 431 0000 01       		.uleb128 0x1
 432 0001 11       		.uleb128 0x11
 433 0002 01       		.byte	0x1
 434 0003 25       		.uleb128 0x25
 435 0004 0E       		.uleb128 0xe
 436 0005 13       		.uleb128 0x13
 437 0006 0B       		.uleb128 0xb
 438 0007 03       		.uleb128 0x3
 439 0008 0E       		.uleb128 0xe
 440 0009 1B       		.uleb128 0x1b
 441 000a 0E       		.uleb128 0xe
 442 000b 55       		.uleb128 0x55
 443 000c 17       		.uleb128 0x17
 444 000d 11       		.uleb128 0x11
 445 000e 01       		.uleb128 0x1
 446 000f 10       		.uleb128 0x10
 447 0010 17       		.uleb128 0x17
 448 0011 00       		.byte	0
 449 0012 00       		.byte	0
 450 0013 02       		.uleb128 0x2
 451 0014 01       		.uleb128 0x1
 452 0015 01       		.byte	0x1
 453 0016 49       		.uleb128 0x49
 454 0017 13       		.uleb128 0x13
 455 0018 01       		.uleb128 0x1
 456 0019 13       		.uleb128 0x13
ARM GAS  /tmp/ccgJ0Lxu.s 			page 9


 457 001a 00       		.byte	0
 458 001b 00       		.byte	0
 459 001c 03       		.uleb128 0x3
 460 001d 21       		.uleb128 0x21
 461 001e 00       		.byte	0
 462 001f 49       		.uleb128 0x49
 463 0020 13       		.uleb128 0x13
 464 0021 2F       		.uleb128 0x2f
 465 0022 0B       		.uleb128 0xb
 466 0023 00       		.byte	0
 467 0024 00       		.byte	0
 468 0025 04       		.uleb128 0x4
 469 0026 26       		.uleb128 0x26
 470 0027 00       		.byte	0
 471 0028 49       		.uleb128 0x49
 472 0029 13       		.uleb128 0x13
 473 002a 00       		.byte	0
 474 002b 00       		.byte	0
 475 002c 05       		.uleb128 0x5
 476 002d 24       		.uleb128 0x24
 477 002e 00       		.byte	0
 478 002f 0B       		.uleb128 0xb
 479 0030 0B       		.uleb128 0xb
 480 0031 3E       		.uleb128 0x3e
 481 0032 0B       		.uleb128 0xb
 482 0033 03       		.uleb128 0x3
 483 0034 0E       		.uleb128 0xe
 484 0035 00       		.byte	0
 485 0036 00       		.byte	0
 486 0037 06       		.uleb128 0x6
 487 0038 34       		.uleb128 0x34
 488 0039 00       		.byte	0
 489 003a 03       		.uleb128 0x3
 490 003b 0E       		.uleb128 0xe
 491 003c 3A       		.uleb128 0x3a
 492 003d 0B       		.uleb128 0xb
 493 003e 3B       		.uleb128 0x3b
 494 003f 0B       		.uleb128 0xb
 495 0040 49       		.uleb128 0x49
 496 0041 13       		.uleb128 0x13
 497 0042 3F       		.uleb128 0x3f
 498 0043 19       		.uleb128 0x19
 499 0044 02       		.uleb128 0x2
 500 0045 18       		.uleb128 0x18
 501 0046 00       		.byte	0
 502 0047 00       		.byte	0
 503 0048 07       		.uleb128 0x7
 504 0049 2E       		.uleb128 0x2e
 505 004a 01       		.byte	0x1
 506 004b 3F       		.uleb128 0x3f
 507 004c 19       		.uleb128 0x19
 508 004d 03       		.uleb128 0x3
 509 004e 0E       		.uleb128 0xe
 510 004f 3A       		.uleb128 0x3a
 511 0050 0B       		.uleb128 0xb
 512 0051 3B       		.uleb128 0x3b
 513 0052 0B       		.uleb128 0xb
ARM GAS  /tmp/ccgJ0Lxu.s 			page 10


 514 0053 27       		.uleb128 0x27
 515 0054 19       		.uleb128 0x19
 516 0055 49       		.uleb128 0x49
 517 0056 13       		.uleb128 0x13
 518 0057 11       		.uleb128 0x11
 519 0058 01       		.uleb128 0x1
 520 0059 12       		.uleb128 0x12
 521 005a 06       		.uleb128 0x6
 522 005b 40       		.uleb128 0x40
 523 005c 18       		.uleb128 0x18
 524 005d 9742     		.uleb128 0x2117
 525 005f 19       		.uleb128 0x19
 526 0060 01       		.uleb128 0x1
 527 0061 13       		.uleb128 0x13
 528 0062 00       		.byte	0
 529 0063 00       		.byte	0
 530 0064 08       		.uleb128 0x8
 531 0065 05       		.uleb128 0x5
 532 0066 00       		.byte	0
 533 0067 03       		.uleb128 0x3
 534 0068 08       		.uleb128 0x8
 535 0069 3A       		.uleb128 0x3a
 536 006a 0B       		.uleb128 0xb
 537 006b 3B       		.uleb128 0x3b
 538 006c 0B       		.uleb128 0xb
 539 006d 49       		.uleb128 0x49
 540 006e 13       		.uleb128 0x13
 541 006f 02       		.uleb128 0x2
 542 0070 17       		.uleb128 0x17
 543 0071 00       		.byte	0
 544 0072 00       		.byte	0
 545 0073 09       		.uleb128 0x9
 546 0074 34       		.uleb128 0x34
 547 0075 00       		.byte	0
 548 0076 03       		.uleb128 0x3
 549 0077 08       		.uleb128 0x8
 550 0078 3A       		.uleb128 0x3a
 551 0079 0B       		.uleb128 0xb
 552 007a 3B       		.uleb128 0x3b
 553 007b 0B       		.uleb128 0xb
 554 007c 49       		.uleb128 0x49
 555 007d 13       		.uleb128 0x13
 556 007e 1C       		.uleb128 0x1c
 557 007f 0B       		.uleb128 0xb
 558 0080 00       		.byte	0
 559 0081 00       		.byte	0
 560 0082 0A       		.uleb128 0xa
 561 0083 34       		.uleb128 0x34
 562 0084 00       		.byte	0
 563 0085 03       		.uleb128 0x3
 564 0086 0E       		.uleb128 0xe
 565 0087 3A       		.uleb128 0x3a
 566 0088 0B       		.uleb128 0xb
 567 0089 3B       		.uleb128 0x3b
 568 008a 0B       		.uleb128 0xb
 569 008b 49       		.uleb128 0x49
 570 008c 13       		.uleb128 0x13
ARM GAS  /tmp/ccgJ0Lxu.s 			page 11


 571 008d 02       		.uleb128 0x2
 572 008e 17       		.uleb128 0x17
 573 008f 00       		.byte	0
 574 0090 00       		.byte	0
 575 0091 0B       		.uleb128 0xb
 576 0092 0F       		.uleb128 0xf
 577 0093 00       		.byte	0
 578 0094 0B       		.uleb128 0xb
 579 0095 0B       		.uleb128 0xb
 580 0096 49       		.uleb128 0x49
 581 0097 13       		.uleb128 0x13
 582 0098 00       		.byte	0
 583 0099 00       		.byte	0
 584 009a 00       		.byte	0
 585              		.section	.debug_loc,"",%progbits
 586              	.Ldebug_loc0:
 587              	.LLST0:
 588 0000 00000000 		.4byte	.LVL0
 589 0004 0E000000 		.4byte	.LVL2
 590 0008 0100     		.2byte	0x1
 591 000a 50       		.byte	0x50
 592 000b 0E000000 		.4byte	.LVL2
 593 000f 1E000000 		.4byte	.LVL4
 594 0013 0300     		.2byte	0x3
 595 0015 70       		.byte	0x70
 596 0016 7F       		.sleb128 -1
 597 0017 9F       		.byte	0x9f
 598 0018 1E000000 		.4byte	.LVL4
 599 001c 22000000 		.4byte	.LVL5
 600 0020 0100     		.2byte	0x1
 601 0022 50       		.byte	0x50
 602 0023 28000000 		.4byte	.LVL6
 603 0027 2A000000 		.4byte	.LVL7
 604 002b 0100     		.2byte	0x1
 605 002d 50       		.byte	0x50
 606 002e 2A000000 		.4byte	.LVL7
 607 0032 30000000 		.4byte	.LFE0
 608 0036 0400     		.2byte	0x4
 609 0038 F3       		.byte	0xf3
 610 0039 01       		.uleb128 0x1
 611 003a 50       		.byte	0x50
 612 003b 9F       		.byte	0x9f
 613 003c 00000000 		.4byte	0
 614 0040 00000000 		.4byte	0
 615              	.LLST1:
 616 0044 00000000 		.4byte	.LVL0
 617 0048 0A000000 		.4byte	.LVL1
 618 004c 0100     		.2byte	0x1
 619 004e 51       		.byte	0x51
 620 004f 0A000000 		.4byte	.LVL1
 621 0053 28000000 		.4byte	.LVL6
 622 0057 0400     		.2byte	0x4
 623 0059 F3       		.byte	0xf3
 624 005a 01       		.uleb128 0x1
 625 005b 51       		.byte	0x51
 626 005c 9F       		.byte	0x9f
 627 005d 28000000 		.4byte	.LVL6
ARM GAS  /tmp/ccgJ0Lxu.s 			page 12


 628 0061 30000000 		.4byte	.LFE0
 629 0065 0100     		.2byte	0x1
 630 0067 51       		.byte	0x51
 631 0068 00000000 		.4byte	0
 632 006c 00000000 		.4byte	0
 633              	.LLST2:
 634 0070 00000000 		.4byte	.LVL0
 635 0074 0A000000 		.4byte	.LVL1
 636 0078 0200     		.2byte	0x2
 637 007a 30       		.byte	0x30
 638 007b 9F       		.byte	0x9f
 639 007c 0A000000 		.4byte	.LVL1
 640 0080 1C000000 		.4byte	.LVL3
 641 0084 0100     		.2byte	0x1
 642 0086 51       		.byte	0x51
 643 0087 1E000000 		.4byte	.LVL4
 644 008b 28000000 		.4byte	.LVL6
 645 008f 0100     		.2byte	0x1
 646 0091 51       		.byte	0x51
 647 0092 28000000 		.4byte	.LVL6
 648 0096 30000000 		.4byte	.LFE0
 649 009a 0200     		.2byte	0x2
 650 009c 30       		.byte	0x30
 651 009d 9F       		.byte	0x9f
 652 009e 00000000 		.4byte	0
 653 00a2 00000000 		.4byte	0
 654              		.section	.debug_aranges,"",%progbits
 655 0000 1C000000 		.4byte	0x1c
 656 0004 0200     		.2byte	0x2
 657 0006 00000000 		.4byte	.Ldebug_info0
 658 000a 04       		.byte	0x4
 659 000b 00       		.byte	0
 660 000c 0000     		.2byte	0
 661 000e 0000     		.2byte	0
 662 0010 00000000 		.4byte	.LFB0
 663 0014 30000000 		.4byte	.LFE0-.LFB0
 664 0018 00000000 		.4byte	0
 665 001c 00000000 		.4byte	0
 666              		.section	.debug_ranges,"",%progbits
 667              	.Ldebug_ranges0:
 668 0000 00000000 		.4byte	.LFB0
 669 0004 30000000 		.4byte	.LFE0
 670 0008 00000000 		.4byte	0
 671 000c 00000000 		.4byte	0
 672              		.section	.debug_line,"",%progbits
 673              	.Ldebug_line0:
 674 0000 49000000 		.section	.debug_str,"MS",%progbits,1
 674      02001C00 
 674      00000201 
 674      FB0E0D00 
 674      01010101 
 675              	.LASF0:
 676 0000 756E7369 		.ascii	"unsigned int\000"
 676      676E6564 
 676      20696E74 
 676      00
 677              	.LASF6:
ARM GAS  /tmp/ccgJ0Lxu.s 			page 13


 678 000d 2F686F6D 		.ascii	"/home/renan/BLDC/bldc-firmware\000"
 678      652F7265 
 678      6E616E2F 
 678      424C4443 
 678      2F626C64 
 679              	.LASF1:
 680 002c 73686F72 		.ascii	"short unsigned int\000"
 680      7420756E 
 680      7369676E 
 680      65642069 
 680      6E7400
 681              	.LASF5:
 682 003f 6372632E 		.ascii	"crc.c\000"
 682      6300
 683              	.LASF8:
 684 0045 63726331 		.ascii	"crc16\000"
 684      3600
 685              	.LASF3:
 686 004b 756E7369 		.ascii	"unsigned char\000"
 686      676E6564 
 686      20636861 
 686      7200
 687              	.LASF7:
 688 0059 63726331 		.ascii	"crc16_tab\000"
 688      365F7461 
 688      6200
 689              	.LASF2:
 690 0063 636B7375 		.ascii	"cksum\000"
 690      6D00
 691              	.LASF4:
 692 0069 474E5520 		.ascii	"GNU C99 7.3.1 20180622 (release) [ARM/embedded-7-br"
 692      43393920 
 692      372E332E 
 692      31203230 
 692      31383036 
 693 009c 616E6368 		.ascii	"anch revision 261907] -mcpu=cortex-m4 -mfloat-abi=h"
 693      20726576 
 693      6973696F 
 693      6E203236 
 693      31393037 
 694 00cf 61726420 		.ascii	"ard -mfpu=fpv4-sp-d16 -mno-thumb-interwork -mthumb "
 694      2D6D6670 
 694      753D6670 
 694      76342D73 
 694      702D6431 
 695 0102 2D676764 		.ascii	"-ggdb -O2 -std=gnu99 -fomit-frame-pointer -falign-f"
 695      62202D4F 
 695      32202D73 
 695      74643D67 
 695      6E753939 
 696 0135 756E6374 		.ascii	"unctions=16 -ffunction-sections -fdata-sections -fn"
 696      696F6E73 
 696      3D313620 
 696      2D666675 
 696      6E637469 
 697 0168 6F2D636F 		.ascii	"o-common -fsingle-precision-constant\000"
 697      6D6D6F6E 
ARM GAS  /tmp/ccgJ0Lxu.s 			page 14


 697      202D6673 
 697      696E676C 
 697      652D7072 
 698              		.ident	"GCC: (GNU Tools for Arm Embedded Processors 7-2018-q3-update) 7.3.1 20180622 (release) [AR
ARM GAS  /tmp/ccgJ0Lxu.s 			page 15


DEFINED SYMBOLS
                            *ABS*:0000000000000000 crc.c
     /tmp/ccgJ0Lxu.s:18     .text.crc16:0000000000000000 $t
     /tmp/ccgJ0Lxu.s:26     .text.crc16:0000000000000000 crc16
     /tmp/ccgJ0Lxu.s:76     .text.crc16:000000000000002c $d
     /tmp/ccgJ0Lxu.s:86     .rodata.crc16_tab:0000000000000000 crc16_tab
     /tmp/ccgJ0Lxu.s:82     .rodata.crc16_tab:0000000000000000 $d

NO UNDEFINED SYMBOLS
