ARM GAS  /tmp/ccuhRSVW.s 			page 1


   1              		.cpu cortex-m4
   2              		.eabi_attribute 27, 1
   3              		.eabi_attribute 28, 1
   4              		.eabi_attribute 20, 1
   5              		.eabi_attribute 21, 1
   6              		.eabi_attribute 23, 3
   7              		.eabi_attribute 24, 1
   8              		.eabi_attribute 25, 1
   9              		.eabi_attribute 26, 1
  10              		.eabi_attribute 30, 2
  11              		.eabi_attribute 34, 1
  12              		.eabi_attribute 18, 4
  13              		.file	"drv8320.c"
  14              		.text
  15              	.Ltext0:
  16              		.cfi_sections	.debug_frame
  17              	.Letext0:
  18              		.file 1 "/usr/arm-none-eabi/include/machine/_default_types.h"
  19              		.file 2 "/usr/arm-none-eabi/include/sys/_stdint.h"
  20              		.file 3 "ChibiOS_3.0.2/os/rt/ports/ARMCMx/compilers/GCC/chtypes.h"
  21              		.file 4 "ChibiOS_3.0.2/os/rt/include/chsystypes.h"
  22              		.file 5 "ChibiOS_3.0.2/os/rt/include/chschd.h"
  23              		.file 6 "ChibiOS_3.0.2/os/ext/CMSIS/include/core_cm4.h"
  24              		.file 7 "ChibiOS_3.0.2/os/ext/CMSIS/ST/system_stm32f4xx.h"
  25              		.file 8 "ChibiOS_3.0.2/os/rt/ports/ARMCMx/chcore.h"
  26              		.file 9 "ChibiOS_3.0.2/os/rt/ports/ARMCMx/chcore_v7m.h"
  27              		.file 10 "ChibiOS_3.0.2/os/rt/include/chtm.h"
  28              		.file 11 "ChibiOS_3.0.2/os/rt/include/chsem.h"
  29              		.file 12 "ChibiOS_3.0.2/os/rt/include/chmtx.h"
  30              		.file 13 "ChibiOS_3.0.2/os/rt/include/chregistry.h"
  31              		.file 14 "./conf_general.h"
  32              		.section	.debug_info,"",%progbits
  33              	.Ldebug_info0:
  34 0000 54080000 		.4byte	0x854
  35 0004 0400     		.2byte	0x4
  36 0006 00000000 		.4byte	.Ldebug_abbrev0
  37 000a 04       		.byte	0x4
  38 000b 01       		.uleb128 0x1
  39 000c 55000000 		.4byte	.LASF130
  40 0010 0C       		.byte	0xc
  41 0011 05060000 		.4byte	.LASF131
  42 0015 2D050000 		.4byte	.LASF132
  43 0019 00000000 		.4byte	.Ldebug_line0
  44 001d 02       		.uleb128 0x2
  45 001e 01       		.byte	0x1
  46 001f 06       		.byte	0x6
  47 0020 08020000 		.4byte	.LASF0
  48 0024 03       		.uleb128 0x3
  49 0025 30000000 		.4byte	.LASF3
  50 0029 01       		.byte	0x1
  51 002a 2B       		.byte	0x2b
  52 002b 2F000000 		.4byte	0x2f
  53 002f 02       		.uleb128 0x2
  54 0030 01       		.byte	0x1
  55 0031 08       		.byte	0x8
  56 0032 A4040000 		.4byte	.LASF1
  57 0036 02       		.uleb128 0x2
ARM GAS  /tmp/ccuhRSVW.s 			page 2


  58 0037 02       		.byte	0x2
  59 0038 05       		.byte	0x5
  60 0039 BC040000 		.4byte	.LASF2
  61 003d 03       		.uleb128 0x3
  62 003e B7050000 		.4byte	.LASF4
  63 0042 01       		.byte	0x1
  64 0043 39       		.byte	0x39
  65 0044 48000000 		.4byte	0x48
  66 0048 02       		.uleb128 0x2
  67 0049 02       		.byte	0x2
  68 004a 07       		.byte	0x7
  69 004b 1D030000 		.4byte	.LASF5
  70 004f 03       		.uleb128 0x3
  71 0050 93030000 		.4byte	.LASF6
  72 0054 01       		.byte	0x1
  73 0055 4D       		.byte	0x4d
  74 0056 5A000000 		.4byte	0x5a
  75 005a 02       		.uleb128 0x2
  76 005b 04       		.byte	0x4
  77 005c 05       		.byte	0x5
  78 005d 5C020000 		.4byte	.LASF7
  79 0061 03       		.uleb128 0x3
  80 0062 F0050000 		.4byte	.LASF8
  81 0066 01       		.byte	0x1
  82 0067 4F       		.byte	0x4f
  83 0068 6C000000 		.4byte	0x6c
  84 006c 02       		.uleb128 0x2
  85 006d 04       		.byte	0x4
  86 006e 07       		.byte	0x7
  87 006f 99050000 		.4byte	.LASF9
  88 0073 02       		.uleb128 0x2
  89 0074 08       		.byte	0x8
  90 0075 05       		.byte	0x5
  91 0076 FA010000 		.4byte	.LASF10
  92 007a 03       		.uleb128 0x3
  93 007b 43040000 		.4byte	.LASF11
  94 007f 01       		.byte	0x1
  95 0080 69       		.byte	0x69
  96 0081 85000000 		.4byte	0x85
  97 0085 02       		.uleb128 0x2
  98 0086 08       		.byte	0x8
  99 0087 07       		.byte	0x7
 100 0088 79010000 		.4byte	.LASF12
 101 008c 04       		.uleb128 0x4
 102 008d 04       		.byte	0x4
 103 008e 05       		.byte	0x5
 104 008f 696E7400 		.ascii	"int\000"
 105 0093 02       		.uleb128 0x2
 106 0094 04       		.byte	0x4
 107 0095 07       		.byte	0x7
 108 0096 BE020000 		.4byte	.LASF13
 109 009a 03       		.uleb128 0x3
 110 009b 53060000 		.4byte	.LASF14
 111 009f 02       		.byte	0x2
 112 00a0 18       		.byte	0x18
 113 00a1 24000000 		.4byte	0x24
 114 00a5 03       		.uleb128 0x3
ARM GAS  /tmp/ccuhRSVW.s 			page 3


 115 00a6 D3020000 		.4byte	.LASF15
 116 00aa 02       		.byte	0x2
 117 00ab 24       		.byte	0x24
 118 00ac 3D000000 		.4byte	0x3d
 119 00b0 03       		.uleb128 0x3
 120 00b1 9C040000 		.4byte	.LASF16
 121 00b5 02       		.byte	0x2
 122 00b6 2C       		.byte	0x2c
 123 00b7 4F000000 		.4byte	0x4f
 124 00bb 05       		.uleb128 0x5
 125 00bc B0000000 		.4byte	0xb0
 126 00c0 03       		.uleb128 0x3
 127 00c1 64050000 		.4byte	.LASF17
 128 00c5 02       		.byte	0x2
 129 00c6 30       		.byte	0x30
 130 00c7 61000000 		.4byte	0x61
 131 00cb 03       		.uleb128 0x3
 132 00cc 27000000 		.4byte	.LASF18
 133 00d0 02       		.byte	0x2
 134 00d1 3C       		.byte	0x3c
 135 00d2 7A000000 		.4byte	0x7a
 136 00d6 03       		.uleb128 0x3
 137 00d7 D5030000 		.4byte	.LASF19
 138 00db 03       		.byte	0x3
 139 00dc 45       		.byte	0x45
 140 00dd C0000000 		.4byte	0xc0
 141 00e1 03       		.uleb128 0x3
 142 00e2 ED040000 		.4byte	.LASF20
 143 00e6 03       		.byte	0x3
 144 00e7 48       		.byte	0x48
 145 00e8 9A000000 		.4byte	0x9a
 146 00ec 03       		.uleb128 0x3
 147 00ed 65020000 		.4byte	.LASF21
 148 00f1 03       		.byte	0x3
 149 00f2 49       		.byte	0x49
 150 00f3 9A000000 		.4byte	0x9a
 151 00f7 03       		.uleb128 0x3
 152 00f8 54040000 		.4byte	.LASF22
 153 00fc 03       		.byte	0x3
 154 00fd 4A       		.byte	0x4a
 155 00fe 9A000000 		.4byte	0x9a
 156 0102 03       		.uleb128 0x3
 157 0103 48020000 		.4byte	.LASF23
 158 0107 03       		.byte	0x3
 159 0108 4B       		.byte	0x4b
 160 0109 9A000000 		.4byte	0x9a
 161 010d 03       		.uleb128 0x3
 162 010e 7E040000 		.4byte	.LASF24
 163 0112 03       		.byte	0x3
 164 0113 4C       		.byte	0x4c
 165 0114 C0000000 		.4byte	0xc0
 166 0118 03       		.uleb128 0x3
 167 0119 5B030000 		.4byte	.LASF25
 168 011d 03       		.byte	0x3
 169 011e 4D       		.byte	0x4d
 170 011f B0000000 		.4byte	0xb0
 171 0123 03       		.uleb128 0x3
ARM GAS  /tmp/ccuhRSVW.s 			page 4


 172 0124 87030000 		.4byte	.LASF26
 173 0128 03       		.byte	0x3
 174 0129 4F       		.byte	0x4f
 175 012a C0000000 		.4byte	0xc0
 176 012e 03       		.uleb128 0x3
 177 012f B8020000 		.4byte	.LASF27
 178 0133 03       		.byte	0x3
 179 0134 51       		.byte	0x51
 180 0135 B0000000 		.4byte	0xb0
 181 0139 03       		.uleb128 0x3
 182 013a D2050000 		.4byte	.LASF28
 183 013e 04       		.byte	0x4
 184 013f 33       		.byte	0x33
 185 0140 C0000000 		.4byte	0xc0
 186 0144 05       		.uleb128 0x5
 187 0145 39010000 		.4byte	0x139
 188 0149 03       		.uleb128 0x3
 189 014a C2050000 		.4byte	.LASF29
 190 014e 04       		.byte	0x4
 191 014f 3F       		.byte	0x3f
 192 0150 54010000 		.4byte	0x154
 193 0154 06       		.uleb128 0x6
 194 0155 51030000 		.4byte	.LASF51
 195 0159 48       		.byte	0x48
 196 015a 05       		.byte	0x5
 197 015b C2       		.byte	0xc2
 198 015c 59020000 		.4byte	0x259
 199 0160 07       		.uleb128 0x7
 200 0161 E6040000 		.4byte	.LASF30
 201 0165 05       		.byte	0x5
 202 0166 C3       		.byte	0xc3
 203 0167 64020000 		.4byte	0x264
 204 016b 00       		.byte	0
 205 016c 07       		.uleb128 0x7
 206 016d 77040000 		.4byte	.LASF31
 207 0171 05       		.byte	0x5
 208 0172 C5       		.byte	0xc5
 209 0173 64020000 		.4byte	0x264
 210 0177 04       		.byte	0x4
 211 0178 07       		.uleb128 0x7
 212 0179 E6010000 		.4byte	.LASF32
 213 017d 05       		.byte	0x5
 214 017e C7       		.byte	0xc7
 215 017f 0D010000 		.4byte	0x10d
 216 0183 08       		.byte	0x8
 217 0184 07       		.uleb128 0x7
 218 0185 1A040000 		.4byte	.LASF33
 219 0189 05       		.byte	0x5
 220 018a C8       		.byte	0xc8
 221 018b A4040000 		.4byte	0x4a4
 222 018f 0C       		.byte	0xc
 223 0190 07       		.uleb128 0x7
 224 0191 78020000 		.4byte	.LASF34
 225 0195 05       		.byte	0x5
 226 0196 CA       		.byte	0xca
 227 0197 64020000 		.4byte	0x264
 228 019b 10       		.byte	0x10
ARM GAS  /tmp/ccuhRSVW.s 			page 5


 229 019c 07       		.uleb128 0x7
 230 019d 0C040000 		.4byte	.LASF35
 231 01a1 05       		.byte	0x5
 232 01a2 CB       		.byte	0xcb
 233 01a3 64020000 		.4byte	0x264
 234 01a7 14       		.byte	0x14
 235 01a8 07       		.uleb128 0x7
 236 01a9 82060000 		.4byte	.LASF36
 237 01ad 05       		.byte	0x5
 238 01ae D2       		.byte	0xd2
 239 01af E9060000 		.4byte	0x6e9
 240 01b3 18       		.byte	0x18
 241 01b4 07       		.uleb128 0x7
 242 01b5 C6040000 		.4byte	.LASF37
 243 01b9 05       		.byte	0x5
 244 01ba DD       		.byte	0xdd
 245 01bb EC000000 		.4byte	0xec
 246 01bf 1C       		.byte	0x1c
 247 01c0 07       		.uleb128 0x7
 248 01c1 04050000 		.4byte	.LASF38
 249 01c5 05       		.byte	0x5
 250 01c6 E1       		.byte	0xe1
 251 01c7 E1000000 		.4byte	0xe1
 252 01cb 1D       		.byte	0x1d
 253 01cc 07       		.uleb128 0x7
 254 01cd 46060000 		.4byte	.LASF39
 255 01d1 05       		.byte	0x5
 256 01d2 E6       		.byte	0xe6
 257 01d3 F7000000 		.4byte	0xf7
 258 01d7 1E       		.byte	0x1e
 259 01d8 07       		.uleb128 0x7
 260 01d9 CE040000 		.4byte	.LASF40
 261 01dd 05       		.byte	0x5
 262 01de EC       		.byte	0xec
 263 01df 02010000 		.4byte	0x102
 264 01e3 1F       		.byte	0x1f
 265 01e4 07       		.uleb128 0x7
 266 01e5 EC020000 		.4byte	.LASF41
 267 01e9 05       		.byte	0x5
 268 01ea F3       		.byte	0xf3
 269 01eb 44010000 		.4byte	0x144
 270 01ef 20       		.byte	0x20
 271 01f0 08       		.uleb128 0x8
 272 01f1 705F7500 		.ascii	"p_u\000"
 273 01f5 05       		.byte	0x5
 274 01f6 3101     		.2byte	0x131
 275 01f8 24060000 		.4byte	0x624
 276 01fc 24       		.byte	0x24
 277 01fd 09       		.uleb128 0x9
 278 01fe CB030000 		.4byte	.LASF42
 279 0202 05       		.byte	0x5
 280 0203 3601     		.2byte	0x136
 281 0205 6A020000 		.4byte	0x26a
 282 0209 28       		.byte	0x28
 283 020a 09       		.uleb128 0x9
 284 020b 03030000 		.4byte	.LASF43
 285 020f 05       		.byte	0x5
ARM GAS  /tmp/ccuhRSVW.s 			page 6


 286 0210 3C01     		.2byte	0x13c
 287 0212 8E020000 		.4byte	0x28e
 288 0216 2C       		.byte	0x2c
 289 0217 09       		.uleb128 0x9
 290 0218 25060000 		.4byte	.LASF44
 291 021c 05       		.byte	0x5
 292 021d 4001     		.2byte	0x140
 293 021f 18010000 		.4byte	0x118
 294 0223 34       		.byte	0x34
 295 0224 09       		.uleb128 0x9
 296 0225 59050000 		.4byte	.LASF45
 297 0229 05       		.byte	0x5
 298 022a 4601     		.2byte	0x146
 299 022c 23010000 		.4byte	0x123
 300 0230 38       		.byte	0x38
 301 0231 09       		.uleb128 0x9
 302 0232 B2040000 		.4byte	.LASF46
 303 0236 05       		.byte	0x5
 304 0237 4D01     		.2byte	0x14d
 305 0239 E3060000 		.4byte	0x6e3
 306 023d 3C       		.byte	0x3c
 307 023e 09       		.uleb128 0x9
 308 023f DC050000 		.4byte	.LASF47
 309 0243 05       		.byte	0x5
 310 0244 5101     		.2byte	0x151
 311 0246 0D010000 		.4byte	0x10d
 312 024a 40       		.byte	0x40
 313 024b 09       		.uleb128 0x9
 314 024c 31020000 		.4byte	.LASF48
 315 0250 05       		.byte	0x5
 316 0251 5801     		.2byte	0x158
 317 0253 41030000 		.4byte	0x341
 318 0257 44       		.byte	0x44
 319 0258 00       		.byte	0
 320 0259 03       		.uleb128 0x3
 321 025a 5B060000 		.4byte	.LASF49
 322 025e 04       		.byte	0x4
 323 025f 44       		.byte	0x44
 324 0260 64020000 		.4byte	0x264
 325 0264 0A       		.uleb128 0xa
 326 0265 04       		.byte	0x4
 327 0266 49010000 		.4byte	0x149
 328 026a 03       		.uleb128 0x3
 329 026b A8030000 		.4byte	.LASF50
 330 026f 04       		.byte	0x4
 331 0270 49       		.byte	0x49
 332 0271 75020000 		.4byte	0x275
 333 0275 06       		.uleb128 0x6
 334 0276 81050000 		.4byte	.LASF52
 335 027a 04       		.byte	0x4
 336 027b 05       		.byte	0x5
 337 027c B0       		.byte	0xb0
 338 027d 8E020000 		.4byte	0x28e
 339 0281 07       		.uleb128 0x7
 340 0282 E6040000 		.4byte	.LASF30
 341 0286 05       		.byte	0x5
 342 0287 B1       		.byte	0xb1
ARM GAS  /tmp/ccuhRSVW.s 			page 7


 343 0288 64020000 		.4byte	0x264
 344 028c 00       		.byte	0
 345 028d 00       		.byte	0
 346 028e 03       		.uleb128 0x3
 347 028f 0C050000 		.4byte	.LASF53
 348 0293 04       		.byte	0x4
 349 0294 50       		.byte	0x50
 350 0295 99020000 		.4byte	0x299
 351 0299 06       		.uleb128 0x6
 352 029a D5010000 		.4byte	.LASF54
 353 029e 08       		.byte	0x8
 354 029f 05       		.byte	0x5
 355 02a0 B7       		.byte	0xb7
 356 02a1 BE020000 		.4byte	0x2be
 357 02a5 07       		.uleb128 0x7
 358 02a6 E6040000 		.4byte	.LASF30
 359 02aa 05       		.byte	0x5
 360 02ab B8       		.byte	0xb8
 361 02ac 64020000 		.4byte	0x264
 362 02b0 00       		.byte	0
 363 02b1 07       		.uleb128 0x7
 364 02b2 77040000 		.4byte	.LASF31
 365 02b6 05       		.byte	0x5
 366 02b7 B9       		.byte	0xb9
 367 02b8 64020000 		.4byte	0x264
 368 02bc 04       		.byte	0x4
 369 02bd 00       		.byte	0
 370 02be 03       		.uleb128 0x3
 371 02bf 0D000000 		.4byte	.LASF55
 372 02c3 04       		.byte	0x4
 373 02c4 57       		.byte	0x57
 374 02c5 C9020000 		.4byte	0x2c9
 375 02c9 0B       		.uleb128 0xb
 376 02ca 79030000 		.4byte	.LASF56
 377 02ce 1C       		.byte	0x1c
 378 02cf 05       		.byte	0x5
 379 02d0 9001     		.2byte	0x190
 380 02d2 25030000 		.4byte	0x325
 381 02d6 09       		.uleb128 0x9
 382 02d7 79050000 		.4byte	.LASF57
 383 02db 05       		.byte	0x5
 384 02dc 9101     		.2byte	0x191
 385 02de 8E020000 		.4byte	0x28e
 386 02e2 00       		.byte	0
 387 02e3 09       		.uleb128 0x9
 388 02e4 D8040000 		.4byte	.LASF58
 389 02e8 05       		.byte	0x5
 390 02e9 9201     		.2byte	0x192
 391 02eb 0D010000 		.4byte	0x10d
 392 02ef 08       		.byte	0x8
 393 02f0 09       		.uleb128 0x9
 394 02f1 14040000 		.4byte	.LASF59
 395 02f5 05       		.byte	0x5
 396 02f6 9401     		.2byte	0x194
 397 02f8 A4040000 		.4byte	0x4a4
 398 02fc 0C       		.byte	0xc
 399 02fd 09       		.uleb128 0x9
ARM GAS  /tmp/ccuhRSVW.s 			page 8


 400 02fe 88020000 		.4byte	.LASF60
 401 0302 05       		.byte	0x5
 402 0303 9701     		.2byte	0x197
 403 0305 64020000 		.4byte	0x264
 404 0309 10       		.byte	0x10
 405 030a 09       		.uleb128 0x9
 406 030b 3B040000 		.4byte	.LASF61
 407 030f 05       		.byte	0x5
 408 0310 9801     		.2byte	0x198
 409 0312 64020000 		.4byte	0x264
 410 0316 14       		.byte	0x14
 411 0317 09       		.uleb128 0x9
 412 0318 31040000 		.4byte	.LASF62
 413 031c 05       		.byte	0x5
 414 031d 9B01     		.2byte	0x19b
 415 031f 64020000 		.4byte	0x264
 416 0323 18       		.byte	0x18
 417 0324 00       		.byte	0
 418 0325 03       		.uleb128 0x3
 419 0326 E7050000 		.4byte	.LASF63
 420 032a 04       		.byte	0x4
 421 032b 5C       		.byte	0x5c
 422 032c 30030000 		.4byte	0x330
 423 0330 0A       		.uleb128 0xa
 424 0331 04       		.byte	0x4
 425 0332 36030000 		.4byte	0x336
 426 0336 0C       		.uleb128 0xc
 427 0337 41030000 		.4byte	0x341
 428 033b 0D       		.uleb128 0xd
 429 033c 41030000 		.4byte	0x341
 430 0340 00       		.byte	0
 431 0341 0E       		.uleb128 0xe
 432 0342 04       		.byte	0x4
 433 0343 03       		.uleb128 0x3
 434 0344 67040000 		.4byte	.LASF64
 435 0348 04       		.byte	0x4
 436 0349 61       		.byte	0x61
 437 034a 4E030000 		.4byte	0x34e
 438 034e 0B       		.uleb128 0xb
 439 034f 1C050000 		.4byte	.LASF65
 440 0353 14       		.byte	0x14
 441 0354 05       		.byte	0x5
 442 0355 6B01     		.2byte	0x16b
 443 0357 9D030000 		.4byte	0x39d
 444 035b 09       		.uleb128 0x9
 445 035c CB020000 		.4byte	.LASF66
 446 0360 05       		.byte	0x5
 447 0361 6C01     		.2byte	0x16c
 448 0363 00070000 		.4byte	0x700
 449 0367 00       		.byte	0
 450 0368 09       		.uleb128 0x9
 451 0369 99020000 		.4byte	.LASF67
 452 036d 05       		.byte	0x5
 453 036e 6D01     		.2byte	0x16d
 454 0370 00070000 		.4byte	0x700
 455 0374 04       		.byte	0x4
 456 0375 09       		.uleb128 0x9
ARM GAS  /tmp/ccuhRSVW.s 			page 9


 457 0376 FA020000 		.4byte	.LASF68
 458 037a 05       		.byte	0x5
 459 037b 6E01     		.2byte	0x16e
 460 037d 39010000 		.4byte	0x139
 461 0381 08       		.byte	0x8
 462 0382 09       		.uleb128 0x9
 463 0383 B5060000 		.4byte	.LASF69
 464 0387 05       		.byte	0x5
 465 0388 6F01     		.2byte	0x16f
 466 038a 25030000 		.4byte	0x325
 467 038e 0C       		.byte	0xc
 468 038f 09       		.uleb128 0x9
 469 0390 2B060000 		.4byte	.LASF70
 470 0394 05       		.byte	0x5
 471 0395 7101     		.2byte	0x171
 472 0397 41030000 		.4byte	0x341
 473 039b 10       		.byte	0x10
 474 039c 00       		.byte	0
 475 039d 03       		.uleb128 0x3
 476 039e B2010000 		.4byte	.LASF71
 477 03a2 04       		.byte	0x4
 478 03a3 66       		.byte	0x66
 479 03a4 A8030000 		.4byte	0x3a8
 480 03a8 0B       		.uleb128 0xb
 481 03a9 DD030000 		.4byte	.LASF72
 482 03ad 10       		.byte	0x10
 483 03ae 05       		.byte	0x5
 484 03af 7B01     		.2byte	0x17b
 485 03b1 EA030000 		.4byte	0x3ea
 486 03b5 09       		.uleb128 0x9
 487 03b6 CB020000 		.4byte	.LASF66
 488 03ba 05       		.byte	0x5
 489 03bb 7C01     		.2byte	0x17c
 490 03bd 00070000 		.4byte	0x700
 491 03c1 00       		.byte	0
 492 03c2 09       		.uleb128 0x9
 493 03c3 99020000 		.4byte	.LASF67
 494 03c7 05       		.byte	0x5
 495 03c8 7E01     		.2byte	0x17e
 496 03ca 00070000 		.4byte	0x700
 497 03ce 04       		.byte	0x4
 498 03cf 09       		.uleb128 0x9
 499 03d0 FA020000 		.4byte	.LASF68
 500 03d4 05       		.byte	0x5
 501 03d5 8001     		.2byte	0x180
 502 03d7 39010000 		.4byte	0x139
 503 03db 08       		.byte	0x8
 504 03dc 09       		.uleb128 0x9
 505 03dd 89060000 		.4byte	.LASF73
 506 03e1 05       		.byte	0x5
 507 03e2 8201     		.2byte	0x182
 508 03e4 44010000 		.4byte	0x144
 509 03e8 0C       		.byte	0xc
 510 03e9 00       		.byte	0
 511 03ea 03       		.uleb128 0x3
 512 03eb 46000000 		.4byte	.LASF74
 513 03ef 04       		.byte	0x4
ARM GAS  /tmp/ccuhRSVW.s 			page 10


 514 03f0 6B       		.byte	0x6b
 515 03f1 F5030000 		.4byte	0x3f5
 516 03f5 0B       		.uleb128 0xb
 517 03f6 86040000 		.4byte	.LASF75
 518 03fa 04       		.byte	0x4
 519 03fb 05       		.byte	0x5
 520 03fc A201     		.2byte	0x1a2
 521 03fe 10040000 		.4byte	0x410
 522 0402 09       		.uleb128 0x9
 523 0403 FB050000 		.4byte	.LASF76
 524 0407 05       		.byte	0x5
 525 0408 AA01     		.2byte	0x1aa
 526 040a EF060000 		.4byte	0x6ef
 527 040e 00       		.byte	0
 528 040f 00       		.byte	0
 529 0410 03       		.uleb128 0x3
 530 0411 61030000 		.4byte	.LASF77
 531 0415 04       		.byte	0x4
 532 0416 70       		.byte	0x70
 533 0417 1B040000 		.4byte	0x41b
 534 041b 0F       		.uleb128 0xf
 535 041c 52020000 		.4byte	.LASF78
 536 0420 5802     		.2byte	0x258
 537 0422 05       		.byte	0x5
 538 0423 C201     		.2byte	0x1c2
 539 0425 77040000 		.4byte	0x477
 540 0429 09       		.uleb128 0x9
 541 042a 4D060000 		.4byte	.LASF79
 542 042e 05       		.byte	0x5
 543 042f C601     		.2byte	0x1c6
 544 0431 BE020000 		.4byte	0x2be
 545 0435 00       		.byte	0
 546 0436 09       		.uleb128 0x9
 547 0437 41020000 		.4byte	.LASF80
 548 043b 05       		.byte	0x5
 549 043c CA01     		.2byte	0x1ca
 550 043e 9D030000 		.4byte	0x39d
 551 0442 1C       		.byte	0x1c
 552 0443 08       		.uleb128 0x8
 553 0444 64626700 		.ascii	"dbg\000"
 554 0448 05       		.byte	0x5
 555 0449 CE01     		.2byte	0x1ce
 556 044b EA030000 		.4byte	0x3ea
 557 044f 2C       		.byte	0x2c
 558 0450 09       		.uleb128 0x9
 559 0451 A7010000 		.4byte	.LASF81
 560 0455 05       		.byte	0x5
 561 0456 D201     		.2byte	0x1d2
 562 0458 49010000 		.4byte	0x149
 563 045c 30       		.byte	0x30
 564 045d 08       		.uleb128 0x8
 565 045e 746D00   		.ascii	"tm\000"
 566 0461 05       		.byte	0x5
 567 0462 D701     		.2byte	0x1d7
 568 0464 19060000 		.4byte	0x619
 569 0468 78       		.byte	0x78
 570 0469 09       		.uleb128 0x9
ARM GAS  /tmp/ccuhRSVW.s 			page 11


 571 046a A9020000 		.4byte	.LASF82
 572 046e 05       		.byte	0x5
 573 046f E301     		.2byte	0x1e3
 574 0471 06070000 		.4byte	0x706
 575 0475 80       		.byte	0x80
 576 0476 00       		.byte	0
 577 0477 10       		.uleb128 0x10
 578 0478 C8010000 		.4byte	.LASF83
 579 047c 06       		.byte	0x6
 580 047d A706     		.2byte	0x6a7
 581 047f BB000000 		.4byte	0xbb
 582 0483 11       		.uleb128 0x11
 583 0484 DC020000 		.4byte	.LASF84
 584 0488 07       		.byte	0x7
 585 0489 4C       		.byte	0x4c
 586 048a C0000000 		.4byte	0xc0
 587 048e 03       		.uleb128 0x3
 588 048f 90020000 		.4byte	.LASF85
 589 0493 08       		.byte	0x8
 590 0494 65       		.byte	0x65
 591 0495 41030000 		.4byte	0x341
 592 0499 03       		.uleb128 0x3
 593 049a 9D030000 		.4byte	.LASF86
 594 049e 08       		.byte	0x8
 595 049f 6D       		.byte	0x6d
 596 04a0 CB000000 		.4byte	0xcb
 597 04a4 06       		.uleb128 0x6
 598 04a5 1D060000 		.4byte	.LASF87
 599 04a9 04       		.byte	0x4
 600 04aa 08       		.byte	0x8
 601 04ab 89       		.byte	0x89
 602 04ac BD040000 		.4byte	0x4bd
 603 04b0 12       		.uleb128 0x12
 604 04b1 72313300 		.ascii	"r13\000"
 605 04b5 08       		.byte	0x8
 606 04b6 8A       		.byte	0x8a
 607 04b7 FE050000 		.4byte	0x5fe
 608 04bb 00       		.byte	0
 609 04bc 00       		.byte	0
 610 04bd 06       		.uleb128 0x6
 611 04be 3A000000 		.4byte	.LASF88
 612 04c2 64       		.byte	0x64
 613 04c3 09       		.byte	0x9
 614 04c4 F4       		.byte	0xf4
 615 04c5 FE050000 		.4byte	0x5fe
 616 04c9 12       		.uleb128 0x12
 617 04ca 73313600 		.ascii	"s16\000"
 618 04ce 09       		.byte	0x9
 619 04cf F6       		.byte	0xf6
 620 04d0 8E040000 		.4byte	0x48e
 621 04d4 00       		.byte	0
 622 04d5 12       		.uleb128 0x12
 623 04d6 73313700 		.ascii	"s17\000"
 624 04da 09       		.byte	0x9
 625 04db F7       		.byte	0xf7
 626 04dc 8E040000 		.4byte	0x48e
 627 04e0 04       		.byte	0x4
ARM GAS  /tmp/ccuhRSVW.s 			page 12


 628 04e1 12       		.uleb128 0x12
 629 04e2 73313800 		.ascii	"s18\000"
 630 04e6 09       		.byte	0x9
 631 04e7 F8       		.byte	0xf8
 632 04e8 8E040000 		.4byte	0x48e
 633 04ec 08       		.byte	0x8
 634 04ed 12       		.uleb128 0x12
 635 04ee 73313900 		.ascii	"s19\000"
 636 04f2 09       		.byte	0x9
 637 04f3 F9       		.byte	0xf9
 638 04f4 8E040000 		.4byte	0x48e
 639 04f8 0C       		.byte	0xc
 640 04f9 12       		.uleb128 0x12
 641 04fa 73323000 		.ascii	"s20\000"
 642 04fe 09       		.byte	0x9
 643 04ff FA       		.byte	0xfa
 644 0500 8E040000 		.4byte	0x48e
 645 0504 10       		.byte	0x10
 646 0505 12       		.uleb128 0x12
 647 0506 73323100 		.ascii	"s21\000"
 648 050a 09       		.byte	0x9
 649 050b FB       		.byte	0xfb
 650 050c 8E040000 		.4byte	0x48e
 651 0510 14       		.byte	0x14
 652 0511 12       		.uleb128 0x12
 653 0512 73323200 		.ascii	"s22\000"
 654 0516 09       		.byte	0x9
 655 0517 FC       		.byte	0xfc
 656 0518 8E040000 		.4byte	0x48e
 657 051c 18       		.byte	0x18
 658 051d 12       		.uleb128 0x12
 659 051e 73323300 		.ascii	"s23\000"
 660 0522 09       		.byte	0x9
 661 0523 FD       		.byte	0xfd
 662 0524 8E040000 		.4byte	0x48e
 663 0528 1C       		.byte	0x1c
 664 0529 12       		.uleb128 0x12
 665 052a 73323400 		.ascii	"s24\000"
 666 052e 09       		.byte	0x9
 667 052f FE       		.byte	0xfe
 668 0530 8E040000 		.4byte	0x48e
 669 0534 20       		.byte	0x20
 670 0535 12       		.uleb128 0x12
 671 0536 73323500 		.ascii	"s25\000"
 672 053a 09       		.byte	0x9
 673 053b FF       		.byte	0xff
 674 053c 8E040000 		.4byte	0x48e
 675 0540 24       		.byte	0x24
 676 0541 08       		.uleb128 0x8
 677 0542 73323600 		.ascii	"s26\000"
 678 0546 09       		.byte	0x9
 679 0547 0001     		.2byte	0x100
 680 0549 8E040000 		.4byte	0x48e
 681 054d 28       		.byte	0x28
 682 054e 08       		.uleb128 0x8
 683 054f 73323700 		.ascii	"s27\000"
 684 0553 09       		.byte	0x9
ARM GAS  /tmp/ccuhRSVW.s 			page 13


 685 0554 0101     		.2byte	0x101
 686 0556 8E040000 		.4byte	0x48e
 687 055a 2C       		.byte	0x2c
 688 055b 08       		.uleb128 0x8
 689 055c 73323800 		.ascii	"s28\000"
 690 0560 09       		.byte	0x9
 691 0561 0201     		.2byte	0x102
 692 0563 8E040000 		.4byte	0x48e
 693 0567 30       		.byte	0x30
 694 0568 08       		.uleb128 0x8
 695 0569 73323900 		.ascii	"s29\000"
 696 056d 09       		.byte	0x9
 697 056e 0301     		.2byte	0x103
 698 0570 8E040000 		.4byte	0x48e
 699 0574 34       		.byte	0x34
 700 0575 08       		.uleb128 0x8
 701 0576 73333000 		.ascii	"s30\000"
 702 057a 09       		.byte	0x9
 703 057b 0401     		.2byte	0x104
 704 057d 8E040000 		.4byte	0x48e
 705 0581 38       		.byte	0x38
 706 0582 08       		.uleb128 0x8
 707 0583 73333100 		.ascii	"s31\000"
 708 0587 09       		.byte	0x9
 709 0588 0501     		.2byte	0x105
 710 058a 8E040000 		.4byte	0x48e
 711 058e 3C       		.byte	0x3c
 712 058f 08       		.uleb128 0x8
 713 0590 723400   		.ascii	"r4\000"
 714 0593 09       		.byte	0x9
 715 0594 0701     		.2byte	0x107
 716 0596 8E040000 		.4byte	0x48e
 717 059a 40       		.byte	0x40
 718 059b 08       		.uleb128 0x8
 719 059c 723500   		.ascii	"r5\000"
 720 059f 09       		.byte	0x9
 721 05a0 0801     		.2byte	0x108
 722 05a2 8E040000 		.4byte	0x48e
 723 05a6 44       		.byte	0x44
 724 05a7 08       		.uleb128 0x8
 725 05a8 723600   		.ascii	"r6\000"
 726 05ab 09       		.byte	0x9
 727 05ac 0901     		.2byte	0x109
 728 05ae 8E040000 		.4byte	0x48e
 729 05b2 48       		.byte	0x48
 730 05b3 08       		.uleb128 0x8
 731 05b4 723700   		.ascii	"r7\000"
 732 05b7 09       		.byte	0x9
 733 05b8 0A01     		.2byte	0x10a
 734 05ba 8E040000 		.4byte	0x48e
 735 05be 4C       		.byte	0x4c
 736 05bf 08       		.uleb128 0x8
 737 05c0 723800   		.ascii	"r8\000"
 738 05c3 09       		.byte	0x9
 739 05c4 0B01     		.2byte	0x10b
 740 05c6 8E040000 		.4byte	0x48e
 741 05ca 50       		.byte	0x50
ARM GAS  /tmp/ccuhRSVW.s 			page 14


 742 05cb 08       		.uleb128 0x8
 743 05cc 723900   		.ascii	"r9\000"
 744 05cf 09       		.byte	0x9
 745 05d0 0C01     		.2byte	0x10c
 746 05d2 8E040000 		.4byte	0x48e
 747 05d6 54       		.byte	0x54
 748 05d7 08       		.uleb128 0x8
 749 05d8 72313000 		.ascii	"r10\000"
 750 05dc 09       		.byte	0x9
 751 05dd 0D01     		.2byte	0x10d
 752 05df 8E040000 		.4byte	0x48e
 753 05e3 58       		.byte	0x58
 754 05e4 08       		.uleb128 0x8
 755 05e5 72313100 		.ascii	"r11\000"
 756 05e9 09       		.byte	0x9
 757 05ea 0E01     		.2byte	0x10e
 758 05ec 8E040000 		.4byte	0x48e
 759 05f0 5C       		.byte	0x5c
 760 05f1 08       		.uleb128 0x8
 761 05f2 6C7200   		.ascii	"lr\000"
 762 05f5 09       		.byte	0x9
 763 05f6 0F01     		.2byte	0x10f
 764 05f8 8E040000 		.4byte	0x48e
 765 05fc 60       		.byte	0x60
 766 05fd 00       		.byte	0
 767 05fe 0A       		.uleb128 0xa
 768 05ff 04       		.byte	0x4
 769 0600 BD040000 		.4byte	0x4bd
 770 0604 13       		.uleb128 0x13
 771 0605 04       		.byte	0x4
 772 0606 0A       		.byte	0xa
 773 0607 38       		.byte	0x38
 774 0608 19060000 		.4byte	0x619
 775 060c 07       		.uleb128 0x7
 776 060d 16060000 		.4byte	.LASF89
 777 0611 0A       		.byte	0xa
 778 0612 3C       		.byte	0x3c
 779 0613 D6000000 		.4byte	0xd6
 780 0617 00       		.byte	0
 781 0618 00       		.byte	0
 782 0619 03       		.uleb128 0x3
 783 061a 20040000 		.4byte	.LASF90
 784 061e 0A       		.byte	0xa
 785 061f 3D       		.byte	0x3d
 786 0620 04060000 		.4byte	0x604
 787 0624 14       		.uleb128 0x14
 788 0625 04       		.byte	0x4
 789 0626 05       		.byte	0x5
 790 0627 FA       		.byte	0xfa
 791 0628 81060000 		.4byte	0x681
 792 062c 15       		.uleb128 0x15
 793 062d 20000000 		.4byte	.LASF91
 794 0631 05       		.byte	0x5
 795 0632 0101     		.2byte	0x101
 796 0634 18010000 		.4byte	0x118
 797 0638 15       		.uleb128 0x15
 798 0639 9E010000 		.4byte	.LASF92
ARM GAS  /tmp/ccuhRSVW.s 			page 15


 799 063d 05       		.byte	0x5
 800 063e 0801     		.2byte	0x108
 801 0640 18010000 		.4byte	0x118
 802 0644 15       		.uleb128 0x15
 803 0645 6E060000 		.4byte	.LASF93
 804 0649 05       		.byte	0x5
 805 064a 0F01     		.2byte	0x10f
 806 064c 41030000 		.4byte	0x341
 807 0650 15       		.uleb128 0x15
 808 0651 1A000000 		.4byte	.LASF94
 809 0655 05       		.byte	0x5
 810 0656 1601     		.2byte	0x116
 811 0658 81060000 		.4byte	0x681
 812 065c 15       		.uleb128 0x15
 813 065d F3020000 		.4byte	.LASF95
 814 0661 05       		.byte	0x5
 815 0662 1E01     		.2byte	0x11e
 816 0664 AC060000 		.4byte	0x6ac
 817 0668 15       		.uleb128 0x15
 818 0669 B0050000 		.4byte	.LASF96
 819 066d 05       		.byte	0x5
 820 066e 2701     		.2byte	0x127
 821 0670 E3060000 		.4byte	0x6e3
 822 0674 15       		.uleb128 0x15
 823 0675 DF040000 		.4byte	.LASF97
 824 0679 05       		.byte	0x5
 825 067a 2F01     		.2byte	0x12f
 826 067c 23010000 		.4byte	0x123
 827 0680 00       		.byte	0
 828 0681 0A       		.uleb128 0xa
 829 0682 04       		.byte	0x4
 830 0683 59020000 		.4byte	0x259
 831 0687 06       		.uleb128 0x6
 832 0688 4C050000 		.4byte	.LASF98
 833 068c 0C       		.byte	0xc
 834 068d 0B       		.byte	0xb
 835 068e 34       		.byte	0x34
 836 068f AC060000 		.4byte	0x6ac
 837 0693 07       		.uleb128 0x7
 838 0694 80020000 		.4byte	.LASF99
 839 0698 0B       		.byte	0xb
 840 0699 35       		.byte	0x35
 841 069a 8E020000 		.4byte	0x28e
 842 069e 00       		.byte	0
 843 069f 07       		.uleb128 0x7
 844 06a0 17030000 		.4byte	.LASF100
 845 06a4 0B       		.byte	0xb
 846 06a5 37       		.byte	0x37
 847 06a6 2E010000 		.4byte	0x12e
 848 06aa 08       		.byte	0x8
 849 06ab 00       		.byte	0
 850 06ac 0A       		.uleb128 0xa
 851 06ad 04       		.byte	0x4
 852 06ae 87060000 		.4byte	0x687
 853 06b2 06       		.uleb128 0x6
 854 06b3 3D060000 		.4byte	.LASF101
 855 06b7 10       		.byte	0x10
ARM GAS  /tmp/ccuhRSVW.s 			page 16


 856 06b8 0C       		.byte	0xc
 857 06b9 39       		.byte	0x39
 858 06ba E3060000 		.4byte	0x6e3
 859 06be 07       		.uleb128 0x7
 860 06bf 39020000 		.4byte	.LASF102
 861 06c3 0C       		.byte	0xc
 862 06c4 3A       		.byte	0x3a
 863 06c5 8E020000 		.4byte	0x28e
 864 06c9 00       		.byte	0
 865 06ca 07       		.uleb128 0x7
 866 06cb 9F060000 		.4byte	.LASF103
 867 06cf 0C       		.byte	0xc
 868 06d0 3C       		.byte	0x3c
 869 06d1 64020000 		.4byte	0x264
 870 06d5 08       		.byte	0x8
 871 06d6 07       		.uleb128 0x7
 872 06d7 CB050000 		.4byte	.LASF104
 873 06db 0C       		.byte	0xc
 874 06dc 3E       		.byte	0x3e
 875 06dd 38080000 		.4byte	0x838
 876 06e1 0C       		.byte	0xc
 877 06e2 00       		.byte	0
 878 06e3 0A       		.uleb128 0xa
 879 06e4 04       		.byte	0x4
 880 06e5 B2060000 		.4byte	0x6b2
 881 06e9 0A       		.uleb128 0xa
 882 06ea 04       		.byte	0x4
 883 06eb FB060000 		.4byte	0x6fb
 884 06ef 05       		.uleb128 0x5
 885 06f0 E9060000 		.4byte	0x6e9
 886 06f4 02       		.uleb128 0x2
 887 06f5 01       		.byte	0x1
 888 06f6 08       		.byte	0x8
 889 06f7 AB050000 		.4byte	.LASF105
 890 06fb 16       		.uleb128 0x16
 891 06fc F4060000 		.4byte	0x6f4
 892 0700 0A       		.uleb128 0xa
 893 0701 04       		.byte	0x4
 894 0702 43030000 		.4byte	0x343
 895 0706 17       		.uleb128 0x17
 896 0707 99040000 		.4byte	0x499
 897 070b 16070000 		.4byte	0x716
 898 070f 18       		.uleb128 0x18
 899 0710 93000000 		.4byte	0x93
 900 0714 3A       		.byte	0x3a
 901 0715 00       		.byte	0
 902 0716 19       		.uleb128 0x19
 903 0717 636800   		.ascii	"ch\000"
 904 071a 05       		.byte	0x5
 905 071b 0902     		.2byte	0x209
 906 071d 10040000 		.4byte	0x410
 907 0721 13       		.uleb128 0x13
 908 0722 16       		.byte	0x16
 909 0723 0D       		.byte	0xd
 910 0724 34       		.byte	0x34
 911 0725 02080000 		.4byte	0x802
 912 0729 07       		.uleb128 0x7
ARM GAS  /tmp/ccuhRSVW.s 			page 17


 913 072a A7060000 		.4byte	.LASF106
 914 072e 0D       		.byte	0xd
 915 072f 35       		.byte	0x35
 916 0730 02080000 		.4byte	0x802
 917 0734 00       		.byte	0
 918 0735 07       		.uleb128 0x7
 919 0736 B7030000 		.4byte	.LASF107
 920 073a 0D       		.byte	0xd
 921 073b 36       		.byte	0x36
 922 073c 9A000000 		.4byte	0x9a
 923 0740 04       		.byte	0x4
 924 0741 07       		.uleb128 0x7
 925 0742 91050000 		.4byte	.LASF108
 926 0746 0D       		.byte	0xd
 927 0747 37       		.byte	0x37
 928 0748 9A000000 		.4byte	0x9a
 929 074c 05       		.byte	0x5
 930 074d 07       		.uleb128 0x7
 931 074e 94060000 		.4byte	.LASF109
 932 0752 0D       		.byte	0xd
 933 0753 38       		.byte	0x38
 934 0754 A5000000 		.4byte	0xa5
 935 0758 06       		.byte	0x6
 936 0759 07       		.uleb128 0x7
 937 075a 5C040000 		.4byte	.LASF110
 938 075e 0D       		.byte	0xd
 939 075f 39       		.byte	0x39
 940 0760 9A000000 		.4byte	0x9a
 941 0764 08       		.byte	0x8
 942 0765 07       		.uleb128 0x7
 943 0766 F4030000 		.4byte	.LASF111
 944 076a 0D       		.byte	0xd
 945 076b 3A       		.byte	0x3a
 946 076c 9A000000 		.4byte	0x9a
 947 0770 09       		.byte	0x9
 948 0771 07       		.uleb128 0x7
 949 0772 90010000 		.4byte	.LASF112
 950 0776 0D       		.byte	0xd
 951 0777 3B       		.byte	0x3b
 952 0778 9A000000 		.4byte	0x9a
 953 077c 0A       		.byte	0xa
 954 077d 07       		.uleb128 0x7
 955 077e 6D050000 		.4byte	.LASF113
 956 0782 0D       		.byte	0xd
 957 0783 3C       		.byte	0x3c
 958 0784 9A000000 		.4byte	0x9a
 959 0788 0B       		.byte	0xb
 960 0789 07       		.uleb128 0x7
 961 078a 32060000 		.4byte	.LASF114
 962 078e 0D       		.byte	0xd
 963 078f 3D       		.byte	0x3d
 964 0790 9A000000 		.4byte	0x9a
 965 0794 0C       		.byte	0xc
 966 0795 07       		.uleb128 0x7
 967 0796 75060000 		.4byte	.LASF115
 968 079a 0D       		.byte	0xd
 969 079b 3E       		.byte	0x3e
ARM GAS  /tmp/ccuhRSVW.s 			page 18


 970 079c 9A000000 		.4byte	0x9a
 971 07a0 0D       		.byte	0xd
 972 07a1 07       		.uleb128 0x7
 973 07a2 00000000 		.4byte	.LASF116
 974 07a6 0D       		.byte	0xd
 975 07a7 3F       		.byte	0x3f
 976 07a8 9A000000 		.4byte	0x9a
 977 07ac 0E       		.byte	0xe
 978 07ad 07       		.uleb128 0x7
 979 07ae 00040000 		.4byte	.LASF117
 980 07b2 0D       		.byte	0xd
 981 07b3 40       		.byte	0x40
 982 07b4 9A000000 		.4byte	0x9a
 983 07b8 0F       		.byte	0xf
 984 07b9 07       		.uleb128 0x7
 985 07ba 14020000 		.4byte	.LASF118
 986 07be 0D       		.byte	0xd
 987 07bf 41       		.byte	0x41
 988 07c0 9A000000 		.4byte	0x9a
 989 07c4 10       		.byte	0x10
 990 07c5 07       		.uleb128 0x7
 991 07c6 ED010000 		.4byte	.LASF119
 992 07ca 0D       		.byte	0xd
 993 07cb 43       		.byte	0x43
 994 07cc 9A000000 		.4byte	0x9a
 995 07d0 11       		.byte	0x11
 996 07d1 07       		.uleb128 0x7
 997 07d2 24020000 		.4byte	.LASF120
 998 07d6 0D       		.byte	0xd
 999 07d7 44       		.byte	0x44
 1000 07d8 9A000000 		.4byte	0x9a
 1001 07dc 12       		.byte	0x12
 1002 07dd 07       		.uleb128 0x7
 1003 07de BF030000 		.4byte	.LASF121
 1004 07e2 0D       		.byte	0xd
 1005 07e3 45       		.byte	0x45
 1006 07e4 9A000000 		.4byte	0x9a
 1007 07e8 13       		.byte	0x13
 1008 07e9 07       		.uleb128 0x7
 1009 07ea F5040000 		.4byte	.LASF122
 1010 07ee 0D       		.byte	0xd
 1011 07ef 46       		.byte	0x46
 1012 07f0 9A000000 		.4byte	0x9a
 1013 07f4 14       		.byte	0x14
 1014 07f5 07       		.uleb128 0x7
 1015 07f6 6D030000 		.4byte	.LASF123
 1016 07fa 0D       		.byte	0xd
 1017 07fb 48       		.byte	0x48
 1018 07fc 9A000000 		.4byte	0x9a
 1019 0800 15       		.byte	0x15
 1020 0801 00       		.byte	0
 1021 0802 17       		.uleb128 0x17
 1022 0803 F4060000 		.4byte	0x6f4
 1023 0807 12080000 		.4byte	0x812
 1024 080b 18       		.uleb128 0x18
 1025 080c 93000000 		.4byte	0x93
 1026 0810 03       		.byte	0x3
ARM GAS  /tmp/ccuhRSVW.s 			page 19


 1027 0811 00       		.byte	0
 1028 0812 03       		.uleb128 0x3
 1029 0813 6E020000 		.4byte	.LASF124
 1030 0817 0D       		.byte	0xd
 1031 0818 49       		.byte	0x49
 1032 0819 21070000 		.4byte	0x721
 1033 081d 16       		.uleb128 0x16
 1034 081e 12080000 		.4byte	0x812
 1035 0822 11       		.uleb128 0x11
 1036 0823 0E030000 		.4byte	.LASF125
 1037 0827 0D       		.byte	0xd
 1038 0828 6E       		.byte	0x6e
 1039 0829 1D080000 		.4byte	0x81d
 1040 082d 03       		.uleb128 0x3
 1041 082e A1020000 		.4byte	.LASF126
 1042 0832 0C       		.byte	0xc
 1043 0833 34       		.byte	0x34
 1044 0834 B2060000 		.4byte	0x6b2
 1045 0838 0A       		.uleb128 0xa
 1046 0839 04       		.byte	0x4
 1047 083a 2D080000 		.4byte	0x82d
 1048 083e 02       		.uleb128 0x2
 1049 083f 04       		.byte	0x4
 1050 0840 04       		.byte	0x4
 1051 0841 4E040000 		.4byte	.LASF127
 1052 0845 02       		.uleb128 0x2
 1053 0846 01       		.byte	0x1
 1054 0847 02       		.byte	0x2
 1055 0848 96040000 		.4byte	.LASF128
 1056 084c 11       		.uleb128 0x11
 1057 084d 30030000 		.4byte	.LASF129
 1058 0851 0E       		.byte	0xe
 1059 0852 A7       		.byte	0xa7
 1060 0853 45080000 		.4byte	0x845
 1061 0857 00       		.byte	0
 1062              		.section	.debug_abbrev,"",%progbits
 1063              	.Ldebug_abbrev0:
 1064 0000 01       		.uleb128 0x1
 1065 0001 11       		.uleb128 0x11
 1066 0002 01       		.byte	0x1
 1067 0003 25       		.uleb128 0x25
 1068 0004 0E       		.uleb128 0xe
 1069 0005 13       		.uleb128 0x13
 1070 0006 0B       		.uleb128 0xb
 1071 0007 03       		.uleb128 0x3
 1072 0008 0E       		.uleb128 0xe
 1073 0009 1B       		.uleb128 0x1b
 1074 000a 0E       		.uleb128 0xe
 1075 000b 10       		.uleb128 0x10
 1076 000c 17       		.uleb128 0x17
 1077 000d 00       		.byte	0
 1078 000e 00       		.byte	0
 1079 000f 02       		.uleb128 0x2
 1080 0010 24       		.uleb128 0x24
 1081 0011 00       		.byte	0
 1082 0012 0B       		.uleb128 0xb
 1083 0013 0B       		.uleb128 0xb
ARM GAS  /tmp/ccuhRSVW.s 			page 20


 1084 0014 3E       		.uleb128 0x3e
 1085 0015 0B       		.uleb128 0xb
 1086 0016 03       		.uleb128 0x3
 1087 0017 0E       		.uleb128 0xe
 1088 0018 00       		.byte	0
 1089 0019 00       		.byte	0
 1090 001a 03       		.uleb128 0x3
 1091 001b 16       		.uleb128 0x16
 1092 001c 00       		.byte	0
 1093 001d 03       		.uleb128 0x3
 1094 001e 0E       		.uleb128 0xe
 1095 001f 3A       		.uleb128 0x3a
 1096 0020 0B       		.uleb128 0xb
 1097 0021 3B       		.uleb128 0x3b
 1098 0022 0B       		.uleb128 0xb
 1099 0023 49       		.uleb128 0x49
 1100 0024 13       		.uleb128 0x13
 1101 0025 00       		.byte	0
 1102 0026 00       		.byte	0
 1103 0027 04       		.uleb128 0x4
 1104 0028 24       		.uleb128 0x24
 1105 0029 00       		.byte	0
 1106 002a 0B       		.uleb128 0xb
 1107 002b 0B       		.uleb128 0xb
 1108 002c 3E       		.uleb128 0x3e
 1109 002d 0B       		.uleb128 0xb
 1110 002e 03       		.uleb128 0x3
 1111 002f 08       		.uleb128 0x8
 1112 0030 00       		.byte	0
 1113 0031 00       		.byte	0
 1114 0032 05       		.uleb128 0x5
 1115 0033 35       		.uleb128 0x35
 1116 0034 00       		.byte	0
 1117 0035 49       		.uleb128 0x49
 1118 0036 13       		.uleb128 0x13
 1119 0037 00       		.byte	0
 1120 0038 00       		.byte	0
 1121 0039 06       		.uleb128 0x6
 1122 003a 13       		.uleb128 0x13
 1123 003b 01       		.byte	0x1
 1124 003c 03       		.uleb128 0x3
 1125 003d 0E       		.uleb128 0xe
 1126 003e 0B       		.uleb128 0xb
 1127 003f 0B       		.uleb128 0xb
 1128 0040 3A       		.uleb128 0x3a
 1129 0041 0B       		.uleb128 0xb
 1130 0042 3B       		.uleb128 0x3b
 1131 0043 0B       		.uleb128 0xb
 1132 0044 01       		.uleb128 0x1
 1133 0045 13       		.uleb128 0x13
 1134 0046 00       		.byte	0
 1135 0047 00       		.byte	0
 1136 0048 07       		.uleb128 0x7
 1137 0049 0D       		.uleb128 0xd
 1138 004a 00       		.byte	0
 1139 004b 03       		.uleb128 0x3
 1140 004c 0E       		.uleb128 0xe
ARM GAS  /tmp/ccuhRSVW.s 			page 21


 1141 004d 3A       		.uleb128 0x3a
 1142 004e 0B       		.uleb128 0xb
 1143 004f 3B       		.uleb128 0x3b
 1144 0050 0B       		.uleb128 0xb
 1145 0051 49       		.uleb128 0x49
 1146 0052 13       		.uleb128 0x13
 1147 0053 38       		.uleb128 0x38
 1148 0054 0B       		.uleb128 0xb
 1149 0055 00       		.byte	0
 1150 0056 00       		.byte	0
 1151 0057 08       		.uleb128 0x8
 1152 0058 0D       		.uleb128 0xd
 1153 0059 00       		.byte	0
 1154 005a 03       		.uleb128 0x3
 1155 005b 08       		.uleb128 0x8
 1156 005c 3A       		.uleb128 0x3a
 1157 005d 0B       		.uleb128 0xb
 1158 005e 3B       		.uleb128 0x3b
 1159 005f 05       		.uleb128 0x5
 1160 0060 49       		.uleb128 0x49
 1161 0061 13       		.uleb128 0x13
 1162 0062 38       		.uleb128 0x38
 1163 0063 0B       		.uleb128 0xb
 1164 0064 00       		.byte	0
 1165 0065 00       		.byte	0
 1166 0066 09       		.uleb128 0x9
 1167 0067 0D       		.uleb128 0xd
 1168 0068 00       		.byte	0
 1169 0069 03       		.uleb128 0x3
 1170 006a 0E       		.uleb128 0xe
 1171 006b 3A       		.uleb128 0x3a
 1172 006c 0B       		.uleb128 0xb
 1173 006d 3B       		.uleb128 0x3b
 1174 006e 05       		.uleb128 0x5
 1175 006f 49       		.uleb128 0x49
 1176 0070 13       		.uleb128 0x13
 1177 0071 38       		.uleb128 0x38
 1178 0072 0B       		.uleb128 0xb
 1179 0073 00       		.byte	0
 1180 0074 00       		.byte	0
 1181 0075 0A       		.uleb128 0xa
 1182 0076 0F       		.uleb128 0xf
 1183 0077 00       		.byte	0
 1184 0078 0B       		.uleb128 0xb
 1185 0079 0B       		.uleb128 0xb
 1186 007a 49       		.uleb128 0x49
 1187 007b 13       		.uleb128 0x13
 1188 007c 00       		.byte	0
 1189 007d 00       		.byte	0
 1190 007e 0B       		.uleb128 0xb
 1191 007f 13       		.uleb128 0x13
 1192 0080 01       		.byte	0x1
 1193 0081 03       		.uleb128 0x3
 1194 0082 0E       		.uleb128 0xe
 1195 0083 0B       		.uleb128 0xb
 1196 0084 0B       		.uleb128 0xb
 1197 0085 3A       		.uleb128 0x3a
ARM GAS  /tmp/ccuhRSVW.s 			page 22


 1198 0086 0B       		.uleb128 0xb
 1199 0087 3B       		.uleb128 0x3b
 1200 0088 05       		.uleb128 0x5
 1201 0089 01       		.uleb128 0x1
 1202 008a 13       		.uleb128 0x13
 1203 008b 00       		.byte	0
 1204 008c 00       		.byte	0
 1205 008d 0C       		.uleb128 0xc
 1206 008e 15       		.uleb128 0x15
 1207 008f 01       		.byte	0x1
 1208 0090 27       		.uleb128 0x27
 1209 0091 19       		.uleb128 0x19
 1210 0092 01       		.uleb128 0x1
 1211 0093 13       		.uleb128 0x13
 1212 0094 00       		.byte	0
 1213 0095 00       		.byte	0
 1214 0096 0D       		.uleb128 0xd
 1215 0097 05       		.uleb128 0x5
 1216 0098 00       		.byte	0
 1217 0099 49       		.uleb128 0x49
 1218 009a 13       		.uleb128 0x13
 1219 009b 00       		.byte	0
 1220 009c 00       		.byte	0
 1221 009d 0E       		.uleb128 0xe
 1222 009e 0F       		.uleb128 0xf
 1223 009f 00       		.byte	0
 1224 00a0 0B       		.uleb128 0xb
 1225 00a1 0B       		.uleb128 0xb
 1226 00a2 00       		.byte	0
 1227 00a3 00       		.byte	0
 1228 00a4 0F       		.uleb128 0xf
 1229 00a5 13       		.uleb128 0x13
 1230 00a6 01       		.byte	0x1
 1231 00a7 03       		.uleb128 0x3
 1232 00a8 0E       		.uleb128 0xe
 1233 00a9 0B       		.uleb128 0xb
 1234 00aa 05       		.uleb128 0x5
 1235 00ab 3A       		.uleb128 0x3a
 1236 00ac 0B       		.uleb128 0xb
 1237 00ad 3B       		.uleb128 0x3b
 1238 00ae 05       		.uleb128 0x5
 1239 00af 01       		.uleb128 0x1
 1240 00b0 13       		.uleb128 0x13
 1241 00b1 00       		.byte	0
 1242 00b2 00       		.byte	0
 1243 00b3 10       		.uleb128 0x10
 1244 00b4 34       		.uleb128 0x34
 1245 00b5 00       		.byte	0
 1246 00b6 03       		.uleb128 0x3
 1247 00b7 0E       		.uleb128 0xe
 1248 00b8 3A       		.uleb128 0x3a
 1249 00b9 0B       		.uleb128 0xb
 1250 00ba 3B       		.uleb128 0x3b
 1251 00bb 05       		.uleb128 0x5
 1252 00bc 49       		.uleb128 0x49
 1253 00bd 13       		.uleb128 0x13
 1254 00be 3F       		.uleb128 0x3f
ARM GAS  /tmp/ccuhRSVW.s 			page 23


 1255 00bf 19       		.uleb128 0x19
 1256 00c0 3C       		.uleb128 0x3c
 1257 00c1 19       		.uleb128 0x19
 1258 00c2 00       		.byte	0
 1259 00c3 00       		.byte	0
 1260 00c4 11       		.uleb128 0x11
 1261 00c5 34       		.uleb128 0x34
 1262 00c6 00       		.byte	0
 1263 00c7 03       		.uleb128 0x3
 1264 00c8 0E       		.uleb128 0xe
 1265 00c9 3A       		.uleb128 0x3a
 1266 00ca 0B       		.uleb128 0xb
 1267 00cb 3B       		.uleb128 0x3b
 1268 00cc 0B       		.uleb128 0xb
 1269 00cd 49       		.uleb128 0x49
 1270 00ce 13       		.uleb128 0x13
 1271 00cf 3F       		.uleb128 0x3f
 1272 00d0 19       		.uleb128 0x19
 1273 00d1 3C       		.uleb128 0x3c
 1274 00d2 19       		.uleb128 0x19
 1275 00d3 00       		.byte	0
 1276 00d4 00       		.byte	0
 1277 00d5 12       		.uleb128 0x12
 1278 00d6 0D       		.uleb128 0xd
 1279 00d7 00       		.byte	0
 1280 00d8 03       		.uleb128 0x3
 1281 00d9 08       		.uleb128 0x8
 1282 00da 3A       		.uleb128 0x3a
 1283 00db 0B       		.uleb128 0xb
 1284 00dc 3B       		.uleb128 0x3b
 1285 00dd 0B       		.uleb128 0xb
 1286 00de 49       		.uleb128 0x49
 1287 00df 13       		.uleb128 0x13
 1288 00e0 38       		.uleb128 0x38
 1289 00e1 0B       		.uleb128 0xb
 1290 00e2 00       		.byte	0
 1291 00e3 00       		.byte	0
 1292 00e4 13       		.uleb128 0x13
 1293 00e5 13       		.uleb128 0x13
 1294 00e6 01       		.byte	0x1
 1295 00e7 0B       		.uleb128 0xb
 1296 00e8 0B       		.uleb128 0xb
 1297 00e9 3A       		.uleb128 0x3a
 1298 00ea 0B       		.uleb128 0xb
 1299 00eb 3B       		.uleb128 0x3b
 1300 00ec 0B       		.uleb128 0xb
 1301 00ed 01       		.uleb128 0x1
 1302 00ee 13       		.uleb128 0x13
 1303 00ef 00       		.byte	0
 1304 00f0 00       		.byte	0
 1305 00f1 14       		.uleb128 0x14
 1306 00f2 17       		.uleb128 0x17
 1307 00f3 01       		.byte	0x1
 1308 00f4 0B       		.uleb128 0xb
 1309 00f5 0B       		.uleb128 0xb
 1310 00f6 3A       		.uleb128 0x3a
 1311 00f7 0B       		.uleb128 0xb
ARM GAS  /tmp/ccuhRSVW.s 			page 24


 1312 00f8 3B       		.uleb128 0x3b
 1313 00f9 0B       		.uleb128 0xb
 1314 00fa 01       		.uleb128 0x1
 1315 00fb 13       		.uleb128 0x13
 1316 00fc 00       		.byte	0
 1317 00fd 00       		.byte	0
 1318 00fe 15       		.uleb128 0x15
 1319 00ff 0D       		.uleb128 0xd
 1320 0100 00       		.byte	0
 1321 0101 03       		.uleb128 0x3
 1322 0102 0E       		.uleb128 0xe
 1323 0103 3A       		.uleb128 0x3a
 1324 0104 0B       		.uleb128 0xb
 1325 0105 3B       		.uleb128 0x3b
 1326 0106 05       		.uleb128 0x5
 1327 0107 49       		.uleb128 0x49
 1328 0108 13       		.uleb128 0x13
 1329 0109 00       		.byte	0
 1330 010a 00       		.byte	0
 1331 010b 16       		.uleb128 0x16
 1332 010c 26       		.uleb128 0x26
 1333 010d 00       		.byte	0
 1334 010e 49       		.uleb128 0x49
 1335 010f 13       		.uleb128 0x13
 1336 0110 00       		.byte	0
 1337 0111 00       		.byte	0
 1338 0112 17       		.uleb128 0x17
 1339 0113 01       		.uleb128 0x1
 1340 0114 01       		.byte	0x1
 1341 0115 49       		.uleb128 0x49
 1342 0116 13       		.uleb128 0x13
 1343 0117 01       		.uleb128 0x1
 1344 0118 13       		.uleb128 0x13
 1345 0119 00       		.byte	0
 1346 011a 00       		.byte	0
 1347 011b 18       		.uleb128 0x18
 1348 011c 21       		.uleb128 0x21
 1349 011d 00       		.byte	0
 1350 011e 49       		.uleb128 0x49
 1351 011f 13       		.uleb128 0x13
 1352 0120 2F       		.uleb128 0x2f
 1353 0121 0B       		.uleb128 0xb
 1354 0122 00       		.byte	0
 1355 0123 00       		.byte	0
 1356 0124 19       		.uleb128 0x19
 1357 0125 34       		.uleb128 0x34
 1358 0126 00       		.byte	0
 1359 0127 03       		.uleb128 0x3
 1360 0128 08       		.uleb128 0x8
 1361 0129 3A       		.uleb128 0x3a
 1362 012a 0B       		.uleb128 0xb
 1363 012b 3B       		.uleb128 0x3b
 1364 012c 05       		.uleb128 0x5
 1365 012d 49       		.uleb128 0x49
 1366 012e 13       		.uleb128 0x13
 1367 012f 3F       		.uleb128 0x3f
 1368 0130 19       		.uleb128 0x19
ARM GAS  /tmp/ccuhRSVW.s 			page 25


 1369 0131 3C       		.uleb128 0x3c
 1370 0132 19       		.uleb128 0x19
 1371 0133 00       		.byte	0
 1372 0134 00       		.byte	0
 1373 0135 00       		.byte	0
 1374              		.section	.debug_aranges,"",%progbits
 1375 0000 14000000 		.4byte	0x14
 1376 0004 0200     		.2byte	0x2
 1377 0006 00000000 		.4byte	.Ldebug_info0
 1378 000a 04       		.byte	0x4
 1379 000b 00       		.byte	0
 1380 000c 0000     		.2byte	0
 1381 000e 0000     		.2byte	0
 1382 0010 00000000 		.4byte	0
 1383 0014 00000000 		.4byte	0
 1384              		.section	.debug_line,"",%progbits
 1385              	.Ldebug_line0:
 1386 0000 D6010000 		.section	.debug_str,"MS",%progbits,1
 1386      0200D001 
 1386      00000201 
 1386      FB0E0D00 
 1386      01010101 
 1387              	.LASF116:
 1388 0000 63665F6F 		.ascii	"cf_off_older\000"
 1388      66665F6F 
 1388      6C646572 
 1388      00
 1389              	.LASF55:
 1390 000d 72656164 		.ascii	"ready_list_t\000"
 1390      795F6C69 
 1390      73745F74 
 1390      00
 1391              	.LASF94:
 1392 001a 77747472 		.ascii	"wttrp\000"
 1392      7000
 1393              	.LASF91:
 1394 0020 7264796D 		.ascii	"rdymsg\000"
 1394      736700
 1395              	.LASF18:
 1396 0027 75696E74 		.ascii	"uint64_t\000"
 1396      36345F74 
 1396      00
 1397              	.LASF3:
 1398 0030 5F5F7569 		.ascii	"__uint8_t\000"
 1398      6E74385F 
 1398      7400
 1399              	.LASF88:
 1400 003a 706F7274 		.ascii	"port_intctx\000"
 1400      5F696E74 
 1400      63747800 
 1401              	.LASF74:
 1402 0046 73797374 		.ascii	"system_debug_t\000"
 1402      656D5F64 
 1402      65627567 
 1402      5F7400
 1403              	.LASF130:
 1404 0055 474E5520 		.ascii	"GNU C99 7.3.1 20180622 (release) [ARM/embedded-7-br"
ARM GAS  /tmp/ccuhRSVW.s 			page 26


 1404      43393920 
 1404      372E332E 
 1404      31203230 
 1404      31383036 
 1405 0088 616E6368 		.ascii	"anch revision 261907] -mcpu=cortex-m4 -mfloat-abi=h"
 1405      20726576 
 1405      6973696F 
 1405      6E203236 
 1405      31393037 
 1406 00bb 61726420 		.ascii	"ard -mfpu=fpv4-sp-d16 -mno-thumb-interwork -mthumb "
 1406      2D6D6670 
 1406      753D6670 
 1406      76342D73 
 1406      702D6431 
 1407 00ee 2D676764 		.ascii	"-ggdb -O2 -std=gnu99 -fomit-frame-pointer -falign-f"
 1407      62202D4F 
 1407      32202D73 
 1407      74643D67 
 1407      6E753939 
 1408 0121 756E6374 		.ascii	"unctions=16 -ffunction-sections -fdata-sections -fn"
 1408      696F6E73 
 1408      3D313620 
 1408      2D666675 
 1408      6E637469 
 1409 0154 6F2D636F 		.ascii	"o-common -fsingle-precision-constant\000"
 1409      6D6D6F6E 
 1409      202D6673 
 1409      696E676C 
 1409      652D7072 
 1410              	.LASF12:
 1411 0179 6C6F6E67 		.ascii	"long long unsigned int\000"
 1411      206C6F6E 
 1411      6720756E 
 1411      7369676E 
 1411      65642069 
 1412              	.LASF112:
 1413 0190 63685F74 		.ascii	"ch_threadsize\000"
 1413      68726561 
 1413      6473697A 
 1413      6500
 1414              	.LASF92:
 1415 019e 65786974 		.ascii	"exitcode\000"
 1415      636F6465 
 1415      00
 1416              	.LASF81:
 1417 01a7 6D61696E 		.ascii	"mainthread\000"
 1417      74687265 
 1417      616400
 1418              	.LASF71:
 1419 01b2 76697274 		.ascii	"virtual_timers_list_t\000"
 1419      75616C5F 
 1419      74696D65 
 1419      72735F6C 
 1419      6973745F 
 1420              	.LASF83:
 1421 01c8 49544D5F 		.ascii	"ITM_RxBuffer\000"
 1421      52784275 
ARM GAS  /tmp/ccuhRSVW.s 			page 27


 1421      66666572 
 1421      00
 1422              	.LASF54:
 1423 01d5 63685F74 		.ascii	"ch_threads_queue\000"
 1423      68726561 
 1423      64735F71 
 1423      75657565 
 1423      00
 1424              	.LASF32:
 1425 01e6 705F7072 		.ascii	"p_prio\000"
 1425      696F00
 1426              	.LASF119:
 1427 01ed 63665F6F 		.ascii	"cf_off_state\000"
 1427      66665F73 
 1427      74617465 
 1427      00
 1428              	.LASF10:
 1429 01fa 6C6F6E67 		.ascii	"long long int\000"
 1429      206C6F6E 
 1429      6720696E 
 1429      7400
 1430              	.LASF0:
 1431 0208 7369676E 		.ascii	"signed char\000"
 1431      65642063 
 1431      68617200 
 1432              	.LASF118:
 1433 0214 63665F6F 		.ascii	"cf_off_stklimit\000"
 1433      66665F73 
 1433      746B6C69 
 1433      6D697400 
 1434              	.LASF120:
 1435 0224 63665F6F 		.ascii	"cf_off_flags\000"
 1435      66665F66 
 1435      6C616773 
 1435      00
 1436              	.LASF48:
 1437 0231 705F6D70 		.ascii	"p_mpool\000"
 1437      6F6F6C00 
 1438              	.LASF102:
 1439 0239 6D5F7175 		.ascii	"m_queue\000"
 1439      65756500 
 1440              	.LASF80:
 1441 0241 76746C69 		.ascii	"vtlist\000"
 1441      737400
 1442              	.LASF23:
 1443 0248 74736C69 		.ascii	"tslices_t\000"
 1443      6365735F 
 1443      7400
 1444              	.LASF78:
 1445 0252 63685F73 		.ascii	"ch_system\000"
 1445      79737465 
 1445      6D00
 1446              	.LASF7:
 1447 025c 6C6F6E67 		.ascii	"long int\000"
 1447      20696E74 
 1447      00
 1448              	.LASF21:
ARM GAS  /tmp/ccuhRSVW.s 			page 28


 1449 0265 74737461 		.ascii	"tstate_t\000"
 1449      74655F74 
 1449      00
 1450              	.LASF124:
 1451 026e 63686465 		.ascii	"chdebug_t\000"
 1451      6275675F 
 1451      7400
 1452              	.LASF34:
 1453 0278 705F6E65 		.ascii	"p_newer\000"
 1453      77657200 
 1454              	.LASF99:
 1455 0280 735F7175 		.ascii	"s_queue\000"
 1455      65756500 
 1456              	.LASF60:
 1457 0288 725F6E65 		.ascii	"r_newer\000"
 1457      77657200 
 1458              	.LASF85:
 1459 0290 72656761 		.ascii	"regarm_t\000"
 1459      726D5F74 
 1459      00
 1460              	.LASF67:
 1461 0299 76745F70 		.ascii	"vt_prev\000"
 1461      72657600 
 1462              	.LASF126:
 1463 02a1 6D757465 		.ascii	"mutex_t\000"
 1463      785F7400 
 1464              	.LASF82:
 1465 02a9 69646C65 		.ascii	"idle_thread_wa\000"
 1465      5F746872 
 1465      6561645F 
 1465      776100
 1466              	.LASF27:
 1467 02b8 636E745F 		.ascii	"cnt_t\000"
 1467      7400
 1468              	.LASF13:
 1469 02be 756E7369 		.ascii	"unsigned int\000"
 1469      676E6564 
 1469      20696E74 
 1469      00
 1470              	.LASF66:
 1471 02cb 76745F6E 		.ascii	"vt_next\000"
 1471      65787400 
 1472              	.LASF15:
 1473 02d3 75696E74 		.ascii	"uint16_t\000"
 1473      31365F74 
 1473      00
 1474              	.LASF84:
 1475 02dc 53797374 		.ascii	"SystemCoreClock\000"
 1475      656D436F 
 1475      7265436C 
 1475      6F636B00 
 1476              	.LASF41:
 1477 02ec 705F7469 		.ascii	"p_time\000"
 1477      6D6500
 1478              	.LASF95:
 1479 02f3 77747365 		.ascii	"wtsemp\000"
 1479      6D7000
ARM GAS  /tmp/ccuhRSVW.s 			page 29


 1480              	.LASF68:
 1481 02fa 76745F64 		.ascii	"vt_delta\000"
 1481      656C7461 
 1481      00
 1482              	.LASF43:
 1483 0303 705F6D73 		.ascii	"p_msgqueue\000"
 1483      67717565 
 1483      756500
 1484              	.LASF125:
 1485 030e 63685F64 		.ascii	"ch_debug\000"
 1485      65627567 
 1485      00
 1486              	.LASF100:
 1487 0317 735F636E 		.ascii	"s_cnt\000"
 1487      7400
 1488              	.LASF5:
 1489 031d 73686F72 		.ascii	"short unsigned int\000"
 1489      7420756E 
 1489      7369676E 
 1489      65642069 
 1489      6E7400
 1490              	.LASF129:
 1491 0330 636F6E66 		.ascii	"conf_general_permanent_nrf_found\000"
 1491      5F67656E 
 1491      6572616C 
 1491      5F706572 
 1491      6D616E65 
 1492              	.LASF51:
 1493 0351 63685F74 		.ascii	"ch_thread\000"
 1493      68726561 
 1493      6400
 1494              	.LASF25:
 1495 035b 6D73675F 		.ascii	"msg_t\000"
 1495      7400
 1496              	.LASF77:
 1497 0361 63685F73 		.ascii	"ch_system_t\000"
 1497      79737465 
 1497      6D5F7400 
 1498              	.LASF123:
 1499 036d 63665F6F 		.ascii	"cf_off_time\000"
 1499      66665F74 
 1499      696D6500 
 1500              	.LASF56:
 1501 0379 63685F72 		.ascii	"ch_ready_list\000"
 1501      65616479 
 1501      5F6C6973 
 1501      7400
 1502              	.LASF26:
 1503 0387 6576656E 		.ascii	"eventmask_t\000"
 1503      746D6173 
 1503      6B5F7400 
 1504              	.LASF6:
 1505 0393 5F5F696E 		.ascii	"__int32_t\000"
 1505      7433325F 
 1505      7400
 1506              	.LASF86:
 1507 039d 73746B61 		.ascii	"stkalign_t\000"
ARM GAS  /tmp/ccuhRSVW.s 			page 30


 1507      6C69676E 
 1507      5F7400
 1508              	.LASF50:
 1509 03a8 74687265 		.ascii	"threads_list_t\000"
 1509      6164735F 
 1509      6C697374 
 1509      5F7400
 1510              	.LASF107:
 1511 03b7 63685F7A 		.ascii	"ch_zero\000"
 1511      65726F00 
 1512              	.LASF121:
 1513 03bf 63665F6F 		.ascii	"cf_off_refs\000"
 1513      66665F72 
 1513      65667300 
 1514              	.LASF42:
 1515 03cb 705F7761 		.ascii	"p_waiting\000"
 1515      6974696E 
 1515      6700
 1516              	.LASF19:
 1517 03d5 7274636E 		.ascii	"rtcnt_t\000"
 1517      745F7400 
 1518              	.LASF72:
 1519 03dd 63685F76 		.ascii	"ch_virtual_timers_list\000"
 1519      69727475 
 1519      616C5F74 
 1519      696D6572 
 1519      735F6C69 
 1520              	.LASF111:
 1521 03f4 63685F74 		.ascii	"ch_timesize\000"
 1521      696D6573 
 1521      697A6500 
 1522              	.LASF117:
 1523 0400 63665F6F 		.ascii	"cf_off_name\000"
 1523      66665F6E 
 1523      616D6500 
 1524              	.LASF35:
 1525 040c 705F6F6C 		.ascii	"p_older\000"
 1525      64657200 
 1526              	.LASF59:
 1527 0414 725F6374 		.ascii	"r_ctx\000"
 1527      7800
 1528              	.LASF33:
 1529 041a 705F6374 		.ascii	"p_ctx\000"
 1529      7800
 1530              	.LASF90:
 1531 0420 746D5F63 		.ascii	"tm_calibration_t\000"
 1531      616C6962 
 1531      72617469 
 1531      6F6E5F74 
 1531      00
 1532              	.LASF62:
 1533 0431 725F6375 		.ascii	"r_current\000"
 1533      7272656E 
 1533      7400
 1534              	.LASF61:
 1535 043b 725F6F6C 		.ascii	"r_older\000"
 1535      64657200 
ARM GAS  /tmp/ccuhRSVW.s 			page 31


 1536              	.LASF11:
 1537 0443 5F5F7569 		.ascii	"__uint64_t\000"
 1537      6E743634 
 1537      5F7400
 1538              	.LASF127:
 1539 044e 666C6F61 		.ascii	"float\000"
 1539      7400
 1540              	.LASF22:
 1541 0454 74726566 		.ascii	"trefs_t\000"
 1541      735F7400 
 1542              	.LASF110:
 1543 045c 63685F70 		.ascii	"ch_ptrsize\000"
 1543      74727369 
 1543      7A6500
 1544              	.LASF64:
 1545 0467 76697274 		.ascii	"virtual_timer_t\000"
 1545      75616C5F 
 1545      74696D65 
 1545      725F7400 
 1546              	.LASF31:
 1547 0477 705F7072 		.ascii	"p_prev\000"
 1547      657600
 1548              	.LASF24:
 1549 047e 74707269 		.ascii	"tprio_t\000"
 1549      6F5F7400 
 1550              	.LASF75:
 1551 0486 63685F73 		.ascii	"ch_system_debug\000"
 1551      79737465 
 1551      6D5F6465 
 1551      62756700 
 1552              	.LASF128:
 1553 0496 5F426F6F 		.ascii	"_Bool\000"
 1553      6C00
 1554              	.LASF16:
 1555 049c 696E7433 		.ascii	"int32_t\000"
 1555      325F7400 
 1556              	.LASF1:
 1557 04a4 756E7369 		.ascii	"unsigned char\000"
 1557      676E6564 
 1557      20636861 
 1557      7200
 1558              	.LASF46:
 1559 04b2 705F6D74 		.ascii	"p_mtxlist\000"
 1559      786C6973 
 1559      7400
 1560              	.LASF2:
 1561 04bc 73686F72 		.ascii	"short int\000"
 1561      7420696E 
 1561      7400
 1562              	.LASF37:
 1563 04c6 705F7374 		.ascii	"p_state\000"
 1563      61746500 
 1564              	.LASF40:
 1565 04ce 705F7072 		.ascii	"p_preempt\000"
 1565      65656D70 
 1565      7400
 1566              	.LASF58:
ARM GAS  /tmp/ccuhRSVW.s 			page 32


 1567 04d8 725F7072 		.ascii	"r_prio\000"
 1567      696F00
 1568              	.LASF97:
 1569 04df 65776D61 		.ascii	"ewmask\000"
 1569      736B00
 1570              	.LASF30:
 1571 04e6 705F6E65 		.ascii	"p_next\000"
 1571      787400
 1572              	.LASF20:
 1573 04ed 746D6F64 		.ascii	"tmode_t\000"
 1573      655F7400 
 1574              	.LASF122:
 1575 04f5 63665F6F 		.ascii	"cf_off_preempt\000"
 1575      66665F70 
 1575      7265656D 
 1575      707400
 1576              	.LASF38:
 1577 0504 705F666C 		.ascii	"p_flags\000"
 1577      61677300 
 1578              	.LASF53:
 1579 050c 74687265 		.ascii	"threads_queue_t\000"
 1579      6164735F 
 1579      71756575 
 1579      655F7400 
 1580              	.LASF65:
 1581 051c 63685F76 		.ascii	"ch_virtual_timer\000"
 1581      69727475 
 1581      616C5F74 
 1581      696D6572 
 1581      00
 1582              	.LASF132:
 1583 052d 2F686F6D 		.ascii	"/home/renan/BLDC/bldc-firmware\000"
 1583      652F7265 
 1583      6E616E2F 
 1583      424C4443 
 1583      2F626C64 
 1584              	.LASF98:
 1585 054c 63685F73 		.ascii	"ch_semaphore\000"
 1585      656D6170 
 1585      686F7265 
 1585      00
 1586              	.LASF45:
 1587 0559 705F6570 		.ascii	"p_epending\000"
 1587      656E6469 
 1587      6E6700
 1588              	.LASF17:
 1589 0564 75696E74 		.ascii	"uint32_t\000"
 1589      33325F74 
 1589      00
 1590              	.LASF113:
 1591 056d 63665F6F 		.ascii	"cf_off_prio\000"
 1591      66665F70 
 1591      72696F00 
 1592              	.LASF57:
 1593 0579 725F7175 		.ascii	"r_queue\000"
 1593      65756500 
 1594              	.LASF52:
ARM GAS  /tmp/ccuhRSVW.s 			page 33


 1595 0581 63685F74 		.ascii	"ch_threads_list\000"
 1595      68726561 
 1595      64735F6C 
 1595      69737400 
 1596              	.LASF108:
 1597 0591 63685F73 		.ascii	"ch_size\000"
 1597      697A6500 
 1598              	.LASF9:
 1599 0599 6C6F6E67 		.ascii	"long unsigned int\000"
 1599      20756E73 
 1599      69676E65 
 1599      6420696E 
 1599      7400
 1600              	.LASF105:
 1601 05ab 63686172 		.ascii	"char\000"
 1601      00
 1602              	.LASF96:
 1603 05b0 77746D74 		.ascii	"wtmtxp\000"
 1603      787000
 1604              	.LASF4:
 1605 05b7 5F5F7569 		.ascii	"__uint16_t\000"
 1605      6E743136 
 1605      5F7400
 1606              	.LASF29:
 1607 05c2 74687265 		.ascii	"thread_t\000"
 1607      61645F74 
 1607      00
 1608              	.LASF104:
 1609 05cb 6D5F6E65 		.ascii	"m_next\000"
 1609      787400
 1610              	.LASF28:
 1611 05d2 73797374 		.ascii	"systime_t\000"
 1611      696D655F 
 1611      7400
 1612              	.LASF47:
 1613 05dc 705F7265 		.ascii	"p_realprio\000"
 1613      616C7072 
 1613      696F00
 1614              	.LASF63:
 1615 05e7 76746675 		.ascii	"vtfunc_t\000"
 1615      6E635F74 
 1615      00
 1616              	.LASF8:
 1617 05f0 5F5F7569 		.ascii	"__uint32_t\000"
 1617      6E743332 
 1617      5F7400
 1618              	.LASF76:
 1619 05fb 70616E69 		.ascii	"panic_msg\000"
 1619      635F6D73 
 1619      6700
 1620              	.LASF131:
 1621 0605 6877636F 		.ascii	"hwconf/drv8320.c\000"
 1621      6E662F64 
 1621      72763833 
 1621      32302E63 
 1621      00
 1622              	.LASF89:
ARM GAS  /tmp/ccuhRSVW.s 			page 34


 1623 0616 6F666673 		.ascii	"offset\000"
 1623      657400
 1624              	.LASF87:
 1625 061d 636F6E74 		.ascii	"context\000"
 1625      65787400 
 1626              	.LASF44:
 1627 0625 705F6D73 		.ascii	"p_msg\000"
 1627      6700
 1628              	.LASF70:
 1629 062b 76745F70 		.ascii	"vt_par\000"
 1629      617200
 1630              	.LASF114:
 1631 0632 63665F6F 		.ascii	"cf_off_ctx\000"
 1631      66665F63 
 1631      747800
 1632              	.LASF101:
 1633 063d 63685F6D 		.ascii	"ch_mutex\000"
 1633      75746578 
 1633      00
 1634              	.LASF39:
 1635 0646 705F7265 		.ascii	"p_refs\000"
 1635      667300
 1636              	.LASF79:
 1637 064d 726C6973 		.ascii	"rlist\000"
 1637      7400
 1638              	.LASF14:
 1639 0653 75696E74 		.ascii	"uint8_t\000"
 1639      385F7400 
 1640              	.LASF49:
 1641 065b 74687265 		.ascii	"thread_reference_t\000"
 1641      61645F72 
 1641      65666572 
 1641      656E6365 
 1641      5F7400
 1642              	.LASF93:
 1643 066e 77746F62 		.ascii	"wtobjp\000"
 1643      6A7000
 1644              	.LASF115:
 1645 0675 63665F6F 		.ascii	"cf_off_newer\000"
 1645      66665F6E 
 1645      65776572 
 1645      00
 1646              	.LASF36:
 1647 0682 705F6E61 		.ascii	"p_name\000"
 1647      6D6500
 1648              	.LASF73:
 1649 0689 76745F73 		.ascii	"vt_systime\000"
 1649      79737469 
 1649      6D6500
 1650              	.LASF109:
 1651 0694 63685F76 		.ascii	"ch_version\000"
 1651      65727369 
 1651      6F6E00
 1652              	.LASF103:
 1653 069f 6D5F6F77 		.ascii	"m_owner\000"
 1653      6E657200 
 1654              	.LASF106:
ARM GAS  /tmp/ccuhRSVW.s 			page 35


 1655 06a7 63685F69 		.ascii	"ch_identifier\000"
 1655      64656E74 
 1655      69666965 
 1655      7200
 1656              	.LASF69:
 1657 06b5 76745F66 		.ascii	"vt_func\000"
 1657      756E6300 
 1658              		.ident	"GCC: (GNU Tools for Arm Embedded Processors 7-2018-q3-update) 7.3.1 20180622 (release) [AR
ARM GAS  /tmp/ccuhRSVW.s 			page 36


DEFINED SYMBOLS
                            *ABS*:0000000000000000 drv8320.c

NO UNDEFINED SYMBOLS
